TIME Time when the event occurred
OUTPUT Text output caused by the event
EVENT The event
TYPE Type of the element or operation connected to the event
ELEMENT Screen element where the event occurred
CENTER Screen coordinates of the element center where the event occurred
PAGE Communication board where the event occurred
CONTEXT Message content before de event
$$$ End Header


17:28:43.909 "" SYSTEM_INFO START_LOGGING - - - "-"
17:28:47.503 "" WORD_PROCESSOR_CHANGE INTERNAL_WORD_PROCESSOR  -  - QwertyTeste ""
17:28:52.612 "" LEFT_MOUSE_DOWN_KEY TEXT_KEY_SELECTION_CapsLock 8.0.1 101.687 QwertyTeste ""
17:28:52.612 "" KEY_DOWN_CAPSLOCK AUTO_KEY  -  - QwertyTeste ""
17:28:52.815 "" LEFT_MOUSE_DOWN_KEY TEXT_KEY_SELECTION_a 6.0.2 204.593 QwertyTeste ""
17:28:52.862 "" KEY_DOWN_A AUTO_KEY  -  - QwertyTeste ""
17:28:52.862 "A" CHAR_A CHAR  -  - QwertyTeste ""
17:28:53.565 "" LEFT_MOUSE_DOWN_KEY TEXT_KEY_SELECTION_CapsLock 8.0.1 101.687 QwertyTeste "A"
17:28:53.565 "" KEY_DOWN_CAPSLOCK AUTO_KEY  -  - QwertyTeste "A"
17:28:57.987 "" LEFT_MOUSE_DOWN_KEY TEXT_KEY_SELECTION_Space 4.0.1 111.499 QwertyTeste "A"
17:28:57.987 "" KEY_DOWN_BARRA_DE_ESPAÇOS AUTO_KEY  -  - QwertyTeste "A"
17:28:57.987 " " CHAR_ESPAÇO CHAR  -  - QwertyTeste "A"
17:28:57.987 "" NEW_WORD WORD_A  -  - QwertyTeste "A "
17:28:58.971 "" LEFT_MOUSE_DOWN_KEY TEXT_KEY_SELECTION_m 7.0.8 708.640 QwertyTeste "A "
17:28:59.128 "" KEY_DOWN_M AUTO_KEY  -  - QwertyTeste "A "
17:28:59.128 "m" CHAR_m CHAR  -  - QwertyTeste "A "
17:28:59.596 "" LEFT_MOUSE_DOWN_KEY TEXT_KEY_SELECTION_i 5.0.9 780.546 QwertyTeste "A m"
17:28:59.596 "" KEY_DOWN_I AUTO_KEY  -  - QwertyTeste "A m"
17:28:59.596 "i" CHAR_i CHAR  -  - QwertyTeste "A m"
17:29:00.112 "" LEFT_MOUSE_DOWN_KEY TEXT_KEY_SELECTION_n 7.0.7 622.640 QwertyTeste "A mi"
17:29:00.112 "" KEY_DOWN_N AUTO_KEY  -  - QwertyTeste "A mi"
17:29:00.112 "n" CHAR_n CHAR  -  - QwertyTeste "A mi"
17:29:00.565 "" LEFT_MOUSE_DOWN_KEY TEXT_KEY_SELECTION_h 6.0.7 614.593 QwertyTeste "A min"
17:29:00.565 "" KEY_DOWN_H AUTO_KEY  -  - QwertyTeste "A min"
17:29:00.565 "h" CHAR_h CHAR  -  - QwertyTeste "A min"
17:29:01.300 "" LEFT_MOUSE_DOWN_KEY TEXT_KEY_SELECTION_a 6.0.2 204.593 QwertyTeste "A minh"
17:29:01.471 "" KEY_DOWN_A AUTO_KEY  -  - QwertyTeste "A minh"
17:29:01.471 "a" CHAR_a CHAR  -  - QwertyTeste "A minh"
17:29:01.878 "" LEFT_MOUSE_DOWN_KEY TEXT_KEY_SELECTION_Space 4.0.1 111.499 QwertyTeste "A minha"
17:29:01.878 "" KEY_DOWN_BARRA_DE_ESPAÇOS AUTO_KEY  -  - QwertyTeste "A minha"
17:29:01.878 " " CHAR_ESPAÇO CHAR  -  - QwertyTeste "A minha"
17:29:01.878 "" NEW_WORD WORD_minha  -  - QwertyTeste "A minha "
17:29:08.596 "" LEFT_MOUSE_DOWN_KEY PREDICTED_SENTENCE_SELECTION_1_A_minha_mãe_pode_ir_uma_ou_2_vezes_acompanhar. 2.0.2 752.290 QwertyTeste "A minha "
17:29:08.612 "" KEY_DOWN_M AUTO_KEY  -  - QwertyTeste "A minha "
17:29:08.612 "m" CHAR_m CHAR  -  - QwertyTeste "A minha "
17:29:08.612 "" KEY_DOWN_TIL AUTO_KEY  -  - QwertyTeste "A minha m"
17:29:08.612 "" KEY_DOWN_A AUTO_KEY  -  - QwertyTeste "A minha m"
17:29:08.612 "ã" CHAR_ã CHAR  -  - QwertyTeste "A minha m"
17:29:08.612 "" KEY_DOWN_E AUTO_KEY  -  - QwertyTeste "A minha mã"
17:29:08.612 "e" CHAR_e CHAR  -  - QwertyTeste "A minha mã"
17:29:08.612 "" KEY_DOWN_BARRA_DE_ESPAÇOS AUTO_KEY  -  - QwertyTeste "A minha mãe"
17:29:08.612 " " CHAR_ESPAÇO CHAR  -  - QwertyTeste "A minha mãe"
17:29:08.612 "" NEW_WORD WORD_mãe  -  - QwertyTeste "A minha mãe "
17:29:08.612 "" KEY_DOWN_P AUTO_KEY  -  - QwertyTeste "A minha mãe "
17:29:08.612 "p" CHAR_p CHAR  -  - QwertyTeste "A minha mãe "
17:29:08.612 "" KEY_DOWN_O AUTO_KEY  -  - QwertyTeste "A minha mãe p"
17:29:08.612 "o" CHAR_o CHAR  -  - QwertyTeste "A minha mãe p"
17:29:08.612 "" KEY_DOWN_D AUTO_KEY  -  - QwertyTeste "A minha mãe po"
17:29:08.612 "d" CHAR_d CHAR  -  - QwertyTeste "A minha mãe po"
17:29:08.612 "" KEY_DOWN_E AUTO_KEY  -  - QwertyTeste "A minha mãe pod"
17:29:08.612 "e" CHAR_e CHAR  -  - QwertyTeste "A minha mãe pod"
17:29:08.612 "" KEY_DOWN_BARRA_DE_ESPAÇOS AUTO_KEY  -  - QwertyTeste "A minha mãe pode"
17:29:08.612 " " CHAR_ESPAÇO CHAR  -  - QwertyTeste "A minha mãe pode"
17:29:08.612 "" NEW_WORD WORD_pode  -  - QwertyTeste "A minha mãe pode "
17:29:08.612 "" KEY_DOWN_I AUTO_KEY  -  - QwertyTeste "A minha mãe pode "
17:29:08.612 "i" CHAR_i CHAR  -  - QwertyTeste "A minha mãe pode "
17:29:08.612 "" KEY_DOWN_R AUTO_KEY  -  - QwertyTeste "A minha mãe pode i"
17:29:08.612 "r" CHAR_r CHAR  -  - QwertyTeste "A minha mãe pode i"
17:29:08.815 "" KEY_DOWN_BARRA_DE_ESPAÇOS AUTO_KEY  -  - QwertyTeste "A minha mãe pode ir"
17:29:08.815 " " CHAR_ESPAÇO CHAR  -  - QwertyTeste "A minha mãe pode ir"
17:29:08.815 "" NEW_WORD WORD_ir  -  - QwertyTeste "A minha mãe pode ir "
17:29:08.815 "" KEY_DOWN_U AUTO_KEY  -  - QwertyTeste "A minha mãe pode ir "
17:29:08.815 "u" CHAR_u CHAR  -  - QwertyTeste "A minha mãe pode ir "
17:29:08.815 "" KEY_DOWN_M AUTO_KEY  -  - QwertyTeste "A minha mãe pode ir u"
17:29:08.815 "m" CHAR_m CHAR  -  - QwertyTeste "A minha mãe pode ir u"
17:29:08.815 "" KEY_DOWN_A AUTO_KEY  -  - QwertyTeste "A minha mãe pode ir um"
17:29:08.815 "a" CHAR_a CHAR  -  - QwertyTeste "A minha mãe pode ir um"
17:29:08.815 "" KEY_DOWN_BARRA_DE_ESPAÇOS AUTO_KEY  -  - QwertyTeste "A minha mãe pode ir uma"
17:29:08.815 " " CHAR_ESPAÇO CHAR  -  - QwertyTeste "A minha mãe pode ir uma"
17:29:08.815 "" NEW_WORD WORD_uma  -  - QwertyTeste "A minha mãe pode ir uma "
17:29:08.815 "" KEY_DOWN_O AUTO_KEY  -  - QwertyTeste "A minha mãe pode ir uma "
17:29:08.815 "o" CHAR_o CHAR  -  - QwertyTeste "A minha mãe pode ir uma "
17:29:08.815 "" KEY_DOWN_U AUTO_KEY  -  - QwertyTeste "A minha mãe pode ir uma o"
17:29:08.815 "u" CHAR_u CHAR  -  - QwertyTeste "A minha mãe pode ir uma o"
17:29:08.815 "" KEY_DOWN_BARRA_DE_ESPAÇOS AUTO_KEY  -  - QwertyTeste "A minha mãe pode ir uma ou"
17:29:08.831 " " CHAR_ESPAÇO CHAR  -  - QwertyTeste "A minha mãe pode ir uma ou"
17:29:08.831 "" NEW_WORD WORD_ou  -  - QwertyTeste "A minha mãe pode ir uma ou "
17:29:08.831 "" KEY_DOWN_2 AUTO_KEY  -  - QwertyTeste "A minha mãe pode ir uma ou "
17:29:08.831 "2" CHAR_2 CHAR  -  - QwertyTeste "A minha mãe pode ir uma ou "
17:29:08.831 "" KEY_DOWN_BARRA_DE_ESPAÇOS AUTO_KEY  -  - QwertyTeste "A minha mãe pode ir uma ou 2"
17:29:08.831 " " CHAR_ESPAÇO CHAR  -  - QwertyTeste "A minha mãe pode ir uma ou 2"
17:29:08.831 "" NEW_WORD WORD_2  -  - QwertyTeste "A minha mãe pode ir uma ou 2 "
17:29:08.831 "" KEY_DOWN_V AUTO_KEY  -  - QwertyTeste "A minha mãe pode ir uma ou 2 "
17:29:08.831 "v" CHAR_v CHAR  -  - QwertyTeste "A minha mãe pode ir uma ou 2 "
17:29:08.831 "" KEY_DOWN_E AUTO_KEY  -  - QwertyTeste "A minha mãe pode ir uma ou 2 v"
17:29:08.831 "e" CHAR_e CHAR  -  - QwertyTeste "A minha mãe pode ir uma ou 2 v"
17:29:08.831 "" KEY_DOWN_Z AUTO_KEY  -  - QwertyTeste "A minha mãe pode ir uma ou 2 ve"
17:29:08.831 "z" CHAR_z CHAR  -  - QwertyTeste "A minha mãe pode ir uma ou 2 ve"
17:29:08.831 "" KEY_DOWN_E AUTO_KEY  -  - QwertyTeste "A minha mãe pode ir uma ou 2 vez"
17:29:08.831 "e" CHAR_e CHAR  -  - QwertyTeste "A minha mãe pode ir uma ou 2 vez"
17:29:09.050 "" KEY_DOWN_S AUTO_KEY  -  - QwertyTeste "A minha mãe pode ir uma ou 2 veze"
17:29:09.065 "s" CHAR_s CHAR  -  - QwertyTeste "A minha mãe pode ir uma ou 2 veze"
17:29:09.065 "" KEY_DOWN_BARRA_DE_ESPAÇOS AUTO_KEY  -  - QwertyTeste "A minha mãe pode ir uma ou 2 vezes"
17:29:09.065 " " CHAR_ESPAÇO CHAR  -  - QwertyTeste "A minha mãe pode ir uma ou 2 vezes"
17:29:09.065 "" NEW_WORD WORD_vezes  -  - QwertyTeste "A minha mãe pode ir uma ou 2 vezes "
17:29:09.065 "" KEY_DOWN_A AUTO_KEY  -  - QwertyTeste "A minha mãe pode ir uma ou 2 vezes "
17:29:09.065 "a" CHAR_a CHAR  -  - QwertyTeste "A minha mãe pode ir uma ou 2 vezes "
17:29:09.065 "" KEY_DOWN_C AUTO_KEY  -  - QwertyTeste "A minha mãe pode ir uma ou 2 vezes a"
17:29:09.065 "c" CHAR_c CHAR  -  - QwertyTeste "A minha mãe pode ir uma ou 2 vezes a"
17:29:09.065 "" KEY_DOWN_O AUTO_KEY  -  - QwertyTeste "A minha mãe pode ir uma ou 2 vezes ac"
17:29:09.065 "o" CHAR_o CHAR  -  - QwertyTeste "A minha mãe pode ir uma ou 2 vezes ac"
17:29:09.065 "" KEY_DOWN_M AUTO_KEY  -  - QwertyTeste "A minha mãe pode ir uma ou 2 vezes aco"
17:29:09.065 "m" CHAR_m CHAR  -  - QwertyTeste "A minha mãe pode ir uma ou 2 vezes aco"
17:29:09.065 "" KEY_DOWN_P AUTO_KEY  -  - QwertyTeste "A minha mãe pode ir uma ou 2 vezes acom"
17:29:09.081 "p" CHAR_p CHAR  -  - QwertyTeste "A minha mãe pode ir uma ou 2 vezes acom"
17:29:09.081 "" KEY_DOWN_A AUTO_KEY  -  - QwertyTeste "A minha mãe pode ir uma ou 2 vezes acomp"
17:29:09.081 "a" CHAR_a CHAR  -  - QwertyTeste "A minha mãe pode ir uma ou 2 vezes acomp"
17:29:09.081 "" KEY_DOWN_N AUTO_KEY  -  - QwertyTeste "A minha mãe pode ir uma ou 2 vezes acompa"
17:29:09.081 "n" CHAR_n CHAR  -  - QwertyTeste "A minha mãe pode ir uma ou 2 vezes acompa"
17:29:09.081 "" KEY_DOWN_H AUTO_KEY  -  - QwertyTeste "A minha mãe pode ir uma ou 2 vezes acompan"
17:29:09.081 "h" CHAR_h CHAR  -  - QwertyTeste "A minha mãe pode ir uma ou 2 vezes acompan"
17:29:09.081 "" KEY_DOWN_A AUTO_KEY  -  - QwertyTeste "A minha mãe pode ir uma ou 2 vezes acompanh"
17:29:09.081 "a" CHAR_a CHAR  -  - QwertyTeste "A minha mãe pode ir uma ou 2 vezes acompanh"
17:29:09.081 "" KEY_DOWN_R AUTO_KEY  -  - QwertyTeste "A minha mãe pode ir uma ou 2 vezes acompanha"
17:29:09.081 "r" CHAR_r CHAR  -  - QwertyTeste "A minha mãe pode ir uma ou 2 vezes acompanha"
17:29:09.081 "" KEY_DOWN_. AUTO_KEY  -  - QwertyTeste "A minha mãe pode ir uma ou 2 vezes acompanhar"
17:29:09.081 "." CHAR_. CHAR  -  - QwertyTeste "A minha mãe pode ir uma ou 2 vezes acompanhar"
17:29:09.081 "" NEW_WORD WORD_acompanhar  -  - QwertyTeste "A minha mãe pode ir uma ou 2 vezes acompanhar."
17:29:09.081 "" NEW_SENTENCE SENTENCE_A_minha_mãe_pode_ir_uma_ou_2_vezes_acompanhar.  -  - QwertyTeste "A minha mãe pode ir uma ou 2 vezes acompanhar."
17:29:09.081 "" KEY_DOWN_BARRA_DE_ESPAÇOS AUTO_KEY  -  - QwertyTeste "A minha mãe pode ir uma ou 2 vezes acompanhar."
17:29:09.081 " " CHAR_ESPAÇO CHAR  -  - QwertyTeste "A minha mãe pode ir uma ou 2 vezes acompanhar."
17:29:10.550 "" LEFT_MOUSE_DOWN_KEY TEXT_KEY_SELECTION_Enter 5.0.1 110.546 QwertyTeste ""
17:29:10.550 "" KEY_DOWN_ENTER AUTO_KEY  -  - QwertyTeste ""
17:29:10.550 "\n" CHAR_ENTER CHAR  -  - QwertyTeste ""
17:29:13.268 "" LEFT_MOUSE_DOWN_KEY TEXT_KEY_SELECTION_CapsLock 8.0.1 101.687 QwertyTeste ""
17:29:13.268 "" KEY_DOWN_CAPSLOCK AUTO_KEY  -  - QwertyTeste ""
17:29:14.565 "" LEFT_MOUSE_DOWN_KEY TEXT_KEY_SELECTION_t 5.0.6 536.546 QwertyTeste ""
17:29:14.721 "" KEY_DOWN_T AUTO_KEY  -  - QwertyTeste ""
17:29:14.721 "T" CHAR_T CHAR  -  - QwertyTeste ""
17:29:15.425 "" LEFT_MOUSE_DOWN_KEY TEXT_KEY_SELECTION_CapsLock 8.0.1 101.687 QwertyTeste "T"
17:29:15.425 "" KEY_DOWN_CAPSLOCK AUTO_KEY  -  - QwertyTeste "T"
17:29:16.175 "" LEFT_MOUSE_DOWN_KEY TEXT_KEY_SELECTION_r 5.0.5 454.546 QwertyTeste "T"
17:29:16.175 "" KEY_DOWN_R AUTO_KEY  -  - QwertyTeste "T"
17:29:16.175 "r" CHAR_r CHAR  -  - QwertyTeste "T"
17:29:16.831 "" LEFT_MOUSE_DOWN_KEY TEXT_KEY_SELECTION_a 6.0.2 204.593 QwertyTeste "Tr"
17:29:16.831 "" KEY_DOWN_A AUTO_KEY  -  - QwertyTeste "Tr"
17:29:16.831 "a" CHAR_a CHAR  -  - QwertyTeste "Tr"
17:29:17.503 "" LEFT_MOUSE_DOWN_KEY TEXT_KEY_SELECTION_n 7.0.7 622.640 QwertyTeste "Tra"
17:29:17.503 "" KEY_DOWN_N AUTO_KEY  -  - QwertyTeste "Tra"
17:29:17.503 "n" CHAR_n CHAR  -  - QwertyTeste "Tra"
17:29:18.159 "" LEFT_MOUSE_DOWN_KEY TEXT_KEY_SELECTION_s 6.0.3 286.593 QwertyTeste "Tran"
17:29:18.221 "" KEY_DOWN_S AUTO_KEY  -  - QwertyTeste "Tran"
17:29:18.221 "s" CHAR_s CHAR  -  - QwertyTeste "Tran"
17:29:19.143 "" LEFT_MOUSE_DOWN_KEY TEXT_KEY_SELECTION_f 6.0.5 449.593 QwertyTeste "Trans"
17:29:19.143 "" KEY_DOWN_F AUTO_KEY  -  - QwertyTeste "Trans"
17:29:19.159 "f" CHAR_f CHAR  -  - QwertyTeste "Trans"
17:29:24.050 "" LEFT_MOUSE_DOWN_KEY PREDICTED_SENTENCE_SELECTION_0_Transferências_de_PC_para_PC. 2.0.1 290.290 QwertyTeste "Transf"
17:29:24.190 "" KEY_DOWN_E AUTO_KEY  -  - QwertyTeste "Transf"
17:29:24.190 "e" CHAR_e CHAR  -  - QwertyTeste "Transf"
17:29:24.190 "" KEY_DOWN_R AUTO_KEY  -  - QwertyTeste "Transfe"
17:29:24.190 "r" CHAR_r CHAR  -  - QwertyTeste "Transfe"
17:29:24.190 "" KEY_DOWN_SHIFT AUTO_KEY  -  - QwertyTeste "Transfer"
17:29:24.190 "" KEY_DOWN_TIL AUTO_KEY  -  - QwertyTeste "Transfer"
17:29:24.190 "" KEY_DOWN_E AUTO_KEY  -  - QwertyTeste "Transfer"
17:29:24.190 "ê" CHAR_ê CHAR  -  - QwertyTeste "Transfer"
17:29:24.190 "" KEY_DOWN_N AUTO_KEY  -  - QwertyTeste "Transferê"
17:29:24.190 "n" CHAR_n CHAR  -  - QwertyTeste "Transferê"
17:29:24.190 "" KEY_DOWN_C AUTO_KEY  -  - QwertyTeste "Transferên"
17:29:24.190 "c" CHAR_c CHAR  -  - QwertyTeste "Transferên"
17:29:24.190 "" KEY_DOWN_I AUTO_KEY  -  - QwertyTeste "Transferênc"
17:29:24.190 "i" CHAR_i CHAR  -  - QwertyTeste "Transferênc"
17:29:24.190 "" KEY_DOWN_A AUTO_KEY  -  - QwertyTeste "Transferênci"
17:29:24.190 "a" CHAR_a CHAR  -  - QwertyTeste "Transferênci"
17:29:24.190 "" KEY_DOWN_S AUTO_KEY  -  - QwertyTeste "Transferência"
17:29:24.190 "s" CHAR_s CHAR  -  - QwertyTeste "Transferência"
17:29:24.190 "" KEY_DOWN_BARRA_DE_ESPAÇOS AUTO_KEY  -  - QwertyTeste "Transferências"
17:29:24.190 " " CHAR_ESPAÇO CHAR  -  - QwertyTeste "Transferências"
17:29:24.190 "" NEW_WORD WORD_Transferências  -  - QwertyTeste "Transferências "
17:29:24.190 "" KEY_DOWN_D AUTO_KEY  -  - QwertyTeste "Transferências "
17:29:24.190 "d" CHAR_d CHAR  -  - QwertyTeste "Transferências "
17:29:24.190 "" KEY_DOWN_E AUTO_KEY  -  - QwertyTeste "Transferências d"
17:29:24.190 "e" CHAR_e CHAR  -  - QwertyTeste "Transferências d"
17:29:24.190 "" KEY_DOWN_BARRA_DE_ESPAÇOS AUTO_KEY  -  - QwertyTeste "Transferências de"
17:29:24.190 " " CHAR_ESPAÇO CHAR  -  - QwertyTeste "Transferências de"
17:29:24.190 "" NEW_WORD WORD_de  -  - QwertyTeste "Transferências de "
17:29:24.190 "" KEY_DOWN_P AUTO_KEY  -  - QwertyTeste "Transferências de "
17:29:24.190 "p" CHAR_p CHAR  -  - QwertyTeste "Transferências de "
17:29:24.190 "" KEY_DOWN_C AUTO_KEY  -  - QwertyTeste "Transferências de p"
17:29:24.190 "c" CHAR_c CHAR  -  - QwertyTeste "Transferências de p"
17:29:24.190 "" KEY_DOWN_BARRA_DE_ESPAÇOS AUTO_KEY  -  - QwertyTeste "Transferências de pc"
17:29:24.190 " " CHAR_ESPAÇO CHAR  -  - QwertyTeste "Transferências de pc"
17:29:24.190 "" NEW_WORD WORD_pc  -  - QwertyTeste "Transferências de pc "
17:29:24.190 "" KEY_DOWN_P AUTO_KEY  -  - QwertyTeste "Transferências de pc "
17:29:24.206 "p" CHAR_p CHAR  -  - QwertyTeste "Transferências de pc "
17:29:24.206 "" KEY_DOWN_A AUTO_KEY  -  - QwertyTeste "Transferências de pc p"
17:29:24.206 "a" CHAR_a CHAR  -  - QwertyTeste "Transferências de pc p"
17:29:24.206 "" KEY_DOWN_R AUTO_KEY  -  - QwertyTeste "Transferências de pc pa"
17:29:24.206 "r" CHAR_r CHAR  -  - QwertyTeste "Transferências de pc pa"
17:29:24.206 "" KEY_DOWN_A AUTO_KEY  -  - QwertyTeste "Transferências de pc par"
17:29:24.206 "a" CHAR_a CHAR  -  - QwertyTeste "Transferências de pc par"
17:29:24.206 "" KEY_DOWN_BARRA_DE_ESPAÇOS AUTO_KEY  -  - QwertyTeste "Transferências de pc para"
17:29:24.206 " " CHAR_ESPAÇO CHAR  -  - QwertyTeste "Transferências de pc para"
17:29:24.206 "" NEW_WORD WORD_para  -  - QwertyTeste "Transferências de pc para "
17:29:24.206 "" KEY_DOWN_P AUTO_KEY  -  - QwertyTeste "Transferências de pc para "
17:29:24.206 "p" CHAR_p CHAR  -  - QwertyTeste "Transferências de pc para "
17:29:24.221 "" KEY_DOWN_C AUTO_KEY  -  - QwertyTeste "Transferências de pc para p"
17:29:24.221 "c" CHAR_c CHAR  -  - QwertyTeste "Transferências de pc para p"
17:29:24.221 "" KEY_DOWN_. AUTO_KEY  -  - QwertyTeste "Transferências de pc para pc"
17:29:24.221 "." CHAR_. CHAR  -  - QwertyTeste "Transferências de pc para pc"
17:29:24.221 "" NEW_WORD WORD_pc  -  - QwertyTeste "Transferências de pc para pc."
17:29:24.221 "" NEW_SENTENCE SENTENCE_Transferências_de_pc_para_pc.  -  - QwertyTeste "Transferências de pc para pc."
17:29:24.221 "" KEY_DOWN_BARRA_DE_ESPAÇOS AUTO_KEY  -  - QwertyTeste "Transferências de pc para pc."
17:29:24.221 " " CHAR_ESPAÇO CHAR  -  - QwertyTeste "Transferências de pc para pc."
17:29:27.831 "" LEFT_MOUSE_DOWN_KEY TEXT_KEY_SELECTION_Enter 5.0.1 110.546 QwertyTeste ""
17:29:27.831 "" KEY_DOWN_ENTER AUTO_KEY  -  - QwertyTeste ""
17:29:27.831 "\n" CHAR_ENTER CHAR  -  - QwertyTeste ""
17:29:30.378 "" LEFT_MOUSE_DOWN_KEY TEXT_KEY_SELECTION_CapsLock 8.0.1 101.687 QwertyTeste ""
17:29:30.378 "" KEY_DOWN_CAPSLOCK AUTO_KEY  -  - QwertyTeste ""
17:29:32.237 "" LEFT_MOUSE_DOWN_KEY TEXT_KEY_SELECTION_o 5.0.10 859.546 QwertyTeste ""
17:29:32.628 "" KEY_DOWN_O AUTO_KEY  -  - QwertyTeste ""
17:29:32.628 "O" CHAR_O CHAR  -  - QwertyTeste ""
17:29:33.440 "" LEFT_MOUSE_DOWN_KEY TEXT_KEY_SELECTION_CapsLock 8.0.1 101.687 QwertyTeste "O"
17:29:33.440 "" KEY_DOWN_CAPSLOCK AUTO_KEY  -  - QwertyTeste "O"
17:29:34.096 "" LEFT_MOUSE_DOWN_KEY TEXT_KEY_SELECTION_Space 4.0.1 111.499 QwertyTeste "O"
17:29:34.096 "" KEY_DOWN_BARRA_DE_ESPAÇOS AUTO_KEY  -  - QwertyTeste "O"
17:29:34.096 " " CHAR_ESPAÇO CHAR  -  - QwertyTeste "O"
17:29:34.096 "" NEW_WORD WORD_O  -  - QwertyTeste "O "
17:29:36.909 "" LEFT_MOUSE_DOWN_KEY TEXT_KEY_SELECTION_CapsLock 8.0.1 101.687 QwertyTeste "O "
17:29:36.909 "" KEY_DOWN_CAPSLOCK AUTO_KEY  -  - QwertyTeste "O "
17:29:37.612 "" LEFT_MOUSE_DOWN_KEY TEXT_KEY_SELECTION_j 6.0.8 696.593 QwertyTeste "O "
17:29:37.612 "" KEY_DOWN_J AUTO_KEY  -  - QwertyTeste "O "
17:29:37.612 "J" CHAR_J CHAR  -  - QwertyTeste "O "
17:29:38.690 "" LEFT_MOUSE_DOWN_KEY TEXT_KEY_SELECTION_CapsLock 8.0.1 101.687 QwertyTeste "O J"
17:29:38.690 "" KEY_DOWN_CAPSLOCK AUTO_KEY  -  - QwertyTeste "O J"
17:29:42.346 "" LEFT_MOUSE_DOWN_KEY PREDICTED_SENTENCE_SELECTION_0_O_Júlio_é_que_pede. 2.0.1 290.290 QwertyTeste "O J"
17:29:42.346 "" KEY_DOWN_AGUDO AUTO_KEY  -  - QwertyTeste "O J"
17:29:42.518 "" KEY_DOWN_U AUTO_KEY  -  - QwertyTeste "O J"
17:29:42.518 "ú" CHAR_ú CHAR  -  - QwertyTeste "O J"
17:29:42.534 "" KEY_DOWN_L AUTO_KEY  -  - QwertyTeste "O Jú"
17:29:42.534 "l" CHAR_l CHAR  -  - QwertyTeste "O Jú"
17:29:42.534 "" KEY_DOWN_I AUTO_KEY  -  - QwertyTeste "O Júl"
17:29:42.534 "i" CHAR_i CHAR  -  - QwertyTeste "O Júl"
17:29:42.534 "" KEY_DOWN_O AUTO_KEY  -  - QwertyTeste "O Júli"
17:29:42.534 "o" CHAR_o CHAR  -  - QwertyTeste "O Júli"
17:29:42.534 "" KEY_DOWN_BARRA_DE_ESPAÇOS AUTO_KEY  -  - QwertyTeste "O Júlio"
17:29:42.534 " " CHAR_ESPAÇO CHAR  -  - QwertyTeste "O Júlio"
17:29:42.534 "" NEW_WORD WORD_Júlio  -  - QwertyTeste "O Júlio "
17:29:42.534 "" KEY_DOWN_AGUDO AUTO_KEY  -  - QwertyTeste "O Júlio "
17:29:42.534 "" KEY_DOWN_E AUTO_KEY  -  - QwertyTeste "O Júlio "
17:29:42.534 "é" CHAR_é CHAR  -  - QwertyTeste "O Júlio "
17:29:42.550 "" KEY_DOWN_BARRA_DE_ESPAÇOS AUTO_KEY  -  - QwertyTeste "O Júlio é"
17:29:42.550 " " CHAR_ESPAÇO CHAR  -  - QwertyTeste "O Júlio é"
17:29:42.550 "" NEW_WORD WORD_é  -  - QwertyTeste "O Júlio é "
17:29:42.550 "" KEY_DOWN_Q AUTO_KEY  -  - QwertyTeste "O Júlio é "
17:29:42.550 "q" CHAR_q CHAR  -  - QwertyTeste "O Júlio é "
17:29:42.550 "" KEY_DOWN_U AUTO_KEY  -  - QwertyTeste "O Júlio é q"
17:29:42.550 "u" CHAR_u CHAR  -  - QwertyTeste "O Júlio é q"
17:29:42.550 "" KEY_DOWN_E AUTO_KEY  -  - QwertyTeste "O Júlio é qu"
17:29:42.550 "e" CHAR_e CHAR  -  - QwertyTeste "O Júlio é qu"
17:29:42.550 "" KEY_DOWN_BARRA_DE_ESPAÇOS AUTO_KEY  -  - QwertyTeste "O Júlio é que"
17:29:42.550 " " CHAR_ESPAÇO CHAR  -  - QwertyTeste "O Júlio é que"
17:29:42.550 "" NEW_WORD WORD_que  -  - QwertyTeste "O Júlio é que "
17:29:42.550 "" KEY_DOWN_P AUTO_KEY  -  - QwertyTeste "O Júlio é que "
17:29:42.550 "p" CHAR_p CHAR  -  - QwertyTeste "O Júlio é que "
17:29:42.550 "" KEY_DOWN_E AUTO_KEY  -  - QwertyTeste "O Júlio é que p"
17:29:42.550 "e" CHAR_e CHAR  -  - QwertyTeste "O Júlio é que p"
17:29:42.550 "" KEY_DOWN_D AUTO_KEY  -  - QwertyTeste "O Júlio é que pe"
17:29:42.596 "d" CHAR_d CHAR  -  - QwertyTeste "O Júlio é que pe"
17:29:42.753 "" KEY_DOWN_E AUTO_KEY  -  - QwertyTeste "O Júlio é que ped"
17:29:42.753 "e" CHAR_e CHAR  -  - QwertyTeste "O Júlio é que ped"
17:29:42.753 "" KEY_DOWN_. AUTO_KEY  -  - QwertyTeste "O Júlio é que pede"
17:29:42.753 "." CHAR_. CHAR  -  - QwertyTeste "O Júlio é que pede"
17:29:42.753 "" NEW_WORD WORD_pede  -  - QwertyTeste "O Júlio é que pede."
17:29:42.753 "" NEW_SENTENCE SENTENCE_O_Júlio_é_que_pede.  -  - QwertyTeste "O Júlio é que pede."
17:29:42.753 "" KEY_DOWN_BARRA_DE_ESPAÇOS AUTO_KEY  -  - QwertyTeste "O Júlio é que pede."
17:29:42.753 " " CHAR_ESPAÇO CHAR  -  - QwertyTeste "O Júlio é que pede."
17:29:43.971 "" LEFT_MOUSE_DOWN_KEY TEXT_KEY_SELECTION_Enter 5.0.1 110.546 QwertyTeste ""
17:29:43.971 "" KEY_DOWN_ENTER AUTO_KEY  -  - QwertyTeste ""
17:29:43.971 "\n" CHAR_ENTER CHAR  -  - QwertyTeste ""
17:29:46.909 "" LEFT_MOUSE_DOWN_KEY TEXT_KEY_SELECTION_CapsLock 8.0.1 101.687 QwertyTeste ""
17:29:46.909 "" KEY_DOWN_CAPSLOCK AUTO_KEY  -  - QwertyTeste ""
17:29:47.909 "" LEFT_MOUSE_DOWN_KEY TEXT_KEY_SELECTION_a 6.0.2 204.593 QwertyTeste ""
17:29:47.909 "" KEY_DOWN_A AUTO_KEY  -  - QwertyTeste ""
17:29:47.909 "A" CHAR_A CHAR  -  - QwertyTeste ""
17:29:48.425 "" LEFT_MOUSE_DOWN_KEY TEXT_KEY_SELECTION_CapsLock 8.0.1 101.687 QwertyTeste "A"
17:29:48.425 "" KEY_DOWN_CAPSLOCK AUTO_KEY  -  - QwertyTeste "A"
17:29:49.346 "" LEFT_MOUSE_DOWN_KEY TEXT_KEY_SELECTION_m 7.0.8 708.640 QwertyTeste "A"
17:29:49.346 "" KEY_DOWN_M AUTO_KEY  -  - QwertyTeste "A"
17:29:49.346 "m" CHAR_m CHAR  -  - QwertyTeste "A"
17:29:49.831 "" LEFT_MOUSE_DOWN_KEY TEXT_KEY_SELECTION_i 5.0.9 780.546 QwertyTeste "Am"
17:29:49.831 "" KEY_DOWN_I AUTO_KEY  -  - QwertyTeste "Am"
17:29:49.831 "i" CHAR_i CHAR  -  - QwertyTeste "Am"
17:29:50.300 "" LEFT_MOUSE_DOWN_KEY TEXT_KEY_SELECTION_n 7.0.7 622.640 QwertyTeste "Ami"
17:29:50.300 "" KEY_DOWN_N AUTO_KEY  -  - QwertyTeste "Ami"
17:29:50.300 "n" CHAR_n CHAR  -  - QwertyTeste "Ami"
17:29:50.596 "" LEFT_MOUSE_DOWN_KEY TEXT_KEY_SELECTION_h 6.0.7 614.593 QwertyTeste "Amin"
17:29:50.596 "" KEY_DOWN_H AUTO_KEY  -  - QwertyTeste "Amin"
17:29:50.596 "h" CHAR_h CHAR  -  - QwertyTeste "Amin"
17:29:51.237 "" LEFT_MOUSE_DOWN_KEY TEXT_KEY_SELECTION_a 6.0.2 204.593 QwertyTeste "Aminh"
17:29:51.237 "" KEY_DOWN_A AUTO_KEY  -  - QwertyTeste "Aminh"
17:29:51.237 "a" CHAR_a CHAR  -  - QwertyTeste "Aminh"
17:29:51.737 "" LEFT_MOUSE_DOWN_KEY TEXT_KEY_SELECTION_Space 4.0.1 111.499 QwertyTeste "Aminha"
17:29:51.737 "" KEY_DOWN_BARRA_DE_ESPAÇOS AUTO_KEY  -  - QwertyTeste "Aminha"
17:29:51.737 " " CHAR_ESPAÇO CHAR  -  - QwertyTeste "Aminha"
17:29:51.737 "" NEW_WORD WORD_Aminha  -  - QwertyTeste "Aminha "
17:29:52.471 "" LEFT_MOUSE_DOWN_KEY TEXT_KEY_SELECTION_m 7.0.8 708.640 QwertyTeste "Aminha "
17:29:52.628 "" KEY_DOWN_M AUTO_KEY  -  - QwertyTeste "Aminha "
17:29:52.628 "m" CHAR_m CHAR  -  - QwertyTeste "Aminha "
17:29:53.393 "" LEFT_MOUSE_DOWN_KEY TEXT_KEY_SELECTION_~ 8.0.9 557.687 QwertyTeste "Aminha m"
17:29:53.393 "" KEY_DOWN_TIL AUTO_KEY  -  - QwertyTeste "Aminha m"
17:29:54.065 "" LEFT_MOUSE_DOWN_KEY TEXT_KEY_SELECTION_a 6.0.2 204.593 QwertyTeste "Aminha m"
17:29:54.221 "" KEY_DOWN_A AUTO_KEY  -  - QwertyTeste "Aminha m"
17:29:54.221 "ã" CHAR_ã CHAR  -  - QwertyTeste "Aminha m"
17:29:54.550 "" LEFT_MOUSE_DOWN_KEY TEXT_KEY_SELECTION_e 5.0.4 372.546 QwertyTeste "Aminha mã"
17:29:54.706 "" KEY_DOWN_E AUTO_KEY  -  - QwertyTeste "Aminha mã"
17:29:54.706 "e" CHAR_e CHAR  -  - QwertyTeste "Aminha mã"
17:29:56.175 "" LEFT_MOUSE_DOWN_KEY TEXT_KEY_SELECTION_Space 4.0.1 111.499 QwertyTeste "Aminha mãe"
17:29:56.331 "" KEY_DOWN_BARRA_DE_ESPAÇOS AUTO_KEY  -  - QwertyTeste "Aminha mãe"
17:29:56.331 " " CHAR_ESPAÇO CHAR  -  - QwertyTeste "Aminha mãe"
17:29:56.331 "" NEW_WORD WORD_mãe  -  - QwertyTeste "Aminha mãe "
17:30:02.565 "" LEFT_MOUSE_DOWN_KEY TEXT_KEY_SELECTION_Space 4.0.1 111.499 QwertyTeste "Aminha mãe "
17:30:02.581 "" KEY_DOWN_BARRA_DE_ESPAÇOS AUTO_KEY  -  - QwertyTeste "A"
17:30:02.581 " " CHAR_ESPAÇO CHAR  -  - QwertyTeste "A"
17:30:14.753 "" LEFT_MOUSE_DOWN_KEY PREDICTED_SENTENCE_SELECTION_0_A_minha_mãe_também_não_se_encontra_com_saúde_física_e_psicológica_para_tratar_de_mim_como_tem_tratado_até_hoje. 2.0.1 290.290 QwertyTeste "A "
17:30:14.768 "" KEY_DOWN_T AUTO_KEY  -  - QwertyTeste "A minha mãe "
17:30:14.768 "t" CHAR_t CHAR  -  - QwertyTeste "A minha mãe "
17:30:14.768 "" KEY_DOWN_A AUTO_KEY  -  - QwertyTeste "A minha mãe t"
17:30:14.768 "a" CHAR_a CHAR  -  - QwertyTeste "A minha mãe t"
17:30:14.768 "" KEY_DOWN_M AUTO_KEY  -  - QwertyTeste "A minha mãe ta"
17:30:14.768 "m" CHAR_m CHAR  -  - QwertyTeste "A minha mãe ta"
17:30:14.768 "" KEY_DOWN_B AUTO_KEY  -  - QwertyTeste "A minha mãe tam"
17:30:14.768 "b" CHAR_b CHAR  -  - QwertyTeste "A minha mãe tam"
17:30:14.768 "" KEY_DOWN_AGUDO AUTO_KEY  -  - QwertyTeste "A minha mãe tamb"
17:30:14.768 "" KEY_DOWN_E AUTO_KEY  -  - QwertyTeste "A minha mãe tamb"
17:30:14.768 "é" CHAR_é CHAR  -  - QwertyTeste "A minha mãe tamb"
17:30:14.768 "" KEY_DOWN_M AUTO_KEY  -  - QwertyTeste "A minha mãe també"
17:30:14.768 "m" CHAR_m CHAR  -  - QwertyTeste "A minha mãe també"
17:30:14.768 "" KEY_DOWN_BARRA_DE_ESPAÇOS AUTO_KEY  -  - QwertyTeste "A minha mãe também"
17:30:14.768 " " CHAR_ESPAÇO CHAR  -  - QwertyTeste "A minha mãe também"
17:30:14.768 "" NEW_WORD WORD_também  -  - QwertyTeste "A minha mãe também "
17:30:14.768 "" KEY_DOWN_N AUTO_KEY  -  - QwertyTeste "A minha mãe também "
17:30:14.768 "n" CHAR_n CHAR  -  - QwertyTeste "A minha mãe também "
17:30:14.768 "" KEY_DOWN_TIL AUTO_KEY  -  - QwertyTeste "A minha mãe também n"
17:30:14.768 "" KEY_DOWN_A AUTO_KEY  -  - QwertyTeste "A minha mãe também n"
17:30:14.768 "ã" CHAR_ã CHAR  -  - QwertyTeste "A minha mãe também n"
17:30:14.768 "" KEY_DOWN_O AUTO_KEY  -  - QwertyTeste "A minha mãe também nã"
17:30:14.768 "o" CHAR_o CHAR  -  - QwertyTeste "A minha mãe também nã"
17:30:14.768 "" KEY_DOWN_BARRA_DE_ESPAÇOS AUTO_KEY  -  - QwertyTeste "A minha mãe também não"
17:30:14.768 " " CHAR_ESPAÇO CHAR  -  - QwertyTeste "A minha mãe também não"
17:30:14.768 "" NEW_WORD WORD_não  -  - QwertyTeste "A minha mãe também não "
17:30:14.768 "" KEY_DOWN_S AUTO_KEY  -  - QwertyTeste "A minha mãe também não "
17:30:14.768 "s" CHAR_s CHAR  -  - QwertyTeste "A minha mãe também não "
17:30:14.768 "" KEY_DOWN_E AUTO_KEY  -  - QwertyTeste "A minha mãe também não s"
17:30:14.768 "e" CHAR_e CHAR  -  - QwertyTeste "A minha mãe também não s"
17:30:14.768 "" KEY_DOWN_BARRA_DE_ESPAÇOS AUTO_KEY  -  - QwertyTeste "A minha mãe também não se"
17:30:14.768 " " CHAR_ESPAÇO CHAR  -  - QwertyTeste "A minha mãe também não se"
17:30:14.768 "" NEW_WORD WORD_se  -  - QwertyTeste "A minha mãe também não se "
17:30:14.768 "" KEY_DOWN_E AUTO_KEY  -  - QwertyTeste "A minha mãe também não se "
17:30:14.768 "e" CHAR_e CHAR  -  - QwertyTeste "A minha mãe também não se "
17:30:14.768 "" KEY_DOWN_N AUTO_KEY  -  - QwertyTeste "A minha mãe também não se e"
17:30:14.768 "n" CHAR_n CHAR  -  - QwertyTeste "A minha mãe também não se e"
17:30:14.768 "" KEY_DOWN_C AUTO_KEY  -  - QwertyTeste "A minha mãe também não se en"
17:30:14.768 "c" CHAR_c CHAR  -  - QwertyTeste "A minha mãe também não se en"
17:30:14.768 "" KEY_DOWN_O AUTO_KEY  -  - QwertyTeste "A minha mãe também não se enc"
17:30:14.768 "o" CHAR_o CHAR  -  - QwertyTeste "A minha mãe também não se enc"
17:30:15.003 "" KEY_DOWN_N AUTO_KEY  -  - QwertyTeste "A minha mãe também não se enco"
17:30:15.003 "n" CHAR_n CHAR  -  - QwertyTeste "A minha mãe também não se enco"
17:30:15.003 "" KEY_DOWN_T AUTO_KEY  -  - QwertyTeste "A minha mãe também não se encon"
17:30:15.003 "t" CHAR_t CHAR  -  - QwertyTeste "A minha mãe também não se encon"
17:30:15.003 "" KEY_DOWN_R AUTO_KEY  -  - QwertyTeste "A minha mãe também não se encont"
17:30:15.003 "r" CHAR_r CHAR  -  - QwertyTeste "A minha mãe também não se encont"
17:30:15.003 "" KEY_DOWN_A AUTO_KEY  -  - QwertyTeste "A minha mãe também não se encontr"
17:30:15.003 "a" CHAR_a CHAR  -  - QwertyTeste "A minha mãe também não se encontr"
17:30:15.003 "" KEY_DOWN_BARRA_DE_ESPAÇOS AUTO_KEY  -  - QwertyTeste "A minha mãe também não se encontra"
17:30:15.003 " " CHAR_ESPAÇO CHAR  -  - QwertyTeste "A minha mãe também não se encontra"
17:30:15.003 "" NEW_WORD WORD_encontra  -  - QwertyTeste "A minha mãe também não se encontra "
17:30:15.003 "" KEY_DOWN_C AUTO_KEY  -  - QwertyTeste "A minha mãe também não se encontra "
17:30:15.003 "c" CHAR_c CHAR  -  - QwertyTeste "A minha mãe também não se encontra "
17:30:15.003 "" KEY_DOWN_O AUTO_KEY  -  - QwertyTeste "A minha mãe também não se encontra c"
17:30:15.003 "o" CHAR_o CHAR  -  - QwertyTeste "A minha mãe também não se encontra c"
17:30:15.003 "" KEY_DOWN_M AUTO_KEY  -  - QwertyTeste "A minha mãe também não se encontra co"
17:30:15.003 "m" CHAR_m CHAR  -  - QwertyTeste "A minha mãe também não se encontra co"
17:30:15.018 "" KEY_DOWN_BARRA_DE_ESPAÇOS AUTO_KEY  -  - QwertyTeste "A minha mãe também não se encontra com"
17:30:15.018 " " CHAR_ESPAÇO CHAR  -  - QwertyTeste "A minha mãe também não se encontra com"
17:30:15.018 "" NEW_WORD WORD_com  -  - QwertyTeste "A minha mãe também não se encontra com "
17:30:15.018 "" KEY_DOWN_S AUTO_KEY  -  - QwertyTeste "A minha mãe também não se encontra com "
17:30:15.018 "s" CHAR_s CHAR  -  - QwertyTeste "A minha mãe também não se encontra com "
17:30:15.018 "" KEY_DOWN_A AUTO_KEY  -  - QwertyTeste "A minha mãe também não se encontra com s"
17:30:15.018 "a" CHAR_a CHAR  -  - QwertyTeste "A minha mãe também não se encontra com s"
17:30:15.018 "" KEY_DOWN_AGUDO AUTO_KEY  -  - QwertyTeste "A minha mãe também não se encontra com sa"
17:30:15.018 "" KEY_DOWN_U AUTO_KEY  -  - QwertyTeste "A minha mãe também não se encontra com sa"
17:30:15.018 "ú" CHAR_ú CHAR  -  - QwertyTeste "A minha mãe também não se encontra com sa"
17:30:15.018 "" KEY_DOWN_D AUTO_KEY  -  - QwertyTeste "A minha mãe também não se encontra com saú"
17:30:15.018 "d" CHAR_d CHAR  -  - QwertyTeste "A minha mãe também não se encontra com saú"
17:30:15.018 "" KEY_DOWN_E AUTO_KEY  -  - QwertyTeste "A minha mãe também não se encontra com saúd"
17:30:15.018 "e" CHAR_e CHAR  -  - QwertyTeste "A minha mãe também não se encontra com saúd"
17:30:15.018 "" KEY_DOWN_BARRA_DE_ESPAÇOS AUTO_KEY  -  - QwertyTeste "A minha mãe também não se encontra com saúde"
17:30:15.018 " " CHAR_ESPAÇO CHAR  -  - QwertyTeste "A minha mãe também não se encontra com saúde"
17:30:15.018 "" NEW_WORD WORD_saúde  -  - QwertyTeste "A minha mãe também não se encontra com saúde "
17:30:15.018 "" KEY_DOWN_F AUTO_KEY  -  - QwertyTeste "A minha mãe também não se encontra com saúde "
17:30:15.081 "f" CHAR_f CHAR  -  - QwertyTeste "A minha mãe também não se encontra com saúde "
17:30:15.081 "" KEY_DOWN_AGUDO AUTO_KEY  -  - QwertyTeste "A minha mãe também não se encontra com saúde f"
17:30:15.237 "" KEY_DOWN_I AUTO_KEY  -  - QwertyTeste "A minha mãe também não se encontra com saúde f"
17:30:15.237 "í" CHAR_í CHAR  -  - QwertyTeste "A minha mãe também não se encontra com saúde f"
17:30:15.237 "" KEY_DOWN_S AUTO_KEY  -  - QwertyTeste "A minha mãe também não se encontra com saúde fí"
17:30:15.237 "s" CHAR_s CHAR  -  - QwertyTeste "A minha mãe também não se encontra com saúde fí"
17:30:15.237 "" KEY_DOWN_I AUTO_KEY  -  - QwertyTeste "A minha mãe também não se encontra com saúde fís"
17:30:15.237 "i" CHAR_i CHAR  -  - QwertyTeste "A minha mãe também não se encontra com saúde fís"
17:30:15.237 "" KEY_DOWN_C AUTO_KEY  -  - QwertyTeste "A minha mãe também não se encontra com saúde físi"
17:30:15.237 "c" CHAR_c CHAR  -  - QwertyTeste "A minha mãe também não se encontra com saúde físi"
17:30:15.237 "" KEY_DOWN_A AUTO_KEY  -  - QwertyTeste "A minha mãe também não se encontra com saúde físic"
17:30:15.237 "a" CHAR_a CHAR  -  - QwertyTeste "A minha mãe também não se encontra com saúde físic"
17:30:15.237 "" KEY_DOWN_BARRA_DE_ESPAÇOS AUTO_KEY  -  - QwertyTeste "A minha mãe também não se encontra com saúde física"
17:30:15.237 " " CHAR_ESPAÇO CHAR  -  - QwertyTeste "A minha mãe também não se encontra com saúde física"
17:30:15.237 "" NEW_WORD WORD_física  -  - QwertyTeste "A minha mãe também não se encontra com saúde física "
17:30:15.237 "" KEY_DOWN_E AUTO_KEY  -  - QwertyTeste "A minha mãe também não se encontra com saúde física "
17:30:15.237 "e" CHAR_e CHAR  -  - QwertyTeste "A minha mãe também não se encontra com saúde física "
17:30:15.253 "" KEY_DOWN_BARRA_DE_ESPAÇOS AUTO_KEY  -  - QwertyTeste "A minha mãe também não se encontra com saúde física e"
17:30:15.253 " " CHAR_ESPAÇO CHAR  -  - QwertyTeste "A minha mãe também não se encontra com saúde física e"
17:30:15.253 "" NEW_WORD WORD_e  -  - QwertyTeste "A minha mãe também não se encontra com saúde física e "
17:30:15.253 "" KEY_DOWN_P AUTO_KEY  -  - QwertyTeste "A minha mãe também não se encontra com saúde física e "
17:30:15.253 "p" CHAR_p CHAR  -  - QwertyTeste "A minha mãe também não se encontra com saúde física e "
17:30:15.253 "" KEY_DOWN_S AUTO_KEY  -  - QwertyTeste "A minha mãe também não se encontra com saúde física e p"
17:30:15.253 "s" CHAR_s CHAR  -  - QwertyTeste "A minha mãe também não se encontra com saúde física e p"
17:30:15.253 "" KEY_DOWN_I AUTO_KEY  -  - QwertyTeste "A minha mãe também não se encontra com saúde física e ps"
17:30:15.268 "i" CHAR_i CHAR  -  - QwertyTeste "A minha mãe também não se encontra com saúde física e ps"
17:30:15.268 "" KEY_DOWN_C AUTO_KEY  -  - QwertyTeste "A minha mãe também não se encontra com saúde física e psi"
17:30:15.268 "c" CHAR_c CHAR  -  - QwertyTeste "A minha mãe também não se encontra com saúde física e psi"
17:30:15.268 "" KEY_DOWN_O AUTO_KEY  -  - QwertyTeste "A minha mãe também não se encontra com saúde física e psic"
17:30:15.268 "o" CHAR_o CHAR  -  - QwertyTeste "A minha mãe também não se encontra com saúde física e psic"
17:30:15.268 "" KEY_DOWN_L AUTO_KEY  -  - QwertyTeste "A minha mãe também não se encontra com saúde física e psico"
17:30:15.268 "l" CHAR_l CHAR  -  - QwertyTeste "A minha mãe também não se encontra com saúde física e psico"
17:30:15.331 "" KEY_DOWN_AGUDO AUTO_KEY  -  - QwertyTeste "A minha mãe também não se encontra com saúde física e psicol"
17:30:15.471 "" KEY_DOWN_O AUTO_KEY  -  - QwertyTeste "A minha mãe também não se encontra com saúde física e psicol"
17:30:15.487 "ó" CHAR_ó CHAR  -  - QwertyTeste "A minha mãe também não se encontra com saúde física e psicol"
17:30:15.487 "" KEY_DOWN_G AUTO_KEY  -  - QwertyTeste "A minha mãe também não se encontra com saúde física e psicoló"
17:30:15.487 "g" CHAR_g CHAR  -  - QwertyTeste "A minha mãe também não se encontra com saúde física e psicoló"
17:30:15.487 "" KEY_DOWN_I AUTO_KEY  -  - QwertyTeste "A minha mãe também não se encontra com saúde física e psicológ"
17:30:15.487 "i" CHAR_i CHAR  -  - QwertyTeste "A minha mãe também não se encontra com saúde física e psicológ"
17:30:15.487 "" KEY_DOWN_C AUTO_KEY  -  - QwertyTeste "A minha mãe também não se encontra com saúde física e psicológi"
17:30:15.487 "c" CHAR_c CHAR  -  - QwertyTeste "A minha mãe também não se encontra com saúde física e psicológi"
17:30:15.487 "" KEY_DOWN_A AUTO_KEY  -  - QwertyTeste "A minha mãe também não se encontra com saúde física e psicológic"
17:30:15.487 "a" CHAR_a CHAR  -  - QwertyTeste "A minha mãe também não se encontra com saúde física e psicológic"
17:30:15.487 "" KEY_DOWN_BARRA_DE_ESPAÇOS AUTO_KEY  -  - QwertyTeste "A minha mãe também não se encontra com saúde física e psicológica"
17:30:15.487 " " CHAR_ESPAÇO CHAR  -  - QwertyTeste "A minha mãe também não se encontra com saúde física e psicológica"
17:30:15.487 "" NEW_WORD WORD_psicológica  -  - QwertyTeste "A minha mãe também não se encontra com saúde física e psicológica "
17:30:15.503 "" KEY_DOWN_P AUTO_KEY  -  - QwertyTeste "A minha mãe também não se encontra com saúde física e psicológica "
17:30:15.503 "p" CHAR_p CHAR  -  - QwertyTeste "A minha mãe também não se encontra com saúde física e psicológica "
17:30:15.503 "" KEY_DOWN_A AUTO_KEY  -  - QwertyTeste "A minha mãe também não se encontra com saúde física e psicológica p"
17:30:15.503 "a" CHAR_a CHAR  -  - QwertyTeste "A minha mãe também não se encontra com saúde física e psicológica p"
17:30:15.503 "" KEY_DOWN_R AUTO_KEY  -  - QwertyTeste "A minha mãe também não se encontra com saúde física e psicológica pa"
17:30:15.581 "r" CHAR_r CHAR  -  - QwertyTeste "A minha mãe também não se encontra com saúde física e psicológica pa"
17:30:15.925 "" KEY_DOWN_A AUTO_KEY  -  - QwertyTeste "A minha mãe também não se encontra com saúde física e psicológica par"
17:30:15.925 "a" CHAR_a CHAR  -  - QwertyTeste "A minha mãe também não se encontra com saúde física e psicológica par"
17:30:15.925 "" KEY_DOWN_BARRA_DE_ESPAÇOS AUTO_KEY  -  - QwertyTeste "A minha mãe também não se encontra com saúde física e psicológica para"
17:30:15.925 " " CHAR_ESPAÇO CHAR  -  - QwertyTeste "A minha mãe também não se encontra com saúde física e psicológica para"
17:30:15.925 "" NEW_WORD WORD_para  -  - QwertyTeste "A minha mãe também não se encontra com saúde física e psicológica para "
17:30:15.925 "" KEY_DOWN_T AUTO_KEY  -  - QwertyTeste "A minha mãe também não se encontra com saúde física e psicológica para "
17:30:15.925 "t" CHAR_t CHAR  -  - QwertyTeste "A minha mãe também não se encontra com saúde física e psicológica para "
17:30:15.925 "" KEY_DOWN_R AUTO_KEY  -  - QwertyTeste "A minha mãe também não se encontra com saúde física e psicológica para t"
17:30:15.925 "r" CHAR_r CHAR  -  - QwertyTeste "A minha mãe também não se encontra com saúde física e psicológica para t"
17:30:15.925 "" KEY_DOWN_A AUTO_KEY  -  - QwertyTeste "A minha mãe também não se encontra com saúde física e psicológica para tr"
17:30:15.925 "a" CHAR_a CHAR  -  - QwertyTeste "A minha mãe também não se encontra com saúde física e psicológica para tr"
17:30:15.925 "" KEY_DOWN_T AUTO_KEY  -  - QwertyTeste "A minha mãe também não se encontra com saúde física e psicológica para tra"
17:30:15.925 "t" CHAR_t CHAR  -  - QwertyTeste "A minha mãe também não se encontra com saúde física e psicológica para tra"
17:30:15.956 "" KEY_DOWN_A AUTO_KEY  -  - QwertyTeste "A minha mãe também não se encontra com saúde física e psicológica para trat"
17:30:15.956 "a" CHAR_a CHAR  -  - QwertyTeste "A minha mãe também não se encontra com saúde física e psicológica para trat"
17:30:15.956 "" KEY_DOWN_R AUTO_KEY  -  - QwertyTeste "A minha mãe também não se encontra com saúde física e psicológica para trata"
17:30:15.956 "r" CHAR_r CHAR  -  - QwertyTeste "A minha mãe também não se encontra com saúde física e psicológica para trata"
17:30:15.956 "" KEY_DOWN_BARRA_DE_ESPAÇOS AUTO_KEY  -  - QwertyTeste "A minha mãe também não se encontra com saúde física e psicológica para tratar"
17:30:15.956 " " CHAR_ESPAÇO CHAR  -  - QwertyTeste "A minha mãe também não se encontra com saúde física e psicológica para tratar"
17:30:15.956 "" NEW_WORD WORD_tratar  -  - QwertyTeste "A minha mãe também não se encontra com saúde física e psicológica para tratar "
17:30:15.956 "" KEY_DOWN_D AUTO_KEY  -  - QwertyTeste "A minha mãe também não se encontra com saúde física e psicológica para tratar "
17:30:15.956 "d" CHAR_d CHAR  -  - QwertyTeste "A minha mãe também não se encontra com saúde física e psicológica para tratar "
17:30:15.956 "" KEY_DOWN_E AUTO_KEY  -  - QwertyTeste "A minha mãe também não se encontra com saúde física e psicológica para tratar d"
17:30:15.956 "e" CHAR_e CHAR  -  - QwertyTeste "A minha mãe também não se encontra com saúde física e psicológica para tratar d"
17:30:15.956 "" KEY_DOWN_BARRA_DE_ESPAÇOS AUTO_KEY  -  - QwertyTeste "A minha mãe também não se encontra com saúde física e psicológica para tratar de"
17:30:15.956 " " CHAR_ESPAÇO CHAR  -  - QwertyTeste "A minha mãe também não se encontra com saúde física e psicológica para tratar de"
17:30:15.956 "" NEW_WORD WORD_de  -  - QwertyTeste "A minha mãe também não se encontra com saúde física e psicológica para tratar de "
17:30:15.956 "" KEY_DOWN_M AUTO_KEY  -  - QwertyTeste "A minha mãe também não se encontra com saúde física e psicológica para tratar de "
17:30:15.956 "m" CHAR_m CHAR  -  - QwertyTeste "A minha mãe também não se encontra com saúde física e psicológica para tratar de "
17:30:15.956 "" KEY_DOWN_I AUTO_KEY  -  - QwertyTeste "A minha mãe também não se encontra com saúde física e psicológica para tratar de m"
17:30:15.956 "i" CHAR_i CHAR  -  - QwertyTeste "A minha mãe também não se encontra com saúde física e psicológica para tratar de m"
17:30:16.175 "" KEY_DOWN_M AUTO_KEY  -  - QwertyTeste "A minha mãe também não se encontra com saúde física e psicológica para tratar de mi"
17:30:16.175 "m" CHAR_m CHAR  -  - QwertyTeste "A minha mãe também não se encontra com saúde física e psicológica para tratar de mi"
17:30:16.175 "" KEY_DOWN_BARRA_DE_ESPAÇOS AUTO_KEY  -  - QwertyTeste "A minha mãe também não se encontra com saúde física e psicológica para tratar de mim"
17:30:16.175 " " CHAR_ESPAÇO CHAR  -  - QwertyTeste "A minha mãe também não se encontra com saúde física e psicológica para tratar de mim"
17:30:16.175 "" NEW_WORD WORD_mim  -  - QwertyTeste "A minha mãe também não se encontra com saúde física e psicológica para tratar de mim "
17:30:16.175 "" KEY_DOWN_C AUTO_KEY  -  - QwertyTeste "A minha mãe também não se encontra com saúde física e psicológica para tratar de mim "
17:30:16.175 "c" CHAR_c CHAR  -  - QwertyTeste "A minha mãe também não se encontra com saúde física e psicológica para tratar de mim "
17:30:16.175 "" KEY_DOWN_O AUTO_KEY  -  - QwertyTeste "A minha mãe também não se encontra com saúde física e psicológica para tratar de mim c"
17:30:16.175 "o" CHAR_o CHAR  -  - QwertyTeste "A minha mãe também não se encontra com saúde física e psicológica para tratar de mim c"
17:30:16.175 "" KEY_DOWN_M AUTO_KEY  -  - QwertyTeste "A minha mãe também não se encontra com saúde física e psicológica para tratar de mim co"
17:30:16.175 "m" CHAR_m CHAR  -  - QwertyTeste "A minha mãe também não se encontra com saúde física e psicológica para tratar de mim co"
17:30:16.175 "" KEY_DOWN_O AUTO_KEY  -  - QwertyTeste "A minha mãe também não se encontra com saúde física e psicológica para tratar de mim com"
17:30:16.175 "o" CHAR_o CHAR  -  - QwertyTeste "A minha mãe também não se encontra com saúde física e psicológica para tratar de mim com"
17:30:16.175 "" KEY_DOWN_BARRA_DE_ESPAÇOS AUTO_KEY  -  - QwertyTeste "A minha mãe também não se encontra com saúde física e psicológica para tratar de mim como"
17:30:16.175 " " CHAR_ESPAÇO CHAR  -  - QwertyTeste "A minha mãe também não se encontra com saúde física e psicológica para tratar de mim como"
17:30:16.175 "" NEW_WORD WORD_como  -  - QwertyTeste "A minha mãe também não se encontra com saúde física e psicológica para tratar de mim como "
17:30:16.175 "" KEY_DOWN_T AUTO_KEY  -  - QwertyTeste "A minha mãe também não se encontra com saúde física e psicológica para tratar de mim como "
17:30:16.190 "t" CHAR_t CHAR  -  - QwertyTeste "A minha mãe também não se encontra com saúde física e psicológica para tratar de mim como "
17:30:16.190 "" KEY_DOWN_E AUTO_KEY  -  - QwertyTeste "A minha mãe também não se encontra com saúde física e psicológica para tratar de mim como t"
17:30:16.190 "e" CHAR_e CHAR  -  - QwertyTeste "A minha mãe também não se encontra com saúde física e psicológica para tratar de mim como t"
17:30:16.190 "" KEY_DOWN_M AUTO_KEY  -  - QwertyTeste "A minha mãe também não se encontra com saúde física e psicológica para tratar de mim como te"
17:30:16.190 "m" CHAR_m CHAR  -  - QwertyTeste "A minha mãe também não se encontra com saúde física e psicológica para tratar de mim como te"
17:30:16.190 "" KEY_DOWN_BARRA_DE_ESPAÇOS AUTO_KEY  -  - QwertyTeste "A minha mãe também não se encontra com saúde física e psicológica para tratar de mim como tem"
17:30:16.190 " " CHAR_ESPAÇO CHAR  -  - QwertyTeste "A minha mãe também não se encontra com saúde física e psicológica para tratar de mim como tem"
17:30:16.190 "" NEW_WORD WORD_tem  -  - QwertyTeste "A minha mãe também não se encontra com saúde física e psicológica para tratar de mim como tem "
17:30:16.190 "" KEY_DOWN_T AUTO_KEY  -  - QwertyTeste "A minha mãe também não se encontra com saúde física e psicológica para tratar de mim como tem "
17:30:16.190 "t" CHAR_t CHAR  -  - QwertyTeste "A minha mãe também não se encontra com saúde física e psicológica para tratar de mim como tem "
17:30:16.190 "" KEY_DOWN_R AUTO_KEY  -  - QwertyTeste "A minha mãe também não se encontra com saúde física e psicológica para tratar de mim como tem t"
17:30:16.190 "r" CHAR_r CHAR  -  - QwertyTeste "A minha mãe também não se encontra com saúde física e psicológica para tratar de mim como tem t"
17:30:16.206 "" KEY_DOWN_A AUTO_KEY  -  - QwertyTeste "A minha mãe também não se encontra com saúde física e psicológica para tratar de mim como tem tr"
17:30:16.206 "a" CHAR_a CHAR  -  - QwertyTeste "A minha mãe também não se encontra com saúde física e psicológica para tratar de mim como tem tr"
17:30:16.206 "" KEY_DOWN_T AUTO_KEY  -  - QwertyTeste "A minha mãe também não se encontra com saúde física e psicológica para tratar de mim como tem tra"
17:30:16.253 "t" CHAR_t CHAR  -  - QwertyTeste "A minha mãe também não se encontra com saúde física e psicológica para tratar de mim como tem tra"
17:30:16.409 "" KEY_DOWN_A AUTO_KEY  -  - QwertyTeste "A minha mãe também não se encontra com saúde física e psicológica para tratar de mim como tem trat"
17:30:16.409 "a" CHAR_a CHAR  -  - QwertyTeste "A minha mãe também não se encontra com saúde física e psicológica para tratar de mim como tem trat"
17:30:16.409 "" KEY_DOWN_D AUTO_KEY  -  - QwertyTeste "A minha mãe também não se encontra com saúde física e psicológica para tratar de mim como tem trata"
17:30:16.409 "d" CHAR_d CHAR  -  - QwertyTeste "A minha mãe também não se encontra com saúde física e psicológica para tratar de mim como tem trata"
17:30:16.409 "" KEY_DOWN_O AUTO_KEY  -  - QwertyTeste "A minha mãe também não se encontra com saúde física e psicológica para tratar de mim como tem tratad"
17:30:16.409 "o" CHAR_o CHAR  -  - QwertyTeste "A minha mãe também não se encontra com saúde física e psicológica para tratar de mim como tem tratad"
17:30:16.409 "" KEY_DOWN_BARRA_DE_ESPAÇOS AUTO_KEY  -  - QwertyTeste "A minha mãe também não se encontra com saúde física e psicológica para tratar de mim como tem tratado"
17:30:16.409 " " CHAR_ESPAÇO CHAR  -  - QwertyTeste "A minha mãe também não se encontra com saúde física e psicológica para tratar de mim como tem tratado"
17:30:16.409 "" NEW_WORD WORD_tratado  -  - QwertyTeste "A minha mãe também não se encontra com saúde física e psicológica para tratar de mim como tem tratado "
17:30:16.409 "" KEY_DOWN_A AUTO_KEY  -  - QwertyTeste "A minha mãe também não se encontra com saúde física e psicológica para tratar de mim como tem tratado "
17:30:16.409 "a" CHAR_a CHAR  -  - QwertyTeste "A minha mãe também não se encontra com saúde física e psicológica para tratar de mim como tem tratado "
17:30:16.425 "" KEY_DOWN_T AUTO_KEY  -  - QwertyTeste "A minha mãe também não se encontra com saúde física e psicológica para tratar de mim como tem tratado a"
17:30:16.425 "t" CHAR_t CHAR  -  - QwertyTeste "A minha mãe também não se encontra com saúde física e psicológica para tratar de mim como tem tratado a"
17:30:16.440 "" KEY_DOWN_AGUDO AUTO_KEY  -  - QwertyTeste "A minha mãe também não se encontra com saúde física e psicológica para tratar de mim como tem tratado at"
17:30:16.643 "" KEY_DOWN_E AUTO_KEY  -  - QwertyTeste "A minha mãe também não se encontra com saúde física e psicológica para tratar de mim como tem tratado at"
17:30:16.643 "é" CHAR_é CHAR  -  - QwertyTeste "A minha mãe também não se encontra com saúde física e psicológica para tratar de mim como tem tratado at"
17:30:16.643 "" KEY_DOWN_BARRA_DE_ESPAÇOS AUTO_KEY  -  - QwertyTeste "A minha mãe também não se encontra com saúde física e psicológica para tratar de mim como tem tratado até"
17:30:16.643 " " CHAR_ESPAÇO CHAR  -  - QwertyTeste "A minha mãe também não se encontra com saúde física e psicológica para tratar de mim como tem tratado até"
17:30:16.643 "" NEW_WORD WORD_até  -  - QwertyTeste "A minha mãe também não se encontra com saúde física e psicológica para tratar de mim como tem tratado até "
17:30:16.643 "" KEY_DOWN_H AUTO_KEY  -  - QwertyTeste "A minha mãe também não se encontra com saúde física e psicológica para tratar de mim como tem tratado até "
17:30:16.643 "h" CHAR_h CHAR  -  - QwertyTeste "A minha mãe também não se encontra com saúde física e psicológica para tratar de mim como tem tratado até "
17:30:16.643 "" KEY_DOWN_O AUTO_KEY  -  - QwertyTeste "A minha mãe também não se encontra com saúde física e psicológica para tratar de mim como tem tratado até h"
17:30:16.643 "o" CHAR_o CHAR  -  - QwertyTeste "A minha mãe também não se encontra com saúde física e psicológica para tratar de mim como tem tratado até h"
17:30:16.643 "" KEY_DOWN_J AUTO_KEY  -  - QwertyTeste "A minha mãe também não se encontra com saúde física e psicológica para tratar de mim como tem tratado até ho"
17:30:16.643 "j" CHAR_j CHAR  -  - QwertyTeste "A minha mãe também não se encontra com saúde física e psicológica para tratar de mim como tem tratado até ho"
17:30:16.643 "" KEY_DOWN_E AUTO_KEY  -  - QwertyTeste "A minha mãe também não se encontra com saúde física e psicológica para tratar de mim como tem tratado até hoj"
17:30:16.643 "e" CHAR_e CHAR  -  - QwertyTeste "A minha mãe também não se encontra com saúde física e psicológica para tratar de mim como tem tratado até hoj"
17:30:16.659 "" KEY_DOWN_. AUTO_KEY  -  - QwertyTeste "A minha mãe também não se encontra com saúde física e psicológica para tratar de mim como tem tratado até hoje"
17:30:16.659 "." CHAR_. CHAR  -  - QwertyTeste "A minha mãe também não se encontra com saúde física e psicológica para tratar de mim como tem tratado até hoje"
17:30:16.659 "" NEW_WORD WORD_hoje  -  - QwertyTeste "A minha mãe também não se encontra com saúde física e psicológica para tratar de mim como tem tratado até hoje."
17:30:16.659 "" NEW_SENTENCE SENTENCE_A_minha_mãe_também_não_se_encontra_com_saúde_física_e_psicológica_para_tratar_de_mim_como_tem_tratado_até_hoje.  -  - QwertyTeste "A minha mãe também não se encontra com saúde física e psicológica para tratar de mim como tem tratado até hoje."
17:30:16.675 "" KEY_DOWN_BARRA_DE_ESPAÇOS AUTO_KEY  -  - QwertyTeste "A minha mãe também não se encontra com saúde física e psicológica para tratar de mim como tem tratado até hoje."
17:30:16.675 " " CHAR_ESPAÇO CHAR  -  - QwertyTeste "A minha mãe também não se encontra com saúde física e psicológica para tratar de mim como tem tratado até hoje."
17:30:18.128 "" LEFT_MOUSE_DOWN_KEY TEXT_KEY_SELECTION_Enter 5.0.1 110.546 QwertyTeste ""
17:30:18.331 "" KEY_DOWN_ENTER AUTO_KEY  -  - QwertyTeste ""
17:30:18.331 "\n" CHAR_ENTER CHAR  -  - QwertyTeste ""
17:30:25.940 "" LEFT_MOUSE_DOWN_KEY TEXT_KEY_SELECTION_CapsLock 8.0.1 101.687 QwertyTeste ""
17:30:25.940 "" KEY_DOWN_CAPSLOCK AUTO_KEY  -  - QwertyTeste ""
17:30:27.362 "" LEFT_MOUSE_DOWN_KEY TEXT_KEY_SELECTION_e 5.0.4 372.546 QwertyTeste ""
17:30:27.362 "" KEY_DOWN_E AUTO_KEY  -  - QwertyTeste ""
17:30:27.362 "E" CHAR_E CHAR  -  - QwertyTeste ""
17:30:28.471 "" LEFT_MOUSE_DOWN_KEY TEXT_KEY_SELECTION_CapsLock 8.0.1 101.687 QwertyTeste "E"
17:30:28.471 "" KEY_DOWN_CAPSLOCK AUTO_KEY  -  - QwertyTeste "E"
17:30:29.206 "" LEFT_MOUSE_DOWN_KEY TEXT_KEY_SELECTION_u 5.0.8 700.546 QwertyTeste "E"
17:30:29.206 "" KEY_DOWN_U AUTO_KEY  -  - QwertyTeste "E"
17:30:29.206 "u" CHAR_u CHAR  -  - QwertyTeste "E"
17:30:31.206 "" LEFT_MOUSE_DOWN_KEY TEXT_KEY_SELECTION_Space 4.0.1 111.499 QwertyTeste "Eu"
17:30:31.206 "" KEY_DOWN_BARRA_DE_ESPAÇOS AUTO_KEY  -  - QwertyTeste "Eu"
17:30:31.206 " " CHAR_ESPAÇO CHAR  -  - QwertyTeste "Eu"
17:30:31.206 "" NEW_WORD WORD_Eu  -  - QwertyTeste "Eu "
17:30:35.940 "" LEFT_MOUSE_DOWN_KEY TEXT_KEY_SELECTION_g 6.0.6 531.593 QwertyTeste "Eu "
17:30:35.956 "" KEY_DOWN_G AUTO_KEY  -  - QwertyTeste "Eu "
17:30:35.956 "g" CHAR_g CHAR  -  - QwertyTeste "Eu "
17:30:36.659 "" LEFT_MOUSE_DOWN_KEY TEXT_KEY_SELECTION_a 6.0.2 204.593 QwertyTeste "Eu g"
17:30:36.659 "" KEY_DOWN_A AUTO_KEY  -  - QwertyTeste "Eu g"
17:30:36.659 "a" CHAR_a CHAR  -  - QwertyTeste "Eu g"
17:30:42.737 "" LEFT_MOUSE_DOWN_KEY PREDICTED_SENTENCE_SELECTION_1_Eu_ganhei_a_primeira_bicicleta_a_meias_com_o_meu_irmão_que_depressa_aprendeu. 2.0.2 752.290 QwertyTeste "Eu ga"
17:30:42.737 "" KEY_DOWN_N AUTO_KEY  -  - QwertyTeste "Eu ga"
17:30:42.737 "n" CHAR_n CHAR  -  - QwertyTeste "Eu ga"
17:30:42.753 "" KEY_DOWN_H AUTO_KEY  -  - QwertyTeste "Eu gan"
17:30:42.753 "h" CHAR_h CHAR  -  - QwertyTeste "Eu gan"
17:30:42.753 "" KEY_DOWN_E AUTO_KEY  -  - QwertyTeste "Eu ganh"
17:30:42.753 "e" CHAR_e CHAR  -  - QwertyTeste "Eu ganh"
17:30:42.753 "" KEY_DOWN_I AUTO_KEY  -  - QwertyTeste "Eu ganhe"
17:30:42.753 "i" CHAR_i CHAR  -  - QwertyTeste "Eu ganhe"
17:30:42.753 "" KEY_DOWN_BARRA_DE_ESPAÇOS AUTO_KEY  -  - QwertyTeste "Eu ganhei"
17:30:42.753 " " CHAR_ESPAÇO CHAR  -  - QwertyTeste "Eu ganhei"
17:30:42.753 "" NEW_WORD WORD_ganhei  -  - QwertyTeste "Eu ganhei "
17:30:42.753 "" KEY_DOWN_A AUTO_KEY  -  - QwertyTeste "Eu ganhei "
17:30:42.753 "a" CHAR_a CHAR  -  - QwertyTeste "Eu ganhei "
17:30:42.753 "" KEY_DOWN_BARRA_DE_ESPAÇOS AUTO_KEY  -  - QwertyTeste "Eu ganhei a"
17:30:42.753 " " CHAR_ESPAÇO CHAR  -  - QwertyTeste "Eu ganhei a"
17:30:42.753 "" NEW_WORD WORD_a  -  - QwertyTeste "Eu ganhei a "
17:30:42.753 "" KEY_DOWN_P AUTO_KEY  -  - QwertyTeste "Eu ganhei a "
17:30:42.784 "p" CHAR_p CHAR  -  - QwertyTeste "Eu ganhei a "
17:30:42.956 "" KEY_DOWN_R AUTO_KEY  -  - QwertyTeste "Eu ganhei a p"
17:30:42.956 "r" CHAR_r CHAR  -  - QwertyTeste "Eu ganhei a p"
17:30:42.956 "" KEY_DOWN_I AUTO_KEY  -  - QwertyTeste "Eu ganhei a pr"
17:30:42.956 "i" CHAR_i CHAR  -  - QwertyTeste "Eu ganhei a pr"
17:30:42.956 "" KEY_DOWN_M AUTO_KEY  -  - QwertyTeste "Eu ganhei a pri"
17:30:42.956 "m" CHAR_m CHAR  -  - QwertyTeste "Eu ganhei a pri"
17:30:42.956 "" KEY_DOWN_E AUTO_KEY  -  - QwertyTeste "Eu ganhei a prim"
17:30:42.956 "e" CHAR_e CHAR  -  - QwertyTeste "Eu ganhei a prim"
17:30:42.971 "" KEY_DOWN_I AUTO_KEY  -  - QwertyTeste "Eu ganhei a prime"
17:30:42.971 "i" CHAR_i CHAR  -  - QwertyTeste "Eu ganhei a prime"
17:30:42.971 "" KEY_DOWN_R AUTO_KEY  -  - QwertyTeste "Eu ganhei a primei"
17:30:42.971 "r" CHAR_r CHAR  -  - QwertyTeste "Eu ganhei a primei"
17:30:42.971 "" KEY_DOWN_A AUTO_KEY  -  - QwertyTeste "Eu ganhei a primeir"
17:30:43.018 "a" CHAR_a CHAR  -  - QwertyTeste "Eu ganhei a primeir"
17:30:43.190 "" KEY_DOWN_BARRA_DE_ESPAÇOS AUTO_KEY  -  - QwertyTeste "Eu ganhei a primeira"
17:30:43.190 " " CHAR_ESPAÇO CHAR  -  - QwertyTeste "Eu ganhei a primeira"
17:30:43.190 "" NEW_WORD WORD_primeira  -  - QwertyTeste "Eu ganhei a primeira "
17:30:43.190 "" KEY_DOWN_B AUTO_KEY  -  - QwertyTeste "Eu ganhei a primeira "
17:30:43.190 "b" CHAR_b CHAR  -  - QwertyTeste "Eu ganhei a primeira "
17:30:43.190 "" KEY_DOWN_I AUTO_KEY  -  - QwertyTeste "Eu ganhei a primeira b"
17:30:43.190 "i" CHAR_i CHAR  -  - QwertyTeste "Eu ganhei a primeira b"
17:30:43.190 "" KEY_DOWN_C AUTO_KEY  -  - QwertyTeste "Eu ganhei a primeira bi"
17:30:43.190 "c" CHAR_c CHAR  -  - QwertyTeste "Eu ganhei a primeira bi"
17:30:43.190 "" KEY_DOWN_I AUTO_KEY  -  - QwertyTeste "Eu ganhei a primeira bic"
17:30:43.190 "i" CHAR_i CHAR  -  - QwertyTeste "Eu ganhei a primeira bic"
17:30:43.190 "" KEY_DOWN_C AUTO_KEY  -  - QwertyTeste "Eu ganhei a primeira bici"
17:30:43.190 "c" CHAR_c CHAR  -  - QwertyTeste "Eu ganhei a primeira bici"
17:30:43.190 "" KEY_DOWN_L AUTO_KEY  -  - QwertyTeste "Eu ganhei a primeira bicic"
17:30:43.190 "l" CHAR_l CHAR  -  - QwertyTeste "Eu ganhei a primeira bicic"
17:30:43.190 "" KEY_DOWN_E AUTO_KEY  -  - QwertyTeste "Eu ganhei a primeira bicicl"
17:30:43.206 "e" CHAR_e CHAR  -  - QwertyTeste "Eu ganhei a primeira bicicl"
17:30:43.206 "" KEY_DOWN_T AUTO_KEY  -  - QwertyTeste "Eu ganhei a primeira bicicle"
17:30:43.206 "t" CHAR_t CHAR  -  - QwertyTeste "Eu ganhei a primeira bicicle"
17:30:43.206 "" KEY_DOWN_A AUTO_KEY  -  - QwertyTeste "Eu ganhei a primeira biciclet"
17:30:43.206 "a" CHAR_a CHAR  -  - QwertyTeste "Eu ganhei a primeira biciclet"
17:30:43.206 "" KEY_DOWN_BARRA_DE_ESPAÇOS AUTO_KEY  -  - QwertyTeste "Eu ganhei a primeira bicicleta"
17:30:43.206 " " CHAR_ESPAÇO CHAR  -  - QwertyTeste "Eu ganhei a primeira bicicleta"
17:30:43.206 "" NEW_WORD WORD_bicicleta  -  - QwertyTeste "Eu ganhei a primeira bicicleta "
17:30:43.206 "" KEY_DOWN_A AUTO_KEY  -  - QwertyTeste "Eu ganhei a primeira bicicleta "
17:30:43.206 "a" CHAR_a CHAR  -  - QwertyTeste "Eu ganhei a primeira bicicleta "
17:30:43.206 "" KEY_DOWN_BARRA_DE_ESPAÇOS AUTO_KEY  -  - QwertyTeste "Eu ganhei a primeira bicicleta a"
17:30:43.206 " " CHAR_ESPAÇO CHAR  -  - QwertyTeste "Eu ganhei a primeira bicicleta a"
17:30:43.206 "" NEW_WORD WORD_a  -  - QwertyTeste "Eu ganhei a primeira bicicleta a "
17:30:43.206 "" KEY_DOWN_M AUTO_KEY  -  - QwertyTeste "Eu ganhei a primeira bicicleta a "
17:30:43.206 "m" CHAR_m CHAR  -  - QwertyTeste "Eu ganhei a primeira bicicleta a "
17:30:43.253 "" KEY_DOWN_E AUTO_KEY  -  - QwertyTeste "Eu ganhei a primeira bicicleta a m"
17:30:43.253 "e" CHAR_e CHAR  -  - QwertyTeste "Eu ganhei a primeira bicicleta a m"
17:30:43.253 "" KEY_DOWN_I AUTO_KEY  -  - QwertyTeste "Eu ganhei a primeira bicicleta a me"
17:30:43.253 "i" CHAR_i CHAR  -  - QwertyTeste "Eu ganhei a primeira bicicleta a me"
17:30:43.253 "" KEY_DOWN_A AUTO_KEY  -  - QwertyTeste "Eu ganhei a primeira bicicleta a mei"
17:30:43.253 "a" CHAR_a CHAR  -  - QwertyTeste "Eu ganhei a primeira bicicleta a mei"
17:30:43.253 "" KEY_DOWN_S AUTO_KEY  -  - QwertyTeste "Eu ganhei a primeira bicicleta a meia"
17:30:43.253 "s" CHAR_s CHAR  -  - QwertyTeste "Eu ganhei a primeira bicicleta a meia"
17:30:43.253 "" KEY_DOWN_BARRA_DE_ESPAÇOS AUTO_KEY  -  - QwertyTeste "Eu ganhei a primeira bicicleta a meias"
17:30:43.253 " " CHAR_ESPAÇO CHAR  -  - QwertyTeste "Eu ganhei a primeira bicicleta a meias"
17:30:43.253 "" NEW_WORD WORD_meias  -  - QwertyTeste "Eu ganhei a primeira bicicleta a meias "
17:30:43.253 "" KEY_DOWN_C AUTO_KEY  -  - QwertyTeste "Eu ganhei a primeira bicicleta a meias "
17:30:43.253 "c" CHAR_c CHAR  -  - QwertyTeste "Eu ganhei a primeira bicicleta a meias "
17:30:43.253 "" KEY_DOWN_O AUTO_KEY  -  - QwertyTeste "Eu ganhei a primeira bicicleta a meias c"
17:30:43.253 "o" CHAR_o CHAR  -  - QwertyTeste "Eu ganhei a primeira bicicleta a meias c"
17:30:43.253 "" KEY_DOWN_M AUTO_KEY  -  - QwertyTeste "Eu ganhei a primeira bicicleta a meias co"
17:30:43.253 "m" CHAR_m CHAR  -  - QwertyTeste "Eu ganhei a primeira bicicleta a meias co"
17:30:43.253 "" KEY_DOWN_BARRA_DE_ESPAÇOS AUTO_KEY  -  - QwertyTeste "Eu ganhei a primeira bicicleta a meias com"
17:30:43.284 " " CHAR_ESPAÇO CHAR  -  - QwertyTeste "Eu ganhei a primeira bicicleta a meias com"
17:30:43.284 "" NEW_WORD WORD_com  -  - QwertyTeste "Eu ganhei a primeira bicicleta a meias com "
17:30:43.440 "" KEY_DOWN_O AUTO_KEY  -  - QwertyTeste "Eu ganhei a primeira bicicleta a meias com "
17:30:43.440 "o" CHAR_o CHAR  -  - QwertyTeste "Eu ganhei a primeira bicicleta a meias com "
17:30:43.440 "" KEY_DOWN_BARRA_DE_ESPAÇOS AUTO_KEY  -  - QwertyTeste "Eu ganhei a primeira bicicleta a meias com o"
17:30:43.440 " " CHAR_ESPAÇO CHAR  -  - QwertyTeste "Eu ganhei a primeira bicicleta a meias com o"
17:30:43.440 "" NEW_WORD WORD_o  -  - QwertyTeste "Eu ganhei a primeira bicicleta a meias com o "
17:30:43.440 "" KEY_DOWN_M AUTO_KEY  -  - QwertyTeste "Eu ganhei a primeira bicicleta a meias com o "
17:30:43.440 "m" CHAR_m CHAR  -  - QwertyTeste "Eu ganhei a primeira bicicleta a meias com o "
17:30:43.440 "" KEY_DOWN_E AUTO_KEY  -  - QwertyTeste "Eu ganhei a primeira bicicleta a meias com o m"
17:30:43.440 "e" CHAR_e CHAR  -  - QwertyTeste "Eu ganhei a primeira bicicleta a meias com o m"
17:30:43.440 "" KEY_DOWN_U AUTO_KEY  -  - QwertyTeste "Eu ganhei a primeira bicicleta a meias com o me"
17:30:43.440 "u" CHAR_u CHAR  -  - QwertyTeste "Eu ganhei a primeira bicicleta a meias com o me"
17:30:43.440 "" KEY_DOWN_BARRA_DE_ESPAÇOS AUTO_KEY  -  - QwertyTeste "Eu ganhei a primeira bicicleta a meias com o meu"
17:30:43.440 " " CHAR_ESPAÇO CHAR  -  - QwertyTeste "Eu ganhei a primeira bicicleta a meias com o meu"
17:30:43.440 "" NEW_WORD WORD_meu  -  - QwertyTeste "Eu ganhei a primeira bicicleta a meias com o meu "
17:30:43.440 "" KEY_DOWN_I AUTO_KEY  -  - QwertyTeste "Eu ganhei a primeira bicicleta a meias com o meu "
17:30:43.456 "i" CHAR_i CHAR  -  - QwertyTeste "Eu ganhei a primeira bicicleta a meias com o meu "
17:30:43.456 "" KEY_DOWN_R AUTO_KEY  -  - QwertyTeste "Eu ganhei a primeira bicicleta a meias com o meu i"
17:30:43.456 "r" CHAR_r CHAR  -  - QwertyTeste "Eu ganhei a primeira bicicleta a meias com o meu i"
17:30:43.456 "" KEY_DOWN_M AUTO_KEY  -  - QwertyTeste "Eu ganhei a primeira bicicleta a meias com o meu ir"
17:30:43.456 "m" CHAR_m CHAR  -  - QwertyTeste "Eu ganhei a primeira bicicleta a meias com o meu ir"
17:30:43.456 "" KEY_DOWN_TIL AUTO_KEY  -  - QwertyTeste "Eu ganhei a primeira bicicleta a meias com o meu irm"
17:30:43.456 "" KEY_DOWN_A AUTO_KEY  -  - QwertyTeste "Eu ganhei a primeira bicicleta a meias com o meu irm"
17:30:43.456 "ã" CHAR_ã CHAR  -  - QwertyTeste "Eu ganhei a primeira bicicleta a meias com o meu irm"
17:30:43.456 "" KEY_DOWN_O AUTO_KEY  -  - QwertyTeste "Eu ganhei a primeira bicicleta a meias com o meu irmã"
17:30:43.456 "o" CHAR_o CHAR  -  - QwertyTeste "Eu ganhei a primeira bicicleta a meias com o meu irmã"
17:30:43.456 "" KEY_DOWN_BARRA_DE_ESPAÇOS AUTO_KEY  -  - QwertyTeste "Eu ganhei a primeira bicicleta a meias com o meu irmão"
17:30:43.456 " " CHAR_ESPAÇO CHAR  -  - QwertyTeste "Eu ganhei a primeira bicicleta a meias com o meu irmão"
17:30:43.456 "" NEW_WORD WORD_irmão  -  - QwertyTeste "Eu ganhei a primeira bicicleta a meias com o meu irmão "
17:30:43.456 "" KEY_DOWN_Q AUTO_KEY  -  - QwertyTeste "Eu ganhei a primeira bicicleta a meias com o meu irmão "
17:30:43.456 "q" CHAR_q CHAR  -  - QwertyTeste "Eu ganhei a primeira bicicleta a meias com o meu irmão "
17:30:43.456 "" KEY_DOWN_U AUTO_KEY  -  - QwertyTeste "Eu ganhei a primeira bicicleta a meias com o meu irmão q"
17:30:43.456 "u" CHAR_u CHAR  -  - QwertyTeste "Eu ganhei a primeira bicicleta a meias com o meu irmão q"
17:30:43.456 "" KEY_DOWN_E AUTO_KEY  -  - QwertyTeste "Eu ganhei a primeira bicicleta a meias com o meu irmão qu"
17:30:43.550 "e" CHAR_e CHAR  -  - QwertyTeste "Eu ganhei a primeira bicicleta a meias com o meu irmão qu"
17:30:43.846 "" KEY_DOWN_BARRA_DE_ESPAÇOS AUTO_KEY  -  - QwertyTeste "Eu ganhei a primeira bicicleta a meias com o meu irmão que"
17:30:43.846 " " CHAR_ESPAÇO CHAR  -  - QwertyTeste "Eu ganhei a primeira bicicleta a meias com o meu irmão que"
17:30:43.846 "" NEW_WORD WORD_que  -  - QwertyTeste "Eu ganhei a primeira bicicleta a meias com o meu irmão que "
17:30:43.846 "" KEY_DOWN_D AUTO_KEY  -  - QwertyTeste "Eu ganhei a primeira bicicleta a meias com o meu irmão que "
17:30:43.846 "d" CHAR_d CHAR  -  - QwertyTeste "Eu ganhei a primeira bicicleta a meias com o meu irmão que "
17:30:43.846 "" KEY_DOWN_E AUTO_KEY  -  - QwertyTeste "Eu ganhei a primeira bicicleta a meias com o meu irmão que d"
17:30:43.846 "e" CHAR_e CHAR  -  - QwertyTeste "Eu ganhei a primeira bicicleta a meias com o meu irmão que d"
17:30:43.846 "" KEY_DOWN_P AUTO_KEY  -  - QwertyTeste "Eu ganhei a primeira bicicleta a meias com o meu irmão que de"
17:30:43.846 "p" CHAR_p CHAR  -  - QwertyTeste "Eu ganhei a primeira bicicleta a meias com o meu irmão que de"
17:30:43.862 "" KEY_DOWN_R AUTO_KEY  -  - QwertyTeste "Eu ganhei a primeira bicicleta a meias com o meu irmão que dep"
17:30:43.862 "r" CHAR_r CHAR  -  - QwertyTeste "Eu ganhei a primeira bicicleta a meias com o meu irmão que dep"
17:30:43.862 "" KEY_DOWN_E AUTO_KEY  -  - QwertyTeste "Eu ganhei a primeira bicicleta a meias com o meu irmão que depr"
17:30:43.862 "e" CHAR_e CHAR  -  - QwertyTeste "Eu ganhei a primeira bicicleta a meias com o meu irmão que depr"
17:30:43.893 "" KEY_DOWN_S AUTO_KEY  -  - QwertyTeste "Eu ganhei a primeira bicicleta a meias com o meu irmão que depre"
17:30:43.893 "s" CHAR_s CHAR  -  - QwertyTeste "Eu ganhei a primeira bicicleta a meias com o meu irmão que depre"
17:30:43.893 "" KEY_DOWN_S AUTO_KEY  -  - QwertyTeste "Eu ganhei a primeira bicicleta a meias com o meu irmão que depres"
17:30:43.893 "s" CHAR_s CHAR  -  - QwertyTeste "Eu ganhei a primeira bicicleta a meias com o meu irmão que depres"
17:30:43.893 "" KEY_DOWN_A AUTO_KEY  -  - QwertyTeste "Eu ganhei a primeira bicicleta a meias com o meu irmão que depress"
17:30:43.893 "a" CHAR_a CHAR  -  - QwertyTeste "Eu ganhei a primeira bicicleta a meias com o meu irmão que depress"
17:30:44.128 "" KEY_DOWN_BARRA_DE_ESPAÇOS AUTO_KEY  -  - QwertyTeste "Eu ganhei a primeira bicicleta a meias com o meu irmão que depressa"
17:30:44.128 " " CHAR_ESPAÇO CHAR  -  - QwertyTeste "Eu ganhei a primeira bicicleta a meias com o meu irmão que depressa"
17:30:44.128 "" NEW_WORD WORD_depressa  -  - QwertyTeste "Eu ganhei a primeira bicicleta a meias com o meu irmão que depressa "
17:30:44.128 "" KEY_DOWN_A AUTO_KEY  -  - QwertyTeste "Eu ganhei a primeira bicicleta a meias com o meu irmão que depressa "
17:30:44.128 "a" CHAR_a CHAR  -  - QwertyTeste "Eu ganhei a primeira bicicleta a meias com o meu irmão que depressa "
17:30:44.128 "" KEY_DOWN_P AUTO_KEY  -  - QwertyTeste "Eu ganhei a primeira bicicleta a meias com o meu irmão que depressa a"
17:30:44.128 "p" CHAR_p CHAR  -  - QwertyTeste "Eu ganhei a primeira bicicleta a meias com o meu irmão que depressa a"
17:30:44.128 "" KEY_DOWN_R AUTO_KEY  -  - QwertyTeste "Eu ganhei a primeira bicicleta a meias com o meu irmão que depressa ap"
17:30:44.128 "r" CHAR_r CHAR  -  - QwertyTeste "Eu ganhei a primeira bicicleta a meias com o meu irmão que depressa ap"
17:30:44.128 "" KEY_DOWN_E AUTO_KEY  -  - QwertyTeste "Eu ganhei a primeira bicicleta a meias com o meu irmão que depressa apr"
17:30:44.128 "e" CHAR_e CHAR  -  - QwertyTeste "Eu ganhei a primeira bicicleta a meias com o meu irmão que depressa apr"
17:30:44.128 "" KEY_DOWN_N AUTO_KEY  -  - QwertyTeste "Eu ganhei a primeira bicicleta a meias com o meu irmão que depressa apre"
17:30:44.128 "n" CHAR_n CHAR  -  - QwertyTeste "Eu ganhei a primeira bicicleta a meias com o meu irmão que depressa apre"
17:30:44.128 "" KEY_DOWN_D AUTO_KEY  -  - QwertyTeste "Eu ganhei a primeira bicicleta a meias com o meu irmão que depressa apren"
17:30:44.128 "d" CHAR_d CHAR  -  - QwertyTeste "Eu ganhei a primeira bicicleta a meias com o meu irmão que depressa apren"
17:30:44.128 "" KEY_DOWN_E AUTO_KEY  -  - QwertyTeste "Eu ganhei a primeira bicicleta a meias com o meu irmão que depressa aprend"
17:30:44.128 "e" CHAR_e CHAR  -  - QwertyTeste "Eu ganhei a primeira bicicleta a meias com o meu irmão que depressa aprend"
17:30:44.143 "" KEY_DOWN_U AUTO_KEY  -  - QwertyTeste "Eu ganhei a primeira bicicleta a meias com o meu irmão que depressa aprende"
17:30:44.143 "u" CHAR_u CHAR  -  - QwertyTeste "Eu ganhei a primeira bicicleta a meias com o meu irmão que depressa aprende"
17:30:44.143 "" KEY_DOWN_. AUTO_KEY  -  - QwertyTeste "Eu ganhei a primeira bicicleta a meias com o meu irmão que depressa aprendeu"
17:30:44.143 "." CHAR_. CHAR  -  - QwertyTeste "Eu ganhei a primeira bicicleta a meias com o meu irmão que depressa aprendeu"
17:30:44.159 "" NEW_WORD WORD_aprendeu  -  - QwertyTeste "Eu ganhei a primeira bicicleta a meias com o meu irmão que depressa aprendeu."
17:30:44.159 "" NEW_SENTENCE SENTENCE_Eu_ganhei_a_primeira_bicicleta_a_meias_com_o_meu_irmão_que_depressa_aprendeu.  -  - QwertyTeste "Eu ganhei a primeira bicicleta a meias com o meu irmão que depressa aprendeu."
17:30:44.159 "" KEY_DOWN_BARRA_DE_ESPAÇOS AUTO_KEY  -  - QwertyTeste "Eu ganhei a primeira bicicleta a meias com o meu irmão que depressa aprendeu."
17:30:44.159 " " CHAR_ESPAÇO CHAR  -  - QwertyTeste "Eu ganhei a primeira bicicleta a meias com o meu irmão que depressa aprendeu."
17:30:47.471 "" LEFT_MOUSE_DOWN_KEY TEXT_KEY_SELECTION_Enter 5.0.1 110.546 QwertyTeste ""
17:30:47.503 "" KEY_DOWN_ENTER AUTO_KEY  -  - QwertyTeste ""
17:30:47.503 "\n" CHAR_ENTER CHAR  -  - QwertyTeste ""
17:30:50.878 "" LEFT_MOUSE_DOWN_KEY TEXT_KEY_SELECTION_2 4.0.3 286.499 QwertyTeste ""
17:30:51.003 "" KEY_DOWN_2 AUTO_KEY  -  - QwertyTeste ""
17:30:51.003 "2" CHAR_2 CHAR  -  - QwertyTeste ""
17:30:52.284 "" LEFT_MOUSE_DOWN_KEY TEXT_KEY_SELECTION_Space 4.0.1 111.499 QwertyTeste "2"
17:30:52.378 "" KEY_DOWN_BARRA_DE_ESPAÇOS AUTO_KEY  -  - QwertyTeste "2"
17:30:52.378 " " CHAR_ESPAÇO CHAR  -  - QwertyTeste "2"
17:30:52.378 "" NEW_WORD WORD_2  -  - QwertyTeste "2 "
17:30:53.221 "" LEFT_MOUSE_DOWN_KEY TEXT_KEY_SELECTION_CapsLock 8.0.1 101.687 QwertyTeste "2 "
17:30:53.221 "" KEY_DOWN_CAPSLOCK AUTO_KEY  -  - QwertyTeste "2 "
17:30:54.659 "" LEFT_MOUSE_DOWN_KEY TEXT_KEY_SELECTION_a 6.0.2 204.593 QwertyTeste "2 "
17:30:54.659 "" KEY_DOWN_A AUTO_KEY  -  - QwertyTeste "2 "
17:30:54.659 "A" CHAR_A CHAR  -  - QwertyTeste "2 "
17:30:55.315 "" LEFT_MOUSE_DOWN_KEY TEXT_KEY_SELECTION_CapsLock 8.0.1 101.687 QwertyTeste "2 A"
17:30:55.315 "" KEY_DOWN_CAPSLOCK AUTO_KEY  -  - QwertyTeste "2 A"
17:31:02.425 "" LEFT_MOUSE_DOWN_KEY PREDICTED_SENTENCE_SELECTION_0_2_Anos_aos_fins_de_semana_e_em_exclusivo_na_estrada_Boavista_Penedo_Gordo. 2.0.1 290.290 QwertyTeste "2 A"
17:31:02.440 "" KEY_DOWN_N AUTO_KEY  -  - QwertyTeste "2 A"
17:31:02.456 "n" CHAR_n CHAR  -  - QwertyTeste "2 A"
17:31:02.456 "" KEY_DOWN_O AUTO_KEY  -  - QwertyTeste "2 An"
17:31:02.456 "o" CHAR_o CHAR  -  - QwertyTeste "2 An"
17:31:02.456 "" KEY_DOWN_S AUTO_KEY  -  - QwertyTeste "2 Ano"
17:31:02.456 "s" CHAR_s CHAR  -  - QwertyTeste "2 Ano"
17:31:02.456 "" KEY_DOWN_BARRA_DE_ESPAÇOS AUTO_KEY  -  - QwertyTeste "2 Anos"
17:31:02.456 " " CHAR_ESPAÇO CHAR  -  - QwertyTeste "2 Anos"
17:31:02.456 "" NEW_WORD WORD_Anos  -  - QwertyTeste "2 Anos "
17:31:02.456 "" KEY_DOWN_A AUTO_KEY  -  - QwertyTeste "2 Anos "
17:31:02.456 "a" CHAR_a CHAR  -  - QwertyTeste "2 Anos "
17:31:02.456 "" KEY_DOWN_O AUTO_KEY  -  - QwertyTeste "2 Anos a"
17:31:02.456 "o" CHAR_o CHAR  -  - QwertyTeste "2 Anos a"
17:31:02.456 "" KEY_DOWN_S AUTO_KEY  -  - QwertyTeste "2 Anos ao"
17:31:02.456 "s" CHAR_s CHAR  -  - QwertyTeste "2 Anos ao"
17:31:02.456 "" KEY_DOWN_BARRA_DE_ESPAÇOS AUTO_KEY  -  - QwertyTeste "2 Anos aos"
17:31:02.456 " " CHAR_ESPAÇO CHAR  -  - QwertyTeste "2 Anos aos"
17:31:02.456 "" NEW_WORD WORD_aos  -  - QwertyTeste "2 Anos aos "
17:31:02.456 "" KEY_DOWN_F AUTO_KEY  -  - QwertyTeste "2 Anos aos "
17:31:02.456 "f" CHAR_f CHAR  -  - QwertyTeste "2 Anos aos "
17:31:02.456 "" KEY_DOWN_I AUTO_KEY  -  - QwertyTeste "2 Anos aos f"
17:31:02.456 "i" CHAR_i CHAR  -  - QwertyTeste "2 Anos aos f"
17:31:02.456 "" KEY_DOWN_N AUTO_KEY  -  - QwertyTeste "2 Anos aos fi"
17:31:02.456 "n" CHAR_n CHAR  -  - QwertyTeste "2 Anos aos fi"
17:31:02.456 "" KEY_DOWN_S AUTO_KEY  -  - QwertyTeste "2 Anos aos fin"
17:31:02.456 "s" CHAR_s CHAR  -  - QwertyTeste "2 Anos aos fin"
17:31:02.456 "" KEY_DOWN_BARRA_DE_ESPAÇOS AUTO_KEY  -  - QwertyTeste "2 Anos aos fins"
17:31:02.456 " " CHAR_ESPAÇO CHAR  -  - QwertyTeste "2 Anos aos fins"
17:31:02.456 "" NEW_WORD WORD_fins  -  - QwertyTeste "2 Anos aos fins "
17:31:02.456 "" KEY_DOWN_D AUTO_KEY  -  - QwertyTeste "2 Anos aos fins "
17:31:02.456 "d" CHAR_d CHAR  -  - QwertyTeste "2 Anos aos fins "
17:31:02.456 "" KEY_DOWN_E AUTO_KEY  -  - QwertyTeste "2 Anos aos fins d"
17:31:02.456 "e" CHAR_e CHAR  -  - QwertyTeste "2 Anos aos fins d"
17:31:02.456 "" KEY_DOWN_BARRA_DE_ESPAÇOS AUTO_KEY  -  - QwertyTeste "2 Anos aos fins de"
17:31:02.456 " " CHAR_ESPAÇO CHAR  -  - QwertyTeste "2 Anos aos fins de"
17:31:02.456 "" NEW_WORD WORD_de  -  - QwertyTeste "2 Anos aos fins de "
17:31:02.456 "" KEY_DOWN_S AUTO_KEY  -  - QwertyTeste "2 Anos aos fins de "
17:31:02.456 "s" CHAR_s CHAR  -  - QwertyTeste "2 Anos aos fins de "
17:31:02.487 "" KEY_DOWN_E AUTO_KEY  -  - QwertyTeste "2 Anos aos fins de s"
17:31:02.487 "e" CHAR_e CHAR  -  - QwertyTeste "2 Anos aos fins de s"
17:31:02.487 "" KEY_DOWN_M AUTO_KEY  -  - QwertyTeste "2 Anos aos fins de se"
17:31:02.487 "m" CHAR_m CHAR  -  - QwertyTeste "2 Anos aos fins de se"
17:31:02.487 "" KEY_DOWN_A AUTO_KEY  -  - QwertyTeste "2 Anos aos fins de sem"
17:31:02.487 "a" CHAR_a CHAR  -  - QwertyTeste "2 Anos aos fins de sem"
17:31:02.487 "" KEY_DOWN_N AUTO_KEY  -  - QwertyTeste "2 Anos aos fins de sema"
17:31:02.503 "n" CHAR_n CHAR  -  - QwertyTeste "2 Anos aos fins de sema"
17:31:02.503 "" KEY_DOWN_A AUTO_KEY  -  - QwertyTeste "2 Anos aos fins de seman"
17:31:02.503 "a" CHAR_a CHAR  -  - QwertyTeste "2 Anos aos fins de seman"
17:31:02.503 "" KEY_DOWN_BARRA_DE_ESPAÇOS AUTO_KEY  -  - QwertyTeste "2 Anos aos fins de semana"
17:31:02.503 " " CHAR_ESPAÇO CHAR  -  - QwertyTeste "2 Anos aos fins de semana"
17:31:02.503 "" NEW_WORD WORD_semana  -  - QwertyTeste "2 Anos aos fins de semana "
17:31:02.503 "" KEY_DOWN_E AUTO_KEY  -  - QwertyTeste "2 Anos aos fins de semana "
17:31:02.534 "e" CHAR_e CHAR  -  - QwertyTeste "2 Anos aos fins de semana "
17:31:02.706 "" KEY_DOWN_BARRA_DE_ESPAÇOS AUTO_KEY  -  - QwertyTeste "2 Anos aos fins de semana e"
17:31:02.706 " " CHAR_ESPAÇO CHAR  -  - QwertyTeste "2 Anos aos fins de semana e"
17:31:02.706 "" NEW_WORD WORD_e  -  - QwertyTeste "2 Anos aos fins de semana e "
17:31:02.706 "" KEY_DOWN_E AUTO_KEY  -  - QwertyTeste "2 Anos aos fins de semana e "
17:31:02.706 "e" CHAR_e CHAR  -  - QwertyTeste "2 Anos aos fins de semana e "
17:31:02.706 "" KEY_DOWN_M AUTO_KEY  -  - QwertyTeste "2 Anos aos fins de semana e e"
17:31:02.706 "m" CHAR_m CHAR  -  - QwertyTeste "2 Anos aos fins de semana e e"
17:31:02.706 "" KEY_DOWN_BARRA_DE_ESPAÇOS AUTO_KEY  -  - QwertyTeste "2 Anos aos fins de semana e em"
17:31:02.706 " " CHAR_ESPAÇO CHAR  -  - QwertyTeste "2 Anos aos fins de semana e em"
17:31:02.706 "" NEW_WORD WORD_em  -  - QwertyTeste "2 Anos aos fins de semana e em "
17:31:02.706 "" KEY_DOWN_E AUTO_KEY  -  - QwertyTeste "2 Anos aos fins de semana e em "
17:31:02.706 "e" CHAR_e CHAR  -  - QwertyTeste "2 Anos aos fins de semana e em "
17:31:02.721 "" KEY_DOWN_X AUTO_KEY  -  - QwertyTeste "2 Anos aos fins de semana e em e"
17:31:02.721 "x" CHAR_x CHAR  -  - QwertyTeste "2 Anos aos fins de semana e em e"
17:31:02.721 "" KEY_DOWN_C AUTO_KEY  -  - QwertyTeste "2 Anos aos fins de semana e em ex"
17:31:02.737 "c" CHAR_c CHAR  -  - QwertyTeste "2 Anos aos fins de semana e em ex"
17:31:02.940 "" KEY_DOWN_L AUTO_KEY  -  - QwertyTeste "2 Anos aos fins de semana e em exc"
17:31:02.940 "l" CHAR_l CHAR  -  - QwertyTeste "2 Anos aos fins de semana e em exc"
17:31:02.940 "" KEY_DOWN_U AUTO_KEY  -  - QwertyTeste "2 Anos aos fins de semana e em excl"
17:31:02.940 "u" CHAR_u CHAR  -  - QwertyTeste "2 Anos aos fins de semana e em excl"
17:31:02.940 "" KEY_DOWN_S AUTO_KEY  -  - QwertyTeste "2 Anos aos fins de semana e em exclu"
17:31:02.940 "s" CHAR_s CHAR  -  - QwertyTeste "2 Anos aos fins de semana e em exclu"
17:31:02.940 "" KEY_DOWN_I AUTO_KEY  -  - QwertyTeste "2 Anos aos fins de semana e em exclus"
17:31:02.940 "i" CHAR_i CHAR  -  - QwertyTeste "2 Anos aos fins de semana e em exclus"
17:31:02.940 "" KEY_DOWN_V AUTO_KEY  -  - QwertyTeste "2 Anos aos fins de semana e em exclusi"
17:31:02.940 "v" CHAR_v CHAR  -  - QwertyTeste "2 Anos aos fins de semana e em exclusi"
17:31:02.940 "" KEY_DOWN_O AUTO_KEY  -  - QwertyTeste "2 Anos aos fins de semana e em exclusiv"
17:31:02.940 "o" CHAR_o CHAR  -  - QwertyTeste "2 Anos aos fins de semana e em exclusiv"
17:31:02.940 "" KEY_DOWN_BARRA_DE_ESPAÇOS AUTO_KEY  -  - QwertyTeste "2 Anos aos fins de semana e em exclusivo"
17:31:02.940 " " CHAR_ESPAÇO CHAR  -  - QwertyTeste "2 Anos aos fins de semana e em exclusivo"
17:31:02.940 "" NEW_WORD WORD_exclusivo  -  - QwertyTeste "2 Anos aos fins de semana e em exclusivo "
17:31:02.940 "" KEY_DOWN_N AUTO_KEY  -  - QwertyTeste "2 Anos aos fins de semana e em exclusivo "
17:31:02.940 "n" CHAR_n CHAR  -  - QwertyTeste "2 Anos aos fins de semana e em exclusivo "
17:31:02.956 "" KEY_DOWN_A AUTO_KEY  -  - QwertyTeste "2 Anos aos fins de semana e em exclusivo n"
17:31:02.956 "a" CHAR_a CHAR  -  - QwertyTeste "2 Anos aos fins de semana e em exclusivo n"
17:31:02.956 "" KEY_DOWN_BARRA_DE_ESPAÇOS AUTO_KEY  -  - QwertyTeste "2 Anos aos fins de semana e em exclusivo na"
17:31:02.956 " " CHAR_ESPAÇO CHAR  -  - QwertyTeste "2 Anos aos fins de semana e em exclusivo na"
17:31:02.956 "" NEW_WORD WORD_na  -  - QwertyTeste "2 Anos aos fins de semana e em exclusivo na "
17:31:02.956 "" KEY_DOWN_E AUTO_KEY  -  - QwertyTeste "2 Anos aos fins de semana e em exclusivo na "
17:31:02.956 "e" CHAR_e CHAR  -  - QwertyTeste "2 Anos aos fins de semana e em exclusivo na "
17:31:02.956 "" KEY_DOWN_S AUTO_KEY  -  - QwertyTeste "2 Anos aos fins de semana e em exclusivo na e"
17:31:02.956 "s" CHAR_s CHAR  -  - QwertyTeste "2 Anos aos fins de semana e em exclusivo na e"
17:31:02.956 "" KEY_DOWN_T AUTO_KEY  -  - QwertyTeste "2 Anos aos fins de semana e em exclusivo na es"
17:31:02.956 "t" CHAR_t CHAR  -  - QwertyTeste "2 Anos aos fins de semana e em exclusivo na es"
17:31:02.956 "" KEY_DOWN_R AUTO_KEY  -  - QwertyTeste "2 Anos aos fins de semana e em exclusivo na est"
17:31:02.956 "r" CHAR_r CHAR  -  - QwertyTeste "2 Anos aos fins de semana e em exclusivo na est"
17:31:02.956 "" KEY_DOWN_A AUTO_KEY  -  - QwertyTeste "2 Anos aos fins de semana e em exclusivo na estr"
17:31:02.956 "a" CHAR_a CHAR  -  - QwertyTeste "2 Anos aos fins de semana e em exclusivo na estr"
17:31:02.956 "" KEY_DOWN_D AUTO_KEY  -  - QwertyTeste "2 Anos aos fins de semana e em exclusivo na estra"
17:31:02.956 "d" CHAR_d CHAR  -  - QwertyTeste "2 Anos aos fins de semana e em exclusivo na estra"
17:31:03.175 "" KEY_DOWN_A AUTO_KEY  -  - QwertyTeste "2 Anos aos fins de semana e em exclusivo na estrad"
17:31:03.175 "a" CHAR_a CHAR  -  - QwertyTeste "2 Anos aos fins de semana e em exclusivo na estrad"
17:31:03.175 "" KEY_DOWN_BARRA_DE_ESPAÇOS AUTO_KEY  -  - QwertyTeste "2 Anos aos fins de semana e em exclusivo na estrada"
17:31:03.175 " " CHAR_ESPAÇO CHAR  -  - QwertyTeste "2 Anos aos fins de semana e em exclusivo na estrada"
17:31:03.175 "" NEW_WORD WORD_estrada  -  - QwertyTeste "2 Anos aos fins de semana e em exclusivo na estrada "
17:31:03.175 "" KEY_DOWN_B AUTO_KEY  -  - QwertyTeste "2 Anos aos fins de semana e em exclusivo na estrada "
17:31:03.175 "b" CHAR_b CHAR  -  - QwertyTeste "2 Anos aos fins de semana e em exclusivo na estrada "
17:31:03.175 "" KEY_DOWN_O AUTO_KEY  -  - QwertyTeste "2 Anos aos fins de semana e em exclusivo na estrada b"
17:31:03.175 "o" CHAR_o CHAR  -  - QwertyTeste "2 Anos aos fins de semana e em exclusivo na estrada b"
17:31:03.175 "" KEY_DOWN_A AUTO_KEY  -  - QwertyTeste "2 Anos aos fins de semana e em exclusivo na estrada bo"
17:31:03.175 "a" CHAR_a CHAR  -  - QwertyTeste "2 Anos aos fins de semana e em exclusivo na estrada bo"
17:31:03.175 "" KEY_DOWN_V AUTO_KEY  -  - QwertyTeste "2 Anos aos fins de semana e em exclusivo na estrada boa"
17:31:03.175 "v" CHAR_v CHAR  -  - QwertyTeste "2 Anos aos fins de semana e em exclusivo na estrada boa"
17:31:03.175 "" KEY_DOWN_I AUTO_KEY  -  - QwertyTeste "2 Anos aos fins de semana e em exclusivo na estrada boav"
17:31:03.175 "i" CHAR_i CHAR  -  - QwertyTeste "2 Anos aos fins de semana e em exclusivo na estrada boav"
17:31:03.190 "" KEY_DOWN_S AUTO_KEY  -  - QwertyTeste "2 Anos aos fins de semana e em exclusivo na estrada boavi"
17:31:03.190 "s" CHAR_s CHAR  -  - QwertyTeste "2 Anos aos fins de semana e em exclusivo na estrada boavi"
17:31:03.190 "" KEY_DOWN_T AUTO_KEY  -  - QwertyTeste "2 Anos aos fins de semana e em exclusivo na estrada boavis"
17:31:03.206 "t" CHAR_t CHAR  -  - QwertyTeste "2 Anos aos fins de semana e em exclusivo na estrada boavis"
17:31:03.206 "" KEY_DOWN_A AUTO_KEY  -  - QwertyTeste "2 Anos aos fins de semana e em exclusivo na estrada boavist"
17:31:03.206 "a" CHAR_a CHAR  -  - QwertyTeste "2 Anos aos fins de semana e em exclusivo na estrada boavist"
17:31:03.206 "" KEY_DOWN_BARRA_DE_ESPAÇOS AUTO_KEY  -  - QwertyTeste "2 Anos aos fins de semana e em exclusivo na estrada boavista"
17:31:03.206 " " CHAR_ESPAÇO CHAR  -  - QwertyTeste "2 Anos aos fins de semana e em exclusivo na estrada boavista"
17:31:03.206 "" NEW_WORD WORD_boavista  -  - QwertyTeste "2 Anos aos fins de semana e em exclusivo na estrada boavista "
17:31:03.206 "" KEY_DOWN_P AUTO_KEY  -  - QwertyTeste "2 Anos aos fins de semana e em exclusivo na estrada boavista "
17:31:03.206 "p" CHAR_p CHAR  -  - QwertyTeste "2 Anos aos fins de semana e em exclusivo na estrada boavista "
17:31:03.206 "" KEY_DOWN_E AUTO_KEY  -  - QwertyTeste "2 Anos aos fins de semana e em exclusivo na estrada boavista p"
17:31:03.206 "e" CHAR_e CHAR  -  - QwertyTeste "2 Anos aos fins de semana e em exclusivo na estrada boavista p"
17:31:03.206 "" KEY_DOWN_N AUTO_KEY  -  - QwertyTeste "2 Anos aos fins de semana e em exclusivo na estrada boavista pe"
17:31:03.206 "n" CHAR_n CHAR  -  - QwertyTeste "2 Anos aos fins de semana e em exclusivo na estrada boavista pe"
17:31:03.409 "" KEY_DOWN_E AUTO_KEY  -  - QwertyTeste "2 Anos aos fins de semana e em exclusivo na estrada boavista pen"
17:31:03.425 "e" CHAR_e CHAR  -  - QwertyTeste "2 Anos aos fins de semana e em exclusivo na estrada boavista pen"
17:31:03.425 "" KEY_DOWN_D AUTO_KEY  -  - QwertyTeste "2 Anos aos fins de semana e em exclusivo na estrada boavista pene"
17:31:03.425 "d" CHAR_d CHAR  -  - QwertyTeste "2 Anos aos fins de semana e em exclusivo na estrada boavista pene"
17:31:03.425 "" KEY_DOWN_O AUTO_KEY  -  - QwertyTeste "2 Anos aos fins de semana e em exclusivo na estrada boavista pened"
17:31:03.425 "o" CHAR_o CHAR  -  - QwertyTeste "2 Anos aos fins de semana e em exclusivo na estrada boavista pened"
17:31:03.425 "" KEY_DOWN_BARRA_DE_ESPAÇOS AUTO_KEY  -  - QwertyTeste "2 Anos aos fins de semana e em exclusivo na estrada boavista penedo"
17:31:03.425 " " CHAR_ESPAÇO CHAR  -  - QwertyTeste "2 Anos aos fins de semana e em exclusivo na estrada boavista penedo"
17:31:03.425 "" NEW_WORD WORD_penedo  -  - QwertyTeste "2 Anos aos fins de semana e em exclusivo na estrada boavista penedo "
17:31:03.425 "" KEY_DOWN_G AUTO_KEY  -  - QwertyTeste "2 Anos aos fins de semana e em exclusivo na estrada boavista penedo "
17:31:03.425 "g" CHAR_g CHAR  -  - QwertyTeste "2 Anos aos fins de semana e em exclusivo na estrada boavista penedo "
17:31:03.425 "" KEY_DOWN_O AUTO_KEY  -  - QwertyTeste "2 Anos aos fins de semana e em exclusivo na estrada boavista penedo g"
17:31:03.425 "o" CHAR_o CHAR  -  - QwertyTeste "2 Anos aos fins de semana e em exclusivo na estrada boavista penedo g"
17:31:03.425 "" KEY_DOWN_R AUTO_KEY  -  - QwertyTeste "2 Anos aos fins de semana e em exclusivo na estrada boavista penedo go"
17:31:03.440 "r" CHAR_r CHAR  -  - QwertyTeste "2 Anos aos fins de semana e em exclusivo na estrada boavista penedo go"
17:31:03.440 "" KEY_DOWN_D AUTO_KEY  -  - QwertyTeste "2 Anos aos fins de semana e em exclusivo na estrada boavista penedo gor"
17:31:03.440 "d" CHAR_d CHAR  -  - QwertyTeste "2 Anos aos fins de semana e em exclusivo na estrada boavista penedo gor"
17:31:03.440 "" KEY_DOWN_O AUTO_KEY  -  - QwertyTeste "2 Anos aos fins de semana e em exclusivo na estrada boavista penedo gord"
17:31:03.440 "o" CHAR_o CHAR  -  - QwertyTeste "2 Anos aos fins de semana e em exclusivo na estrada boavista penedo gord"
17:31:03.440 "" KEY_DOWN_. AUTO_KEY  -  - QwertyTeste "2 Anos aos fins de semana e em exclusivo na estrada boavista penedo gordo"
17:31:03.440 "." CHAR_. CHAR  -  - QwertyTeste "2 Anos aos fins de semana e em exclusivo na estrada boavista penedo gordo"
17:31:03.440 "" NEW_WORD WORD_gordo  -  - QwertyTeste "2 Anos aos fins de semana e em exclusivo na estrada boavista penedo gordo."
17:31:03.440 "" NEW_SENTENCE SENTENCE_2_Anos_aos_fins_de_semana_e_em_exclusivo_na_estrada_boavista_penedo_gordo.  -  - QwertyTeste "2 Anos aos fins de semana e em exclusivo na estrada boavista penedo gordo."
17:31:03.440 "" KEY_DOWN_BARRA_DE_ESPAÇOS AUTO_KEY  -  - QwertyTeste "2 Anos aos fins de semana e em exclusivo na estrada boavista penedo gordo."
17:31:03.440 " " CHAR_ESPAÇO CHAR  -  - QwertyTeste "2 Anos aos fins de semana e em exclusivo na estrada boavista penedo gordo."
$$$ End Body


Tempo_Total_Escrita 152
Tempo_Efectivo_Escrita 143
Numero_Teclas_Pressionadas 0
Numero_Teclas_Sistema 394
Numero_Total_Teclas 394
Numero_Teclas_Ecra_Pressionadas 63
Numero_Activacoes_Manipulos 0
Numero_Teclas_Texto_Teclado_Qwerty 387
Teclas_Poupadas_Comparacao_Escrita_Teclado_Qwerty 100.000000
Teclas_Ecra_Poupadas_Comparacao_Escrita_Teclado_Qwerty 83.720930
Activacoes_Manipulo_Poupadas_Comparacao_Escrita_Teclado_Qwerty 100.000000
Numero_Caracteres_Escritos 367
Numero_Palavras_Escritas 68
Numero_Frases_Escritas 6
Numero_Caracteres_Finais 367
Numero_Palavras_Finais 69
Numero_Frases_Finais 6
Numero_Cliques 66
Numero_Simbolos_Simples_Seleccionados 27
Numero_Simbolos_Compostos_Seleccionados 0
Numero_Simbolos_Simples_Escritos 0
Numero_Simbolos_Compostos_Escritos 0
Numero_Simbolos_Finais 0
Numero_Alteracoes_Teclado_Ecran_Atraves_Menu 0
Numero_Alteracoes_Teclado_Ecran_Atraves_Teclado_Ecran 0
Numero_Envios_Comunicacao_Cooperativa 0
Numero_Sugestoes_Palavras 0
Numero_Sugestoes_Frases 0
Numero_Sugestoes_Simbolos_Simples 0
Numero_Sugestoes_Simbolos_Multiplos 0
Numero_Abreviaturas_Expandidas 0
Numero_Predicoes 28
Numero_Palavras_Completadas 0
Posicao_Media_Palavras_Lista -
Numero_Medio_Caracteres_Completar_Palavras -
Numero_Palavras_Completadas_A_Partir_Simbolos_Simples 0
Posicao_Media_Simbolos_Simples_Com_Palavra_Lista -
Numero_Medio_Caracteres_Completar_Palavras_A_Partir_Simbolos_Simples -
Numero_Palavras_Completadas_A_Partir_Simbolos_Compostos 0
Posicao_Media_Simbolos_Compostos_Com_Palavra_Lista -
Numero_Medio_Caracteres_Completar_Palavras_A_Partir_Simbolos_Compostos -
Numero_Sequencias_Palavras_Completadas 0
Posicao_Media_Sequencias_Palavras_Lista -
Numero_Medio_Caracteres_Completar_Sequencia_Palavras -
Numero_Sequencias_Palavras_Completadas_A_Partir_Simbolos_Simples 0
Posicao_Media_Simbolos_Simples_Com_Sequencia_Palavras_Lista -
Numero_Medio_Caracteres_Completar_Sequencia_Palavras_A_Partir_Simbolos_Simples -
Numero_Sequencias_Palavras_Completadas_A_Partir_Simbolos_Compostos 0
Posicao_Media_Simbolos_Compostos_Com_Sequencia_Palavra_Lista -
Numero_Medio_Caracteres_Completar_Sequencia_Palavras_A_Partir_Simbolos_Compostos -
Numero_Frases_Completadas 6
Posicao_Media_Frases_Lista 0.333333
Numero_Medio_Caracteres_Completar_Frases 6.166667
Numero_Frases_Completadas_A_Partir_Simbolos_Simples 0
Posicao_Media_Simbolos_Simples_Com_Frase_Lista -
Numero_Medio_Caracteres_Completar_Frases_A_Partir_Simbolos_Simples -
Numero_Frases_Completadas_A_Partir_Simbolos_Compostos 0
Posicao_Media_Simbolos_Compostos_Com_Frase_Lista -
Numero_Medio_Caracteres_Completar_Frases_A_Partir_Simbolos_Compostos -
Numero_Simbolos_Simples_Preditos_Seleccionados 0
Posicao_Media_Simbolos_Simples_Lista -
Numero_Simbolos_Compostos_Preditos_Seleccionados 0
Posicao_Media_Simbolos_Compostos_Lista -
Numero_Caracteres_Simbolos_Apagados 0
Palavras_Sintetizadas 0
Frases_Sintetizadas 0
Simbolos_Sintetizados 0
Total_Palavras_Sintetizadas 0
Linha_Texto_Final A minha mãe pode ir uma ou 2 vezes acompanhar. 
Transferências de pc para pc. 
O Júlio é que pede. 
A minha mãe também não se encontra com saúde física e psicológica para tratar de mim como tem tratado até hoje. 
Eu ganhei a primeira bicicleta a meias com o meu irmão que depressa aprendeu. 
2 Anos aos fins de semana e em exclusivo na estrada boavista penedo gordo. 
