TIME Time when the event occurred
OUTPUT Text output caused by the event
EVENT The event
TYPE Type of the element or operation connected to the event
ELEMENT Screen element where the event occurred
CENTER Screen coordinates of the element center where the event occurred
PAGE Communication board where the event occurred
CONTEXT Message content before de event
$$$ End Header


14:54:06.890 "" SYSTEM_INFO START_LOGGING - - - "-"
14:54:09.718 "" WORD_PROCESSOR_CHANGE INTERNAL_WORD_PROCESSOR  -  - QwertyTeste ""
14:54:23.296 "" LEFT_MOUSE_DOWN_KEY TEXT_KEY_SELECTION_CapsLock 8.0.1 101.687 QwertyTeste ""
14:54:23.296 "" KEY_DOWN_CAPSLOCK AUTO_KEY  -  - QwertyTeste ""
14:54:24.406 "" LEFT_MOUSE_DOWN_KEY TEXT_KEY_SELECTION_n 7.0.7 622.640 QwertyTeste ""
14:54:24.406 "" KEY_DOWN_N AUTO_KEY  -  - QwertyTeste ""
14:54:24.406 "N" CHAR_N CHAR  -  - QwertyTeste ""
14:54:25.328 "" LEFT_MOUSE_DOWN_KEY TEXT_KEY_SELECTION_CapsLock 8.0.1 101.687 QwertyTeste "N"
14:54:25.328 "" KEY_DOWN_CAPSLOCK AUTO_KEY  -  - QwertyTeste "N"
14:54:26.250 "" LEFT_MOUSE_DOWN_KEY TEXT_KEY_SELECTION_o 5.0.10 859.546 QwertyTeste "N"
14:54:26.250 "" KEY_DOWN_O AUTO_KEY  -  - QwertyTeste "N"
14:54:26.250 "o" CHAR_o CHAR  -  - QwertyTeste "N"
14:54:28.109 "" LEFT_MOUSE_DOWN_KEY TEXT_KEY_SELECTION_Space 4.0.1 111.499 QwertyTeste "No"
14:54:28.265 "" KEY_DOWN_BARRA_DE_ESPAÇOS AUTO_KEY  -  - QwertyTeste "No"
14:54:28.265 " " CHAR_ESPAÇO CHAR  -  - QwertyTeste "No"
14:54:28.265 "" NEW_WORD WORD_No  -  - QwertyTeste "No "
14:54:30.531 "" LEFT_MOUSE_DOWN_KEY TEXT_KEY_SELECTION_o 5.0.10 859.546 QwertyTeste "No "
14:54:30.531 "" KEY_DOWN_O AUTO_KEY  -  - QwertyTeste "No "
14:54:30.531 "o" CHAR_o CHAR  -  - QwertyTeste "No "
14:54:31.328 "" LEFT_MOUSE_DOWN_KEY TEXT_KEY_SELECTION_s 6.0.3 286.593 QwertyTeste "No o"
14:54:31.437 "" KEY_DOWN_S AUTO_KEY  -  - QwertyTeste "No o"
14:54:31.437 "s" CHAR_s CHAR  -  - QwertyTeste "No o"
14:54:31.500 "" LEFT_MOUSE_DOWN_KEY TEXT_KEY_SELECTION_s 6.0.3 286.593 QwertyTeste "No os"
14:54:31.671 "" KEY_DOWN_S AUTO_KEY  -  - QwertyTeste "No os"
14:54:31.671 "s" CHAR_s CHAR  -  - QwertyTeste "No os"
14:54:32.640 "" LEFT_MOUSE_DOWN_KEY TEXT_KEY_SELECTION_o 5.0.10 859.546 QwertyTeste "No oss"
14:54:32.812 "" KEY_DOWN_O AUTO_KEY  -  - QwertyTeste "No oss"
14:54:32.812 "o" CHAR_o CHAR  -  - QwertyTeste "No oss"
14:54:34.375 "" LEFT_MOUSE_DOWN_KEY TEXT_KEY_SELECTION_. 7.0.10 867.640 QwertyTeste "No osso"
14:54:34.375 "" KEY_DOWN_. AUTO_KEY  -  - QwertyTeste "No osso"
14:54:34.375 "." CHAR_. CHAR  -  - QwertyTeste "No osso"
14:54:34.375 "" NEW_WORD WORD_osso  -  - QwertyTeste "No osso."
14:54:34.375 "" NEW_SENTENCE SENTENCE_No_osso.  -  - QwertyTeste "No osso."
14:54:35.343 "" LEFT_MOUSE_DOWN_KEY TEXT_KEY_SELECTION_Space 4.0.1 111.499 QwertyTeste "No osso."
14:54:35.343 "" KEY_DOWN_BARRA_DE_ESPAÇOS AUTO_KEY  -  - QwertyTeste "No osso."
14:54:35.343 " " CHAR_ESPAÇO CHAR  -  - QwertyTeste "No osso."
14:54:36.593 "" LEFT_MOUSE_DOWN_KEY TEXT_KEY_SELECTION_CapsLock 8.0.1 101.687 QwertyTeste ""
14:54:36.593 "" KEY_DOWN_CAPSLOCK AUTO_KEY  -  - QwertyTeste ""
14:54:42.625 "" LEFT_MOUSE_DOWN_KEY TEXT_KEY_SELECTION_h 6.0.7 614.593 QwertyTeste ""
14:54:42.734 "" KEY_DOWN_H AUTO_KEY  -  - QwertyTeste ""
14:54:42.734 "H" CHAR_H CHAR  -  - QwertyTeste ""
14:54:47.593 "" LEFT_MOUSE_DOWN_KEY TEXT_KEY_SELECTION_o 5.0.10 859.546 QwertyTeste "H"
14:54:47.640 "" KEY_DOWN_O AUTO_KEY  -  - QwertyTeste "H"
14:54:47.640 "O" CHAR_O CHAR  -  - QwertyTeste "H"
14:54:48.375 "" LEFT_MOUSE_DOWN_KEY TEXT_KEY_SELECTION_j 6.0.8 696.593 QwertyTeste "HO"
14:54:48.375 "" KEY_DOWN_J AUTO_KEY  -  - QwertyTeste "HO"
14:54:48.375 "J" CHAR_J CHAR  -  - QwertyTeste "HO"
14:54:49.125 "" LEFT_MOUSE_DOWN_KEY TEXT_KEY_SELECTION_e 5.0.4 372.546 QwertyTeste "HOJ"
14:54:49.468 "" KEY_DOWN_E AUTO_KEY  -  - QwertyTeste "HOJ"
14:54:49.468 "E" CHAR_E CHAR  -  - QwertyTeste "HOJ"
14:54:51.359 "" LEFT_MOUSE_DOWN_KEY TEXT_KEY_SELECTION_BkSp 6.0.1 111.593 QwertyTeste "HOJE"
14:54:51.484 "" KEY_DOWN_BACKSPACE AUTO_KEY  -  - QwertyTeste "HOJE"
14:54:51.500 "\b" CHAR_RETROCESSO CHAR  -  - QwertyTeste "HOJE"
14:54:51.515 "" LEFT_MOUSE_DOWN_KEY TEXT_KEY_SELECTION_BkSp 6.0.1 111.593 QwertyTeste "HOJ"
14:54:51.515 "" KEY_DOWN_BACKSPACE AUTO_KEY  -  - QwertyTeste "HOJ"
14:54:51.515 "\b" CHAR_RETROCESSO CHAR  -  - QwertyTeste "HOJ"
14:54:51.921 "" LEFT_MOUSE_DOWN_KEY TEXT_KEY_SELECTION_BkSp 6.0.1 111.593 QwertyTeste "HO"
14:54:51.937 "" KEY_DOWN_BACKSPACE AUTO_KEY  -  - QwertyTeste "HO"
14:54:51.937 "\b" CHAR_RETROCESSO CHAR  -  - QwertyTeste "HO"
14:54:52.593 "" LEFT_MOUSE_DOWN_KEY TEXT_KEY_SELECTION_CapsLock 8.0.1 101.687 QwertyTeste "H"
14:54:52.593 "" KEY_DOWN_CAPSLOCK AUTO_KEY  -  - QwertyTeste "H"
14:54:53.859 "" LEFT_MOUSE_DOWN_KEY TEXT_KEY_SELECTION_o 5.0.10 859.546 QwertyTeste "H"
14:54:53.968 "" KEY_DOWN_O AUTO_KEY  -  - QwertyTeste "H"
14:54:53.968 "o" CHAR_o CHAR  -  - QwertyTeste "H"
14:54:54.656 "" LEFT_MOUSE_DOWN_KEY TEXT_KEY_SELECTION_j 6.0.8 696.593 QwertyTeste "Ho"
14:54:54.656 "" KEY_DOWN_J AUTO_KEY  -  - QwertyTeste "Ho"
14:54:54.656 "j" CHAR_j CHAR  -  - QwertyTeste "Ho"
14:54:55.546 "" LEFT_MOUSE_DOWN_KEY TEXT_KEY_SELECTION_e 5.0.4 372.546 QwertyTeste "Hoj"
14:54:55.750 "" KEY_DOWN_E AUTO_KEY  -  - QwertyTeste "Hoj"
14:54:55.750 "e" CHAR_e CHAR  -  - QwertyTeste "Hoj"
14:54:59.593 "" LEFT_MOUSE_DOWN_KEY TEXT_KEY_SELECTION_Space 4.0.1 111.499 QwertyTeste "Hoje"
14:54:59.593 "" KEY_DOWN_BARRA_DE_ESPAÇOS AUTO_KEY  -  - QwertyTeste "Hoje"
14:54:59.593 " " CHAR_ESPAÇO CHAR  -  - QwertyTeste "Hoje"
14:54:59.593 "" NEW_WORD WORD_Hoje  -  - QwertyTeste "Hoje "
14:55:00.781 "" LEFT_MOUSE_DOWN_KEY TEXT_KEY_SELECTION_o 5.0.10 859.546 QwertyTeste "Hoje "
14:55:00.953 "" KEY_DOWN_O AUTO_KEY  -  - QwertyTeste "Hoje "
14:55:00.953 "o" CHAR_o CHAR  -  - QwertyTeste "Hoje "
14:55:02.312 "" LEFT_MOUSE_DOWN_KEY TEXT_KEY_SELECTION_u 5.0.8 700.546 QwertyTeste "Hoje o"
14:55:02.312 "" KEY_DOWN_U AUTO_KEY  -  - QwertyTeste "Hoje o"
14:55:02.312 "u" CHAR_u CHAR  -  - QwertyTeste "Hoje o"
14:55:03.593 "" LEFT_MOUSE_DOWN_KEY TEXT_KEY_SELECTION_Space 4.0.1 111.499 QwertyTeste "Hoje ou"
14:55:03.703 "" KEY_DOWN_BARRA_DE_ESPAÇOS AUTO_KEY  -  - QwertyTeste "Hoje ou"
14:55:03.703 " " CHAR_ESPAÇO CHAR  -  - QwertyTeste "Hoje ou"
14:55:03.703 "" NEW_WORD WORD_ou  -  - QwertyTeste "Hoje ou "
14:55:04.625 "" LEFT_MOUSE_DOWN_KEY TEXT_KEY_SELECTION_a 6.0.2 204.593 QwertyTeste "Hoje ou "
14:55:04.625 "" KEY_DOWN_A AUTO_KEY  -  - QwertyTeste "Hoje ou "
14:55:04.625 "a" CHAR_a CHAR  -  - QwertyTeste "Hoje ou "
14:55:05.953 "" LEFT_MOUSE_DOWN_KEY TEXT_KEY_SELECTION_m 7.0.8 708.640 QwertyTeste "Hoje ou a"
14:55:05.953 "" KEY_DOWN_M AUTO_KEY  -  - QwertyTeste "Hoje ou a"
14:55:05.953 "m" CHAR_m CHAR  -  - QwertyTeste "Hoje ou a"
14:55:06.625 "" LEFT_MOUSE_DOWN_KEY TEXT_KEY_SELECTION_a 6.0.2 204.593 QwertyTeste "Hoje ou am"
14:55:06.625 "" KEY_DOWN_A AUTO_KEY  -  - QwertyTeste "Hoje ou am"
14:55:06.625 "a" CHAR_a CHAR  -  - QwertyTeste "Hoje ou am"
14:55:07.546 "" LEFT_MOUSE_DOWN_KEY TEXT_KEY_SELECTION_n 7.0.7 622.640 QwertyTeste "Hoje ou ama"
14:55:07.546 "" KEY_DOWN_N AUTO_KEY  -  - QwertyTeste "Hoje ou ama"
14:55:07.546 "n" CHAR_n CHAR  -  - QwertyTeste "Hoje ou ama"
14:55:08.125 "" LEFT_MOUSE_DOWN_KEY TEXT_KEY_SELECTION_h 6.0.7 614.593 QwertyTeste "Hoje ou aman"
14:55:08.437 "" KEY_DOWN_H AUTO_KEY  -  - QwertyTeste "Hoje ou aman"
14:55:08.437 "h" CHAR_h CHAR  -  - QwertyTeste "Hoje ou aman"
14:55:11.609 "" LEFT_MOUSE_DOWN_KEY TEXT_KEY_SELECTION_~ 8.0.9 557.687 QwertyTeste "Hoje ou amanh"
14:55:11.609 "" KEY_DOWN_TIL AUTO_KEY  -  - QwertyTeste "Hoje ou amanh"
14:55:12.906 "" LEFT_MOUSE_DOWN_KEY TEXT_KEY_SELECTION_a 6.0.2 204.593 QwertyTeste "Hoje ou amanh"
14:55:12.906 "" KEY_DOWN_A AUTO_KEY  -  - QwertyTeste "Hoje ou amanh"
14:55:12.906 "ã" CHAR_ã CHAR  -  - QwertyTeste "Hoje ou amanh"
14:55:15.843 "" LEFT_MOUSE_DOWN_KEY TEXT_KEY_SELECTION_. 7.0.10 867.640 QwertyTeste "Hoje ou amanhã"
14:55:15.843 "" KEY_DOWN_. AUTO_KEY  -  - QwertyTeste "Hoje ou amanhã"
14:55:15.843 "." CHAR_. CHAR  -  - QwertyTeste "Hoje ou amanhã"
14:55:15.843 "" NEW_WORD WORD_amanhã  -  - QwertyTeste "Hoje ou amanhã."
14:55:15.843 "" NEW_SENTENCE SENTENCE_Hoje_ou_amanhã.  -  - QwertyTeste "Hoje ou amanhã."
14:55:16.984 "" LEFT_MOUSE_DOWN_KEY TEXT_KEY_SELECTION_Space 4.0.1 111.499 QwertyTeste "Hoje ou amanhã."
14:55:16.984 "" KEY_DOWN_BARRA_DE_ESPAÇOS AUTO_KEY  -  - QwertyTeste "Hoje ou amanhã."
14:55:16.984 " " CHAR_ESPAÇO CHAR  -  - QwertyTeste "Hoje ou amanhã."
14:55:18.578 "" LEFT_MOUSE_DOWN_KEY TEXT_KEY_SELECTION_CapsLock 8.0.1 101.687 QwertyTeste ""
14:55:18.578 "" KEY_DOWN_CAPSLOCK AUTO_KEY  -  - QwertyTeste ""
14:55:19.703 "" LEFT_MOUSE_DOWN_KEY TEXT_KEY_SELECTION_o 5.0.10 859.546 QwertyTeste ""
14:55:19.703 "" KEY_DOWN_O AUTO_KEY  -  - QwertyTeste ""
14:55:19.703 "O" CHAR_O CHAR  -  - QwertyTeste ""
14:55:20.781 "" LEFT_MOUSE_DOWN_KEY TEXT_KEY_SELECTION_CapsLock 8.0.1 101.687 QwertyTeste "O"
14:55:20.781 "" KEY_DOWN_CAPSLOCK AUTO_KEY  -  - QwertyTeste "O"
14:55:23.625 "" LEFT_MOUSE_DOWN_KEY TEXT_KEY_SELECTION_Space 4.0.1 111.499 QwertyTeste "O"
14:55:23.875 "" KEY_DOWN_BARRA_DE_ESPAÇOS AUTO_KEY  -  - QwertyTeste "O"
14:55:23.875 " " CHAR_ESPAÇO CHAR  -  - QwertyTeste "O"
14:55:23.875 "" NEW_WORD WORD_O  -  - QwertyTeste "O "
14:55:24.796 "" LEFT_MOUSE_DOWN_KEY TEXT_KEY_SELECTION_m 7.0.8 708.640 QwertyTeste "O "
14:55:24.890 "" KEY_DOWN_M AUTO_KEY  -  - QwertyTeste "O "
14:55:24.890 "m" CHAR_m CHAR  -  - QwertyTeste "O "
14:55:25.390 "" LEFT_MOUSE_DOWN_KEY TEXT_KEY_SELECTION_e 5.0.4 372.546 QwertyTeste "O m"
14:55:25.390 "" KEY_DOWN_E AUTO_KEY  -  - QwertyTeste "O m"
14:55:25.390 "e" CHAR_e CHAR  -  - QwertyTeste "O m"
14:55:26.156 "" LEFT_MOUSE_DOWN_KEY TEXT_KEY_SELECTION_u 5.0.8 700.546 QwertyTeste "O me"
14:55:26.265 "" KEY_DOWN_U AUTO_KEY  -  - QwertyTeste "O me"
14:55:26.265 "u" CHAR_u CHAR  -  - QwertyTeste "O me"
14:55:27.609 "" LEFT_MOUSE_DOWN_KEY TEXT_KEY_SELECTION_Space 4.0.1 111.499 QwertyTeste "O meu"
14:55:27.609 "" KEY_DOWN_BARRA_DE_ESPAÇOS AUTO_KEY  -  - QwertyTeste "O meu"
14:55:27.609 " " CHAR_ESPAÇO CHAR  -  - QwertyTeste "O meu"
14:55:27.609 "" NEW_WORD WORD_meu  -  - QwertyTeste "O meu "
14:55:28.515 "" LEFT_MOUSE_DOWN_KEY TEXT_KEY_SELECTION_i 5.0.9 780.546 QwertyTeste "O meu "
14:55:28.531 "" KEY_DOWN_I AUTO_KEY  -  - QwertyTeste "O meu "
14:55:28.531 "i" CHAR_i CHAR  -  - QwertyTeste "O meu "
14:55:29.562 "" LEFT_MOUSE_DOWN_KEY TEXT_KEY_SELECTION_r 5.0.5 454.546 QwertyTeste "O meu i"
14:55:29.671 "" KEY_DOWN_R AUTO_KEY  -  - QwertyTeste "O meu i"
14:55:29.671 "r" CHAR_r CHAR  -  - QwertyTeste "O meu i"
14:55:30.562 "" LEFT_MOUSE_DOWN_KEY TEXT_KEY_SELECTION_m 7.0.8 708.640 QwertyTeste "O meu ir"
14:55:30.562 "" KEY_DOWN_M AUTO_KEY  -  - QwertyTeste "O meu ir"
14:55:30.562 "m" CHAR_m CHAR  -  - QwertyTeste "O meu ir"
14:55:32.890 "" LEFT_MOUSE_DOWN_KEY TEXT_KEY_SELECTION_~ 8.0.9 557.687 QwertyTeste "O meu irm"
14:55:32.890 "" KEY_DOWN_TIL AUTO_KEY  -  - QwertyTeste "O meu irm"
14:55:34.078 "" LEFT_MOUSE_DOWN_KEY TEXT_KEY_SELECTION_a 6.0.2 204.593 QwertyTeste "O meu irm"
14:55:34.140 "" KEY_DOWN_A AUTO_KEY  -  - QwertyTeste "O meu irm"
14:55:34.140 "ã" CHAR_ã CHAR  -  - QwertyTeste "O meu irm"
14:55:34.890 "" LEFT_MOUSE_DOWN_KEY TEXT_KEY_SELECTION_o 5.0.10 859.546 QwertyTeste "O meu irmã"
14:55:35.062 "" KEY_DOWN_O AUTO_KEY  -  - QwertyTeste "O meu irmã"
14:55:35.062 "o" CHAR_o CHAR  -  - QwertyTeste "O meu irmã"
14:55:35.906 "" LEFT_MOUSE_DOWN_KEY TEXT_KEY_SELECTION_Space 4.0.1 111.499 QwertyTeste "O meu irmão"
14:55:35.984 "" KEY_DOWN_BARRA_DE_ESPAÇOS AUTO_KEY  -  - QwertyTeste "O meu irmão"
14:55:35.984 " " CHAR_ESPAÇO CHAR  -  - QwertyTeste "O meu irmão"
14:55:35.984 "" NEW_WORD WORD_irmão  -  - QwertyTeste "O meu irmão "
14:55:39.953 "" LEFT_MOUSE_DOWN_KEY TEXT_KEY_SELECTION_´ 8.0.6 404.687 QwertyTeste "O meu irmão "
14:55:39.953 "" KEY_DOWN_AGUDO AUTO_KEY  -  - QwertyTeste "O meu irmão "
14:55:40.687 "" LEFT_MOUSE_DOWN_KEY TEXT_KEY_SELECTION_e 5.0.4 372.546 QwertyTeste "O meu irmão "
14:55:40.859 "" KEY_DOWN_E AUTO_KEY  -  - QwertyTeste "O meu irmão "
14:55:40.859 "é" CHAR_é CHAR  -  - QwertyTeste "O meu irmão "
14:55:42.812 "" LEFT_MOUSE_DOWN_KEY TEXT_KEY_SELECTION_Space 4.0.1 111.499 QwertyTeste "O meu irmão é"
14:55:42.875 "" KEY_DOWN_BARRA_DE_ESPAÇOS AUTO_KEY  -  - QwertyTeste "O meu irmão é"
14:55:42.875 " " CHAR_ESPAÇO CHAR  -  - QwertyTeste "O meu irmão é"
14:55:42.875 "" NEW_WORD WORD_é  -  - QwertyTeste "O meu irmão é "
14:55:44.234 "" LEFT_MOUSE_DOWN_KEY TEXT_KEY_SELECTION_u 5.0.8 700.546 QwertyTeste "O meu irmão é "
14:55:44.250 "" KEY_DOWN_U AUTO_KEY  -  - QwertyTeste "O meu irmão é "
14:55:44.250 "u" CHAR_u CHAR  -  - QwertyTeste "O meu irmão é "
14:55:45.031 "" LEFT_MOUSE_DOWN_KEY TEXT_KEY_SELECTION_m 7.0.8 708.640 QwertyTeste "O meu irmão é u"
14:55:45.156 "" KEY_DOWN_M AUTO_KEY  -  - QwertyTeste "O meu irmão é u"
14:55:45.156 "m" CHAR_m CHAR  -  - QwertyTeste "O meu irmão é u"
14:55:46.500 "" LEFT_MOUSE_DOWN_KEY TEXT_KEY_SELECTION_Space 4.0.1 111.499 QwertyTeste "O meu irmão é um"
14:55:46.515 "" KEY_DOWN_BARRA_DE_ESPAÇOS AUTO_KEY  -  - QwertyTeste "O meu irmão é um"
14:55:46.515 " " CHAR_ESPAÇO CHAR  -  - QwertyTeste "O meu irmão é um"
14:55:46.515 "" NEW_WORD WORD_um  -  - QwertyTeste "O meu irmão é um "
14:55:50.078 "" LEFT_MOUSE_DOWN_KEY TEXT_KEY_SELECTION_a 6.0.2 204.593 QwertyTeste "O meu irmão é um "
14:55:50.093 "" KEY_DOWN_A AUTO_KEY  -  - QwertyTeste "O meu irmão é um "
14:55:50.093 "a" CHAR_a CHAR  -  - QwertyTeste "O meu irmão é um "
14:55:51.453 "" LEFT_MOUSE_DOWN_KEY TEXT_KEY_SELECTION_n 7.0.7 622.640 QwertyTeste "O meu irmão é um a"
14:55:51.453 "" KEY_DOWN_N AUTO_KEY  -  - QwertyTeste "O meu irmão é um a"
14:55:51.468 "n" CHAR_n CHAR  -  - QwertyTeste "O meu irmão é um a"
14:55:52.343 "" LEFT_MOUSE_DOWN_KEY TEXT_KEY_SELECTION_o 5.0.10 859.546 QwertyTeste "O meu irmão é um an"
14:55:52.343 "" KEY_DOWN_O AUTO_KEY  -  - QwertyTeste "O meu irmão é um an"
14:55:52.343 "o" CHAR_o CHAR  -  - QwertyTeste "O meu irmão é um an"
14:55:54.218 "" LEFT_MOUSE_DOWN_KEY TEXT_KEY_SELECTION_Space 4.0.1 111.499 QwertyTeste "O meu irmão é um ano"
14:55:54.218 "" KEY_DOWN_BARRA_DE_ESPAÇOS AUTO_KEY  -  - QwertyTeste "O meu irmão é um ano"
14:55:54.218 " " CHAR_ESPAÇO CHAR  -  - QwertyTeste "O meu irmão é um ano"
14:55:54.218 "" NEW_WORD WORD_ano  -  - QwertyTeste "O meu irmão é um ano "
14:55:56.250 "" LEFT_MOUSE_DOWN_KEY TEXT_KEY_SELECTION_m 7.0.8 708.640 QwertyTeste "O meu irmão é um ano "
14:55:56.281 "" KEY_DOWN_M AUTO_KEY  -  - QwertyTeste "O meu irmão é um ano "
14:55:56.281 "m" CHAR_m CHAR  -  - QwertyTeste "O meu irmão é um ano "
14:55:56.984 "" LEFT_MOUSE_DOWN_KEY TEXT_KEY_SELECTION_a 6.0.2 204.593 QwertyTeste "O meu irmão é um ano m"
14:55:56.984 "" KEY_DOWN_A AUTO_KEY  -  - QwertyTeste "O meu irmão é um ano m"
14:55:56.984 "a" CHAR_a CHAR  -  - QwertyTeste "O meu irmão é um ano m"
14:55:57.750 "" LEFT_MOUSE_DOWN_KEY TEXT_KEY_SELECTION_i 5.0.9 780.546 QwertyTeste "O meu irmão é um ano ma"
14:55:57.890 "" KEY_DOWN_I AUTO_KEY  -  - QwertyTeste "O meu irmão é um ano ma"
14:55:57.890 "i" CHAR_i CHAR  -  - QwertyTeste "O meu irmão é um ano ma"
14:55:58.546 "" LEFT_MOUSE_DOWN_KEY TEXT_KEY_SELECTION_s 6.0.3 286.593 QwertyTeste "O meu irmão é um ano mai"
14:55:58.562 "" KEY_DOWN_S AUTO_KEY  -  - QwertyTeste "O meu irmão é um ano mai"
14:55:58.562 "s" CHAR_s CHAR  -  - QwertyTeste "O meu irmão é um ano mai"
14:55:59.703 "" LEFT_MOUSE_DOWN_KEY TEXT_KEY_SELECTION_Space 4.0.1 111.499 QwertyTeste "O meu irmão é um ano mais"
14:55:59.703 "" KEY_DOWN_BARRA_DE_ESPAÇOS AUTO_KEY  -  - QwertyTeste "O meu irmão é um ano mais"
14:55:59.718 " " CHAR_ESPAÇO CHAR  -  - QwertyTeste "O meu irmão é um ano mais"
14:55:59.718 "" NEW_WORD WORD_mais  -  - QwertyTeste "O meu irmão é um ano mais "
14:56:00.406 "" LEFT_MOUSE_DOWN_KEY TEXT_KEY_SELECTION_n 7.0.7 622.640 QwertyTeste "O meu irmão é um ano mais "
14:56:00.406 "" KEY_DOWN_N AUTO_KEY  -  - QwertyTeste "O meu irmão é um ano mais "
14:56:00.406 "n" CHAR_n CHAR  -  - QwertyTeste "O meu irmão é um ano mais "
14:56:01.093 "" LEFT_MOUSE_DOWN_KEY TEXT_KEY_SELECTION_o 5.0.10 859.546 QwertyTeste "O meu irmão é um ano mais n"
14:56:01.093 "" KEY_DOWN_O AUTO_KEY  -  - QwertyTeste "O meu irmão é um ano mais n"
14:56:01.093 "o" CHAR_o CHAR  -  - QwertyTeste "O meu irmão é um ano mais n"
14:56:01.828 "" LEFT_MOUSE_DOWN_KEY TEXT_KEY_SELECTION_v 7.0.5 454.640 QwertyTeste "O meu irmão é um ano mais no"
14:56:02.000 "" KEY_DOWN_V AUTO_KEY  -  - QwertyTeste "O meu irmão é um ano mais no"
14:56:02.000 "v" CHAR_v CHAR  -  - QwertyTeste "O meu irmão é um ano mais no"
14:56:02.687 "" LEFT_MOUSE_DOWN_KEY TEXT_KEY_SELECTION_o 5.0.10 859.546 QwertyTeste "O meu irmão é um ano mais nov"
14:56:02.687 "" KEY_DOWN_O AUTO_KEY  -  - QwertyTeste "O meu irmão é um ano mais nov"
14:56:02.703 "o" CHAR_o CHAR  -  - QwertyTeste "O meu irmão é um ano mais nov"
14:56:04.062 "" LEFT_MOUSE_DOWN_KEY TEXT_KEY_SELECTION_Space 4.0.1 111.499 QwertyTeste "O meu irmão é um ano mais novo"
14:56:04.062 "" KEY_DOWN_BARRA_DE_ESPAÇOS AUTO_KEY  -  - QwertyTeste "O meu irmão é um ano mais novo"
14:56:04.062 " " CHAR_ESPAÇO CHAR  -  - QwertyTeste "O meu irmão é um ano mais novo"
14:56:04.062 "" NEW_WORD WORD_novo  -  - QwertyTeste "O meu irmão é um ano mais novo "
14:56:04.718 "" LEFT_MOUSE_DOWN_KEY TEXT_KEY_SELECTION_q 5.0.2 203.546 QwertyTeste "O meu irmão é um ano mais novo "
14:56:04.718 "" KEY_DOWN_Q AUTO_KEY  -  - QwertyTeste "O meu irmão é um ano mais novo "
14:56:04.718 "q" CHAR_q CHAR  -  - QwertyTeste "O meu irmão é um ano mais novo "
14:56:05.703 "" LEFT_MOUSE_DOWN_KEY TEXT_KEY_SELECTION_u 5.0.8 700.546 QwertyTeste "O meu irmão é um ano mais novo q"
14:56:05.890 "" KEY_DOWN_U AUTO_KEY  -  - QwertyTeste "O meu irmão é um ano mais novo q"
14:56:05.890 "u" CHAR_u CHAR  -  - QwertyTeste "O meu irmão é um ano mais novo q"
14:56:06.562 "" LEFT_MOUSE_DOWN_KEY TEXT_KEY_SELECTION_e 5.0.4 372.546 QwertyTeste "O meu irmão é um ano mais novo qu"
14:56:06.562 "" KEY_DOWN_E AUTO_KEY  -  - QwertyTeste "O meu irmão é um ano mais novo qu"
14:56:06.562 "e" CHAR_e CHAR  -  - QwertyTeste "O meu irmão é um ano mais novo qu"
14:56:07.250 "" LEFT_MOUSE_DOWN_KEY TEXT_KEY_SELECTION_Space 4.0.1 111.499 QwertyTeste "O meu irmão é um ano mais novo que"
14:56:07.250 "" KEY_DOWN_BARRA_DE_ESPAÇOS AUTO_KEY  -  - QwertyTeste "O meu irmão é um ano mais novo que"
14:56:07.250 " " CHAR_ESPAÇO CHAR  -  - QwertyTeste "O meu irmão é um ano mais novo que"
14:56:07.250 "" NEW_WORD WORD_que  -  - QwertyTeste "O meu irmão é um ano mais novo que "
14:56:07.906 "" LEFT_MOUSE_DOWN_KEY TEXT_KEY_SELECTION_e 5.0.4 372.546 QwertyTeste "O meu irmão é um ano mais novo que "
14:56:07.906 "" KEY_DOWN_E AUTO_KEY  -  - QwertyTeste "O meu irmão é um ano mais novo que "
14:56:07.906 "e" CHAR_e CHAR  -  - QwertyTeste "O meu irmão é um ano mais novo que "
14:56:08.609 "" LEFT_MOUSE_DOWN_KEY TEXT_KEY_SELECTION_u 5.0.8 700.546 QwertyTeste "O meu irmão é um ano mais novo que e"
14:56:08.625 "" KEY_DOWN_U AUTO_KEY  -  - QwertyTeste "O meu irmão é um ano mais novo que e"
14:56:08.625 "u" CHAR_u CHAR  -  - QwertyTeste "O meu irmão é um ano mais novo que e"
14:56:10.046 "" LEFT_MOUSE_DOWN_KEY TEXT_KEY_SELECTION_. 7.0.10 867.640 QwertyTeste "O meu irmão é um ano mais novo que eu"
14:56:10.218 "" KEY_DOWN_. AUTO_KEY  -  - QwertyTeste "O meu irmão é um ano mais novo que eu"
14:56:10.218 "." CHAR_. CHAR  -  - QwertyTeste "O meu irmão é um ano mais novo que eu"
14:56:10.218 "" NEW_WORD WORD_eu  -  - QwertyTeste "O meu irmão é um ano mais novo que eu."
14:56:10.218 "" NEW_SENTENCE SENTENCE_O_meu_irmão_é_um_ano_mais_novo_que_eu.  -  - QwertyTeste "O meu irmão é um ano mais novo que eu."
14:56:11.703 "" LEFT_MOUSE_DOWN_KEY TEXT_KEY_SELECTION_Space 4.0.1 111.499 QwertyTeste "O meu irmão é um ano mais novo que eu."
14:56:11.812 "" KEY_DOWN_BARRA_DE_ESPAÇOS AUTO_KEY  -  - QwertyTeste "O meu irmão é um ano mais novo que eu."
14:56:11.812 " " CHAR_ESPAÇO CHAR  -  - QwertyTeste "O meu irmão é um ano mais novo que eu."
14:56:13.968 "" LEFT_MOUSE_DOWN_KEY TEXT_KEY_SELECTION_CapsLock 8.0.1 101.687 QwertyTeste ""
14:56:13.968 "" KEY_DOWN_CAPSLOCK AUTO_KEY  -  - QwertyTeste ""
14:56:14.953 "" LEFT_MOUSE_DOWN_KEY TEXT_KEY_SELECTION_m 7.0.8 708.640 QwertyTeste ""
14:56:14.953 "" KEY_DOWN_M AUTO_KEY  -  - QwertyTeste ""
14:56:14.953 "M" CHAR_M CHAR  -  - QwertyTeste ""
14:56:15.718 "" LEFT_MOUSE_DOWN_KEY TEXT_KEY_SELECTION_CapsLock 8.0.1 101.687 QwertyTeste "M"
14:56:15.718 "" KEY_DOWN_CAPSLOCK AUTO_KEY  -  - QwertyTeste "M"
14:56:16.343 "" LEFT_MOUSE_DOWN_KEY TEXT_KEY_SELECTION_a 6.0.2 204.593 QwertyTeste "M"
14:56:16.359 "" KEY_DOWN_A AUTO_KEY  -  - QwertyTeste "M"
14:56:16.359 "a" CHAR_a CHAR  -  - QwertyTeste "M"
14:56:16.781 "" LEFT_MOUSE_DOWN_KEY TEXT_KEY_SELECTION_s 6.0.3 286.593 QwertyTeste "Ma"
14:56:16.812 "" KEY_DOWN_S AUTO_KEY  -  - QwertyTeste "Ma"
14:56:16.812 "s" CHAR_s CHAR  -  - QwertyTeste "Ma"
14:56:16.921 "" LEFT_MOUSE_DOWN_KEY TEXT_KEY_SELECTION_s 6.0.3 286.593 QwertyTeste "Mas"
14:56:17.046 "" KEY_DOWN_S AUTO_KEY  -  - QwertyTeste "Mas"
14:56:17.046 "s" CHAR_s CHAR  -  - QwertyTeste "Mas"
14:56:17.515 "" LEFT_MOUSE_DOWN_KEY TEXT_KEY_SELECTION_a 6.0.2 204.593 QwertyTeste "Mass"
14:56:17.515 "" KEY_DOWN_A AUTO_KEY  -  - QwertyTeste "Mass"
14:56:17.515 "a" CHAR_a CHAR  -  - QwertyTeste "Mass"
14:56:19.500 "" LEFT_MOUSE_DOWN_KEY TEXT_KEY_SELECTION_Space 4.0.1 111.499 QwertyTeste "Massa"
14:56:19.500 "" KEY_DOWN_BARRA_DE_ESPAÇOS AUTO_KEY  -  - QwertyTeste "Massa"
14:56:19.500 " " CHAR_ESPAÇO CHAR  -  - QwertyTeste "Massa"
14:56:19.500 "" NEW_WORD WORD_Massa  -  - QwertyTeste "Massa "
14:56:21.750 "" LEFT_MOUSE_DOWN_KEY TEXT_KEY_SELECTION_t 5.0.6 536.546 QwertyTeste "Massa "
14:56:21.750 "" KEY_DOWN_T AUTO_KEY  -  - QwertyTeste "Massa "
14:56:21.750 "t" CHAR_t CHAR  -  - QwertyTeste "Massa "
14:56:22.421 "" LEFT_MOUSE_DOWN_KEY TEXT_KEY_SELECTION_r 5.0.5 454.546 QwertyTeste "Massa t"
14:56:22.421 "" KEY_DOWN_R AUTO_KEY  -  - QwertyTeste "Massa t"
14:56:22.421 "r" CHAR_r CHAR  -  - QwertyTeste "Massa t"
14:56:23.765 "" LEFT_MOUSE_DOWN_KEY TEXT_KEY_SELECTION_i 5.0.9 780.546 QwertyTeste "Massa tr"
14:56:23.765 "" KEY_DOWN_I AUTO_KEY  -  - QwertyTeste "Massa tr"
14:56:23.765 "i" CHAR_i CHAR  -  - QwertyTeste "Massa tr"
14:56:24.093 "" LEFT_MOUSE_DOWN_KEY TEXT_KEY_SELECTION_c 7.0.4 370.640 QwertyTeste "Massa tri"
14:56:24.250 "" KEY_DOWN_C AUTO_KEY  -  - QwertyTeste "Massa tri"
14:56:24.250 "c" CHAR_c CHAR  -  - QwertyTeste "Massa tri"
14:56:25.156 "" LEFT_MOUSE_DOWN_KEY TEXT_KEY_SELECTION_o 5.0.10 859.546 QwertyTeste "Massa tric"
14:56:25.187 "" KEY_DOWN_O AUTO_KEY  -  - QwertyTeste "Massa tric"
14:56:25.187 "o" CHAR_o CHAR  -  - QwertyTeste "Massa tric"
14:56:25.859 "" LEFT_MOUSE_DOWN_KEY TEXT_KEY_SELECTION_l 6.0.10 860.593 QwertyTeste "Massa trico"
14:56:25.859 "" KEY_DOWN_L AUTO_KEY  -  - QwertyTeste "Massa trico"
14:56:25.859 "l" CHAR_l CHAR  -  - QwertyTeste "Massa trico"
14:56:26.312 "" LEFT_MOUSE_DOWN_KEY TEXT_KEY_SELECTION_o 5.0.10 859.546 QwertyTeste "Massa tricol"
14:56:26.312 "" KEY_DOWN_O AUTO_KEY  -  - QwertyTeste "Massa tricol"
14:56:26.312 "o" CHAR_o CHAR  -  - QwertyTeste "Massa tricol"
14:56:27.453 "" LEFT_MOUSE_DOWN_KEY TEXT_KEY_SELECTION_r 5.0.5 454.546 QwertyTeste "Massa tricolo"
14:56:27.468 "" KEY_DOWN_R AUTO_KEY  -  - QwertyTeste "Massa tricolo"
14:56:27.468 "r" CHAR_r CHAR  -  - QwertyTeste "Massa tricolo"
14:56:30.203 "" LEFT_MOUSE_DOWN_KEY TEXT_KEY_SELECTION_Space 4.0.1 111.499 QwertyTeste "Massa tricolor"
14:56:30.375 "" KEY_DOWN_BARRA_DE_ESPAÇOS AUTO_KEY  -  - QwertyTeste "Massa tricolor"
14:56:30.375 " " CHAR_ESPAÇO CHAR  -  - QwertyTeste "Massa tricolor"
14:56:30.375 "" NEW_WORD WORD_tricolor  -  - QwertyTeste "Massa tricolor "
14:56:30.796 "" LEFT_MOUSE_DOWN_KEY TEXT_KEY_SELECTION_e 5.0.4 372.546 QwertyTeste "Massa tricolor "
14:56:30.859 "" KEY_DOWN_E AUTO_KEY  -  - QwertyTeste "Massa tricolor "
14:56:30.859 "e" CHAR_e CHAR  -  - QwertyTeste "Massa tricolor "
14:56:31.703 "" LEFT_MOUSE_DOWN_KEY TEXT_KEY_SELECTION_m 7.0.8 708.640 QwertyTeste "Massa tricolor e"
14:56:31.765 "" KEY_DOWN_M AUTO_KEY  -  - QwertyTeste "Massa tricolor e"
14:56:31.765 "m" CHAR_m CHAR  -  - QwertyTeste "Massa tricolor e"
14:56:33.812 "" LEFT_MOUSE_DOWN_KEY TEXT_KEY_SELECTION_Space 4.0.1 111.499 QwertyTeste "Massa tricolor em"
14:56:33.812 "" KEY_DOWN_BARRA_DE_ESPAÇOS AUTO_KEY  -  - QwertyTeste "Massa tricolor em"
14:56:33.812 " " CHAR_ESPAÇO CHAR  -  - QwertyTeste "Massa tricolor em"
14:56:33.812 "" NEW_WORD WORD_em  -  - QwertyTeste "Massa tricolor em "
14:56:34.703 "" LEFT_MOUSE_DOWN_KEY TEXT_KEY_SELECTION_r 5.0.5 454.546 QwertyTeste "Massa tricolor em "
14:56:34.703 "" KEY_DOWN_R AUTO_KEY  -  - QwertyTeste "Massa tricolor em "
14:56:34.703 "r" CHAR_r CHAR  -  - QwertyTeste "Massa tricolor em "
14:56:35.640 "" LEFT_MOUSE_DOWN_KEY TEXT_KEY_SELECTION_o 5.0.10 859.546 QwertyTeste "Massa tricolor em r"
14:56:35.640 "" KEY_DOWN_O AUTO_KEY  -  - QwertyTeste "Massa tricolor em r"
14:56:35.640 "o" CHAR_o CHAR  -  - QwertyTeste "Massa tricolor em r"
14:56:36.484 "" LEFT_MOUSE_DOWN_KEY TEXT_KEY_SELECTION_s 6.0.3 286.593 QwertyTeste "Massa tricolor em ro"
14:56:36.546 "" KEY_DOWN_S AUTO_KEY  -  - QwertyTeste "Massa tricolor em ro"
14:56:36.546 "s" CHAR_s CHAR  -  - QwertyTeste "Massa tricolor em ro"
14:56:36.984 "" LEFT_MOUSE_DOWN_KEY TEXT_KEY_SELECTION_c 7.0.4 370.640 QwertyTeste "Massa tricolor em ros"
14:56:37.000 "" KEY_DOWN_C AUTO_KEY  -  - QwertyTeste "Massa tricolor em ros"
14:56:37.015 "c" CHAR_c CHAR  -  - QwertyTeste "Massa tricolor em ros"
14:56:37.703 "" LEFT_MOUSE_DOWN_KEY TEXT_KEY_SELECTION_a 6.0.2 204.593 QwertyTeste "Massa tricolor em rosc"
14:56:37.703 "" KEY_DOWN_A AUTO_KEY  -  - QwertyTeste "Massa tricolor em rosc"
14:56:37.703 "a" CHAR_a CHAR  -  - QwertyTeste "Massa tricolor em rosc"
14:56:38.875 "" LEFT_MOUSE_DOWN_KEY TEXT_KEY_SELECTION_. 7.0.10 867.640 QwertyTeste "Massa tricolor em rosca"
14:56:38.875 "" KEY_DOWN_. AUTO_KEY  -  - QwertyTeste "Massa tricolor em rosca"
14:56:38.875 "." CHAR_. CHAR  -  - QwertyTeste "Massa tricolor em rosca"
14:56:38.875 "" NEW_WORD WORD_rosca  -  - QwertyTeste "Massa tricolor em rosca."
14:56:38.875 "" NEW_SENTENCE SENTENCE_Massa_tricolor_em_rosca.  -  - QwertyTeste "Massa tricolor em rosca."
14:56:39.828 "" LEFT_MOUSE_DOWN_KEY TEXT_KEY_SELECTION_Space 4.0.1 111.499 QwertyTeste "Massa tricolor em rosca."
14:56:40.000 "" KEY_DOWN_BARRA_DE_ESPAÇOS AUTO_KEY  -  - QwertyTeste "Massa tricolor em rosca."
14:56:40.000 " " CHAR_ESPAÇO CHAR  -  - QwertyTeste "Massa tricolor em rosca."
14:56:42.687 "" LEFT_MOUSE_DOWN_KEY TEXT_KEY_SELECTION_CapsLock 8.0.1 101.687 QwertyTeste ""
14:56:42.687 "" KEY_DOWN_CAPSLOCK AUTO_KEY  -  - QwertyTeste ""
14:56:43.265 "" LEFT_MOUSE_DOWN_KEY TEXT_KEY_SELECTION_q 5.0.2 203.546 QwertyTeste ""
14:56:43.390 "" KEY_DOWN_Q AUTO_KEY  -  - QwertyTeste ""
14:56:43.390 "Q" CHAR_Q CHAR  -  - QwertyTeste ""
14:56:44.312 "" LEFT_MOUSE_DOWN_KEY TEXT_KEY_SELECTION_u 5.0.8 700.546 QwertyTeste "Q"
14:56:44.312 "" KEY_DOWN_U AUTO_KEY  -  - QwertyTeste "Q"
14:56:44.312 "U" CHAR_U CHAR  -  - QwertyTeste "Q"
14:56:46.578 "" LEFT_MOUSE_DOWN_KEY TEXT_KEY_SELECTION_BkSp 6.0.1 111.593 QwertyTeste "QU"
14:56:46.578 "" KEY_DOWN_BACKSPACE AUTO_KEY  -  - QwertyTeste "QU"
14:56:46.578 "\b" CHAR_RETROCESSO CHAR  -  - QwertyTeste "QU"
14:56:46.953 "" LEFT_MOUSE_DOWN_KEY TEXT_KEY_SELECTION_CapsLock 8.0.1 101.687 QwertyTeste "Q"
14:56:46.953 "" KEY_DOWN_CAPSLOCK AUTO_KEY  -  - QwertyTeste "Q"
14:56:47.734 "" LEFT_MOUSE_DOWN_KEY TEXT_KEY_SELECTION_u 5.0.8 700.546 QwertyTeste "Q"
14:56:47.734 "" KEY_DOWN_U AUTO_KEY  -  - QwertyTeste "Q"
14:56:47.734 "u" CHAR_u CHAR  -  - QwertyTeste "Q"
14:56:48.421 "" LEFT_MOUSE_DOWN_KEY TEXT_KEY_SELECTION_e 5.0.4 372.546 QwertyTeste "Qu"
14:56:48.421 "" KEY_DOWN_E AUTO_KEY  -  - QwertyTeste "Qu"
14:56:48.421 "e" CHAR_e CHAR  -  - QwertyTeste "Qu"
14:56:51.843 "" LEFT_MOUSE_DOWN_KEY TEXT_KEY_SELECTION_Space 4.0.1 111.499 QwertyTeste "Que"
14:56:52.203 "" KEY_DOWN_BARRA_DE_ESPAÇOS AUTO_KEY  -  - QwertyTeste "Que"
14:56:52.203 " " CHAR_ESPAÇO CHAR  -  - QwertyTeste "Que"
14:56:52.203 "" NEW_WORD WORD_Que  -  - QwertyTeste "Que "
14:56:52.562 "" LEFT_MOUSE_DOWN_KEY TEXT_KEY_SELECTION_d 6.0.4 368.593 QwertyTeste "Que "
14:56:52.656 "" KEY_DOWN_D AUTO_KEY  -  - QwertyTeste "Que "
14:56:52.656 "d" CHAR_d CHAR  -  - QwertyTeste "Que "
14:56:53.562 "" LEFT_MOUSE_DOWN_KEY TEXT_KEY_SELECTION_i 5.0.9 780.546 QwertyTeste "Que d"
14:56:53.578 "" KEY_DOWN_I AUTO_KEY  -  - QwertyTeste "Que d"
14:56:53.578 "i" CHAR_i CHAR  -  - QwertyTeste "Que d"
14:56:54.312 "" LEFT_MOUSE_DOWN_KEY TEXT_KEY_SELECTION_z 7.0.2 202.640 QwertyTeste "Que di"
14:56:54.312 "" KEY_DOWN_Z AUTO_KEY  -  - QwertyTeste "Que di"
14:56:54.312 "z" CHAR_z CHAR  -  - QwertyTeste "Que di"
14:56:55.656 "" LEFT_MOUSE_DOWN_KEY TEXT_KEY_SELECTION_Space 4.0.1 111.499 QwertyTeste "Que diz"
14:56:55.656 "" KEY_DOWN_BARRA_DE_ESPAÇOS AUTO_KEY  -  - QwertyTeste "Que diz"
14:56:55.656 " " CHAR_ESPAÇO CHAR  -  - QwertyTeste "Que diz"
14:56:55.656 "" NEW_WORD WORD_diz  -  - QwertyTeste "Que diz "
14:56:57.906 "" LEFT_MOUSE_DOWN_KEY TEXT_KEY_SELECTION_s 6.0.3 286.593 QwertyTeste "Que diz "
14:56:58.078 "" KEY_DOWN_S AUTO_KEY  -  - QwertyTeste "Que diz "
14:56:58.078 "s" CHAR_s CHAR  -  - QwertyTeste "Que diz "
14:56:58.468 "" LEFT_MOUSE_DOWN_KEY TEXT_KEY_SELECTION_e 5.0.4 372.546 QwertyTeste "Que diz s"
14:56:58.500 "" KEY_DOWN_E AUTO_KEY  -  - QwertyTeste "Que diz s"
14:56:58.500 "e" CHAR_e CHAR  -  - QwertyTeste "Que diz s"
14:56:59.203 "" LEFT_MOUSE_DOWN_KEY TEXT_KEY_SELECTION_r 5.0.5 454.546 QwertyTeste "Que diz se"
14:56:59.203 "" KEY_DOWN_R AUTO_KEY  -  - QwertyTeste "Que diz se"
14:56:59.203 "r" CHAR_r CHAR  -  - QwertyTeste "Que diz se"
14:57:01.687 "" LEFT_MOUSE_DOWN_KEY TEXT_KEY_SELECTION_Space 4.0.1 111.499 QwertyTeste "Que diz ser"
14:57:01.687 "" KEY_DOWN_BARRA_DE_ESPAÇOS AUTO_KEY  -  - QwertyTeste "Que diz ser"
14:57:01.687 " " CHAR_ESPAÇO CHAR  -  - QwertyTeste "Que diz ser"
14:57:01.687 "" NEW_WORD WORD_ser  -  - QwertyTeste "Que diz ser "
14:57:03.546 "" LEFT_MOUSE_DOWN_KEY TEXT_KEY_SELECTION_u 5.0.8 700.546 QwertyTeste "Que diz ser "
14:57:03.546 "" KEY_DOWN_U AUTO_KEY  -  - QwertyTeste "Que diz ser "
14:57:03.546 "u" CHAR_u CHAR  -  - QwertyTeste "Que diz ser "
14:57:04.203 "" LEFT_MOUSE_DOWN_KEY TEXT_KEY_SELECTION_m 7.0.8 708.640 QwertyTeste "Que diz ser u"
14:57:04.203 "" KEY_DOWN_M AUTO_KEY  -  - QwertyTeste "Que diz ser u"
14:57:04.203 "m" CHAR_m CHAR  -  - QwertyTeste "Que diz ser u"
14:57:04.906 "" LEFT_MOUSE_DOWN_KEY TEXT_KEY_SELECTION_a 6.0.2 204.593 QwertyTeste "Que diz ser um"
14:57:05.093 "" KEY_DOWN_A AUTO_KEY  -  - QwertyTeste "Que diz ser um"
14:57:05.093 "a" CHAR_a CHAR  -  - QwertyTeste "Que diz ser um"
14:57:06.265 "" LEFT_MOUSE_DOWN_KEY TEXT_KEY_SELECTION_Space 4.0.1 111.499 QwertyTeste "Que diz ser uma"
14:57:06.453 "" KEY_DOWN_BARRA_DE_ESPAÇOS AUTO_KEY  -  - QwertyTeste "Que diz ser uma"
14:57:06.453 " " CHAR_ESPAÇO CHAR  -  - QwertyTeste "Que diz ser uma"
14:57:06.453 "" NEW_WORD WORD_uma  -  - QwertyTeste "Que diz ser uma "
14:57:08.250 "" LEFT_MOUSE_DOWN_KEY TEXT_KEY_SELECTION_d 6.0.4 368.593 QwertyTeste "Que diz ser uma "
14:57:08.250 "" KEY_DOWN_D AUTO_KEY  -  - QwertyTeste "Que diz ser uma "
14:57:08.250 "d" CHAR_d CHAR  -  - QwertyTeste "Que diz ser uma "
14:57:09.250 "" LEFT_MOUSE_DOWN_KEY TEXT_KEY_SELECTION_o 5.0.10 859.546 QwertyTeste "Que diz ser uma d"
14:57:09.390 "" KEY_DOWN_O AUTO_KEY  -  - QwertyTeste "Que diz ser uma d"
14:57:09.390 "o" CHAR_o CHAR  -  - QwertyTeste "Que diz ser uma d"
14:57:10.093 "" LEFT_MOUSE_DOWN_KEY TEXT_KEY_SELECTION_e 5.0.4 372.546 QwertyTeste "Que diz ser uma do"
14:57:10.093 "" KEY_DOWN_E AUTO_KEY  -  - QwertyTeste "Que diz ser uma do"
14:57:10.093 "e" CHAR_e CHAR  -  - QwertyTeste "Que diz ser uma do"
14:57:11.203 "" LEFT_MOUSE_DOWN_KEY TEXT_KEY_SELECTION_n 7.0.7 622.640 QwertyTeste "Que diz ser uma doe"
14:57:11.218 "" KEY_DOWN_N AUTO_KEY  -  - QwertyTeste "Que diz ser uma doe"
14:57:11.218 "n" CHAR_n CHAR  -  - QwertyTeste "Que diz ser uma doe"
14:57:15.046 "" LEFT_MOUSE_DOWN_KEY TEXT_KEY_SELECTION_ç 6.0.11 942.593 QwertyTeste "Que diz ser uma doen"
14:57:15.125 "" KEY_DOWN_Ç AUTO_KEY  -  - QwertyTeste "Que diz ser uma doen"
14:57:15.125 "ç" CHAR_ç CHAR  -  - QwertyTeste "Que diz ser uma doen"
14:57:16.687 "" LEFT_MOUSE_DOWN_KEY TEXT_KEY_SELECTION_a 6.0.2 204.593 QwertyTeste "Que diz ser uma doenç"
14:57:16.718 "" KEY_DOWN_A AUTO_KEY  -  - QwertyTeste "Que diz ser uma doenç"
14:57:16.718 "a" CHAR_a CHAR  -  - QwertyTeste "Que diz ser uma doenç"
14:57:18.812 "" LEFT_MOUSE_DOWN_KEY TEXT_KEY_SELECTION_Space 4.0.1 111.499 QwertyTeste "Que diz ser uma doença"
14:57:18.937 "" KEY_DOWN_BARRA_DE_ESPAÇOS AUTO_KEY  -  - QwertyTeste "Que diz ser uma doença"
14:57:18.937 " " CHAR_ESPAÇO CHAR  -  - QwertyTeste "Que diz ser uma doença"
14:57:18.937 "" NEW_WORD WORD_doença  -  - QwertyTeste "Que diz ser uma doença "
14:57:20.406 "" LEFT_MOUSE_DOWN_KEY TEXT_KEY_SELECTION_d 6.0.4 368.593 QwertyTeste "Que diz ser uma doença "
14:57:20.718 "" KEY_DOWN_D AUTO_KEY  -  - QwertyTeste "Que diz ser uma doença "
14:57:20.718 "d" CHAR_d CHAR  -  - QwertyTeste "Que diz ser uma doença "
14:57:21.031 "" LEFT_MOUSE_DOWN_KEY TEXT_KEY_SELECTION_e 5.0.4 372.546 QwertyTeste "Que diz ser uma doença d"
14:57:21.031 "" KEY_DOWN_E AUTO_KEY  -  - QwertyTeste "Que diz ser uma doença d"
14:57:21.031 "e" CHAR_e CHAR  -  - QwertyTeste "Que diz ser uma doença d"
14:57:22.046 "" LEFT_MOUSE_DOWN_KEY TEXT_KEY_SELECTION_g 6.0.6 531.593 QwertyTeste "Que diz ser uma doença de"
14:57:22.140 "" KEY_DOWN_G AUTO_KEY  -  - QwertyTeste "Que diz ser uma doença de"
14:57:22.140 "g" CHAR_g CHAR  -  - QwertyTeste "Que diz ser uma doença de"
14:57:22.828 "" LEFT_MOUSE_DOWN_KEY TEXT_KEY_SELECTION_e 5.0.4 372.546 QwertyTeste "Que diz ser uma doença deg"
14:57:22.828 "" KEY_DOWN_E AUTO_KEY  -  - QwertyTeste "Que diz ser uma doença deg"
14:57:22.828 "e" CHAR_e CHAR  -  - QwertyTeste "Que diz ser uma doença deg"
14:57:24.687 "" LEFT_MOUSE_DOWN_KEY TEXT_KEY_SELECTION_n 7.0.7 622.640 QwertyTeste "Que diz ser uma doença dege"
14:57:24.843 "" KEY_DOWN_N AUTO_KEY  -  - QwertyTeste "Que diz ser uma doença dege"
14:57:24.843 "n" CHAR_n CHAR  -  - QwertyTeste "Que diz ser uma doença dege"
14:57:25.531 "" LEFT_MOUSE_DOWN_KEY TEXT_KEY_SELECTION_e 5.0.4 372.546 QwertyTeste "Que diz ser uma doença degen"
14:57:25.531 "" KEY_DOWN_E AUTO_KEY  -  - QwertyTeste "Que diz ser uma doença degen"
14:57:25.531 "e" CHAR_e CHAR  -  - QwertyTeste "Que diz ser uma doença degen"
14:57:26.218 "" LEFT_MOUSE_DOWN_KEY TEXT_KEY_SELECTION_r 5.0.5 454.546 QwertyTeste "Que diz ser uma doença degene"
14:57:26.218 "" KEY_DOWN_R AUTO_KEY  -  - QwertyTeste "Que diz ser uma doença degene"
14:57:26.218 "r" CHAR_r CHAR  -  - QwertyTeste "Que diz ser uma doença degene"
14:57:26.796 "" LEFT_MOUSE_DOWN_KEY TEXT_KEY_SELECTION_a 6.0.2 204.593 QwertyTeste "Que diz ser uma doença degener"
14:57:27.109 "" KEY_DOWN_A AUTO_KEY  -  - QwertyTeste "Que diz ser uma doença degener"
14:57:27.109 "a" CHAR_a CHAR  -  - QwertyTeste "Que diz ser uma doença degener"
14:57:29.062 "" LEFT_MOUSE_DOWN_KEY TEXT_KEY_SELECTION_t 5.0.6 536.546 QwertyTeste "Que diz ser uma doença degenera"
14:57:29.140 "" KEY_DOWN_T AUTO_KEY  -  - QwertyTeste "Que diz ser uma doença degenera"
14:57:29.140 "t" CHAR_t CHAR  -  - QwertyTeste "Que diz ser uma doença degenera"
14:57:29.812 "" LEFT_MOUSE_DOWN_KEY TEXT_KEY_SELECTION_i 5.0.9 780.546 QwertyTeste "Que diz ser uma doença degenerat"
14:57:29.828 "" KEY_DOWN_I AUTO_KEY  -  - QwertyTeste "Que diz ser uma doença degenerat"
14:57:29.828 "i" CHAR_i CHAR  -  - QwertyTeste "Que diz ser uma doença degenerat"
14:57:30.609 "" LEFT_MOUSE_DOWN_KEY TEXT_KEY_SELECTION_v 7.0.5 454.640 QwertyTeste "Que diz ser uma doença degenerati"
14:57:30.718 "" KEY_DOWN_V AUTO_KEY  -  - QwertyTeste "Que diz ser uma doença degenerati"
14:57:30.718 "v" CHAR_v CHAR  -  - QwertyTeste "Que diz ser uma doença degenerati"
14:57:31.406 "" LEFT_MOUSE_DOWN_KEY TEXT_KEY_SELECTION_a 6.0.2 204.593 QwertyTeste "Que diz ser uma doença degenerativ"
14:57:31.406 "" KEY_DOWN_A AUTO_KEY  -  - QwertyTeste "Que diz ser uma doença degenerativ"
14:57:31.406 "a" CHAR_a CHAR  -  - QwertyTeste "Que diz ser uma doença degenerativ"
14:57:33.531 "" LEFT_MOUSE_DOWN_KEY TEXT_KEY_SELECTION_. 7.0.10 867.640 QwertyTeste "Que diz ser uma doença degenerativa"
14:57:33.640 "" KEY_DOWN_. AUTO_KEY  -  - QwertyTeste "Que diz ser uma doença degenerativa"
14:57:33.640 "." CHAR_. CHAR  -  - QwertyTeste "Que diz ser uma doença degenerativa"
14:57:33.640 "" NEW_WORD WORD_degenerativa  -  - QwertyTeste "Que diz ser uma doença degenerativa."
14:57:33.640 "" NEW_SENTENCE SENTENCE_Que_diz_ser_uma_doença_degenerativa.  -  - QwertyTeste "Que diz ser uma doença degenerativa."
14:57:34.562 "" LEFT_MOUSE_DOWN_KEY TEXT_KEY_SELECTION_Space 4.0.1 111.499 QwertyTeste "Que diz ser uma doença degenerativa."
14:57:34.562 "" KEY_DOWN_BARRA_DE_ESPAÇOS AUTO_KEY  -  - QwertyTeste "Que diz ser uma doença degenerativa."
14:57:34.562 " " CHAR_ESPAÇO CHAR  -  - QwertyTeste "Que diz ser uma doença degenerativa."
14:57:37.484 "" LEFT_MOUSE_DOWN_KEY TEXT_KEY_SELECTION_CapsLock 8.0.1 101.687 QwertyTeste ""
14:57:37.484 "" KEY_DOWN_CAPSLOCK AUTO_KEY  -  - QwertyTeste ""
14:57:38.625 "" LEFT_MOUSE_DOWN_KEY TEXT_KEY_SELECTION_n 7.0.7 622.640 QwertyTeste ""
14:57:38.625 "" KEY_DOWN_N AUTO_KEY  -  - QwertyTeste ""
14:57:38.625 "N" CHAR_N CHAR  -  - QwertyTeste ""
14:57:39.328 "" LEFT_MOUSE_DOWN_KEY TEXT_KEY_SELECTION_CapsLock 8.0.1 101.687 QwertyTeste "N"
14:57:39.328 "" KEY_DOWN_CAPSLOCK AUTO_KEY  -  - QwertyTeste "N"
14:57:40.453 "" LEFT_MOUSE_DOWN_KEY TEXT_KEY_SELECTION_e 5.0.4 372.546 QwertyTeste "N"
14:57:40.453 "" KEY_DOWN_E AUTO_KEY  -  - QwertyTeste "N"
14:57:40.453 "e" CHAR_e CHAR  -  - QwertyTeste "N"
14:57:41.375 "" LEFT_MOUSE_DOWN_KEY TEXT_KEY_SELECTION_u 5.0.8 700.546 QwertyTeste "Ne"
14:57:41.375 "" KEY_DOWN_U AUTO_KEY  -  - QwertyTeste "Ne"
14:57:41.375 "u" CHAR_u CHAR  -  - QwertyTeste "Ne"
14:57:42.515 "" LEFT_MOUSE_DOWN_KEY TEXT_KEY_SELECTION_r 5.0.5 454.546 QwertyTeste "Neu"
14:57:42.531 "" KEY_DOWN_R AUTO_KEY  -  - QwertyTeste "Neu"
14:57:42.531 "r" CHAR_r CHAR  -  - QwertyTeste "Neu"
14:57:43.000 "" LEFT_MOUSE_DOWN_KEY TEXT_KEY_SELECTION_o 5.0.10 859.546 QwertyTeste "Neur"
14:57:43.203 "" KEY_DOWN_O AUTO_KEY  -  - QwertyTeste "Neur"
14:57:43.203 "o" CHAR_o CHAR  -  - QwertyTeste "Neur"
14:57:44.125 "" LEFT_MOUSE_DOWN_KEY TEXT_KEY_SELECTION_- 7.0.11 944.640 QwertyTeste "Neuro"
14:57:44.125 "" KEY_DOWN_- AUTO_KEY  -  - QwertyTeste "Neuro"
14:57:44.125 "-" CHAR_- CHAR  -  - QwertyTeste "Neuro"
14:57:45.953 "" LEFT_MOUSE_DOWN_KEY TEXT_KEY_SELECTION_m 7.0.8 708.640 QwertyTeste "Neuro-"
14:57:46.140 "" KEY_DOWN_M AUTO_KEY  -  - QwertyTeste "Neuro-"
14:57:46.140 "m" CHAR_m CHAR  -  - QwertyTeste "Neuro-"
14:57:46.562 "" LEFT_MOUSE_DOWN_KEY TEXT_KEY_SELECTION_u 5.0.8 700.546 QwertyTeste "Neuro-m"
14:57:46.609 "" KEY_DOWN_U AUTO_KEY  -  - QwertyTeste "Neuro-m"
14:57:46.609 "u" CHAR_u CHAR  -  - QwertyTeste "Neuro-m"
14:57:47.328 "" LEFT_MOUSE_DOWN_KEY TEXT_KEY_SELECTION_s 6.0.3 286.593 QwertyTeste "Neuro-mu"
14:57:47.328 "" KEY_DOWN_S AUTO_KEY  -  - QwertyTeste "Neuro-mu"
14:57:47.328 "s" CHAR_s CHAR  -  - QwertyTeste "Neuro-mu"
14:57:48.015 "" LEFT_MOUSE_DOWN_KEY TEXT_KEY_SELECTION_c 7.0.4 370.640 QwertyTeste "Neuro-mus"
14:57:48.015 "" KEY_DOWN_C AUTO_KEY  -  - QwertyTeste "Neuro-mus"
14:57:48.015 "c" CHAR_c CHAR  -  - QwertyTeste "Neuro-mus"
14:57:48.812 "" LEFT_MOUSE_DOWN_KEY TEXT_KEY_SELECTION_u 5.0.8 700.546 QwertyTeste "Neuro-musc"
14:57:48.906 "" KEY_DOWN_U AUTO_KEY  -  - QwertyTeste "Neuro-musc"
14:57:48.906 "u" CHAR_u CHAR  -  - QwertyTeste "Neuro-musc"
14:57:49.578 "" LEFT_MOUSE_DOWN_KEY TEXT_KEY_SELECTION_l 6.0.10 860.593 QwertyTeste "Neuro-muscu"
14:57:49.578 "" KEY_DOWN_L AUTO_KEY  -  - QwertyTeste "Neuro-muscu"
14:57:49.578 "l" CHAR_l CHAR  -  - QwertyTeste "Neuro-muscu"
14:57:50.265 "" LEFT_MOUSE_DOWN_KEY TEXT_KEY_SELECTION_a 6.0.2 204.593 QwertyTeste "Neuro-muscul"
14:57:50.265 "" KEY_DOWN_A AUTO_KEY  -  - QwertyTeste "Neuro-muscul"
14:57:50.265 "a" CHAR_a CHAR  -  - QwertyTeste "Neuro-muscul"
14:57:50.750 "" LEFT_MOUSE_DOWN_KEY TEXT_KEY_SELECTION_r 5.0.5 454.546 QwertyTeste "Neuro-muscula"
14:57:50.765 "" KEY_DOWN_R AUTO_KEY  -  - QwertyTeste "Neuro-muscula"
14:57:50.765 "r" CHAR_r CHAR  -  - QwertyTeste "Neuro-muscula"
14:57:52.406 "" LEFT_MOUSE_DOWN_KEY TEXT_KEY_SELECTION_. 7.0.10 867.640 QwertyTeste "Neuro-muscular"
14:57:52.531 "" KEY_DOWN_. AUTO_KEY  -  - QwertyTeste "Neuro-muscular"
14:57:52.531 "." CHAR_. CHAR  -  - QwertyTeste "Neuro-muscular"
14:57:52.531 "" NEW_WORD WORD_Neuro-muscular  -  - QwertyTeste "Neuro-muscular."
14:57:52.531 "" NEW_SENTENCE SENTENCE_Neuro-muscular.  -  - QwertyTeste "Neuro-muscular."
14:58:02.796 "" WORD_PROCESSOR_CHANGE INTERNAL_WORD_PROCESSOR  -  - QwertyTeste "Neuro-muscular."
14:58:10.703 "" MENU_OPTION_SELECTION USER_PROFILE_LOAD_Mod2-3  -  - QwertyTeste "Neuro-muscular."
$$$ End Body


Tempo_Total_Escrita 244
Tempo_Efectivo_Escrita 213
Numero_Teclas_Pressionadas 0
Numero_Teclas_Sistema 164
Numero_Total_Teclas 164
Numero_Teclas_Ecra_Pressionadas 164
Numero_Activacoes_Manipulos 0
Numero_Teclas_Texto_Teclado_Qwerty 150
Teclas_Poupadas_Comparacao_Escrita_Teclado_Qwerty 100.000000
Teclas_Ecra_Poupadas_Comparacao_Escrita_Teclado_Qwerty -9.333333
Activacoes_Manipulo_Poupadas_Comparacao_Escrita_Teclado_Qwerty 100.000000
Numero_Caracteres_Escritos 149
Numero_Palavras_Escritas 26
Numero_Frases_Escritas 6
Numero_Caracteres_Finais 141
Numero_Palavras_Finais 26
Numero_Frases_Finais 6
Numero_Cliques 164
Numero_Simbolos_Simples_Seleccionados 41
Numero_Simbolos_Compostos_Seleccionados 0
Numero_Simbolos_Simples_Escritos 0
Numero_Simbolos_Compostos_Escritos 0
Numero_Simbolos_Finais 0
Numero_Alteracoes_Teclado_Ecran_Atraves_Menu 0
Numero_Alteracoes_Teclado_Ecran_Atraves_Teclado_Ecran 0
Numero_Envios_Comunicacao_Cooperativa 0
Numero_Sugestoes_Palavras 0
Numero_Sugestoes_Frases 0
Numero_Sugestoes_Simbolos_Simples 0
Numero_Sugestoes_Simbolos_Multiplos 0
Numero_Abreviaturas_Expandidas 0
Numero_Predicoes 37
Numero_Palavras_Completadas 0
Posicao_Media_Palavras_Lista -
Numero_Medio_Caracteres_Completar_Palavras -
Numero_Palavras_Completadas_A_Partir_Simbolos_Simples 0
Posicao_Media_Simbolos_Simples_Com_Palavra_Lista -
Numero_Medio_Caracteres_Completar_Palavras_A_Partir_Simbolos_Simples -
Numero_Palavras_Completadas_A_Partir_Simbolos_Compostos 0
Posicao_Media_Simbolos_Compostos_Com_Palavra_Lista -
Numero_Medio_Caracteres_Completar_Palavras_A_Partir_Simbolos_Compostos -
Numero_Sequencias_Palavras_Completadas 0
Posicao_Media_Sequencias_Palavras_Lista -
Numero_Medio_Caracteres_Completar_Sequencia_Palavras -
Numero_Sequencias_Palavras_Completadas_A_Partir_Simbolos_Simples 0
Posicao_Media_Simbolos_Simples_Com_Sequencia_Palavras_Lista -
Numero_Medio_Caracteres_Completar_Sequencia_Palavras_A_Partir_Simbolos_Simples -
Numero_Sequencias_Palavras_Completadas_A_Partir_Simbolos_Compostos 0
Posicao_Media_Simbolos_Compostos_Com_Sequencia_Palavra_Lista -
Numero_Medio_Caracteres_Completar_Sequencia_Palavras_A_Partir_Simbolos_Compostos -
Numero_Frases_Completadas 0
Posicao_Media_Frases_Lista -
Numero_Medio_Caracteres_Completar_Frases -
Numero_Frases_Completadas_A_Partir_Simbolos_Simples 0
Posicao_Media_Simbolos_Simples_Com_Frase_Lista -
Numero_Medio_Caracteres_Completar_Frases_A_Partir_Simbolos_Simples -
Numero_Frases_Completadas_A_Partir_Simbolos_Compostos 0
Posicao_Media_Simbolos_Compostos_Com_Frase_Lista -
Numero_Medio_Caracteres_Completar_Frases_A_Partir_Simbolos_Compostos -
Numero_Simbolos_Simples_Preditos_Seleccionados 0
Posicao_Media_Simbolos_Simples_Lista -
Numero_Simbolos_Compostos_Preditos_Seleccionados 0
Posicao_Media_Simbolos_Compostos_Lista -
Numero_Caracteres_Simbolos_Apagados 4
Palavras_Sintetizadas 0
Frases_Sintetizadas 0
Simbolos_Sintetizados 0
Total_Palavras_Sintetizadas 0
Linha_Texto_Final No osso. Hoje ou amanhã. O meu irmão é um ano mais novo que eu. Massa tricolor em rosca. Que diz ser uma doença degenerativa. Neuro-muscular.
