TIME Time when the event occurred
OUTPUT Text output caused by the event
EVENT The event
TYPE Type of the element or operation connected to the event
ELEMENT Screen element where the event occurred
CENTER Screen coordinates of the element center where the event occurred
PAGE Communication board where the event occurred
CONTEXT Message content before de event
$$$ End Header


14:49:39.421 "" SYSTEM_INFO START_LOGGING - - - "-"
14:49:45.015 "" WORD_PROCESSOR_CHANGE INTERNAL_WORD_PROCESSOR  -  - QwertyTeste ""
14:49:55.171 "" LEFT_MOUSE_DOWN_KEY TEXT_KEY_SELECTION_CapsLock 8.0.1 101.687 QwertyTeste ""
14:49:55.171 "" KEY_DOWN_CAPSLOCK AUTO_KEY  -  - QwertyTeste ""
14:49:57.875 "" LEFT_MOUSE_DOWN_KEY TEXT_KEY_SELECTION_t 5.0.6 536.546 QwertyTeste ""
14:49:57.890 "" KEY_DOWN_T AUTO_KEY  -  - QwertyTeste ""
14:49:57.890 "T" CHAR_T CHAR  -  - QwertyTeste ""
14:49:58.796 "" LEFT_MOUSE_DOWN_KEY TEXT_KEY_SELECTION_CapsLock 8.0.1 101.687 QwertyTeste "T"
14:49:58.796 "" KEY_DOWN_CAPSLOCK AUTO_KEY  -  - QwertyTeste "T"
14:49:59.671 "" LEFT_MOUSE_DOWN_KEY TEXT_KEY_SELECTION_e 5.0.4 372.546 QwertyTeste "T"
14:49:59.671 "" KEY_DOWN_E AUTO_KEY  -  - QwertyTeste "T"
14:49:59.671 "e" CHAR_e CHAR  -  - QwertyTeste "T"
14:50:00.421 "" LEFT_MOUSE_DOWN_KEY TEXT_KEY_SELECTION_n 7.0.7 622.640 QwertyTeste "Te"
14:50:00.531 "" KEY_DOWN_N AUTO_KEY  -  - QwertyTeste "Te"
14:50:00.531 "n" CHAR_n CHAR  -  - QwertyTeste "Te"
14:50:01.234 "" LEFT_MOUSE_DOWN_KEY TEXT_KEY_SELECTION_d 6.0.4 368.593 QwertyTeste "Ten"
14:50:01.234 "" KEY_DOWN_D AUTO_KEY  -  - QwertyTeste "Ten"
14:50:01.234 "d" CHAR_d CHAR  -  - QwertyTeste "Ten"
14:50:02.062 "" LEFT_MOUSE_DOWN_KEY TEXT_KEY_SELECTION_o 5.0.10 859.546 QwertyTeste "Tend"
14:50:02.078 "" KEY_DOWN_O AUTO_KEY  -  - QwertyTeste "Tend"
14:50:02.078 "o" CHAR_o CHAR  -  - QwertyTeste "Tend"
14:50:03.375 "" LEFT_MOUSE_DOWN_KEY TEXT_KEY_SELECTION_Space 4.0.1 111.499 QwertyTeste "Tendo"
14:50:03.375 "" KEY_DOWN_BARRA_DE_ESPAÇOS AUTO_KEY  -  - QwertyTeste "Tendo"
14:50:03.375 " " CHAR_ESPAÇO CHAR  -  - QwertyTeste "Tendo"
14:50:03.375 "" NEW_WORD WORD_Tendo  -  - QwertyTeste "Tendo "
14:50:04.265 "" LEFT_MOUSE_DOWN_KEY TEXT_KEY_SELECTION_e 5.0.4 372.546 QwertyTeste "Tendo "
14:50:04.453 "" KEY_DOWN_E AUTO_KEY  -  - QwertyTeste "Tendo "
14:50:04.453 "e" CHAR_e CHAR  -  - QwertyTeste "Tendo "
14:50:05.484 "" LEFT_MOUSE_DOWN_KEY TEXT_KEY_SELECTION_u 5.0.8 700.546 QwertyTeste "Tendo e"
14:50:05.562 "" KEY_DOWN_U AUTO_KEY  -  - QwertyTeste "Tendo e"
14:50:05.562 "u" CHAR_u CHAR  -  - QwertyTeste "Tendo e"
14:50:07.453 "" LEFT_MOUSE_DOWN_KEY TEXT_KEY_SELECTION_Space 4.0.1 111.499 QwertyTeste "Tendo eu"
14:50:07.468 "" KEY_DOWN_BARRA_DE_ESPAÇOS AUTO_KEY  -  - QwertyTeste "Tendo eu"
14:50:07.468 " " CHAR_ESPAÇO CHAR  -  - QwertyTeste "Tendo eu"
14:50:07.468 "" NEW_WORD WORD_eu  -  - QwertyTeste "Tendo eu "
14:50:08.781 "" LEFT_MOUSE_DOWN_KEY TEXT_KEY_SELECTION_r 5.0.5 454.546 QwertyTeste "Tendo eu "
14:50:08.781 "" KEY_DOWN_R AUTO_KEY  -  - QwertyTeste "Tendo eu "
14:50:08.781 "r" CHAR_r CHAR  -  - QwertyTeste "Tendo eu "
14:50:09.281 "" LEFT_MOUSE_DOWN_KEY TEXT_KEY_SELECTION_e 5.0.4 372.546 QwertyTeste "Tendo eu r"
14:50:09.421 "" KEY_DOWN_E AUTO_KEY  -  - QwertyTeste "Tendo eu r"
14:50:09.421 "e" CHAR_e CHAR  -  - QwertyTeste "Tendo eu r"
14:50:10.515 "" LEFT_MOUSE_DOWN_KEY TEXT_KEY_SELECTION_p 5.0.11 942.546 QwertyTeste "Tendo eu re"
14:50:10.531 "" KEY_DOWN_P AUTO_KEY  -  - QwertyTeste "Tendo eu re"
14:50:10.531 "p" CHAR_p CHAR  -  - QwertyTeste "Tendo eu re"
14:50:11.375 "" LEFT_MOUSE_DOWN_KEY TEXT_KEY_SELECTION_e 5.0.4 372.546 QwertyTeste "Tendo eu rep"
14:50:11.375 "" KEY_DOWN_E AUTO_KEY  -  - QwertyTeste "Tendo eu rep"
14:50:11.375 "e" CHAR_e CHAR  -  - QwertyTeste "Tendo eu rep"
14:50:12.031 "" LEFT_MOUSE_DOWN_KEY TEXT_KEY_SELECTION_t 5.0.6 536.546 QwertyTeste "Tendo eu repe"
14:50:12.031 "" KEY_DOWN_T AUTO_KEY  -  - QwertyTeste "Tendo eu repe"
14:50:12.031 "t" CHAR_t CHAR  -  - QwertyTeste "Tendo eu repe"
14:50:12.687 "" LEFT_MOUSE_DOWN_KEY TEXT_KEY_SELECTION_i 5.0.9 780.546 QwertyTeste "Tendo eu repet"
14:50:12.687 "" KEY_DOWN_I AUTO_KEY  -  - QwertyTeste "Tendo eu repet"
14:50:12.687 "i" CHAR_i CHAR  -  - QwertyTeste "Tendo eu repet"
14:50:13.812 "" LEFT_MOUSE_DOWN_KEY TEXT_KEY_SELECTION_d 6.0.4 368.593 QwertyTeste "Tendo eu repeti"
14:50:13.984 "" KEY_DOWN_D AUTO_KEY  -  - QwertyTeste "Tendo eu repeti"
14:50:13.984 "d" CHAR_d CHAR  -  - QwertyTeste "Tendo eu repeti"
14:50:15.328 "" LEFT_MOUSE_DOWN_KEY TEXT_KEY_SELECTION_o 5.0.10 859.546 QwertyTeste "Tendo eu repetid"
14:50:15.484 "" KEY_DOWN_O AUTO_KEY  -  - QwertyTeste "Tendo eu repetid"
14:50:15.484 "o" CHAR_o CHAR  -  - QwertyTeste "Tendo eu repetid"
14:50:17.625 "" LEFT_MOUSE_DOWN_KEY TEXT_KEY_SELECTION_Space 4.0.1 111.499 QwertyTeste "Tendo eu repetido"
14:50:17.640 "" KEY_DOWN_BARRA_DE_ESPAÇOS AUTO_KEY  -  - QwertyTeste "Tendo eu repetido"
14:50:17.640 " " CHAR_ESPAÇO CHAR  -  - QwertyTeste "Tendo eu repetido"
14:50:17.640 "" NEW_WORD WORD_repetido  -  - QwertyTeste "Tendo eu repetido "
14:50:18.578 "" LEFT_MOUSE_DOWN_KEY TEXT_KEY_SELECTION_n 7.0.7 622.640 QwertyTeste "Tendo eu repetido "
14:50:18.734 "" KEY_DOWN_N AUTO_KEY  -  - QwertyTeste "Tendo eu repetido "
14:50:18.734 "n" CHAR_n CHAR  -  - QwertyTeste "Tendo eu repetido "
14:50:19.656 "" LEFT_MOUSE_DOWN_KEY TEXT_KEY_SELECTION_a 6.0.2 204.593 QwertyTeste "Tendo eu repetido n"
14:50:19.812 "" KEY_DOWN_A AUTO_KEY  -  - QwertyTeste "Tendo eu repetido n"
14:50:19.812 "a" CHAR_a CHAR  -  - QwertyTeste "Tendo eu repetido n"
14:50:20.906 "" LEFT_MOUSE_DOWN_KEY TEXT_KEY_SELECTION_Space 4.0.1 111.499 QwertyTeste "Tendo eu repetido na"
14:50:20.906 "" KEY_DOWN_BARRA_DE_ESPAÇOS AUTO_KEY  -  - QwertyTeste "Tendo eu repetido na"
14:50:20.906 " " CHAR_ESPAÇO CHAR  -  - QwertyTeste "Tendo eu repetido na"
14:50:20.906 "" NEW_WORD WORD_na  -  - QwertyTeste "Tendo eu repetido na "
14:50:22.390 "" LEFT_MOUSE_DOWN_KEY TEXT_KEY_SELECTION_p 5.0.11 942.546 QwertyTeste "Tendo eu repetido na "
14:50:22.421 "" KEY_DOWN_P AUTO_KEY  -  - QwertyTeste "Tendo eu repetido na "
14:50:22.421 "p" CHAR_p CHAR  -  - QwertyTeste "Tendo eu repetido na "
14:50:23.296 "" LEFT_MOUSE_DOWN_KEY TEXT_KEY_SELECTION_r 5.0.5 454.546 QwertyTeste "Tendo eu repetido na p"
14:50:23.312 "" KEY_DOWN_R AUTO_KEY  -  - QwertyTeste "Tendo eu repetido na p"
14:50:23.312 "r" CHAR_r CHAR  -  - QwertyTeste "Tendo eu repetido na p"
14:50:24.171 "" LEFT_MOUSE_DOWN_KEY TEXT_KEY_SELECTION_i 5.0.9 780.546 QwertyTeste "Tendo eu repetido na pr"
14:50:24.171 "" KEY_DOWN_I AUTO_KEY  -  - QwertyTeste "Tendo eu repetido na pr"
14:50:24.171 "i" CHAR_i CHAR  -  - QwertyTeste "Tendo eu repetido na pr"
14:50:25.625 "" LEFT_MOUSE_DOWN_KEY TEXT_KEY_SELECTION_m 7.0.8 708.640 QwertyTeste "Tendo eu repetido na pri"
14:50:25.656 "" KEY_DOWN_M AUTO_KEY  -  - QwertyTeste "Tendo eu repetido na pri"
14:50:25.656 "m" CHAR_m CHAR  -  - QwertyTeste "Tendo eu repetido na pri"
14:50:27.109 "" LEFT_MOUSE_DOWN_KEY TEXT_KEY_SELECTION_´ 8.0.6 404.687 QwertyTeste "Tendo eu repetido na prim"
14:50:27.109 "" KEY_DOWN_AGUDO AUTO_KEY  -  - QwertyTeste "Tendo eu repetido na prim"
14:50:27.875 "" LEFT_MOUSE_DOWN_KEY TEXT_KEY_SELECTION_a 6.0.2 204.593 QwertyTeste "Tendo eu repetido na prim"
14:50:27.875 "" KEY_DOWN_A AUTO_KEY  -  - QwertyTeste "Tendo eu repetido na prim"
14:50:27.875 "á" CHAR_á CHAR  -  - QwertyTeste "Tendo eu repetido na prim"
14:50:29.562 "" LEFT_MOUSE_DOWN_KEY TEXT_KEY_SELECTION_r 5.0.5 454.546 QwertyTeste "Tendo eu repetido na primá"
14:50:29.562 "" KEY_DOWN_R AUTO_KEY  -  - QwertyTeste "Tendo eu repetido na primá"
14:50:29.562 "r" CHAR_r CHAR  -  - QwertyTeste "Tendo eu repetido na primá"
14:50:30.328 "" LEFT_MOUSE_DOWN_KEY TEXT_KEY_SELECTION_i 5.0.9 780.546 QwertyTeste "Tendo eu repetido na primár"
14:50:30.437 "" KEY_DOWN_I AUTO_KEY  -  - QwertyTeste "Tendo eu repetido na primár"
14:50:30.437 "i" CHAR_i CHAR  -  - QwertyTeste "Tendo eu repetido na primár"
14:50:32.171 "" LEFT_MOUSE_DOWN_KEY TEXT_KEY_SELECTION_a 6.0.2 204.593 QwertyTeste "Tendo eu repetido na primári"
14:50:32.171 "" KEY_DOWN_A AUTO_KEY  -  - QwertyTeste "Tendo eu repetido na primári"
14:50:32.171 "a" CHAR_a CHAR  -  - QwertyTeste "Tendo eu repetido na primári"
14:50:33.140 "" LEFT_MOUSE_DOWN_KEY TEXT_KEY_SELECTION_Space 4.0.1 111.499 QwertyTeste "Tendo eu repetido na primária"
14:50:33.234 "" KEY_DOWN_BARRA_DE_ESPAÇOS AUTO_KEY  -  - QwertyTeste "Tendo eu repetido na primária"
14:50:33.234 " " CHAR_ESPAÇO CHAR  -  - QwertyTeste "Tendo eu repetido na primária"
14:50:33.234 "" NEW_WORD WORD_primária  -  - QwertyTeste "Tendo eu repetido na primária "
14:50:34.125 "" LEFT_MOUSE_DOWN_KEY TEXT_KEY_SELECTION_2 4.0.3 286.499 QwertyTeste "Tendo eu repetido na primária "
14:50:34.281 "" KEY_DOWN_2 AUTO_KEY  -  - QwertyTeste "Tendo eu repetido na primária "
14:50:34.281 "2" CHAR_2 CHAR  -  - QwertyTeste "Tendo eu repetido na primária "
14:50:34.968 "" LEFT_MOUSE_DOWN_KEY TEXT_KEY_SELECTION_Space 4.0.1 111.499 QwertyTeste "Tendo eu repetido na primária 2"
14:50:34.968 "" KEY_DOWN_BARRA_DE_ESPAÇOS AUTO_KEY  -  - QwertyTeste "Tendo eu repetido na primária 2"
14:50:34.968 " " CHAR_ESPAÇO CHAR  -  - QwertyTeste "Tendo eu repetido na primária 2"
14:50:34.968 "" NEW_WORD WORD_2  -  - QwertyTeste "Tendo eu repetido na primária 2 "
14:50:35.625 "" LEFT_MOUSE_DOWN_KEY TEXT_KEY_SELECTION_a 6.0.2 204.593 QwertyTeste "Tendo eu repetido na primária 2 "
14:50:35.625 "" KEY_DOWN_A AUTO_KEY  -  - QwertyTeste "Tendo eu repetido na primária 2 "
14:50:35.625 "a" CHAR_a CHAR  -  - QwertyTeste "Tendo eu repetido na primária 2 "
14:50:36.343 "" LEFT_MOUSE_DOWN_KEY TEXT_KEY_SELECTION_n 7.0.7 622.640 QwertyTeste "Tendo eu repetido na primária 2 a"
14:50:36.500 "" KEY_DOWN_N AUTO_KEY  -  - QwertyTeste "Tendo eu repetido na primária 2 a"
14:50:36.500 "n" CHAR_n CHAR  -  - QwertyTeste "Tendo eu repetido na primária 2 a"
14:50:37.343 "" LEFT_MOUSE_DOWN_KEY TEXT_KEY_SELECTION_o 5.0.10 859.546 QwertyTeste "Tendo eu repetido na primária 2 an"
14:50:37.359 "" KEY_DOWN_O AUTO_KEY  -  - QwertyTeste "Tendo eu repetido na primária 2 an"
14:50:37.359 "o" CHAR_o CHAR  -  - QwertyTeste "Tendo eu repetido na primária 2 an"
14:50:38.171 "" LEFT_MOUSE_DOWN_KEY TEXT_KEY_SELECTION_s 6.0.3 286.593 QwertyTeste "Tendo eu repetido na primária 2 ano"
14:50:38.250 "" KEY_DOWN_S AUTO_KEY  -  - QwertyTeste "Tendo eu repetido na primária 2 ano"
14:50:38.250 "s" CHAR_s CHAR  -  - QwertyTeste "Tendo eu repetido na primária 2 ano"
14:50:39.796 "" LEFT_MOUSE_DOWN_KEY TEXT_KEY_SELECTION_. 7.0.10 867.640 QwertyTeste "Tendo eu repetido na primária 2 anos"
14:50:39.812 "" KEY_DOWN_. AUTO_KEY  -  - QwertyTeste "Tendo eu repetido na primária 2 anos"
14:50:39.812 "." CHAR_. CHAR  -  - QwertyTeste "Tendo eu repetido na primária 2 anos"
14:50:39.812 "" NEW_WORD WORD_anos  -  - QwertyTeste "Tendo eu repetido na primária 2 anos."
14:50:39.812 "" NEW_SENTENCE SENTENCE_Tendo_eu_repetido_na_primária_2_anos.  -  - QwertyTeste "Tendo eu repetido na primária 2 anos."
14:50:42.031 "" LEFT_MOUSE_DOWN_KEY TEXT_KEY_SELECTION_Space 4.0.1 111.499 QwertyTeste "Tendo eu repetido na primária 2 anos."
14:50:42.031 "" KEY_DOWN_BARRA_DE_ESPAÇOS AUTO_KEY  -  - QwertyTeste "Tendo eu repetido na primária 2 anos."
14:50:42.031 " " CHAR_ESPAÇO CHAR  -  - QwertyTeste "Tendo eu repetido na primária 2 anos."
14:50:44.375 "" LEFT_MOUSE_DOWN_KEY TEXT_KEY_SELECTION_CapsLock 8.0.1 101.687 QwertyTeste ""
14:50:44.375 "" KEY_DOWN_CAPSLOCK AUTO_KEY  -  - QwertyTeste ""
14:50:45.734 "" LEFT_MOUSE_DOWN_KEY TEXT_KEY_SELECTION_a 6.0.2 204.593 QwertyTeste ""
14:50:45.890 "" KEY_DOWN_A AUTO_KEY  -  - QwertyTeste ""
14:50:45.890 "A" CHAR_A CHAR  -  - QwertyTeste ""
14:50:47.546 "" LEFT_MOUSE_DOWN_KEY TEXT_KEY_SELECTION_CapsLock 8.0.1 101.687 QwertyTeste "A"
14:50:47.546 "" KEY_DOWN_CAPSLOCK AUTO_KEY  -  - QwertyTeste "A"
14:50:51.093 "" LEFT_MOUSE_DOWN_KEY TEXT_KEY_SELECTION_Space 4.0.1 111.499 QwertyTeste "A"
14:50:51.218 "" KEY_DOWN_BARRA_DE_ESPAÇOS AUTO_KEY  -  - QwertyTeste "A"
14:50:51.218 " " CHAR_ESPAÇO CHAR  -  - QwertyTeste "A"
14:50:51.218 "" NEW_WORD WORD_A  -  - QwertyTeste "A "
14:50:53.078 "" LEFT_MOUSE_DOWN_KEY TEXT_KEY_SELECTION_p 5.0.11 942.546 QwertyTeste "A "
14:50:53.218 "" KEY_DOWN_P AUTO_KEY  -  - QwertyTeste "A "
14:50:53.218 "p" CHAR_p CHAR  -  - QwertyTeste "A "
14:50:53.953 "" LEFT_MOUSE_DOWN_KEY TEXT_KEY_SELECTION_r 5.0.5 454.546 QwertyTeste "A p"
14:50:54.109 "" KEY_DOWN_R AUTO_KEY  -  - QwertyTeste "A p"
14:50:54.109 "r" CHAR_r CHAR  -  - QwertyTeste "A p"
14:50:54.765 "" LEFT_MOUSE_DOWN_KEY TEXT_KEY_SELECTION_i 5.0.9 780.546 QwertyTeste "A pr"
14:50:54.765 "" KEY_DOWN_I AUTO_KEY  -  - QwertyTeste "A pr"
14:50:54.765 "i" CHAR_i CHAR  -  - QwertyTeste "A pr"
14:50:55.421 "" LEFT_MOUSE_DOWN_KEY TEXT_KEY_SELECTION_m 7.0.8 708.640 QwertyTeste "A pri"
14:50:55.421 "" KEY_DOWN_M AUTO_KEY  -  - QwertyTeste "A pri"
14:50:55.421 "m" CHAR_m CHAR  -  - QwertyTeste "A pri"
14:50:56.281 "" LEFT_MOUSE_DOWN_KEY TEXT_KEY_SELECTION_a 6.0.2 204.593 QwertyTeste "A prim"
14:50:56.281 "" KEY_DOWN_A AUTO_KEY  -  - QwertyTeste "A prim"
14:50:56.281 "a" CHAR_a CHAR  -  - QwertyTeste "A prim"
14:50:57.171 "" LEFT_MOUSE_DOWN_KEY TEXT_KEY_SELECTION_Space 4.0.1 111.499 QwertyTeste "A prima"
14:50:57.359 "" KEY_DOWN_BARRA_DE_ESPAÇOS AUTO_KEY  -  - QwertyTeste "A prima"
14:50:57.359 " " CHAR_ESPAÇO CHAR  -  - QwertyTeste "A prima"
14:50:57.359 "" NEW_WORD WORD_prima  -  - QwertyTeste "A prima "
14:51:00.890 "" LEFT_MOUSE_DOWN_KEY TEXT_KEY_SELECTION_CapsLock 8.0.1 101.687 QwertyTeste "A prima "
14:51:00.890 "" KEY_DOWN_CAPSLOCK AUTO_KEY  -  - QwertyTeste "A prima "
14:51:01.734 "" LEFT_MOUSE_DOWN_KEY TEXT_KEY_SELECTION_m 7.0.8 708.640 QwertyTeste "A prima "
14:51:01.734 "" KEY_DOWN_M AUTO_KEY  -  - QwertyTeste "A prima "
14:51:01.734 "M" CHAR_M CHAR  -  - QwertyTeste "A prima "
14:51:02.859 "" LEFT_MOUSE_DOWN_KEY TEXT_KEY_SELECTION_CapsLock 8.0.1 101.687 QwertyTeste "A prima M"
14:51:02.859 "" KEY_DOWN_CAPSLOCK AUTO_KEY  -  - QwertyTeste "A prima M"
14:51:03.687 "" LEFT_MOUSE_DOWN_KEY TEXT_KEY_SELECTION_a 6.0.2 204.593 QwertyTeste "A prima M"
14:51:03.687 "" KEY_DOWN_A AUTO_KEY  -  - QwertyTeste "A prima M"
14:51:03.687 "a" CHAR_a CHAR  -  - QwertyTeste "A prima M"
14:51:04.343 "" LEFT_MOUSE_DOWN_KEY TEXT_KEY_SELECTION_r 5.0.5 454.546 QwertyTeste "A prima Ma"
14:51:04.343 "" KEY_DOWN_R AUTO_KEY  -  - QwertyTeste "A prima Ma"
14:51:04.343 "r" CHAR_r CHAR  -  - QwertyTeste "A prima Ma"
14:51:05.203 "" LEFT_MOUSE_DOWN_KEY TEXT_KEY_SELECTION_g 6.0.6 531.593 QwertyTeste "A prima Mar"
14:51:05.203 "" KEY_DOWN_G AUTO_KEY  -  - QwertyTeste "A prima Mar"
14:51:05.203 "g" CHAR_g CHAR  -  - QwertyTeste "A prima Mar"
14:51:05.875 "" LEFT_MOUSE_DOWN_KEY TEXT_KEY_SELECTION_a 6.0.2 204.593 QwertyTeste "A prima Marg"
14:51:05.875 "" KEY_DOWN_A AUTO_KEY  -  - QwertyTeste "A prima Marg"
14:51:05.875 "a" CHAR_a CHAR  -  - QwertyTeste "A prima Marg"
14:51:06.625 "" LEFT_MOUSE_DOWN_KEY TEXT_KEY_SELECTION_r 5.0.5 454.546 QwertyTeste "A prima Marga"
14:51:06.750 "" KEY_DOWN_R AUTO_KEY  -  - QwertyTeste "A prima Marga"
14:51:06.750 "r" CHAR_r CHAR  -  - QwertyTeste "A prima Marga"
14:51:07.406 "" LEFT_MOUSE_DOWN_KEY TEXT_KEY_SELECTION_i 5.0.9 780.546 QwertyTeste "A prima Margar"
14:51:07.406 "" KEY_DOWN_I AUTO_KEY  -  - QwertyTeste "A prima Margar"
14:51:07.406 "i" CHAR_i CHAR  -  - QwertyTeste "A prima Margar"
14:51:08.250 "" LEFT_MOUSE_DOWN_KEY TEXT_KEY_SELECTION_d 6.0.4 368.593 QwertyTeste "A prima Margari"
14:51:08.250 "" KEY_DOWN_D AUTO_KEY  -  - QwertyTeste "A prima Margari"
14:51:08.250 "d" CHAR_d CHAR  -  - QwertyTeste "A prima Margari"
14:51:10.000 "" LEFT_MOUSE_DOWN_KEY TEXT_KEY_SELECTION_a 6.0.2 204.593 QwertyTeste "A prima Margarid"
14:51:10.015 "" KEY_DOWN_A AUTO_KEY  -  - QwertyTeste "A prima Margarid"
14:51:10.015 "a" CHAR_a CHAR  -  - QwertyTeste "A prima Margarid"
14:51:11.468 "" LEFT_MOUSE_DOWN_KEY TEXT_KEY_SELECTION_Space 4.0.1 111.499 QwertyTeste "A prima Margarida"
14:51:11.468 "" KEY_DOWN_BARRA_DE_ESPAÇOS AUTO_KEY  -  - QwertyTeste "A prima Margarida"
14:51:11.468 " " CHAR_ESPAÇO CHAR  -  - QwertyTeste "A prima Margarida"
14:51:11.468 "" NEW_WORD WORD_Margarida  -  - QwertyTeste "A prima Margarida "
14:51:12.593 "" LEFT_MOUSE_DOWN_KEY TEXT_KEY_SELECTION_d 6.0.4 368.593 QwertyTeste "A prima Margarida "
14:51:12.781 "" KEY_DOWN_D AUTO_KEY  -  - QwertyTeste "A prima Margarida "
14:51:12.781 "d" CHAR_d CHAR  -  - QwertyTeste "A prima Margarida "
14:51:15.234 "" LEFT_MOUSE_DOWN_KEY TEXT_KEY_SELECTION_´ 8.0.6 404.687 QwertyTeste "A prima Margarida d"
14:51:15.234 "" KEY_DOWN_AGUDO AUTO_KEY  -  - QwertyTeste "A prima Margarida d"
14:51:15.859 "" LEFT_MOUSE_DOWN_KEY TEXT_KEY_SELECTION_a 6.0.2 204.593 QwertyTeste "A prima Margarida d"
14:51:15.859 "" KEY_DOWN_A AUTO_KEY  -  - QwertyTeste "A prima Margarida d"
14:51:15.859 "á" CHAR_á CHAR  -  - QwertyTeste "A prima Margarida d"
14:51:19.625 "" LEFT_MOUSE_DOWN_KEY TEXT_KEY_SELECTION_- 7.0.11 944.640 QwertyTeste "A prima Margarida dá"
14:51:19.703 "" KEY_DOWN_- AUTO_KEY  -  - QwertyTeste "A prima Margarida dá"
14:51:19.703 "-" CHAR_- CHAR  -  - QwertyTeste "A prima Margarida dá"
14:51:20.734 "" LEFT_MOUSE_DOWN_KEY TEXT_KEY_SELECTION_m 7.0.8 708.640 QwertyTeste "A prima Margarida dá-"
14:51:20.750 "" KEY_DOWN_M AUTO_KEY  -  - QwertyTeste "A prima Margarida dá-"
14:51:20.750 "m" CHAR_m CHAR  -  - QwertyTeste "A prima Margarida dá-"
14:51:21.921 "" LEFT_MOUSE_DOWN_KEY TEXT_KEY_SELECTION_a 6.0.2 204.593 QwertyTeste "A prima Margarida dá-m"
14:51:22.078 "" KEY_DOWN_A AUTO_KEY  -  - QwertyTeste "A prima Margarida dá-m"
14:51:22.078 "a" CHAR_a CHAR  -  - QwertyTeste "A prima Margarida dá-m"
14:51:24.250 "" LEFT_MOUSE_DOWN_KEY TEXT_KEY_SELECTION_. 7.0.10 867.640 QwertyTeste "A prima Margarida dá-ma"
14:51:24.250 "" KEY_DOWN_. AUTO_KEY  -  - QwertyTeste "A prima Margarida dá-ma"
14:51:24.250 "." CHAR_. CHAR  -  - QwertyTeste "A prima Margarida dá-ma"
14:51:24.250 "" NEW_WORD WORD_dá-ma  -  - QwertyTeste "A prima Margarida dá-ma."
14:51:24.250 "" NEW_SENTENCE SENTENCE_A_prima_Margarida_dá-ma.  -  - QwertyTeste "A prima Margarida dá-ma."
14:51:25.843 "" LEFT_MOUSE_DOWN_KEY TEXT_KEY_SELECTION_Space 4.0.1 111.499 QwertyTeste "A prima Margarida dá-ma."
14:51:25.843 "" KEY_DOWN_BARRA_DE_ESPAÇOS AUTO_KEY  -  - QwertyTeste "A prima Margarida dá-ma."
14:51:25.843 " " CHAR_ESPAÇO CHAR  -  - QwertyTeste "A prima Margarida dá-ma."
14:51:27.140 "" LEFT_MOUSE_DOWN_KEY TEXT_KEY_SELECTION_CapsLock 8.0.1 101.687 QwertyTeste ""
14:51:27.140 "" KEY_DOWN_CAPSLOCK AUTO_KEY  -  - QwertyTeste ""
14:51:31.406 "" LEFT_MOUSE_DOWN_KEY TEXT_KEY_SELECTION_o 5.0.10 859.546 QwertyTeste ""
14:51:31.500 "" KEY_DOWN_O AUTO_KEY  -  - QwertyTeste ""
14:51:31.500 "O" CHAR_O CHAR  -  - QwertyTeste ""
14:51:33.531 "" LEFT_MOUSE_DOWN_KEY TEXT_KEY_SELECTION_Space 4.0.1 111.499 QwertyTeste "O"
14:51:33.671 "" KEY_DOWN_BARRA_DE_ESPAÇOS AUTO_KEY  -  - QwertyTeste "O"
14:51:33.671 " " CHAR_ESPAÇO CHAR  -  - QwertyTeste "O"
14:51:33.671 "" NEW_WORD WORD_O  -  - QwertyTeste "O "
14:51:35.671 "" LEFT_MOUSE_DOWN_KEY TEXT_KEY_SELECTION_h 6.0.7 614.593 QwertyTeste "O "
14:51:36.031 "" KEY_DOWN_H AUTO_KEY  -  - QwertyTeste "O "
14:51:36.031 "H" CHAR_H CHAR  -  - QwertyTeste "O "
14:51:37.250 "" LEFT_MOUSE_DOWN_KEY TEXT_KEY_SELECTION_p 5.0.11 942.546 QwertyTeste "O H"
14:51:37.359 "" KEY_DOWN_P AUTO_KEY  -  - QwertyTeste "O H"
14:51:37.359 "P" CHAR_P CHAR  -  - QwertyTeste "O H"
14:51:38.671 "" LEFT_MOUSE_DOWN_KEY TEXT_KEY_SELECTION_Space 4.0.1 111.499 QwertyTeste "O HP"
14:51:38.671 "" KEY_DOWN_BARRA_DE_ESPAÇOS AUTO_KEY  -  - QwertyTeste "O HP"
14:51:38.671 " " CHAR_ESPAÇO CHAR  -  - QwertyTeste "O HP"
14:51:38.671 "" NEW_WORD WORD_HP  -  - QwertyTeste "O HP "
14:51:39.953 "" LEFT_MOUSE_DOWN_KEY TEXT_KEY_SELECTION_CapsLock 8.0.1 101.687 QwertyTeste "O HP "
14:51:39.953 "" KEY_DOWN_CAPSLOCK AUTO_KEY  -  - QwertyTeste "O HP "
14:51:41.031 "" LEFT_MOUSE_DOWN_KEY TEXT_KEY_SELECTION_n 7.0.7 622.640 QwertyTeste "O HP "
14:51:41.046 "" KEY_DOWN_N AUTO_KEY  -  - QwertyTeste "O HP "
14:51:41.046 "n" CHAR_n CHAR  -  - QwertyTeste "O HP "
14:51:42.515 "" LEFT_MOUSE_DOWN_KEY TEXT_KEY_SELECTION_o 5.0.10 859.546 QwertyTeste "O HP n"
14:51:42.531 "" KEY_DOWN_O AUTO_KEY  -  - QwertyTeste "O HP n"
14:51:42.531 "o" CHAR_o CHAR  -  - QwertyTeste "O HP n"
14:51:43.656 "" LEFT_MOUSE_DOWN_KEY TEXT_KEY_SELECTION_v 7.0.5 454.640 QwertyTeste "O HP no"
14:51:43.843 "" KEY_DOWN_V AUTO_KEY  -  - QwertyTeste "O HP no"
14:51:43.843 "v" CHAR_v CHAR  -  - QwertyTeste "O HP no"
14:51:44.531 "" LEFT_MOUSE_DOWN_KEY TEXT_KEY_SELECTION_o 5.0.10 859.546 QwertyTeste "O HP nov"
14:51:44.531 "" KEY_DOWN_O AUTO_KEY  -  - QwertyTeste "O HP nov"
14:51:44.531 "o" CHAR_o CHAR  -  - QwertyTeste "O HP nov"
14:51:46.078 "" LEFT_MOUSE_DOWN_KEY TEXT_KEY_SELECTION_. 7.0.10 867.640 QwertyTeste "O HP novo"
14:51:46.203 "" KEY_DOWN_. AUTO_KEY  -  - QwertyTeste "O HP novo"
14:51:46.203 "." CHAR_. CHAR  -  - QwertyTeste "O HP novo"
14:51:46.203 "" NEW_WORD WORD_novo  -  - QwertyTeste "O HP novo."
14:51:46.203 "" NEW_SENTENCE SENTENCE_O_HP_novo.  -  - QwertyTeste "O HP novo."
14:51:48.750 "" LEFT_MOUSE_DOWN_KEY TEXT_KEY_SELECTION_Space 4.0.1 111.499 QwertyTeste "O HP novo."
14:51:48.750 "" KEY_DOWN_BARRA_DE_ESPAÇOS AUTO_KEY  -  - QwertyTeste "O HP novo."
14:51:48.750 " " CHAR_ESPAÇO CHAR  -  - QwertyTeste "O HP novo."
14:51:50.328 "" LEFT_MOUSE_DOWN_KEY TEXT_KEY_SELECTION_CapsLock 8.0.1 101.687 QwertyTeste ""
14:51:50.328 "" KEY_DOWN_CAPSLOCK AUTO_KEY  -  - QwertyTeste ""
14:51:51.578 "" LEFT_MOUSE_DOWN_KEY TEXT_KEY_SELECTION_r 5.0.5 454.546 QwertyTeste ""
14:51:51.578 "" KEY_DOWN_R AUTO_KEY  -  - QwertyTeste ""
14:51:51.578 "R" CHAR_R CHAR  -  - QwertyTeste ""
14:51:52.890 "" LEFT_MOUSE_DOWN_KEY TEXT_KEY_SELECTION_CapsLock 8.0.1 101.687 QwertyTeste "R"
14:51:52.890 "" KEY_DOWN_CAPSLOCK AUTO_KEY  -  - QwertyTeste "R"
14:51:53.578 "" LEFT_MOUSE_DOWN_KEY TEXT_KEY_SELECTION_e 5.0.4 372.546 QwertyTeste "R"
14:51:53.578 "" KEY_DOWN_E AUTO_KEY  -  - QwertyTeste "R"
14:51:53.578 "e" CHAR_e CHAR  -  - QwertyTeste "R"
14:51:54.453 "" LEFT_MOUSE_DOWN_KEY TEXT_KEY_SELECTION_c 7.0.4 370.640 QwertyTeste "Re"
14:51:54.625 "" KEY_DOWN_C AUTO_KEY  -  - QwertyTeste "Re"
14:51:54.625 "c" CHAR_c CHAR  -  - QwertyTeste "Re"
14:51:55.609 "" LEFT_MOUSE_DOWN_KEY TEXT_KEY_SELECTION_e 5.0.4 372.546 QwertyTeste "Rec"
14:51:55.703 "" KEY_DOWN_E AUTO_KEY  -  - QwertyTeste "Rec"
14:51:55.703 "e" CHAR_e CHAR  -  - QwertyTeste "Rec"
14:51:56.640 "" LEFT_MOUSE_DOWN_KEY TEXT_KEY_SELECTION_b 7.0.6 538.640 QwertyTeste "Rece"
14:51:56.796 "" KEY_DOWN_B AUTO_KEY  -  - QwertyTeste "Rece"
14:51:56.796 "b" CHAR_b CHAR  -  - QwertyTeste "Rece"
14:51:58.156 "" LEFT_MOUSE_DOWN_KEY TEXT_KEY_SELECTION_u 5.0.8 700.546 QwertyTeste "Receb"
14:51:58.312 "" KEY_DOWN_U AUTO_KEY  -  - QwertyTeste "Receb"
14:51:58.312 "u" CHAR_u CHAR  -  - QwertyTeste "Receb"
14:52:00.218 "" LEFT_MOUSE_DOWN_KEY TEXT_KEY_SELECTION_Space 4.0.1 111.499 QwertyTeste "Recebu"
14:52:00.218 "" KEY_DOWN_BARRA_DE_ESPAÇOS AUTO_KEY  -  - QwertyTeste "Recebu"
14:52:00.218 " " CHAR_ESPAÇO CHAR  -  - QwertyTeste "Recebu"
14:52:00.218 "" NEW_WORD WORD_Recebu  -  - QwertyTeste "Recebu "
14:52:00.921 "" LEFT_MOUSE_DOWN_KEY TEXT_KEY_SELECTION_o 5.0.10 859.546 QwertyTeste "Recebu "
14:52:00.937 "" KEY_DOWN_O AUTO_KEY  -  - QwertyTeste "Recebu "
14:52:00.937 "o" CHAR_o CHAR  -  - QwertyTeste "Recebu "
14:52:02.109 "" LEFT_MOUSE_DOWN_KEY TEXT_KEY_SELECTION_Space 4.0.1 111.499 QwertyTeste "Recebu o"
14:52:02.250 "" KEY_DOWN_BARRA_DE_ESPAÇOS AUTO_KEY  -  - QwertyTeste "Recebu o"
14:52:02.250 " " CHAR_ESPAÇO CHAR  -  - QwertyTeste "Recebu o"
14:52:02.250 "" NEW_WORD WORD_o  -  - QwertyTeste "Recebu o "
14:52:05.515 "" LEFT_MOUSE_DOWN_KEY TEXT_KEY_SELECTION_CapsLock 8.0.1 101.687 QwertyTeste "Recebu o "
14:52:05.515 "" KEY_DOWN_CAPSLOCK AUTO_KEY  -  - QwertyTeste "Recebu o "
14:52:06.671 "" LEFT_MOUSE_DOWN_KEY TEXT_KEY_SELECTION_p 5.0.11 942.546 QwertyTeste "Recebu o "
14:52:06.875 "" KEY_DOWN_P AUTO_KEY  -  - QwertyTeste "Recebu o "
14:52:06.875 "P" CHAR_P CHAR  -  - QwertyTeste "Recebu o "
14:52:08.281 "" LEFT_MOUSE_DOWN_KEY TEXT_KEY_SELECTION_c 7.0.4 370.640 QwertyTeste "Recebu o P"
14:52:08.390 "" KEY_DOWN_C AUTO_KEY  -  - QwertyTeste "Recebu o P"
14:52:08.390 "C" CHAR_C CHAR  -  - QwertyTeste "Recebu o P"
14:52:09.406 "" LEFT_MOUSE_DOWN_KEY TEXT_KEY_SELECTION_CapsLock 8.0.1 101.687 QwertyTeste "Recebu o PC"
14:52:09.406 "" KEY_DOWN_CAPSLOCK AUTO_KEY  -  - QwertyTeste "Recebu o PC"
14:52:11.546 "" LEFT_MOUSE_DOWN_KEY TEXT_KEY_SELECTION_Space 4.0.1 111.499 QwertyTeste "Recebu o PC"
14:52:11.609 "" KEY_DOWN_BARRA_DE_ESPAÇOS AUTO_KEY  -  - QwertyTeste "Recebu o PC"
14:52:11.609 " " CHAR_ESPAÇO CHAR  -  - QwertyTeste "Recebu o PC"
14:52:11.609 "" NEW_WORD WORD_PC  -  - QwertyTeste "Recebu o PC "
14:52:12.640 "" LEFT_MOUSE_DOWN_KEY TEXT_KEY_SELECTION_d 6.0.4 368.593 QwertyTeste "Recebu o PC "
14:52:12.640 "" KEY_DOWN_D AUTO_KEY  -  - QwertyTeste "Recebu o PC "
14:52:12.640 "d" CHAR_d CHAR  -  - QwertyTeste "Recebu o PC "
14:52:13.578 "" LEFT_MOUSE_DOWN_KEY TEXT_KEY_SELECTION_a 6.0.2 204.593 QwertyTeste "Recebu o PC d"
14:52:13.578 "" KEY_DOWN_A AUTO_KEY  -  - QwertyTeste "Recebu o PC d"
14:52:13.578 "a" CHAR_a CHAR  -  - QwertyTeste "Recebu o PC d"
14:52:16.562 "" LEFT_MOUSE_DOWN_KEY TEXT_KEY_SELECTION_Space 4.0.1 111.499 QwertyTeste "Recebu o PC da"
14:52:16.593 "" KEY_DOWN_BARRA_DE_ESPAÇOS AUTO_KEY  -  - QwertyTeste "Recebu o PC da"
14:52:16.593 " " CHAR_ESPAÇO CHAR  -  - QwertyTeste "Recebu o PC da"
14:52:16.593 "" NEW_WORD WORD_da  -  - QwertyTeste "Recebu o PC da "
14:52:17.875 "" LEFT_MOUSE_DOWN_KEY TEXT_KEY_SELECTION_CapsLock 8.0.1 101.687 QwertyTeste "Recebu o PC da "
14:52:17.875 "" KEY_DOWN_CAPSLOCK AUTO_KEY  -  - QwertyTeste "Recebu o PC da "
14:52:19.000 "" LEFT_MOUSE_DOWN_KEY TEXT_KEY_SELECTION_t 5.0.6 536.546 QwertyTeste "Recebu o PC da "
14:52:19.000 "" KEY_DOWN_T AUTO_KEY  -  - QwertyTeste "Recebu o PC da "
14:52:19.000 "T" CHAR_T CHAR  -  - QwertyTeste "Recebu o PC da "
14:52:20.718 "" LEFT_MOUSE_DOWN_KEY TEXT_KEY_SELECTION_CapsLock 8.0.1 101.687 QwertyTeste "Recebu o PC da T"
14:52:20.718 "" KEY_DOWN_CAPSLOCK AUTO_KEY  -  - QwertyTeste "Recebu o PC da T"
14:52:21.812 "" LEFT_MOUSE_DOWN_KEY TEXT_KEY_SELECTION_o 5.0.10 859.546 QwertyTeste "Recebu o PC da T"
14:52:21.812 "" KEY_DOWN_O AUTO_KEY  -  - QwertyTeste "Recebu o PC da T"
14:52:21.812 "o" CHAR_o CHAR  -  - QwertyTeste "Recebu o PC da T"
14:52:23.015 "" LEFT_MOUSE_DOWN_KEY TEXT_KEY_SELECTION_s 6.0.3 286.593 QwertyTeste "Recebu o PC da To"
14:52:23.140 "" KEY_DOWN_S AUTO_KEY  -  - QwertyTeste "Recebu o PC da To"
14:52:23.140 "s" CHAR_s CHAR  -  - QwertyTeste "Recebu o PC da To"
14:52:24.859 "" LEFT_MOUSE_DOWN_KEY TEXT_KEY_SELECTION_h 6.0.7 614.593 QwertyTeste "Recebu o PC da Tos"
14:52:24.859 "" KEY_DOWN_H AUTO_KEY  -  - QwertyTeste "Recebu o PC da Tos"
14:52:24.859 "h" CHAR_h CHAR  -  - QwertyTeste "Recebu o PC da Tos"
14:52:26.453 "" LEFT_MOUSE_DOWN_KEY TEXT_KEY_SELECTION_i 5.0.9 780.546 QwertyTeste "Recebu o PC da Tosh"
14:52:26.609 "" KEY_DOWN_I AUTO_KEY  -  - QwertyTeste "Recebu o PC da Tosh"
14:52:26.609 "i" CHAR_i CHAR  -  - QwertyTeste "Recebu o PC da Tosh"
14:52:27.531 "" LEFT_MOUSE_DOWN_KEY TEXT_KEY_SELECTION_b 7.0.6 538.640 QwertyTeste "Recebu o PC da Toshi"
14:52:27.531 "" KEY_DOWN_B AUTO_KEY  -  - QwertyTeste "Recebu o PC da Toshi"
14:52:27.531 "b" CHAR_b CHAR  -  - QwertyTeste "Recebu o PC da Toshi"
14:52:29.687 "" LEFT_MOUSE_DOWN_KEY TEXT_KEY_SELECTION_a 6.0.2 204.593 QwertyTeste "Recebu o PC da Toshib"
14:52:29.843 "" KEY_DOWN_A AUTO_KEY  -  - QwertyTeste "Recebu o PC da Toshib"
14:52:29.843 "a" CHAR_a CHAR  -  - QwertyTeste "Recebu o PC da Toshib"
14:52:30.375 "" LEFT_MOUSE_DOWN_KEY TEXT_KEY_SELECTION_Space 4.0.1 111.499 QwertyTeste "Recebu o PC da Toshiba"
14:52:30.515 "" KEY_DOWN_BARRA_DE_ESPAÇOS AUTO_KEY  -  - QwertyTeste "Recebu o PC da Toshiba"
14:52:30.515 " " CHAR_ESPAÇO CHAR  -  - QwertyTeste "Recebu o PC da Toshiba"
14:52:30.515 "" NEW_WORD WORD_Toshiba  -  - QwertyTeste "Recebu o PC da Toshiba "
14:52:31.171 "" LEFT_MOUSE_DOWN_KEY TEXT_KEY_SELECTION_e 5.0.4 372.546 QwertyTeste "Recebu o PC da Toshiba "
14:52:31.171 "" KEY_DOWN_E AUTO_KEY  -  - QwertyTeste "Recebu o PC da Toshiba "
14:52:31.171 "e" CHAR_e CHAR  -  - QwertyTeste "Recebu o PC da Toshiba "
14:52:32.062 "" LEFT_MOUSE_DOWN_KEY TEXT_KEY_SELECTION_m 7.0.8 708.640 QwertyTeste "Recebu o PC da Toshiba e"
14:52:32.250 "" KEY_DOWN_M AUTO_KEY  -  - QwertyTeste "Recebu o PC da Toshiba e"
14:52:32.250 "m" CHAR_m CHAR  -  - QwertyTeste "Recebu o PC da Toshiba e"
14:52:32.921 "" LEFT_MOUSE_DOWN_KEY TEXT_KEY_SELECTION_Space 4.0.1 111.499 QwertyTeste "Recebu o PC da Toshiba em"
14:52:32.921 "" KEY_DOWN_BARRA_DE_ESPAÇOS AUTO_KEY  -  - QwertyTeste "Recebu o PC da Toshiba em"
14:52:32.921 " " CHAR_ESPAÇO CHAR  -  - QwertyTeste "Recebu o PC da Toshiba em"
14:52:32.921 "" NEW_WORD WORD_em  -  - QwertyTeste "Recebu o PC da Toshiba em "
14:52:33.718 "" LEFT_MOUSE_DOWN_KEY TEXT_KEY_SELECTION_CapsLock 8.0.1 101.687 QwertyTeste "Recebu o PC da Toshiba em "
14:52:33.718 "" KEY_DOWN_CAPSLOCK AUTO_KEY  -  - QwertyTeste "Recebu o PC da Toshiba em "
14:52:34.687 "" LEFT_MOUSE_DOWN_KEY TEXT_KEY_SELECTION_a 6.0.2 204.593 QwertyTeste "Recebu o PC da Toshiba em "
14:52:34.687 "" KEY_DOWN_A AUTO_KEY  -  - QwertyTeste "Recebu o PC da Toshiba em "
14:52:34.687 "A" CHAR_A CHAR  -  - QwertyTeste "Recebu o PC da Toshiba em "
14:52:35.781 "" LEFT_MOUSE_DOWN_KEY TEXT_KEY_SELECTION_CapsLock 8.0.1 101.687 QwertyTeste "Recebu o PC da Toshiba em A"
14:52:35.781 "" KEY_DOWN_CAPSLOCK AUTO_KEY  -  - QwertyTeste "Recebu o PC da Toshiba em A"
14:52:36.515 "" LEFT_MOUSE_DOWN_KEY TEXT_KEY_SELECTION_b 7.0.6 538.640 QwertyTeste "Recebu o PC da Toshiba em A"
14:52:36.671 "" KEY_DOWN_B AUTO_KEY  -  - QwertyTeste "Recebu o PC da Toshiba em A"
14:52:36.671 "b" CHAR_b CHAR  -  - QwertyTeste "Recebu o PC da Toshiba em A"
14:52:37.312 "" LEFT_MOUSE_DOWN_KEY TEXT_KEY_SELECTION_r 5.0.5 454.546 QwertyTeste "Recebu o PC da Toshiba em Ab"
14:52:37.312 "" KEY_DOWN_R AUTO_KEY  -  - QwertyTeste "Recebu o PC da Toshiba em Ab"
14:52:37.312 "r" CHAR_r CHAR  -  - QwertyTeste "Recebu o PC da Toshiba em Ab"
14:52:38.218 "" LEFT_MOUSE_DOWN_KEY TEXT_KEY_SELECTION_i 5.0.9 780.546 QwertyTeste "Recebu o PC da Toshiba em Abr"
14:52:38.218 "" KEY_DOWN_I AUTO_KEY  -  - QwertyTeste "Recebu o PC da Toshiba em Abr"
14:52:38.218 "i" CHAR_i CHAR  -  - QwertyTeste "Recebu o PC da Toshiba em Abr"
14:52:39.750 "" LEFT_MOUSE_DOWN_KEY TEXT_KEY_SELECTION_l 6.0.10 860.593 QwertyTeste "Recebu o PC da Toshiba em Abri"
14:52:39.750 "" KEY_DOWN_L AUTO_KEY  -  - QwertyTeste "Recebu o PC da Toshiba em Abri"
14:52:39.750 "l" CHAR_l CHAR  -  - QwertyTeste "Recebu o PC da Toshiba em Abri"
14:52:40.843 "" LEFT_MOUSE_DOWN_KEY TEXT_KEY_SELECTION_Space 4.0.1 111.499 QwertyTeste "Recebu o PC da Toshiba em Abril"
14:52:40.843 "" KEY_DOWN_BARRA_DE_ESPAÇOS AUTO_KEY  -  - QwertyTeste "Recebu o PC da Toshiba em Abril"
14:52:40.843 " " CHAR_ESPAÇO CHAR  -  - QwertyTeste "Recebu o PC da Toshiba em Abril"
14:52:40.843 "" NEW_WORD WORD_Abril  -  - QwertyTeste "Recebu o PC da Toshiba em Abril "
14:52:41.921 "" LEFT_MOUSE_DOWN_KEY TEXT_KEY_SELECTION_d 6.0.4 368.593 QwertyTeste "Recebu o PC da Toshiba em Abril "
14:52:41.921 "" KEY_DOWN_D AUTO_KEY  -  - QwertyTeste "Recebu o PC da Toshiba em Abril "
14:52:41.921 "d" CHAR_d CHAR  -  - QwertyTeste "Recebu o PC da Toshiba em Abril "
14:52:42.562 "" LEFT_MOUSE_DOWN_KEY TEXT_KEY_SELECTION_e 5.0.4 372.546 QwertyTeste "Recebu o PC da Toshiba em Abril d"
14:52:42.562 "" KEY_DOWN_E AUTO_KEY  -  - QwertyTeste "Recebu o PC da Toshiba em Abril d"
14:52:42.562 "e" CHAR_e CHAR  -  - QwertyTeste "Recebu o PC da Toshiba em Abril d"
14:52:44.421 "" LEFT_MOUSE_DOWN_KEY TEXT_KEY_SELECTION_Space 4.0.1 111.499 QwertyTeste "Recebu o PC da Toshiba em Abril de"
14:52:44.421 "" KEY_DOWN_BARRA_DE_ESPAÇOS AUTO_KEY  -  - QwertyTeste "Recebu o PC da Toshiba em Abril de"
14:52:44.421 " " CHAR_ESPAÇO CHAR  -  - QwertyTeste "Recebu o PC da Toshiba em Abril de"
14:52:44.421 "" NEW_WORD WORD_de  -  - QwertyTeste "Recebu o PC da Toshiba em Abril de "
14:52:46.031 "" LEFT_MOUSE_DOWN_KEY TEXT_KEY_SELECTION_2 4.0.3 286.499 QwertyTeste "Recebu o PC da Toshiba em Abril de "
14:52:46.046 "" KEY_DOWN_2 AUTO_KEY  -  - QwertyTeste "Recebu o PC da Toshiba em Abril de "
14:52:46.046 "2" CHAR_2 CHAR  -  - QwertyTeste "Recebu o PC da Toshiba em Abril de "
14:52:47.562 "" LEFT_MOUSE_DOWN_KEY TEXT_KEY_SELECTION_0 4.0.11 942.499 QwertyTeste "Recebu o PC da Toshiba em Abril de 2"
14:52:47.562 "" KEY_DOWN_0 AUTO_KEY  -  - QwertyTeste "Recebu o PC da Toshiba em Abril de 2"
14:52:47.562 "0" CHAR_0 CHAR  -  - QwertyTeste "Recebu o PC da Toshiba em Abril de 2"
14:52:47.765 "" LEFT_MOUSE_DOWN_KEY TEXT_KEY_SELECTION_0 4.0.11 942.499 QwertyTeste "Recebu o PC da Toshiba em Abril de 20"
14:52:47.781 "" KEY_DOWN_0 AUTO_KEY  -  - QwertyTeste "Recebu o PC da Toshiba em Abril de 20"
14:52:47.781 "0" CHAR_0 CHAR  -  - QwertyTeste "Recebu o PC da Toshiba em Abril de 20"
14:52:48.890 "" LEFT_MOUSE_DOWN_KEY TEXT_KEY_SELECTION_5 4.0.6 532.499 QwertyTeste "Recebu o PC da Toshiba em Abril de 200"
14:52:49.062 "" KEY_DOWN_5 AUTO_KEY  -  - QwertyTeste "Recebu o PC da Toshiba em Abril de 200"
14:52:49.062 "5" CHAR_5 CHAR  -  - QwertyTeste "Recebu o PC da Toshiba em Abril de 200"
14:52:50.593 "" LEFT_MOUSE_DOWN_KEY TEXT_KEY_SELECTION_. 7.0.10 867.640 QwertyTeste "Recebu o PC da Toshiba em Abril de 2005"
14:52:50.593 "" KEY_DOWN_. AUTO_KEY  -  - QwertyTeste "Recebu o PC da Toshiba em Abril de 2005"
14:52:50.593 "." CHAR_. CHAR  -  - QwertyTeste "Recebu o PC da Toshiba em Abril de 2005"
14:52:50.593 "" NEW_WORD WORD_2005  -  - QwertyTeste "Recebu o PC da Toshiba em Abril de 2005."
14:52:50.593 "" NEW_SENTENCE SENTENCE_Recebu_o_PC_da_Toshiba_em_Abril_de_2005.  -  - QwertyTeste "Recebu o PC da Toshiba em Abril de 2005."
14:52:52.156 "" LEFT_MOUSE_DOWN_KEY TEXT_KEY_SELECTION_Space 4.0.1 111.499 QwertyTeste "Recebu o PC da Toshiba em Abril de 2005."
14:52:52.156 "" KEY_DOWN_BARRA_DE_ESPAÇOS AUTO_KEY  -  - QwertyTeste "Recebu o PC da Toshiba em Abril de 2005."
14:52:52.156 " " CHAR_ESPAÇO CHAR  -  - QwertyTeste "Recebu o PC da Toshiba em Abril de 2005."
14:52:57.359 "" LEFT_MOUSE_DOWN_KEY TEXT_KEY_SELECTION_CapsLock 8.0.1 101.687 QwertyTeste ""
14:52:57.359 "" KEY_DOWN_CAPSLOCK AUTO_KEY  -  - QwertyTeste ""
14:52:58.468 "" LEFT_MOUSE_DOWN_KEY TEXT_KEY_SELECTION_1 4.0.2 204.499 QwertyTeste ""
14:52:58.468 "" KEY_DOWN_1 AUTO_KEY  -  - QwertyTeste ""
14:52:58.468 "1" CHAR_1 CHAR  -  - QwertyTeste ""
14:52:59.531 "" LEFT_MOUSE_DOWN_KEY TEXT_KEY_SELECTION_Space 4.0.1 111.499 QwertyTeste "1"
14:52:59.531 "" KEY_DOWN_BARRA_DE_ESPAÇOS AUTO_KEY  -  - QwertyTeste "1"
14:52:59.531 " " CHAR_ESPAÇO CHAR  -  - QwertyTeste "1"
14:52:59.531 "" NEW_WORD WORD_1  -  - QwertyTeste "1 "
14:53:00.625 "" LEFT_MOUSE_DOWN_KEY TEXT_KEY_SELECTION_j 6.0.8 696.593 QwertyTeste "1 "
14:53:00.625 "" KEY_DOWN_J AUTO_KEY  -  - QwertyTeste "1 "
14:53:00.625 "J" CHAR_J CHAR  -  - QwertyTeste "1 "
14:53:01.531 "" LEFT_MOUSE_DOWN_KEY TEXT_KEY_SELECTION_o 5.0.10 859.546 QwertyTeste "1 J"
14:53:01.921 "" KEY_DOWN_O AUTO_KEY  -  - QwertyTeste "1 J"
14:53:01.921 "O" CHAR_O CHAR  -  - QwertyTeste "1 J"
14:53:02.265 "" LEFT_MOUSE_DOWN_KEY TEXT_KEY_SELECTION_r 5.0.5 454.546 QwertyTeste "1 JO"
14:53:02.375 "" KEY_DOWN_R AUTO_KEY  -  - QwertyTeste "1 JO"
14:53:02.375 "R" CHAR_R CHAR  -  - QwertyTeste "1 JO"
14:53:03.484 "" LEFT_MOUSE_DOWN_KEY TEXT_KEY_SELECTION_n 7.0.7 622.640 QwertyTeste "1 JOR"
14:53:03.484 "" KEY_DOWN_N AUTO_KEY  -  - QwertyTeste "1 JOR"
14:53:03.484 "N" CHAR_N CHAR  -  - QwertyTeste "1 JOR"
14:53:04.359 "" LEFT_MOUSE_DOWN_KEY TEXT_KEY_SELECTION_a 6.0.2 204.593 QwertyTeste "1 JORN"
14:53:04.359 "" KEY_DOWN_A AUTO_KEY  -  - QwertyTeste "1 JORN"
14:53:04.359 "A" CHAR_A CHAR  -  - QwertyTeste "1 JORN"
14:53:05.250 "" LEFT_MOUSE_DOWN_KEY TEXT_KEY_SELECTION_l 6.0.10 860.593 QwertyTeste "1 JORNA"
14:53:05.250 "" KEY_DOWN_L AUTO_KEY  -  - QwertyTeste "1 JORNA"
14:53:05.250 "L" CHAR_L CHAR  -  - QwertyTeste "1 JORNA"
14:53:06.562 "" LEFT_MOUSE_DOWN_KEY TEXT_KEY_SELECTION_. 7.0.10 867.640 QwertyTeste "1 JORNAL"
14:53:06.718 "" KEY_DOWN_. AUTO_KEY  -  - QwertyTeste "1 JORNAL"
14:53:06.718 "." CHAR_. CHAR  -  - QwertyTeste "1 JORNAL"
14:53:06.718 "" NEW_WORD WORD_JORNAL  -  - QwertyTeste "1 JORNAL."
14:53:06.718 "" NEW_SENTENCE SENTENCE_1_JORNAL.  -  - QwertyTeste "1 JORNAL."
14:53:11.296 "" LEFT_MOUSE_DOWN_KEY TEXT_KEY_SELECTION_BkSp 6.0.1 111.593 QwertyTeste "1 JORNAL."
14:53:11.296 "" KEY_DOWN_BACKSPACE AUTO_KEY  -  - QwertyTeste "1 JORNAL."
14:53:11.296 "\b" CHAR_RETROCESSO CHAR  -  - QwertyTeste "1 JORNAL."
14:53:11.359 "" LEFT_MOUSE_DOWN_KEY TEXT_KEY_SELECTION_BkSp 6.0.1 111.593 QwertyTeste "1 JORNAL"
14:53:11.500 "" KEY_DOWN_BACKSPACE AUTO_KEY  -  - QwertyTeste "1 JORNAL"
14:53:11.515 "\b" CHAR_RETROCESSO CHAR  -  - QwertyTeste "1 JORNAL"
14:53:11.562 "" LEFT_MOUSE_DOWN_KEY TEXT_KEY_SELECTION_BkSp 6.0.1 111.593 QwertyTeste "1 JORNA"
14:53:11.718 "" KEY_DOWN_BACKSPACE AUTO_KEY  -  - QwertyTeste "1 JORNA"
14:53:11.718 "\b" CHAR_RETROCESSO CHAR  -  - QwertyTeste "1 JORNA"
14:53:11.734 "" LEFT_MOUSE_DOWN_KEY TEXT_KEY_SELECTION_BkSp 6.0.1 111.593 QwertyTeste "1 JORN"
14:53:11.734 "" KEY_DOWN_BACKSPACE AUTO_KEY  -  - QwertyTeste "1 JORN"
14:53:11.734 "\b" CHAR_RETROCESSO CHAR  -  - QwertyTeste "1 JORN"
14:53:11.921 "" LEFT_MOUSE_DOWN_KEY TEXT_KEY_SELECTION_BkSp 6.0.1 111.593 QwertyTeste "1 JOR"
14:53:11.937 "" KEY_DOWN_BACKSPACE AUTO_KEY  -  - QwertyTeste "1 JOR"
14:53:11.937 "\b" CHAR_RETROCESSO CHAR  -  - QwertyTeste "1 JOR"
14:53:12.359 "" LEFT_MOUSE_DOWN_KEY TEXT_KEY_SELECTION_BkSp 6.0.1 111.593 QwertyTeste "1 JO"
14:53:12.359 "" KEY_DOWN_BACKSPACE AUTO_KEY  -  - QwertyTeste "1 JO"
14:53:12.359 "\b" CHAR_RETROCESSO CHAR  -  - QwertyTeste "1 JO"
14:53:13.218 "" LEFT_MOUSE_DOWN_KEY TEXT_KEY_SELECTION_CapsLock 8.0.1 101.687 QwertyTeste "1 J"
14:53:13.218 "" KEY_DOWN_CAPSLOCK AUTO_KEY  -  - QwertyTeste "1 J"
14:53:14.312 "" LEFT_MOUSE_DOWN_KEY TEXT_KEY_SELECTION_o 5.0.10 859.546 QwertyTeste "1 J"
14:53:14.312 "" KEY_DOWN_O AUTO_KEY  -  - QwertyTeste "1 J"
14:53:14.312 "o" CHAR_o CHAR  -  - QwertyTeste "1 J"
14:53:14.968 "" LEFT_MOUSE_DOWN_KEY TEXT_KEY_SELECTION_e 5.0.4 372.546 QwertyTeste "1 Jo"
14:53:14.968 "" KEY_DOWN_E AUTO_KEY  -  - QwertyTeste "1 Jo"
14:53:14.968 "e" CHAR_e CHAR  -  - QwertyTeste "1 Jo"
14:53:17.484 "" LEFT_MOUSE_DOWN_KEY TEXT_KEY_SELECTION_BkSp 6.0.1 111.593 QwertyTeste "1 Joe"
14:53:17.546 "" KEY_DOWN_BACKSPACE AUTO_KEY  -  - QwertyTeste "1 Joe"
14:53:17.546 "\b" CHAR_RETROCESSO CHAR  -  - QwertyTeste "1 Joe"
14:53:18.671 "" LEFT_MOUSE_DOWN_KEY TEXT_KEY_SELECTION_r 5.0.5 454.546 QwertyTeste "1 Jo"
14:53:18.671 "" KEY_DOWN_R AUTO_KEY  -  - QwertyTeste "1 Jo"
14:53:18.671 "r" CHAR_r CHAR  -  - QwertyTeste "1 Jo"
14:53:19.968 "" LEFT_MOUSE_DOWN_KEY TEXT_KEY_SELECTION_n 7.0.7 622.640 QwertyTeste "1 Jor"
14:53:19.968 "" KEY_DOWN_N AUTO_KEY  -  - QwertyTeste "1 Jor"
14:53:19.968 "n" CHAR_n CHAR  -  - QwertyTeste "1 Jor"
14:53:20.656 "" LEFT_MOUSE_DOWN_KEY TEXT_KEY_SELECTION_a 6.0.2 204.593 QwertyTeste "1 Jorn"
14:53:20.828 "" KEY_DOWN_A AUTO_KEY  -  - QwertyTeste "1 Jorn"
14:53:20.828 "a" CHAR_a CHAR  -  - QwertyTeste "1 Jorn"
14:53:21.484 "" LEFT_MOUSE_DOWN_KEY TEXT_KEY_SELECTION_l 6.0.10 860.593 QwertyTeste "1 Jorna"
14:53:21.500 "" KEY_DOWN_L AUTO_KEY  -  - QwertyTeste "1 Jorna"
14:53:21.500 "l" CHAR_l CHAR  -  - QwertyTeste "1 Jorna"
14:53:22.437 "" LEFT_MOUSE_DOWN_KEY TEXT_KEY_SELECTION_. 7.0.10 867.640 QwertyTeste "1 Jornal"
14:53:22.562 "" KEY_DOWN_. AUTO_KEY  -  - QwertyTeste "1 Jornal"
14:53:22.562 "." CHAR_. CHAR  -  - QwertyTeste "1 Jornal"
14:53:22.562 "" NEW_WORD WORD_Jornal  -  - QwertyTeste "1 Jornal."
14:53:22.562 "" NEW_SENTENCE SENTENCE_1_Jornal.  -  - QwertyTeste "1 Jornal."
14:53:24.843 "" LEFT_MOUSE_DOWN_KEY TEXT_KEY_SELECTION_Space 4.0.1 111.499 QwertyTeste "1 Jornal."
14:53:24.953 "" KEY_DOWN_BARRA_DE_ESPAÇOS AUTO_KEY  -  - QwertyTeste "1 Jornal."
14:53:24.953 " " CHAR_ESPAÇO CHAR  -  - QwertyTeste "1 Jornal."
14:53:27.140 "" LEFT_MOUSE_DOWN_KEY TEXT_KEY_SELECTION_CapsLock 8.0.1 101.687 QwertyTeste ""
14:53:27.140 "" KEY_DOWN_CAPSLOCK AUTO_KEY  -  - QwertyTeste ""
14:53:28.078 "" LEFT_MOUSE_DOWN_KEY TEXT_KEY_SELECTION_e 5.0.4 372.546 QwertyTeste ""
14:53:28.234 "" KEY_DOWN_E AUTO_KEY  -  - QwertyTeste ""
14:53:28.234 "E" CHAR_E CHAR  -  - QwertyTeste ""
14:53:28.984 "" LEFT_MOUSE_DOWN_KEY TEXT_KEY_SELECTION_CapsLock 8.0.1 101.687 QwertyTeste "E"
14:53:29.000 "" KEY_DOWN_CAPSLOCK AUTO_KEY  -  - QwertyTeste "E"
14:53:29.750 "" LEFT_MOUSE_DOWN_KEY TEXT_KEY_SELECTION_u 5.0.8 700.546 QwertyTeste "E"
14:53:29.765 "" KEY_DOWN_U AUTO_KEY  -  - QwertyTeste "E"
14:53:29.765 "u" CHAR_u CHAR  -  - QwertyTeste "E"
14:53:31.078 "" LEFT_MOUSE_DOWN_KEY TEXT_KEY_SELECTION_Space 4.0.1 111.499 QwertyTeste "Eu"
14:53:31.078 "" KEY_DOWN_BARRA_DE_ESPAÇOS AUTO_KEY  -  - QwertyTeste "Eu"
14:53:31.078 " " CHAR_ESPAÇO CHAR  -  - QwertyTeste "Eu"
14:53:31.078 "" NEW_WORD WORD_Eu  -  - QwertyTeste "Eu "
14:53:31.843 "" LEFT_MOUSE_DOWN_KEY TEXT_KEY_SELECTION_q 5.0.2 203.546 QwertyTeste "Eu "
14:53:31.953 "" KEY_DOWN_Q AUTO_KEY  -  - QwertyTeste "Eu "
14:53:31.953 "q" CHAR_q CHAR  -  - QwertyTeste "Eu "
14:53:33.093 "" LEFT_MOUSE_DOWN_KEY TEXT_KEY_SELECTION_u 5.0.8 700.546 QwertyTeste "Eu q"
14:53:33.250 "" KEY_DOWN_U AUTO_KEY  -  - QwertyTeste "Eu q"
14:53:33.250 "u" CHAR_u CHAR  -  - QwertyTeste "Eu q"
14:53:34.453 "" LEFT_MOUSE_DOWN_KEY TEXT_KEY_SELECTION_e 5.0.4 372.546 QwertyTeste "Eu qu"
14:53:34.578 "" KEY_DOWN_E AUTO_KEY  -  - QwertyTeste "Eu qu"
14:53:34.578 "e" CHAR_e CHAR  -  - QwertyTeste "Eu qu"
14:53:35.015 "" LEFT_MOUSE_DOWN_KEY TEXT_KEY_SELECTION_r 5.0.5 454.546 QwertyTeste "Eu que"
14:53:35.015 "" KEY_DOWN_R AUTO_KEY  -  - QwertyTeste "Eu que"
14:53:35.015 "r" CHAR_r CHAR  -  - QwertyTeste "Eu que"
14:53:35.875 "" LEFT_MOUSE_DOWN_KEY TEXT_KEY_SELECTION_o 5.0.10 859.546 QwertyTeste "Eu quer"
14:53:35.890 "" KEY_DOWN_O AUTO_KEY  -  - QwertyTeste "Eu quer"
14:53:35.890 "o" CHAR_o CHAR  -  - QwertyTeste "Eu quer"
14:53:36.812 "" LEFT_MOUSE_DOWN_KEY TEXT_KEY_SELECTION_Space 4.0.1 111.499 QwertyTeste "Eu quero"
14:53:36.984 "" KEY_DOWN_BARRA_DE_ESPAÇOS AUTO_KEY  -  - QwertyTeste "Eu quero"
14:53:36.984 " " CHAR_ESPAÇO CHAR  -  - QwertyTeste "Eu quero"
14:53:36.984 "" NEW_WORD WORD_quero  -  - QwertyTeste "Eu quero "
14:53:37.671 "" LEFT_MOUSE_DOWN_KEY TEXT_KEY_SELECTION_m 7.0.8 708.640 QwertyTeste "Eu quero "
14:53:37.671 "" KEY_DOWN_M AUTO_KEY  -  - QwertyTeste "Eu quero "
14:53:37.671 "m" CHAR_m CHAR  -  - QwertyTeste "Eu quero "
14:53:38.375 "" LEFT_MOUSE_DOWN_KEY TEXT_KEY_SELECTION_u 5.0.8 700.546 QwertyTeste "Eu quero m"
14:53:38.390 "" KEY_DOWN_U AUTO_KEY  -  - QwertyTeste "Eu quero m"
14:53:38.390 "u" CHAR_u CHAR  -  - QwertyTeste "Eu quero m"
14:53:39.140 "" LEFT_MOUSE_DOWN_KEY TEXT_KEY_SELECTION_d 6.0.4 368.593 QwertyTeste "Eu quero mu"
14:53:39.171 "" KEY_DOWN_D AUTO_KEY  -  - QwertyTeste "Eu quero mu"
14:53:39.171 "d" CHAR_d CHAR  -  - QwertyTeste "Eu quero mu"
14:53:39.625 "" LEFT_MOUSE_DOWN_KEY TEXT_KEY_SELECTION_a 6.0.2 204.593 QwertyTeste "Eu quero mud"
14:53:39.625 "" KEY_DOWN_A AUTO_KEY  -  - QwertyTeste "Eu quero mud"
14:53:39.625 "a" CHAR_a CHAR  -  - QwertyTeste "Eu quero mud"
14:53:40.640 "" LEFT_MOUSE_DOWN_KEY TEXT_KEY_SELECTION_r 5.0.5 454.546 QwertyTeste "Eu quero muda"
14:53:40.703 "" KEY_DOWN_R AUTO_KEY  -  - QwertyTeste "Eu quero muda"
14:53:40.703 "r" CHAR_r CHAR  -  - QwertyTeste "Eu quero muda"
14:53:42.015 "" LEFT_MOUSE_DOWN_KEY TEXT_KEY_SELECTION_Space 4.0.1 111.499 QwertyTeste "Eu quero mudar"
14:53:42.015 "" KEY_DOWN_BARRA_DE_ESPAÇOS AUTO_KEY  -  - QwertyTeste "Eu quero mudar"
14:53:42.015 " " CHAR_ESPAÇO CHAR  -  - QwertyTeste "Eu quero mudar"
14:53:42.015 "" NEW_WORD WORD_mudar  -  - QwertyTeste "Eu quero mudar "
14:53:43.328 "" LEFT_MOUSE_DOWN_KEY TEXT_KEY_SELECTION_d 6.0.4 368.593 QwertyTeste "Eu quero mudar "
14:53:43.328 "" KEY_DOWN_D AUTO_KEY  -  - QwertyTeste "Eu quero mudar "
14:53:43.328 "d" CHAR_d CHAR  -  - QwertyTeste "Eu quero mudar "
14:53:43.984 "" LEFT_MOUSE_DOWN_KEY TEXT_KEY_SELECTION_e 5.0.4 372.546 QwertyTeste "Eu quero mudar d"
14:53:43.984 "" KEY_DOWN_E AUTO_KEY  -  - QwertyTeste "Eu quero mudar d"
14:53:43.984 "e" CHAR_e CHAR  -  - QwertyTeste "Eu quero mudar d"
14:53:44.859 "" LEFT_MOUSE_DOWN_KEY TEXT_KEY_SELECTION_Space 4.0.1 111.499 QwertyTeste "Eu quero mudar de"
14:53:45.046 "" KEY_DOWN_BARRA_DE_ESPAÇOS AUTO_KEY  -  - QwertyTeste "Eu quero mudar de"
14:53:45.046 " " CHAR_ESPAÇO CHAR  -  - QwertyTeste "Eu quero mudar de"
14:53:45.046 "" NEW_WORD WORD_de  -  - QwertyTeste "Eu quero mudar de "
14:53:45.703 "" LEFT_MOUSE_DOWN_KEY TEXT_KEY_SELECTION_c 7.0.4 370.640 QwertyTeste "Eu quero mudar de "
14:53:45.718 "" KEY_DOWN_C AUTO_KEY  -  - QwertyTeste "Eu quero mudar de "
14:53:45.718 "c" CHAR_c CHAR  -  - QwertyTeste "Eu quero mudar de "
14:53:46.359 "" LEFT_MOUSE_DOWN_KEY TEXT_KEY_SELECTION_a 6.0.2 204.593 QwertyTeste "Eu quero mudar de c"
14:53:46.359 "" KEY_DOWN_A AUTO_KEY  -  - QwertyTeste "Eu quero mudar de c"
14:53:46.359 "a" CHAR_a CHAR  -  - QwertyTeste "Eu quero mudar de c"
14:53:46.859 "" LEFT_MOUSE_DOWN_KEY TEXT_KEY_SELECTION_d 6.0.4 368.593 QwertyTeste "Eu quero mudar de ca"
14:53:47.015 "" KEY_DOWN_D AUTO_KEY  -  - QwertyTeste "Eu quero mudar de ca"
14:53:47.015 "d" CHAR_d CHAR  -  - QwertyTeste "Eu quero mudar de ca"
14:53:47.312 "" LEFT_MOUSE_DOWN_KEY TEXT_KEY_SELECTION_e 5.0.4 372.546 QwertyTeste "Eu quero mudar de cad"
14:53:47.468 "" KEY_DOWN_E AUTO_KEY  -  - QwertyTeste "Eu quero mudar de cad"
14:53:47.468 "e" CHAR_e CHAR  -  - QwertyTeste "Eu quero mudar de cad"
14:53:48.187 "" LEFT_MOUSE_DOWN_KEY TEXT_KEY_SELECTION_i 5.0.9 780.546 QwertyTeste "Eu quero mudar de cade"
14:53:48.343 "" KEY_DOWN_I AUTO_KEY  -  - QwertyTeste "Eu quero mudar de cade"
14:53:48.343 "i" CHAR_i CHAR  -  - QwertyTeste "Eu quero mudar de cade"
14:53:49.015 "" LEFT_MOUSE_DOWN_KEY TEXT_KEY_SELECTION_r 5.0.5 454.546 QwertyTeste "Eu quero mudar de cadei"
14:53:49.015 "" KEY_DOWN_R AUTO_KEY  -  - QwertyTeste "Eu quero mudar de cadei"
14:53:49.015 "r" CHAR_r CHAR  -  - QwertyTeste "Eu quero mudar de cadei"
14:53:49.937 "" LEFT_MOUSE_DOWN_KEY TEXT_KEY_SELECTION_a 6.0.2 204.593 QwertyTeste "Eu quero mudar de cadeir"
14:53:50.093 "" KEY_DOWN_A AUTO_KEY  -  - QwertyTeste "Eu quero mudar de cadeir"
14:53:50.093 "a" CHAR_a CHAR  -  - QwertyTeste "Eu quero mudar de cadeir"
14:53:54.890 "" LEFT_MOUSE_DOWN_KEY TEXT_KEY_SELECTION_! 8.0.4 303.687 QwertyTeste "Eu quero mudar de cadeira"
14:53:54.890 "" KEY_DOWN_SHIFT AUTO_KEY  -  - QwertyTeste "Eu quero mudar de cadeira"
14:53:54.890 "" KEY_DOWN_1 AUTO_KEY  -  - QwertyTeste "Eu quero mudar de cadeira"
14:53:54.890 "!" CHAR_! CHAR  -  - QwertyTeste "Eu quero mudar de cadeira"
14:53:54.890 "" NEW_WORD WORD_cadeira  -  - QwertyTeste "Eu quero mudar de cadeira!"
14:53:54.890 "" NEW_SENTENCE SENTENCE_Eu_quero_mudar_de_cadeira!  -  - QwertyTeste "Eu quero mudar de cadeira!"
14:54:05.687 "" WORD_PROCESSOR_CHANGE INTERNAL_WORD_PROCESSOR  -  - QwertyTeste "Eu quero mudar de cadeira!"
14:54:09.765 "" MENU_OPTION_SELECTION USER_PROFILE_LOAD_Mod1-2  -  - QwertyTeste "Eu quero mudar de cadeira!"
$$$ End Body


Tempo_Total_Escrita 270
Tempo_Efectivo_Escrita 244
Numero_Teclas_Pressionadas 0
Numero_Teclas_Sistema 188
Numero_Total_Teclas 188
Numero_Teclas_Ecra_Pressionadas 187
Numero_Activacoes_Manipulos 0
Numero_Teclas_Texto_Teclado_Qwerty 166
Teclas_Poupadas_Comparacao_Escrita_Teclado_Qwerty 100.000000
Teclas_Ecra_Poupadas_Comparacao_Escrita_Teclado_Qwerty -12.650602
Activacoes_Manipulo_Poupadas_Comparacao_Escrita_Teclado_Qwerty 100.000000
Numero_Caracteres_Escritos 165
Numero_Palavras_Escritas 31
Numero_Frases_Escritas 7
Numero_Caracteres_Finais 151
Numero_Palavras_Finais 30
Numero_Frases_Finais 6
Numero_Cliques 187
Numero_Simbolos_Simples_Seleccionados 56
Numero_Simbolos_Compostos_Seleccionados 0
Numero_Simbolos_Simples_Escritos 0
Numero_Simbolos_Compostos_Escritos 0
Numero_Simbolos_Finais 0
Numero_Alteracoes_Teclado_Ecran_Atraves_Menu 0
Numero_Alteracoes_Teclado_Ecran_Atraves_Teclado_Ecran 0
Numero_Envios_Comunicacao_Cooperativa 0
Numero_Sugestoes_Palavras 0
Numero_Sugestoes_Frases 0
Numero_Sugestoes_Simbolos_Simples 0
Numero_Sugestoes_Simbolos_Multiplos 0
Numero_Abreviaturas_Expandidas 0
Numero_Predicoes 40
Numero_Palavras_Completadas 0
Posicao_Media_Palavras_Lista -
Numero_Medio_Caracteres_Completar_Palavras -
Numero_Palavras_Completadas_A_Partir_Simbolos_Simples 0
Posicao_Media_Simbolos_Simples_Com_Palavra_Lista -
Numero_Medio_Caracteres_Completar_Palavras_A_Partir_Simbolos_Simples -
Numero_Palavras_Completadas_A_Partir_Simbolos_Compostos 0
Posicao_Media_Simbolos_Compostos_Com_Palavra_Lista -
Numero_Medio_Caracteres_Completar_Palavras_A_Partir_Simbolos_Compostos -
Numero_Sequencias_Palavras_Completadas 0
Posicao_Media_Sequencias_Palavras_Lista -
Numero_Medio_Caracteres_Completar_Sequencia_Palavras -
Numero_Sequencias_Palavras_Completadas_A_Partir_Simbolos_Simples 0
Posicao_Media_Simbolos_Simples_Com_Sequencia_Palavras_Lista -
Numero_Medio_Caracteres_Completar_Sequencia_Palavras_A_Partir_Simbolos_Simples -
Numero_Sequencias_Palavras_Completadas_A_Partir_Simbolos_Compostos 0
Posicao_Media_Simbolos_Compostos_Com_Sequencia_Palavra_Lista -
Numero_Medio_Caracteres_Completar_Sequencia_Palavras_A_Partir_Simbolos_Compostos -
Numero_Frases_Completadas 0
Posicao_Media_Frases_Lista -
Numero_Medio_Caracteres_Completar_Frases -
Numero_Frases_Completadas_A_Partir_Simbolos_Simples 0
Posicao_Media_Simbolos_Simples_Com_Frase_Lista -
Numero_Medio_Caracteres_Completar_Frases_A_Partir_Simbolos_Simples -
Numero_Frases_Completadas_A_Partir_Simbolos_Compostos 0
Posicao_Media_Simbolos_Compostos_Com_Frase_Lista -
Numero_Medio_Caracteres_Completar_Frases_A_Partir_Simbolos_Compostos -
Numero_Simbolos_Simples_Preditos_Seleccionados 0
Posicao_Media_Simbolos_Simples_Lista -
Numero_Simbolos_Compostos_Preditos_Seleccionados 0
Posicao_Media_Simbolos_Compostos_Lista -
Numero_Caracteres_Simbolos_Apagados 7
Palavras_Sintetizadas 0
Frases_Sintetizadas 0
Simbolos_Sintetizados 0
Total_Palavras_Sintetizadas 0
Linha_Texto_Final Tendo eu repetido na primária 2 anos. A prima Margarida dá-ma. O HP novo. Recebu o PC da Toshiba em Abril de 2005. 1 Jornal. Eu quero mudar de cadeira!
