TIME Time when the event occurred
OUTPUT Text output caused by the event
EVENT The event
TYPE Type of the element or operation connected to the event
ELEMENT Screen element where the event occurred
CENTER Screen coordinates of the element center where the event occurred
PAGE Communication board where the event occurred
CONTEXT Message content before de event
$$$ End Header


20:24:31.793 "" SYSTEM_INFO START_LOGGING - - - "-"
20:24:34.996 "" WORD_PROCESSOR_CHANGE INTERNAL_WORD_PROCESSOR  -  - QwertyTeste ""
20:24:42.683 "" LEFT_MOUSE_DOWN_KEY TEXT_KEY_SELECTION_CapsLock 8.0.1 101.687 QwertyTeste ""
20:24:42.683 "" KEY_DOWN_CAPSLOCK AUTO_KEY  -  - QwertyTeste ""
20:24:43.496 "" LEFT_MOUSE_DOWN_KEY TEXT_KEY_SELECTION_n 7.0.7 622.640 QwertyTeste ""
20:24:43.542 "" KEY_DOWN_N AUTO_KEY  -  - QwertyTeste ""
20:24:43.542 "N" CHAR_N CHAR  -  - QwertyTeste ""
20:24:44.433 "" LEFT_MOUSE_DOWN_KEY TEXT_KEY_SELECTION_CapsLock 8.0.1 101.687 QwertyTeste "N"
20:24:44.433 "" KEY_DOWN_CAPSLOCK AUTO_KEY  -  - QwertyTeste "N"
20:24:45.230 "" LEFT_MOUSE_DOWN_KEY TEXT_KEY_SELECTION_o 5.0.10 859.546 QwertyTeste "N"
20:24:45.449 "" KEY_DOWN_O AUTO_KEY  -  - QwertyTeste "N"
20:24:45.449 "o" CHAR_o CHAR  -  - QwertyTeste "N"
20:24:46.339 "" LEFT_MOUSE_DOWN_KEY TEXT_KEY_SELECTION_Space 4.0.1 111.499 QwertyTeste "No"
20:24:46.339 "" KEY_DOWN_BARRA_DE_ESPAÇOS AUTO_KEY  -  - QwertyTeste "No"
20:24:46.339 " " CHAR_ESPAÇO CHAR  -  - QwertyTeste "No"
20:24:46.339 "" NEW_WORD WORD_No  -  - QwertyTeste "No "
20:24:46.589 "" LEFT_MOUSE_DOWN_KEY TEXT_KEY_SELECTION_Space 4.0.1 111.499 QwertyTeste "No "
20:24:46.589 "" KEY_DOWN_BARRA_DE_ESPAÇOS AUTO_KEY  -  - QwertyTeste "No "
20:24:46.589 " " CHAR_ESPAÇO CHAR  -  - QwertyTeste "No "
20:24:47.761 "" LEFT_MOUSE_DOWN_KEY TEXT_KEY_SELECTION_o 5.0.10 859.546 QwertyTeste "No "
20:24:47.761 "" KEY_DOWN_O AUTO_KEY  -  - QwertyTeste "No "
20:24:47.761 "o" CHAR_o CHAR  -  - QwertyTeste "No "
20:24:49.527 "" LEFT_MOUSE_DOWN_KEY TEXT_KEY_SELECTION_s 6.0.3 286.593 QwertyTeste "No o"
20:24:49.527 "" KEY_DOWN_S AUTO_KEY  -  - QwertyTeste "No o"
20:24:49.542 "s" CHAR_s CHAR  -  - QwertyTeste "No o"
20:24:49.620 "" LEFT_MOUSE_DOWN_KEY TEXT_KEY_SELECTION_s 6.0.3 286.593 QwertyTeste "No os"
20:24:49.824 "" KEY_DOWN_S AUTO_KEY  -  - QwertyTeste "No os"
20:24:49.824 "s" CHAR_s CHAR  -  - QwertyTeste "No os"
20:24:50.761 "" LEFT_MOUSE_DOWN_KEY TEXT_KEY_SELECTION_o 5.0.10 859.546 QwertyTeste "No oss"
20:24:50.777 "" KEY_DOWN_O AUTO_KEY  -  - QwertyTeste "No oss"
20:24:50.777 "o" CHAR_o CHAR  -  - QwertyTeste "No oss"
20:24:51.870 "" LEFT_MOUSE_DOWN_KEY TEXT_KEY_SELECTION_. 7.0.10 867.640 QwertyTeste "No osso"
20:24:51.933 "" KEY_DOWN_. AUTO_KEY  -  - QwertyTeste "No osso"
20:24:51.933 "." CHAR_. CHAR  -  - QwertyTeste "No osso"
20:24:51.933 "" NEW_WORD WORD_osso  -  - QwertyTeste "No osso."
20:24:51.933 "" NEW_SENTENCE SENTENCE_No_osso.  -  - QwertyTeste "No osso."
20:24:54.995 "" LEFT_MOUSE_DOWN_KEY TEXT_KEY_SELECTION_Enter 5.0.1 110.546 QwertyTeste "No osso."
20:24:55.042 "" KEY_DOWN_ENTER AUTO_KEY  -  - QwertyTeste "No osso."
20:24:55.042 "\n" CHAR_ENTER CHAR  -  - QwertyTeste "No osso."
20:24:57.808 "" LEFT_MOUSE_DOWN_KEY TEXT_KEY_SELECTION_CapsLock 8.0.1 101.687 QwertyTeste ""
20:24:57.808 "" KEY_DOWN_CAPSLOCK AUTO_KEY  -  - QwertyTeste ""
20:24:58.292 "" LEFT_MOUSE_DOWN_KEY TEXT_KEY_SELECTION_h 6.0.7 614.593 QwertyTeste ""
20:24:58.292 "" KEY_DOWN_H AUTO_KEY  -  - QwertyTeste ""
20:24:58.292 "H" CHAR_H CHAR  -  - QwertyTeste ""
20:24:59.120 "" LEFT_MOUSE_DOWN_KEY TEXT_KEY_SELECTION_CapsLock 8.0.1 101.687 QwertyTeste "H"
20:24:59.120 "" KEY_DOWN_CAPSLOCK AUTO_KEY  -  - QwertyTeste "H"
20:25:00.839 "" LEFT_MOUSE_DOWN_KEY TEXT_KEY_SELECTION_o 5.0.10 859.546 QwertyTeste "H"
20:25:00.839 "" KEY_DOWN_O AUTO_KEY  -  - QwertyTeste "H"
20:25:00.839 "o" CHAR_o CHAR  -  - QwertyTeste "H"
20:25:01.433 "" LEFT_MOUSE_DOWN_KEY TEXT_KEY_SELECTION_j 6.0.8 696.593 QwertyTeste "Ho"
20:25:01.448 "" KEY_DOWN_J AUTO_KEY  -  - QwertyTeste "Ho"
20:25:01.448 "j" CHAR_j CHAR  -  - QwertyTeste "Ho"
20:25:02.589 "" LEFT_MOUSE_DOWN_KEY TEXT_KEY_SELECTION_e 5.0.4 372.546 QwertyTeste "Hoj"
20:25:02.589 "" KEY_DOWN_E AUTO_KEY  -  - QwertyTeste "Hoj"
20:25:02.589 "e" CHAR_e CHAR  -  - QwertyTeste "Hoj"
20:25:06.073 "" LEFT_MOUSE_DOWN_KEY PREDICTED_SENTENCE_SELECTION_1_Hoje_ou_amanhã. 2.0.2 752.290 QwertyTeste "Hoje"
20:25:06.089 "" KEY_DOWN_BARRA_DE_ESPAÇOS AUTO_KEY  -  - QwertyTeste "Hoje"
20:25:06.089 " " CHAR_ESPAÇO CHAR  -  - QwertyTeste "Hoje"
20:25:06.089 "" NEW_WORD WORD_Hoje  -  - QwertyTeste "Hoje "
20:25:06.089 "" KEY_DOWN_O AUTO_KEY  -  - QwertyTeste "Hoje "
20:25:06.089 "o" CHAR_o CHAR  -  - QwertyTeste "Hoje "
20:25:06.089 "" KEY_DOWN_U AUTO_KEY  -  - QwertyTeste "Hoje o"
20:25:06.089 "u" CHAR_u CHAR  -  - QwertyTeste "Hoje o"
20:25:06.089 "" KEY_DOWN_BARRA_DE_ESPAÇOS AUTO_KEY  -  - QwertyTeste "Hoje ou"
20:25:06.089 " " CHAR_ESPAÇO CHAR  -  - QwertyTeste "Hoje ou"
20:25:06.089 "" NEW_WORD WORD_ou  -  - QwertyTeste "Hoje ou "
20:25:06.089 "" KEY_DOWN_A AUTO_KEY  -  - QwertyTeste "Hoje ou "
20:25:06.089 "a" CHAR_a CHAR  -  - QwertyTeste "Hoje ou "
20:25:06.089 "" KEY_DOWN_M AUTO_KEY  -  - QwertyTeste "Hoje ou a"
20:25:06.089 "m" CHAR_m CHAR  -  - QwertyTeste "Hoje ou a"
20:25:06.089 "" KEY_DOWN_A AUTO_KEY  -  - QwertyTeste "Hoje ou am"
20:25:06.105 "a" CHAR_a CHAR  -  - QwertyTeste "Hoje ou am"
20:25:06.105 "" KEY_DOWN_N AUTO_KEY  -  - QwertyTeste "Hoje ou ama"
20:25:06.105 "n" CHAR_n CHAR  -  - QwertyTeste "Hoje ou ama"
20:25:06.105 "" KEY_DOWN_H AUTO_KEY  -  - QwertyTeste "Hoje ou aman"
20:25:06.105 "h" CHAR_h CHAR  -  - QwertyTeste "Hoje ou aman"
20:25:06.105 "" KEY_DOWN_TIL AUTO_KEY  -  - QwertyTeste "Hoje ou amanh"
20:25:06.105 "" KEY_DOWN_A AUTO_KEY  -  - QwertyTeste "Hoje ou amanh"
20:25:06.105 "ã" CHAR_ã CHAR  -  - QwertyTeste "Hoje ou amanh"
20:25:06.105 "" KEY_DOWN_. AUTO_KEY  -  - QwertyTeste "Hoje ou amanhã"
20:25:06.105 "." CHAR_. CHAR  -  - QwertyTeste "Hoje ou amanhã"
20:25:06.105 "" NEW_WORD WORD_amanhã  -  - QwertyTeste "Hoje ou amanhã."
20:25:06.105 "" NEW_SENTENCE SENTENCE_Hoje_ou_amanhã.  -  - QwertyTeste "Hoje ou amanhã."
20:25:06.105 "" KEY_DOWN_BARRA_DE_ESPAÇOS AUTO_KEY  -  - QwertyTeste "Hoje ou amanhã."
20:25:06.105 " " CHAR_ESPAÇO CHAR  -  - QwertyTeste "Hoje ou amanhã."
20:25:08.839 "" LEFT_MOUSE_DOWN_KEY TEXT_KEY_SELECTION_Enter 5.0.1 110.546 QwertyTeste ""
20:25:08.995 "" KEY_DOWN_ENTER AUTO_KEY  -  - QwertyTeste ""
20:25:08.995 "\n" CHAR_ENTER CHAR  -  - QwertyTeste ""
20:25:11.605 "" LEFT_MOUSE_DOWN_KEY TEXT_KEY_SELECTION_CapsLock 8.0.1 101.687 QwertyTeste ""
20:25:11.605 "" KEY_DOWN_CAPSLOCK AUTO_KEY  -  - QwertyTeste ""
20:25:12.433 "" LEFT_MOUSE_DOWN_KEY TEXT_KEY_SELECTION_o 5.0.10 859.546 QwertyTeste ""
20:25:12.480 "" KEY_DOWN_O AUTO_KEY  -  - QwertyTeste ""
20:25:12.480 "O" CHAR_O CHAR  -  - QwertyTeste ""
20:25:13.183 "" LEFT_MOUSE_DOWN_KEY TEXT_KEY_SELECTION_CapsLock 8.0.1 101.687 QwertyTeste "O"
20:25:13.198 "" KEY_DOWN_CAPSLOCK AUTO_KEY  -  - QwertyTeste "O"
20:25:15.808 "" LEFT_MOUSE_DOWN_KEY TEXT_KEY_SELECTION_Space 4.0.1 111.499 QwertyTeste "O"
20:25:15.870 "" KEY_DOWN_BARRA_DE_ESPAÇOS AUTO_KEY  -  - QwertyTeste "O"
20:25:15.870 " " CHAR_ESPAÇO CHAR  -  - QwertyTeste "O"
20:25:15.870 "" NEW_WORD WORD_O  -  - QwertyTeste "O "
20:25:20.995 "" LEFT_MOUSE_DOWN_KEY TEXT_KEY_SELECTION_m 7.0.8 708.640 QwertyTeste "O "
20:25:20.995 "" KEY_DOWN_M AUTO_KEY  -  - QwertyTeste "O "
20:25:20.995 "m" CHAR_m CHAR  -  - QwertyTeste "O "
20:25:26.745 "" LEFT_MOUSE_DOWN_KEY PREDICTED_SENTENCE_SELECTION_3_O_meu_irmão_é_um_ano_mais_novo_que_eu. 3.0.2 752.414 QwertyTeste "O m"
20:25:26.761 "" KEY_DOWN_E AUTO_KEY  -  - QwertyTeste "O m"
20:25:26.761 "e" CHAR_e CHAR  -  - QwertyTeste "O m"
20:25:26.776 "" KEY_DOWN_U AUTO_KEY  -  - QwertyTeste "O me"
20:25:26.776 "u" CHAR_u CHAR  -  - QwertyTeste "O me"
20:25:26.776 "" KEY_DOWN_BARRA_DE_ESPAÇOS AUTO_KEY  -  - QwertyTeste "O meu"
20:25:26.776 " " CHAR_ESPAÇO CHAR  -  - QwertyTeste "O meu"
20:25:26.776 "" NEW_WORD WORD_meu  -  - QwertyTeste "O meu "
20:25:26.776 "" KEY_DOWN_I AUTO_KEY  -  - QwertyTeste "O meu "
20:25:26.776 "i" CHAR_i CHAR  -  - QwertyTeste "O meu "
20:25:26.776 "" KEY_DOWN_R AUTO_KEY  -  - QwertyTeste "O meu i"
20:25:26.776 "r" CHAR_r CHAR  -  - QwertyTeste "O meu i"
20:25:26.776 "" KEY_DOWN_M AUTO_KEY  -  - QwertyTeste "O meu ir"
20:25:26.776 "m" CHAR_m CHAR  -  - QwertyTeste "O meu ir"
20:25:26.776 "" KEY_DOWN_TIL AUTO_KEY  -  - QwertyTeste "O meu irm"
20:25:26.776 "" KEY_DOWN_A AUTO_KEY  -  - QwertyTeste "O meu irm"
20:25:26.776 "ã" CHAR_ã CHAR  -  - QwertyTeste "O meu irm"
20:25:26.776 "" KEY_DOWN_O AUTO_KEY  -  - QwertyTeste "O meu irmã"
20:25:26.776 "o" CHAR_o CHAR  -  - QwertyTeste "O meu irmã"
20:25:26.776 "" KEY_DOWN_BARRA_DE_ESPAÇOS AUTO_KEY  -  - QwertyTeste "O meu irmão"
20:25:26.776 " " CHAR_ESPAÇO CHAR  -  - QwertyTeste "O meu irmão"
20:25:26.776 "" NEW_WORD WORD_irmão  -  - QwertyTeste "O meu irmão "
20:25:26.776 "" KEY_DOWN_AGUDO AUTO_KEY  -  - QwertyTeste "O meu irmão "
20:25:26.776 "" KEY_DOWN_E AUTO_KEY  -  - QwertyTeste "O meu irmão "
20:25:26.776 "é" CHAR_é CHAR  -  - QwertyTeste "O meu irmão "
20:25:26.776 "" KEY_DOWN_BARRA_DE_ESPAÇOS AUTO_KEY  -  - QwertyTeste "O meu irmão é"
20:25:26.776 " " CHAR_ESPAÇO CHAR  -  - QwertyTeste "O meu irmão é"
20:25:26.776 "" NEW_WORD WORD_é  -  - QwertyTeste "O meu irmão é "
20:25:26.776 "" KEY_DOWN_U AUTO_KEY  -  - QwertyTeste "O meu irmão é "
20:25:26.776 "u" CHAR_u CHAR  -  - QwertyTeste "O meu irmão é "
20:25:26.776 "" KEY_DOWN_M AUTO_KEY  -  - QwertyTeste "O meu irmão é u"
20:25:26.776 "m" CHAR_m CHAR  -  - QwertyTeste "O meu irmão é u"
20:25:26.776 "" KEY_DOWN_BARRA_DE_ESPAÇOS AUTO_KEY  -  - QwertyTeste "O meu irmão é um"
20:25:26.776 " " CHAR_ESPAÇO CHAR  -  - QwertyTeste "O meu irmão é um"
20:25:26.776 "" NEW_WORD WORD_um  -  - QwertyTeste "O meu irmão é um "
20:25:26.776 "" KEY_DOWN_A AUTO_KEY  -  - QwertyTeste "O meu irmão é um "
20:25:26.776 "a" CHAR_a CHAR  -  - QwertyTeste "O meu irmão é um "
20:25:26.776 "" KEY_DOWN_N AUTO_KEY  -  - QwertyTeste "O meu irmão é um a"
20:25:26.776 "n" CHAR_n CHAR  -  - QwertyTeste "O meu irmão é um a"
20:25:26.776 "" KEY_DOWN_O AUTO_KEY  -  - QwertyTeste "O meu irmão é um an"
20:25:26.776 "o" CHAR_o CHAR  -  - QwertyTeste "O meu irmão é um an"
20:25:26.776 "" KEY_DOWN_BARRA_DE_ESPAÇOS AUTO_KEY  -  - QwertyTeste "O meu irmão é um ano"
20:25:26.776 " " CHAR_ESPAÇO CHAR  -  - QwertyTeste "O meu irmão é um ano"
20:25:26.776 "" NEW_WORD WORD_ano  -  - QwertyTeste "O meu irmão é um ano "
20:25:26.776 "" KEY_DOWN_M AUTO_KEY  -  - QwertyTeste "O meu irmão é um ano "
20:25:26.776 "m" CHAR_m CHAR  -  - QwertyTeste "O meu irmão é um ano "
20:25:26.776 "" KEY_DOWN_A AUTO_KEY  -  - QwertyTeste "O meu irmão é um ano m"
20:25:26.776 "a" CHAR_a CHAR  -  - QwertyTeste "O meu irmão é um ano m"
20:25:26.792 "" KEY_DOWN_I AUTO_KEY  -  - QwertyTeste "O meu irmão é um ano ma"
20:25:26.792 "i" CHAR_i CHAR  -  - QwertyTeste "O meu irmão é um ano ma"
20:25:26.792 "" KEY_DOWN_S AUTO_KEY  -  - QwertyTeste "O meu irmão é um ano mai"
20:25:26.792 "s" CHAR_s CHAR  -  - QwertyTeste "O meu irmão é um ano mai"
20:25:26.792 "" KEY_DOWN_BARRA_DE_ESPAÇOS AUTO_KEY  -  - QwertyTeste "O meu irmão é um ano mais"
20:25:26.792 " " CHAR_ESPAÇO CHAR  -  - QwertyTeste "O meu irmão é um ano mais"
20:25:26.839 "" NEW_WORD WORD_mais  -  - QwertyTeste "O meu irmão é um ano mais "
20:25:26.995 "" KEY_DOWN_N AUTO_KEY  -  - QwertyTeste "O meu irmão é um ano mais "
20:25:26.995 "n" CHAR_n CHAR  -  - QwertyTeste "O meu irmão é um ano mais "
20:25:26.995 "" KEY_DOWN_O AUTO_KEY  -  - QwertyTeste "O meu irmão é um ano mais n"
20:25:26.995 "o" CHAR_o CHAR  -  - QwertyTeste "O meu irmão é um ano mais n"
20:25:26.995 "" KEY_DOWN_V AUTO_KEY  -  - QwertyTeste "O meu irmão é um ano mais no"
20:25:26.995 "v" CHAR_v CHAR  -  - QwertyTeste "O meu irmão é um ano mais no"
20:25:26.995 "" KEY_DOWN_O AUTO_KEY  -  - QwertyTeste "O meu irmão é um ano mais nov"
20:25:27.011 "o" CHAR_o CHAR  -  - QwertyTeste "O meu irmão é um ano mais nov"
20:25:27.011 "" KEY_DOWN_BARRA_DE_ESPAÇOS AUTO_KEY  -  - QwertyTeste "O meu irmão é um ano mais novo"
20:25:27.011 " " CHAR_ESPAÇO CHAR  -  - QwertyTeste "O meu irmão é um ano mais novo"
20:25:27.011 "" NEW_WORD WORD_novo  -  - QwertyTeste "O meu irmão é um ano mais novo "
20:25:27.011 "" KEY_DOWN_Q AUTO_KEY  -  - QwertyTeste "O meu irmão é um ano mais novo "
20:25:27.011 "q" CHAR_q CHAR  -  - QwertyTeste "O meu irmão é um ano mais novo "
20:25:27.229 "" KEY_DOWN_U AUTO_KEY  -  - QwertyTeste "O meu irmão é um ano mais novo q"
20:25:27.229 "u" CHAR_u CHAR  -  - QwertyTeste "O meu irmão é um ano mais novo q"
20:25:27.229 "" KEY_DOWN_E AUTO_KEY  -  - QwertyTeste "O meu irmão é um ano mais novo qu"
20:25:27.229 "e" CHAR_e CHAR  -  - QwertyTeste "O meu irmão é um ano mais novo qu"
20:25:27.229 "" KEY_DOWN_BARRA_DE_ESPAÇOS AUTO_KEY  -  - QwertyTeste "O meu irmão é um ano mais novo que"
20:25:27.245 " " CHAR_ESPAÇO CHAR  -  - QwertyTeste "O meu irmão é um ano mais novo que"
20:25:27.245 "" NEW_WORD WORD_que  -  - QwertyTeste "O meu irmão é um ano mais novo que "
20:25:27.245 "" KEY_DOWN_E AUTO_KEY  -  - QwertyTeste "O meu irmão é um ano mais novo que "
20:25:27.245 "e" CHAR_e CHAR  -  - QwertyTeste "O meu irmão é um ano mais novo que "
20:25:27.245 "" KEY_DOWN_U AUTO_KEY  -  - QwertyTeste "O meu irmão é um ano mais novo que e"
20:25:27.245 "u" CHAR_u CHAR  -  - QwertyTeste "O meu irmão é um ano mais novo que e"
20:25:27.245 "" KEY_DOWN_. AUTO_KEY  -  - QwertyTeste "O meu irmão é um ano mais novo que eu"
20:25:27.245 "." CHAR_. CHAR  -  - QwertyTeste "O meu irmão é um ano mais novo que eu"
20:25:27.245 "" NEW_WORD WORD_eu  -  - QwertyTeste "O meu irmão é um ano mais novo que eu."
20:25:27.245 "" NEW_SENTENCE SENTENCE_O_meu_irmão_é_um_ano_mais_novo_que_eu.  -  - QwertyTeste "O meu irmão é um ano mais novo que eu."
20:25:27.245 "" KEY_DOWN_BARRA_DE_ESPAÇOS AUTO_KEY  -  - QwertyTeste "O meu irmão é um ano mais novo que eu."
20:25:27.245 " " CHAR_ESPAÇO CHAR  -  - QwertyTeste "O meu irmão é um ano mais novo que eu."
20:25:30.245 "" LEFT_MOUSE_DOWN_KEY TEXT_KEY_SELECTION_Enter 5.0.1 110.546 QwertyTeste ""
20:25:30.292 "" KEY_DOWN_ENTER AUTO_KEY  -  - QwertyTeste ""
20:25:30.292 "\n" CHAR_ENTER CHAR  -  - QwertyTeste ""
20:25:35.432 "" LEFT_MOUSE_DOWN_KEY TEXT_KEY_SELECTION_CapsLock 8.0.1 101.687 QwertyTeste ""
20:25:35.432 "" KEY_DOWN_CAPSLOCK AUTO_KEY  -  - QwertyTeste ""
20:25:36.370 "" LEFT_MOUSE_DOWN_KEY TEXT_KEY_SELECTION_m 7.0.8 708.640 QwertyTeste ""
20:25:36.370 "" KEY_DOWN_M AUTO_KEY  -  - QwertyTeste ""
20:25:36.370 "M" CHAR_M CHAR  -  - QwertyTeste ""
20:25:37.995 "" LEFT_MOUSE_DOWN_KEY TEXT_KEY_SELECTION_CapsLock 8.0.1 101.687 QwertyTeste "M"
20:25:37.995 "" KEY_DOWN_CAPSLOCK AUTO_KEY  -  - QwertyTeste "M"
20:25:38.464 "" LEFT_MOUSE_DOWN_KEY TEXT_KEY_SELECTION_a 6.0.2 204.593 QwertyTeste "M"
20:25:38.557 "" KEY_DOWN_A AUTO_KEY  -  - QwertyTeste "M"
20:25:38.557 "a" CHAR_a CHAR  -  - QwertyTeste "M"
20:25:38.995 "" LEFT_MOUSE_DOWN_KEY TEXT_KEY_SELECTION_s 6.0.3 286.593 QwertyTeste "Ma"
20:25:39.042 "" KEY_DOWN_S AUTO_KEY  -  - QwertyTeste "Ma"
20:25:39.042 "s" CHAR_s CHAR  -  - QwertyTeste "Ma"
20:25:39.151 "" LEFT_MOUSE_DOWN_KEY TEXT_KEY_SELECTION_s 6.0.3 286.593 QwertyTeste "Mas"
20:25:39.276 "" KEY_DOWN_S AUTO_KEY  -  - QwertyTeste "Mas"
20:25:39.276 "s" CHAR_s CHAR  -  - QwertyTeste "Mas"
20:25:39.714 "" LEFT_MOUSE_DOWN_KEY TEXT_KEY_SELECTION_a 6.0.2 204.593 QwertyTeste "Mass"
20:25:39.761 "" KEY_DOWN_A AUTO_KEY  -  - QwertyTeste "Mass"
20:25:39.761 "a" CHAR_a CHAR  -  - QwertyTeste "Mass"
20:25:43.245 "" LEFT_MOUSE_DOWN_KEY PREDICTED_SENTENCE_SELECTION_0_Massa_tricolor_em_rosca. 2.0.1 290.290 QwertyTeste "Massa"
20:25:43.245 "" KEY_DOWN_BARRA_DE_ESPAÇOS AUTO_KEY  -  - QwertyTeste "Massa"
20:25:43.245 " " CHAR_ESPAÇO CHAR  -  - QwertyTeste "Massa"
20:25:43.245 "" NEW_WORD WORD_Massa  -  - QwertyTeste "Massa "
20:25:43.245 "" KEY_DOWN_T AUTO_KEY  -  - QwertyTeste "Massa "
20:25:43.245 "t" CHAR_t CHAR  -  - QwertyTeste "Massa "
20:25:43.245 "" KEY_DOWN_R AUTO_KEY  -  - QwertyTeste "Massa t"
20:25:43.245 "r" CHAR_r CHAR  -  - QwertyTeste "Massa t"
20:25:43.245 "" KEY_DOWN_I AUTO_KEY  -  - QwertyTeste "Massa tr"
20:25:43.245 "i" CHAR_i CHAR  -  - QwertyTeste "Massa tr"
20:25:43.245 "" KEY_DOWN_C AUTO_KEY  -  - QwertyTeste "Massa tri"
20:25:43.245 "c" CHAR_c CHAR  -  - QwertyTeste "Massa tri"
20:25:43.245 "" KEY_DOWN_O AUTO_KEY  -  - QwertyTeste "Massa tric"
20:25:43.245 "o" CHAR_o CHAR  -  - QwertyTeste "Massa tric"
20:25:43.245 "" KEY_DOWN_L AUTO_KEY  -  - QwertyTeste "Massa trico"
20:25:43.245 "l" CHAR_l CHAR  -  - QwertyTeste "Massa trico"
20:25:43.245 "" KEY_DOWN_O AUTO_KEY  -  - QwertyTeste "Massa tricol"
20:25:43.261 "o" CHAR_o CHAR  -  - QwertyTeste "Massa tricol"
20:25:43.261 "" KEY_DOWN_R AUTO_KEY  -  - QwertyTeste "Massa tricolo"
20:25:43.261 "r" CHAR_r CHAR  -  - QwertyTeste "Massa tricolo"
20:25:43.261 "" KEY_DOWN_BARRA_DE_ESPAÇOS AUTO_KEY  -  - QwertyTeste "Massa tricolor"
20:25:43.261 " " CHAR_ESPAÇO CHAR  -  - QwertyTeste "Massa tricolor"
20:25:43.261 "" NEW_WORD WORD_tricolor  -  - QwertyTeste "Massa tricolor "
20:25:43.261 "" KEY_DOWN_E AUTO_KEY  -  - QwertyTeste "Massa tricolor "
20:25:43.261 "e" CHAR_e CHAR  -  - QwertyTeste "Massa tricolor "
20:25:43.261 "" KEY_DOWN_M AUTO_KEY  -  - QwertyTeste "Massa tricolor e"
20:25:43.261 "m" CHAR_m CHAR  -  - QwertyTeste "Massa tricolor e"
20:25:43.261 "" KEY_DOWN_BARRA_DE_ESPAÇOS AUTO_KEY  -  - QwertyTeste "Massa tricolor em"
20:25:43.261 " " CHAR_ESPAÇO CHAR  -  - QwertyTeste "Massa tricolor em"
20:25:43.261 "" NEW_WORD WORD_em  -  - QwertyTeste "Massa tricolor em "
20:25:43.261 "" KEY_DOWN_R AUTO_KEY  -  - QwertyTeste "Massa tricolor em "
20:25:43.261 "r" CHAR_r CHAR  -  - QwertyTeste "Massa tricolor em "
20:25:43.261 "" KEY_DOWN_O AUTO_KEY  -  - QwertyTeste "Massa tricolor em r"
20:25:43.261 "o" CHAR_o CHAR  -  - QwertyTeste "Massa tricolor em r"
20:25:43.276 "" KEY_DOWN_S AUTO_KEY  -  - QwertyTeste "Massa tricolor em ro"
20:25:43.276 "s" CHAR_s CHAR  -  - QwertyTeste "Massa tricolor em ro"
20:25:43.276 "" KEY_DOWN_C AUTO_KEY  -  - QwertyTeste "Massa tricolor em ros"
20:25:43.276 "c" CHAR_c CHAR  -  - QwertyTeste "Massa tricolor em ros"
20:25:43.276 "" KEY_DOWN_A AUTO_KEY  -  - QwertyTeste "Massa tricolor em rosc"
20:25:43.276 "a" CHAR_a CHAR  -  - QwertyTeste "Massa tricolor em rosc"
20:25:43.276 "" KEY_DOWN_. AUTO_KEY  -  - QwertyTeste "Massa tricolor em rosca"
20:25:43.276 "." CHAR_. CHAR  -  - QwertyTeste "Massa tricolor em rosca"
20:25:43.276 "" NEW_WORD WORD_rosca  -  - QwertyTeste "Massa tricolor em rosca."
20:25:43.276 "" NEW_SENTENCE SENTENCE_Massa_tricolor_em_rosca.  -  - QwertyTeste "Massa tricolor em rosca."
20:25:43.276 "" KEY_DOWN_BARRA_DE_ESPAÇOS AUTO_KEY  -  - QwertyTeste "Massa tricolor em rosca."
20:25:43.276 " " CHAR_ESPAÇO CHAR  -  - QwertyTeste "Massa tricolor em rosca."
20:25:45.511 "" LEFT_MOUSE_DOWN_KEY TEXT_KEY_SELECTION_Enter 5.0.1 110.546 QwertyTeste ""
20:25:45.511 "" KEY_DOWN_ENTER AUTO_KEY  -  - QwertyTeste ""
20:25:45.511 "\n" CHAR_ENTER CHAR  -  - QwertyTeste ""
20:25:48.917 "" LEFT_MOUSE_DOWN_KEY TEXT_KEY_SELECTION_CapsLock 8.0.1 101.687 QwertyTeste ""
20:25:48.917 "" KEY_DOWN_CAPSLOCK AUTO_KEY  -  - QwertyTeste ""
20:25:50.057 "" LEFT_MOUSE_DOWN_KEY TEXT_KEY_SELECTION_q 5.0.2 203.546 QwertyTeste ""
20:25:50.057 "" KEY_DOWN_Q AUTO_KEY  -  - QwertyTeste ""
20:25:50.057 "Q" CHAR_Q CHAR  -  - QwertyTeste ""
20:25:51.323 "" LEFT_MOUSE_DOWN_KEY TEXT_KEY_SELECTION_CapsLock 8.0.1 101.687 QwertyTeste "Q"
20:25:51.323 "" KEY_DOWN_CAPSLOCK AUTO_KEY  -  - QwertyTeste "Q"
20:25:52.385 "" LEFT_MOUSE_DOWN_KEY TEXT_KEY_SELECTION_y 5.0.7 618.546 QwertyTeste "Q"
20:25:52.385 "" KEY_DOWN_Y AUTO_KEY  -  - QwertyTeste "Q"
20:25:52.385 "y" CHAR_y CHAR  -  - QwertyTeste "Q"
20:25:55.198 "" LEFT_MOUSE_DOWN_KEY TEXT_KEY_SELECTION_BkSp 6.0.1 111.593 QwertyTeste "Qy"
20:25:55.214 "" KEY_DOWN_BACKSPACE AUTO_KEY  -  - QwertyTeste "Qy"
20:25:55.214 "\b" CHAR_RETROCESSO CHAR  -  - QwertyTeste "Qy"
20:25:56.073 "" LEFT_MOUSE_DOWN_KEY TEXT_KEY_SELECTION_u 5.0.8 700.546 QwertyTeste "Q"
20:25:56.120 "" KEY_DOWN_U AUTO_KEY  -  - QwertyTeste "Q"
20:25:56.120 "u" CHAR_u CHAR  -  - QwertyTeste "Q"
20:25:57.010 "" LEFT_MOUSE_DOWN_KEY TEXT_KEY_SELECTION_e 5.0.4 372.546 QwertyTeste "Qu"
20:25:57.057 "" KEY_DOWN_E AUTO_KEY  -  - QwertyTeste "Qu"
20:25:57.057 "e" CHAR_e CHAR  -  - QwertyTeste "Qu"
20:26:04.542 "" LEFT_MOUSE_DOWN_KEY TEXT_KEY_SELECTION_Space 4.0.1 111.499 QwertyTeste "Que"
20:26:04.542 "" KEY_DOWN_BARRA_DE_ESPAÇOS AUTO_KEY  -  - QwertyTeste "Que"
20:26:04.542 " " CHAR_ESPAÇO CHAR  -  - QwertyTeste "Que"
20:26:04.542 "" NEW_WORD WORD_Que  -  - QwertyTeste "Que "
20:26:12.167 "" LEFT_MOUSE_DOWN_KEY PREDICTED_SENTENCE_SELECTION_3_Que_diz_ser_uma_doença_degenerativa. 3.0.2 752.414 QwertyTeste "Que "
20:26:12.198 "" KEY_DOWN_D AUTO_KEY  -  - QwertyTeste "Que "
20:26:12.198 "d" CHAR_d CHAR  -  - QwertyTeste "Que "
20:26:12.198 "" KEY_DOWN_I AUTO_KEY  -  - QwertyTeste "Que d"
20:26:12.198 "i" CHAR_i CHAR  -  - QwertyTeste "Que d"
20:26:12.198 "" KEY_DOWN_Z AUTO_KEY  -  - QwertyTeste "Que di"
20:26:12.198 "z" CHAR_z CHAR  -  - QwertyTeste "Que di"
20:26:12.198 "" KEY_DOWN_BARRA_DE_ESPAÇOS AUTO_KEY  -  - QwertyTeste "Que diz"
20:26:12.198 " " CHAR_ESPAÇO CHAR  -  - QwertyTeste "Que diz"
20:26:12.198 "" NEW_WORD WORD_diz  -  - QwertyTeste "Que diz "
20:26:12.198 "" KEY_DOWN_S AUTO_KEY  -  - QwertyTeste "Que diz "
20:26:12.198 "s" CHAR_s CHAR  -  - QwertyTeste "Que diz "
20:26:12.198 "" KEY_DOWN_E AUTO_KEY  -  - QwertyTeste "Que diz s"
20:26:12.198 "e" CHAR_e CHAR  -  - QwertyTeste "Que diz s"
20:26:12.198 "" KEY_DOWN_R AUTO_KEY  -  - QwertyTeste "Que diz se"
20:26:12.198 "r" CHAR_r CHAR  -  - QwertyTeste "Que diz se"
20:26:12.213 "" KEY_DOWN_BARRA_DE_ESPAÇOS AUTO_KEY  -  - QwertyTeste "Que diz ser"
20:26:12.213 " " CHAR_ESPAÇO CHAR  -  - QwertyTeste "Que diz ser"
20:26:12.213 "" NEW_WORD WORD_ser  -  - QwertyTeste "Que diz ser "
20:26:12.213 "" KEY_DOWN_U AUTO_KEY  -  - QwertyTeste "Que diz ser "
20:26:12.213 "u" CHAR_u CHAR  -  - QwertyTeste "Que diz ser "
20:26:12.213 "" KEY_DOWN_M AUTO_KEY  -  - QwertyTeste "Que diz ser u"
20:26:12.213 "m" CHAR_m CHAR  -  - QwertyTeste "Que diz ser u"
20:26:12.213 "" KEY_DOWN_A AUTO_KEY  -  - QwertyTeste "Que diz ser um"
20:26:12.213 "a" CHAR_a CHAR  -  - QwertyTeste "Que diz ser um"
20:26:12.213 "" KEY_DOWN_BARRA_DE_ESPAÇOS AUTO_KEY  -  - QwertyTeste "Que diz ser uma"
20:26:12.213 " " CHAR_ESPAÇO CHAR  -  - QwertyTeste "Que diz ser uma"
20:26:12.213 "" NEW_WORD WORD_uma  -  - QwertyTeste "Que diz ser uma "
20:26:12.213 "" KEY_DOWN_D AUTO_KEY  -  - QwertyTeste "Que diz ser uma "
20:26:12.213 "d" CHAR_d CHAR  -  - QwertyTeste "Que diz ser uma "
20:26:12.229 "" KEY_DOWN_O AUTO_KEY  -  - QwertyTeste "Que diz ser uma d"
20:26:12.323 "o" CHAR_o CHAR  -  - QwertyTeste "Que diz ser uma d"
20:26:12.479 "" KEY_DOWN_E AUTO_KEY  -  - QwertyTeste "Que diz ser uma do"
20:26:12.479 "e" CHAR_e CHAR  -  - QwertyTeste "Que diz ser uma do"
20:26:12.479 "" KEY_DOWN_N AUTO_KEY  -  - QwertyTeste "Que diz ser uma doe"
20:26:12.479 "n" CHAR_n CHAR  -  - QwertyTeste "Que diz ser uma doe"
20:26:12.479 "" KEY_DOWN_Ç AUTO_KEY  -  - QwertyTeste "Que diz ser uma doen"
20:26:12.479 "ç" CHAR_ç CHAR  -  - QwertyTeste "Que diz ser uma doen"
20:26:12.479 "" KEY_DOWN_A AUTO_KEY  -  - QwertyTeste "Que diz ser uma doenç"
20:26:12.479 "a" CHAR_a CHAR  -  - QwertyTeste "Que diz ser uma doenç"
20:26:12.479 "" KEY_DOWN_BARRA_DE_ESPAÇOS AUTO_KEY  -  - QwertyTeste "Que diz ser uma doença"
20:26:12.479 " " CHAR_ESPAÇO CHAR  -  - QwertyTeste "Que diz ser uma doença"
20:26:12.479 "" NEW_WORD WORD_doença  -  - QwertyTeste "Que diz ser uma doença "
20:26:12.479 "" KEY_DOWN_D AUTO_KEY  -  - QwertyTeste "Que diz ser uma doença "
20:26:12.479 "d" CHAR_d CHAR  -  - QwertyTeste "Que diz ser uma doença "
20:26:12.495 "" KEY_DOWN_E AUTO_KEY  -  - QwertyTeste "Que diz ser uma doença d"
20:26:12.495 "e" CHAR_e CHAR  -  - QwertyTeste "Que diz ser uma doença d"
20:26:12.495 "" KEY_DOWN_G AUTO_KEY  -  - QwertyTeste "Que diz ser uma doença de"
20:26:12.495 "g" CHAR_g CHAR  -  - QwertyTeste "Que diz ser uma doença de"
20:26:12.495 "" KEY_DOWN_E AUTO_KEY  -  - QwertyTeste "Que diz ser uma doença deg"
20:26:12.542 "e" CHAR_e CHAR  -  - QwertyTeste "Que diz ser uma doença deg"
20:26:12.698 "" KEY_DOWN_N AUTO_KEY  -  - QwertyTeste "Que diz ser uma doença dege"
20:26:12.713 "n" CHAR_n CHAR  -  - QwertyTeste "Que diz ser uma doença dege"
20:26:12.713 "" KEY_DOWN_E AUTO_KEY  -  - QwertyTeste "Que diz ser uma doença degen"
20:26:12.713 "e" CHAR_e CHAR  -  - QwertyTeste "Que diz ser uma doença degen"
20:26:12.713 "" KEY_DOWN_R AUTO_KEY  -  - QwertyTeste "Que diz ser uma doença degene"
20:26:12.713 "r" CHAR_r CHAR  -  - QwertyTeste "Que diz ser uma doença degene"
20:26:12.713 "" KEY_DOWN_A AUTO_KEY  -  - QwertyTeste "Que diz ser uma doença degener"
20:26:12.713 "a" CHAR_a CHAR  -  - QwertyTeste "Que diz ser uma doença degener"
20:26:12.713 "" KEY_DOWN_T AUTO_KEY  -  - QwertyTeste "Que diz ser uma doença degenera"
20:26:12.713 "t" CHAR_t CHAR  -  - QwertyTeste "Que diz ser uma doença degenera"
20:26:12.713 "" KEY_DOWN_I AUTO_KEY  -  - QwertyTeste "Que diz ser uma doença degenerat"
20:26:12.713 "i" CHAR_i CHAR  -  - QwertyTeste "Que diz ser uma doença degenerat"
20:26:12.713 "" KEY_DOWN_V AUTO_KEY  -  - QwertyTeste "Que diz ser uma doença degenerati"
20:26:12.729 "v" CHAR_v CHAR  -  - QwertyTeste "Que diz ser uma doença degenerati"
20:26:12.729 "" KEY_DOWN_A AUTO_KEY  -  - QwertyTeste "Que diz ser uma doença degenerativ"
20:26:12.729 "a" CHAR_a CHAR  -  - QwertyTeste "Que diz ser uma doença degenerativ"
20:26:12.729 "" KEY_DOWN_. AUTO_KEY  -  - QwertyTeste "Que diz ser uma doença degenerativa"
20:26:12.729 "." CHAR_. CHAR  -  - QwertyTeste "Que diz ser uma doença degenerativa"
20:26:12.729 "" NEW_WORD WORD_degenerativa  -  - QwertyTeste "Que diz ser uma doença degenerativa."
20:26:12.729 "" NEW_SENTENCE SENTENCE_Que_diz_ser_uma_doença_degenerativa.  -  - QwertyTeste "Que diz ser uma doença degenerativa."
20:26:12.729 "" KEY_DOWN_BARRA_DE_ESPAÇOS AUTO_KEY  -  - QwertyTeste "Que diz ser uma doença degenerativa."
20:26:12.729 " " CHAR_ESPAÇO CHAR  -  - QwertyTeste "Que diz ser uma doença degenerativa."
20:26:15.588 "" LEFT_MOUSE_DOWN_KEY TEXT_KEY_SELECTION_Enter 5.0.1 110.546 QwertyTeste ""
20:26:15.698 "" KEY_DOWN_ENTER AUTO_KEY  -  - QwertyTeste ""
20:26:15.698 "\n" CHAR_ENTER CHAR  -  - QwertyTeste ""
20:26:22.917 "" LEFT_MOUSE_DOWN_KEY TEXT_KEY_SELECTION_CapsLock 8.0.1 101.687 QwertyTeste ""
20:26:22.917 "" KEY_DOWN_CAPSLOCK AUTO_KEY  -  - QwertyTeste ""
20:26:23.604 "" LEFT_MOUSE_DOWN_KEY TEXT_KEY_SELECTION_n 7.0.7 622.640 QwertyTeste ""
20:26:23.604 "" KEY_DOWN_N AUTO_KEY  -  - QwertyTeste ""
20:26:23.604 "N" CHAR_N CHAR  -  - QwertyTeste ""
20:26:24.307 "" LEFT_MOUSE_DOWN_KEY TEXT_KEY_SELECTION_CapsLock 8.0.1 101.687 QwertyTeste "N"
20:26:24.307 "" KEY_DOWN_CAPSLOCK AUTO_KEY  -  - QwertyTeste "N"
20:26:25.526 "" LEFT_MOUSE_DOWN_KEY TEXT_KEY_SELECTION_e 5.0.4 372.546 QwertyTeste "N"
20:26:25.698 "" KEY_DOWN_E AUTO_KEY  -  - QwertyTeste "N"
20:26:25.698 "e" CHAR_e CHAR  -  - QwertyTeste "N"
20:26:27.541 "" LEFT_MOUSE_DOWN_KEY TEXT_KEY_SELECTION_u 5.0.8 700.546 QwertyTeste "Ne"
20:26:27.541 "" KEY_DOWN_U AUTO_KEY  -  - QwertyTeste "Ne"
20:26:27.541 "u" CHAR_u CHAR  -  - QwertyTeste "Ne"
20:26:28.823 "" LEFT_MOUSE_DOWN_KEY PREDICTED_SENTENCE_SELECTION_0_Neuro-muscular. 2.0.1 290.290 QwertyTeste "Neu"
20:26:28.823 "" KEY_DOWN_R AUTO_KEY  -  - QwertyTeste "Neu"
20:26:28.823 "r" CHAR_r CHAR  -  - QwertyTeste "Neu"
20:26:28.823 "" KEY_DOWN_O AUTO_KEY  -  - QwertyTeste "Neur"
20:26:28.823 "o" CHAR_o CHAR  -  - QwertyTeste "Neur"
20:26:28.823 "" KEY_DOWN_- AUTO_KEY  -  - QwertyTeste "Neuro"
20:26:28.823 "-" CHAR_- CHAR  -  - QwertyTeste "Neuro"
20:26:28.838 "" KEY_DOWN_M AUTO_KEY  -  - QwertyTeste "Neuro-"
20:26:28.838 "m" CHAR_m CHAR  -  - QwertyTeste "Neuro-"
20:26:28.838 "" KEY_DOWN_U AUTO_KEY  -  - QwertyTeste "Neuro-m"
20:26:28.838 "u" CHAR_u CHAR  -  - QwertyTeste "Neuro-m"
20:26:28.838 "" KEY_DOWN_S AUTO_KEY  -  - QwertyTeste "Neuro-mu"
20:26:28.838 "s" CHAR_s CHAR  -  - QwertyTeste "Neuro-mu"
20:26:28.838 "" KEY_DOWN_C AUTO_KEY  -  - QwertyTeste "Neuro-mus"
20:26:28.838 "c" CHAR_c CHAR  -  - QwertyTeste "Neuro-mus"
20:26:28.838 "" KEY_DOWN_U AUTO_KEY  -  - QwertyTeste "Neuro-musc"
20:26:28.838 "u" CHAR_u CHAR  -  - QwertyTeste "Neuro-musc"
20:26:28.838 "" KEY_DOWN_L AUTO_KEY  -  - QwertyTeste "Neuro-muscu"
20:26:28.838 "l" CHAR_l CHAR  -  - QwertyTeste "Neuro-muscu"
20:26:28.838 "" KEY_DOWN_A AUTO_KEY  -  - QwertyTeste "Neuro-muscul"
20:26:28.838 "a" CHAR_a CHAR  -  - QwertyTeste "Neuro-muscul"
20:26:28.838 "" KEY_DOWN_R AUTO_KEY  -  - QwertyTeste "Neuro-muscula"
20:26:28.838 "r" CHAR_r CHAR  -  - QwertyTeste "Neuro-muscula"
20:26:28.838 "" KEY_DOWN_. AUTO_KEY  -  - QwertyTeste "Neuro-muscular"
20:26:28.838 "." CHAR_. CHAR  -  - QwertyTeste "Neuro-muscular"
20:26:28.901 "" NEW_WORD WORD_Neuro-muscular  -  - QwertyTeste "Neuro-muscular."
20:26:28.901 "" NEW_SENTENCE SENTENCE_Neuro-muscular.  -  - QwertyTeste "Neuro-muscular."
20:26:29.245 "" KEY_DOWN_BARRA_DE_ESPAÇOS AUTO_KEY  -  - QwertyTeste "Neuro-muscular."
20:26:29.245 " " CHAR_ESPAÇO CHAR  -  - QwertyTeste "Neuro-muscular."
20:26:38.620 "" WORD_PROCESSOR_CHANGE INTERNAL_WORD_PROCESSOR  -  - QwertyTeste ""
20:26:42.370 "" MENU_OPTION_SELECTION USER_PROFILE_LOAD_Mod3-3  -  - QwertyTeste ""
$$$ End Body


Tempo_Total_Escrita 131
Tempo_Efectivo_Escrita 120
Numero_Teclas_Pressionadas 0
Numero_Teclas_Sistema 164
Numero_Total_Teclas 164
Numero_Teclas_Ecra_Pressionadas 52
Numero_Activacoes_Manipulos 0
Numero_Teclas_Texto_Teclado_Qwerty 156
Teclas_Poupadas_Comparacao_Escrita_Teclado_Qwerty 100.000000
Teclas_Ecra_Poupadas_Comparacao_Escrita_Teclado_Qwerty 66.666667
Activacoes_Manipulo_Poupadas_Comparacao_Escrita_Teclado_Qwerty 100.000000
Numero_Caracteres_Escritos 149
Numero_Palavras_Escritas 26
Numero_Frases_Escritas 6
Numero_Caracteres_Finais 147
Numero_Palavras_Finais 26
Numero_Frases_Finais 6
Numero_Cliques 52
Numero_Simbolos_Simples_Seleccionados 22
Numero_Simbolos_Compostos_Seleccionados 0
Numero_Simbolos_Simples_Escritos 0
Numero_Simbolos_Compostos_Escritos 0
Numero_Simbolos_Finais 0
Numero_Alteracoes_Teclado_Ecran_Atraves_Menu 0
Numero_Alteracoes_Teclado_Ecran_Atraves_Teclado_Ecran 0
Numero_Envios_Comunicacao_Cooperativa 0
Numero_Sugestoes_Palavras 0
Numero_Sugestoes_Frases 0
Numero_Sugestoes_Simbolos_Simples 0
Numero_Sugestoes_Simbolos_Multiplos 0
Numero_Abreviaturas_Expandidas 0
Numero_Predicoes 28
Numero_Palavras_Completadas 0
Posicao_Media_Palavras_Lista -
Numero_Medio_Caracteres_Completar_Palavras -
Numero_Palavras_Completadas_A_Partir_Simbolos_Simples 0
Posicao_Media_Simbolos_Simples_Com_Palavra_Lista -
Numero_Medio_Caracteres_Completar_Palavras_A_Partir_Simbolos_Simples -
Numero_Palavras_Completadas_A_Partir_Simbolos_Compostos 0
Posicao_Media_Simbolos_Compostos_Com_Palavra_Lista -
Numero_Medio_Caracteres_Completar_Palavras_A_Partir_Simbolos_Compostos -
Numero_Sequencias_Palavras_Completadas 0
Posicao_Media_Sequencias_Palavras_Lista -
Numero_Medio_Caracteres_Completar_Sequencia_Palavras -
Numero_Sequencias_Palavras_Completadas_A_Partir_Simbolos_Simples 0
Posicao_Media_Simbolos_Simples_Com_Sequencia_Palavras_Lista -
Numero_Medio_Caracteres_Completar_Sequencia_Palavras_A_Partir_Simbolos_Simples -
Numero_Sequencias_Palavras_Completadas_A_Partir_Simbolos_Compostos 0
Posicao_Media_Simbolos_Compostos_Com_Sequencia_Palavra_Lista -
Numero_Medio_Caracteres_Completar_Sequencia_Palavras_A_Partir_Simbolos_Compostos -
Numero_Frases_Completadas 5
Posicao_Media_Frases_Lista 1.400000
Numero_Medio_Caracteres_Completar_Frases 3.800000
Numero_Frases_Completadas_A_Partir_Simbolos_Simples 0
Posicao_Media_Simbolos_Simples_Com_Frase_Lista -
Numero_Medio_Caracteres_Completar_Frases_A_Partir_Simbolos_Simples -
Numero_Frases_Completadas_A_Partir_Simbolos_Compostos 0
Posicao_Media_Simbolos_Compostos_Com_Frase_Lista -
Numero_Medio_Caracteres_Completar_Frases_A_Partir_Simbolos_Compostos -
Numero_Simbolos_Simples_Preditos_Seleccionados 0
Posicao_Media_Simbolos_Simples_Lista -
Numero_Simbolos_Compostos_Preditos_Seleccionados 0
Posicao_Media_Simbolos_Compostos_Lista -
Numero_Caracteres_Simbolos_Apagados 1
Palavras_Sintetizadas 0
Frases_Sintetizadas 0
Simbolos_Sintetizados 0
Total_Palavras_Sintetizadas 0
Linha_Texto_Final No  osso.
Hoje ou amanhã. 
O meu irmão é um ano mais novo que eu. 
Massa tricolor em rosca. 
Que diz ser uma doença degenerativa. 
Neuro-muscular. 
