TIME Time when the event occurred
OUTPUT Text output caused by the event
EVENT The event
TYPE Type of the element or operation connected to the event
ELEMENT Screen element where the event occurred
CENTER Screen coordinates of the element center where the event occurred
PAGE Communication board where the event occurred
CONTEXT Message content before de event
$$$ End Header


19:31:55.921 "" SYSTEM_INFO START_LOGGING - - - "-"
19:32:05.625 "" WORD_PROCESSOR_CHANGE INTERNAL_WORD_PROCESSOR  -  - QwertyTeste ""
19:32:14.296 "" LEFT_MOUSE_DOWN_KEY TEXT_KEY_SELECTION_CapsLock 8.0.1 101.687 QwertyTeste ""
19:32:14.296 "" KEY_DOWN_CAPSLOCK AUTO_KEY  -  - QwertyTeste ""
19:32:15.359 "" LEFT_MOUSE_DOWN_KEY TEXT_KEY_SELECTION_t 5.0.6 536.546 QwertyTeste ""
19:32:15.390 "" KEY_DOWN_T AUTO_KEY  -  - QwertyTeste ""
19:32:15.390 "T" CHAR_T CHAR  -  - QwertyTeste ""
19:32:16.812 "" LEFT_MOUSE_DOWN_KEY TEXT_KEY_SELECTION_CapsLock 8.0.1 101.687 QwertyTeste "T"
19:32:16.812 "" KEY_DOWN_CAPSLOCK AUTO_KEY  -  - QwertyTeste "T"
19:32:18.328 "" LEFT_MOUSE_DOWN_KEY TEXT_KEY_SELECTION_e 5.0.4 372.546 QwertyTeste "T"
19:32:18.328 "" KEY_DOWN_E AUTO_KEY  -  - QwertyTeste "T"
19:32:18.328 "e" CHAR_e CHAR  -  - QwertyTeste "T"
19:32:18.843 "" LEFT_MOUSE_DOWN_KEY TEXT_KEY_SELECTION_n 7.0.7 622.640 QwertyTeste "Te"
19:32:18.843 "" KEY_DOWN_N AUTO_KEY  -  - QwertyTeste "Te"
19:32:18.843 "n" CHAR_n CHAR  -  - QwertyTeste "Te"
19:32:20.406 "" LEFT_MOUSE_DOWN_KEY TEXT_KEY_SELECTION_d 6.0.4 368.593 QwertyTeste "Ten"
19:32:20.421 "" KEY_DOWN_D AUTO_KEY  -  - QwertyTeste "Ten"
19:32:20.421 "d" CHAR_d CHAR  -  - QwertyTeste "Ten"
19:32:21.578 "" LEFT_MOUSE_DOWN_KEY TEXT_KEY_SELECTION_o 5.0.10 859.546 QwertyTeste "Tend"
19:32:21.765 "" KEY_DOWN_O AUTO_KEY  -  - QwertyTeste "Tend"
19:32:21.765 "o" CHAR_o CHAR  -  - QwertyTeste "Tend"
19:32:23.734 "" LEFT_MOUSE_DOWN_KEY TEXT_KEY_SELECTION_Space 4.0.1 111.499 QwertyTeste "Tendo"
19:32:23.859 "" KEY_DOWN_BARRA_DE_ESPAÇOS AUTO_KEY  -  - QwertyTeste "Tendo"
19:32:23.859 " " CHAR_ESPAÇO CHAR  -  - QwertyTeste "Tendo"
19:32:23.859 "" NEW_WORD WORD_Tendo  -  - QwertyTeste "Tendo "
19:32:26.953 "" LEFT_MOUSE_DOWN_KEY PREDICTED_WORD_SELECTION_0_eu 0.0.1 174.157 QwertyTeste "Tendo "
19:32:26.953 "" KEY_DOWN_E AUTO_KEY  -  - QwertyTeste "Tendo "
19:32:26.953 "e" CHAR_e CHAR  -  - QwertyTeste "Tendo "
19:32:26.953 "" KEY_DOWN_U AUTO_KEY  -  - QwertyTeste "Tendo e"
19:32:26.953 "u" CHAR_u CHAR  -  - QwertyTeste "Tendo e"
19:32:26.953 "" KEY_DOWN_BARRA_DE_ESPAÇOS AUTO_KEY  -  - QwertyTeste "Tendo eu"
19:32:26.953 " " CHAR_ESPAÇO CHAR  -  - QwertyTeste "Tendo eu"
19:32:26.953 "" NEW_WORD WORD_eu  -  - QwertyTeste "Tendo eu "
19:32:31.062 "" LEFT_MOUSE_DOWN_KEY TEXT_KEY_SELECTION_r 5.0.5 454.546 QwertyTeste "Tendo eu "
19:32:31.281 "" KEY_DOWN_R AUTO_KEY  -  - QwertyTeste "Tendo eu "
19:32:31.281 "r" CHAR_r CHAR  -  - QwertyTeste "Tendo eu "
19:32:32.171 "" LEFT_MOUSE_DOWN_KEY TEXT_KEY_SELECTION_e 5.0.4 372.546 QwertyTeste "Tendo eu r"
19:32:32.187 "" KEY_DOWN_E AUTO_KEY  -  - QwertyTeste "Tendo eu r"
19:32:32.187 "e" CHAR_e CHAR  -  - QwertyTeste "Tendo eu r"
19:32:35.734 "" LEFT_MOUSE_DOWN_KEY PREDICTED_WORD_SELECTION_0_repetido 0.0.1 174.157 QwertyTeste "Tendo eu re"
19:32:35.750 "" KEY_DOWN_P AUTO_KEY  -  - QwertyTeste "Tendo eu re"
19:32:35.750 "p" CHAR_p CHAR  -  - QwertyTeste "Tendo eu re"
19:32:35.750 "" KEY_DOWN_E AUTO_KEY  -  - QwertyTeste "Tendo eu rep"
19:32:35.750 "e" CHAR_e CHAR  -  - QwertyTeste "Tendo eu rep"
19:32:35.750 "" KEY_DOWN_T AUTO_KEY  -  - QwertyTeste "Tendo eu repe"
19:32:35.750 "t" CHAR_t CHAR  -  - QwertyTeste "Tendo eu repe"
19:32:35.750 "" KEY_DOWN_I AUTO_KEY  -  - QwertyTeste "Tendo eu repet"
19:32:35.750 "i" CHAR_i CHAR  -  - QwertyTeste "Tendo eu repet"
19:32:35.750 "" KEY_DOWN_D AUTO_KEY  -  - QwertyTeste "Tendo eu repeti"
19:32:35.750 "d" CHAR_d CHAR  -  - QwertyTeste "Tendo eu repeti"
19:32:35.750 "" KEY_DOWN_O AUTO_KEY  -  - QwertyTeste "Tendo eu repetid"
19:32:35.750 "o" CHAR_o CHAR  -  - QwertyTeste "Tendo eu repetid"
19:32:35.750 "" KEY_DOWN_BARRA_DE_ESPAÇOS AUTO_KEY  -  - QwertyTeste "Tendo eu repetido"
19:32:35.765 " " CHAR_ESPAÇO CHAR  -  - QwertyTeste "Tendo eu repetido"
19:32:35.765 "" NEW_WORD WORD_repetido  -  - QwertyTeste "Tendo eu repetido "
19:32:38.593 "" LEFT_MOUSE_DOWN_KEY TEXT_KEY_SELECTION_n 7.0.7 622.640 QwertyTeste "Tendo eu repetido "
19:32:38.593 "" KEY_DOWN_N AUTO_KEY  -  - QwertyTeste "Tendo eu repetido "
19:32:38.593 "n" CHAR_n CHAR  -  - QwertyTeste "Tendo eu repetido "
19:32:39.734 "" LEFT_MOUSE_DOWN_KEY PREDICTED_WORD_SELECTION_1_na 0.0.2 405.157 QwertyTeste "Tendo eu repetido n"
19:32:39.750 "" KEY_DOWN_A AUTO_KEY  -  - QwertyTeste "Tendo eu repetido n"
19:32:39.750 "a" CHAR_a CHAR  -  - QwertyTeste "Tendo eu repetido n"
19:32:39.750 "" KEY_DOWN_BARRA_DE_ESPAÇOS AUTO_KEY  -  - QwertyTeste "Tendo eu repetido na"
19:32:39.750 " " CHAR_ESPAÇO CHAR  -  - QwertyTeste "Tendo eu repetido na"
19:32:39.750 "" NEW_WORD WORD_na  -  - QwertyTeste "Tendo eu repetido na "
19:32:43.265 "" LEFT_MOUSE_DOWN_KEY PREDICTED_WORD_SELECTION_4_primária 1.0.1 174.204 QwertyTeste "Tendo eu repetido na "
19:32:43.281 "" KEY_DOWN_P AUTO_KEY  -  - QwertyTeste "Tendo eu repetido na "
19:32:43.281 "p" CHAR_p CHAR  -  - QwertyTeste "Tendo eu repetido na "
19:32:43.281 "" KEY_DOWN_R AUTO_KEY  -  - QwertyTeste "Tendo eu repetido na p"
19:32:43.281 "r" CHAR_r CHAR  -  - QwertyTeste "Tendo eu repetido na p"
19:32:43.281 "" KEY_DOWN_I AUTO_KEY  -  - QwertyTeste "Tendo eu repetido na pr"
19:32:43.281 "i" CHAR_i CHAR  -  - QwertyTeste "Tendo eu repetido na pr"
19:32:43.281 "" KEY_DOWN_M AUTO_KEY  -  - QwertyTeste "Tendo eu repetido na pri"
19:32:43.281 "m" CHAR_m CHAR  -  - QwertyTeste "Tendo eu repetido na pri"
19:32:43.281 "" KEY_DOWN_AGUDO AUTO_KEY  -  - QwertyTeste "Tendo eu repetido na prim"
19:32:43.281 "" KEY_DOWN_A AUTO_KEY  -  - QwertyTeste "Tendo eu repetido na prim"
19:32:43.281 "á" CHAR_á CHAR  -  - QwertyTeste "Tendo eu repetido na prim"
19:32:43.281 "" KEY_DOWN_R AUTO_KEY  -  - QwertyTeste "Tendo eu repetido na primá"
19:32:43.281 "r" CHAR_r CHAR  -  - QwertyTeste "Tendo eu repetido na primá"
19:32:43.328 "" KEY_DOWN_I AUTO_KEY  -  - QwertyTeste "Tendo eu repetido na primár"
19:32:43.328 "i" CHAR_i CHAR  -  - QwertyTeste "Tendo eu repetido na primár"
19:32:43.328 "" KEY_DOWN_A AUTO_KEY  -  - QwertyTeste "Tendo eu repetido na primári"
19:32:43.328 "a" CHAR_a CHAR  -  - QwertyTeste "Tendo eu repetido na primári"
19:32:43.328 "" KEY_DOWN_BARRA_DE_ESPAÇOS AUTO_KEY  -  - QwertyTeste "Tendo eu repetido na primária"
19:32:43.328 " " CHAR_ESPAÇO CHAR  -  - QwertyTeste "Tendo eu repetido na primária"
19:32:43.328 "" NEW_WORD WORD_primária  -  - QwertyTeste "Tendo eu repetido na primária "
19:32:45.656 "" LEFT_MOUSE_DOWN_KEY TEXT_KEY_SELECTION_2 4.0.3 286.499 QwertyTeste "Tendo eu repetido na primária "
19:32:45.781 "" KEY_DOWN_2 AUTO_KEY  -  - QwertyTeste "Tendo eu repetido na primária "
19:32:45.781 "2" CHAR_2 CHAR  -  - QwertyTeste "Tendo eu repetido na primária "
19:32:47.609 "" LEFT_MOUSE_DOWN_KEY TEXT_KEY_SELECTION_a 6.0.2 204.593 QwertyTeste "Tendo eu repetido na primária 2"
19:32:47.609 "" KEY_DOWN_A AUTO_KEY  -  - QwertyTeste "Tendo eu repetido na primária 2"
19:32:47.609 "a" CHAR_a CHAR  -  - QwertyTeste "Tendo eu repetido na primária 2"
19:32:50.812 "" LEFT_MOUSE_DOWN_KEY TEXT_KEY_SELECTION_BkSp 6.0.1 111.593 QwertyTeste "Tendo eu repetido na primária 2a"
19:32:50.812 "" KEY_DOWN_BACKSPACE AUTO_KEY  -  - QwertyTeste "Tendo eu repetido na primária 2a"
19:32:50.812 "\b" CHAR_RETROCESSO CHAR  -  - QwertyTeste "Tendo eu repetido na primária 2a"
19:32:52.843 "" LEFT_MOUSE_DOWN_KEY TEXT_KEY_SELECTION_Space 4.0.1 111.499 QwertyTeste "Tendo eu repetido na primária 2"
19:32:52.843 "" KEY_DOWN_BARRA_DE_ESPAÇOS AUTO_KEY  -  - QwertyTeste "Tendo eu repetido na primária 2"
19:32:52.843 " " CHAR_ESPAÇO CHAR  -  - QwertyTeste "Tendo eu repetido na primária 2"
19:32:53.562 "" LEFT_MOUSE_DOWN_KEY TEXT_KEY_SELECTION_a 6.0.2 204.593 QwertyTeste "Tendo eu repetido na primária 2 "
19:32:53.562 "" KEY_DOWN_A AUTO_KEY  -  - QwertyTeste "Tendo eu repetido na primária 2 "
19:32:53.562 "a" CHAR_a CHAR  -  - QwertyTeste "Tendo eu repetido na primária 2 "
19:32:57.343 "" LEFT_MOUSE_DOWN_KEY PREDICTED_WORD_SELECTION_0_anos 0.0.1 174.157 QwertyTeste "Tendo eu repetido na primária 2 a"
19:32:57.359 "" KEY_DOWN_N AUTO_KEY  -  - QwertyTeste "Tendo eu repetido na primária 2 a"
19:32:57.359 "n" CHAR_n CHAR  -  - QwertyTeste "Tendo eu repetido na primária 2 a"
19:32:57.375 "" KEY_DOWN_O AUTO_KEY  -  - QwertyTeste "Tendo eu repetido na primária 2 an"
19:32:57.375 "o" CHAR_o CHAR  -  - QwertyTeste "Tendo eu repetido na primária 2 an"
19:32:57.375 "" KEY_DOWN_S AUTO_KEY  -  - QwertyTeste "Tendo eu repetido na primária 2 ano"
19:32:57.375 "s" CHAR_s CHAR  -  - QwertyTeste "Tendo eu repetido na primária 2 ano"
19:32:57.375 "" KEY_DOWN_BARRA_DE_ESPAÇOS AUTO_KEY  -  - QwertyTeste "Tendo eu repetido na primária 2 anos"
19:32:57.375 " " CHAR_ESPAÇO CHAR  -  - QwertyTeste "Tendo eu repetido na primária 2 anos"
19:32:57.375 "" NEW_WORD WORD_anos  -  - QwertyTeste "Tendo eu repetido na primária 2 anos "
19:33:00.156 "" LEFT_MOUSE_DOWN_KEY TEXT_KEY_SELECTION_BkSp 6.0.1 111.593 QwertyTeste "Tendo eu repetido na primária 2 anos "
19:33:00.281 "" KEY_DOWN_BACKSPACE AUTO_KEY  -  - QwertyTeste "Tendo eu repetido na primária 2 anos "
19:33:00.281 "\b" CHAR_RETROCESSO CHAR  -  - QwertyTeste "Tendo eu repetido na primária 2 anos "
19:33:01.187 "" LEFT_MOUSE_DOWN_KEY TEXT_KEY_SELECTION_. 7.0.10 867.640 QwertyTeste "Tendo eu repetido na primária 2 anos"
19:33:01.203 "" KEY_DOWN_. AUTO_KEY  -  - QwertyTeste "Tendo eu repetido na primária 2 anos"
19:33:01.203 "." CHAR_. CHAR  -  - QwertyTeste "Tendo eu repetido na primária 2 anos"
19:33:01.203 "" NEW_SENTENCE SENTENCE_Tendo_eu_repetido_na_primária_2_anos.  -  - QwertyTeste "Tendo eu repetido na primária 2 anos."
19:33:02.031 "" LEFT_MOUSE_DOWN_KEY TEXT_KEY_SELECTION_Enter 5.0.1 110.546 QwertyTeste "Tendo eu repetido na primária 2 anos."
19:33:02.328 "" KEY_DOWN_ENTER AUTO_KEY  -  - QwertyTeste "Tendo eu repetido na primária 2 anos."
19:33:02.328 "\n" CHAR_ENTER CHAR  -  - QwertyTeste "Tendo eu repetido na primária 2 anos."
19:33:05.453 "" LEFT_MOUSE_DOWN_KEY TEXT_KEY_SELECTION_Enter 5.0.1 110.546 QwertyTeste ""
19:33:05.453 "" KEY_DOWN_ENTER AUTO_KEY  -  - QwertyTeste ""
19:33:05.453 "\n" CHAR_ENTER CHAR  -  - QwertyTeste ""
19:33:07.093 "" LEFT_MOUSE_DOWN_KEY TEXT_KEY_SELECTION_CapsLock 8.0.1 101.687 QwertyTeste ""
19:33:07.093 "" KEY_DOWN_CAPSLOCK AUTO_KEY  -  - QwertyTeste ""
19:33:07.781 "" LEFT_MOUSE_DOWN_KEY TEXT_KEY_SELECTION_a 6.0.2 204.593 QwertyTeste ""
19:33:07.796 "" KEY_DOWN_A AUTO_KEY  -  - QwertyTeste ""
19:33:07.796 "A" CHAR_A CHAR  -  - QwertyTeste ""
19:33:11.718 "" LEFT_MOUSE_DOWN_KEY TEXT_KEY_SELECTION_Space 4.0.1 111.499 QwertyTeste "A"
19:33:11.921 "" KEY_DOWN_BARRA_DE_ESPAÇOS AUTO_KEY  -  - QwertyTeste "A"
19:33:11.921 " " CHAR_ESPAÇO CHAR  -  - QwertyTeste "A"
19:33:11.921 "" NEW_WORD WORD_A  -  - QwertyTeste "A "
19:33:13.656 "" LEFT_MOUSE_DOWN_KEY TEXT_KEY_SELECTION_p 5.0.11 942.546 QwertyTeste "A "
19:33:13.812 "" KEY_DOWN_P AUTO_KEY  -  - QwertyTeste "A "
19:33:13.812 "P" CHAR_P CHAR  -  - QwertyTeste "A "
19:33:14.687 "" LEFT_MOUSE_DOWN_KEY TEXT_KEY_SELECTION_r 5.0.5 454.546 QwertyTeste "A P"
19:33:14.687 "" KEY_DOWN_R AUTO_KEY  -  - QwertyTeste "A P"
19:33:14.687 "R" CHAR_R CHAR  -  - QwertyTeste "A P"
19:33:16.125 "" LEFT_MOUSE_DOWN_KEY TEXT_KEY_SELECTION_i 5.0.9 780.546 QwertyTeste "A PR"
19:33:16.312 "" KEY_DOWN_I AUTO_KEY  -  - QwertyTeste "A PR"
19:33:16.312 "I" CHAR_I CHAR  -  - QwertyTeste "A PR"
19:33:16.843 "" LEFT_MOUSE_DOWN_KEY TEXT_KEY_SELECTION_m 7.0.8 708.640 QwertyTeste "A PRI"
19:33:17.000 "" KEY_DOWN_M AUTO_KEY  -  - QwertyTeste "A PRI"
19:33:17.000 "M" CHAR_M CHAR  -  - QwertyTeste "A PRI"
19:33:19.156 "" LEFT_MOUSE_DOWN_KEY TEXT_KEY_SELECTION_a 6.0.2 204.593 QwertyTeste "A PRIM"
19:33:19.156 "" KEY_DOWN_A AUTO_KEY  -  - QwertyTeste "A PRIM"
19:33:19.156 "A" CHAR_A CHAR  -  - QwertyTeste "A PRIM"
19:33:22.078 "" LEFT_MOUSE_DOWN_KEY TEXT_KEY_SELECTION_BkSp 6.0.1 111.593 QwertyTeste "A PRIMA"
19:33:22.078 "" KEY_DOWN_BACKSPACE AUTO_KEY  -  - QwertyTeste "A PRIMA"
19:33:22.078 "\b" CHAR_RETROCESSO CHAR  -  - QwertyTeste "A PRIMA"
19:33:22.281 "" LEFT_MOUSE_DOWN_KEY TEXT_KEY_SELECTION_BkSp 6.0.1 111.593 QwertyTeste "A PRIM"
19:33:22.312 "" KEY_DOWN_BACKSPACE AUTO_KEY  -  - QwertyTeste "A PRIM"
19:33:22.312 "\b" CHAR_RETROCESSO CHAR  -  - QwertyTeste "A PRIM"
19:33:22.531 "" LEFT_MOUSE_DOWN_KEY TEXT_KEY_SELECTION_BkSp 6.0.1 111.593 QwertyTeste "A PRI"
19:33:22.531 "" KEY_DOWN_BACKSPACE AUTO_KEY  -  - QwertyTeste "A PRI"
19:33:22.531 "\b" CHAR_RETROCESSO CHAR  -  - QwertyTeste "A PRI"
19:33:22.671 "" LEFT_MOUSE_DOWN_KEY TEXT_KEY_SELECTION_BkSp 6.0.1 111.593 QwertyTeste "A PR"
19:33:22.765 "" KEY_DOWN_BACKSPACE AUTO_KEY  -  - QwertyTeste "A PR"
19:33:22.765 "\b" CHAR_RETROCESSO CHAR  -  - QwertyTeste "A PR"
19:33:22.906 "" LEFT_MOUSE_DOWN_KEY TEXT_KEY_SELECTION_BkSp 6.0.1 111.593 QwertyTeste "A P"
19:33:22.984 "" KEY_DOWN_BACKSPACE AUTO_KEY  -  - QwertyTeste "A P"
19:33:22.984 "\b" CHAR_RETROCESSO CHAR  -  - QwertyTeste "A P"
19:33:24.578 "" LEFT_MOUSE_DOWN_KEY TEXT_KEY_SELECTION_CapsLock 8.0.1 101.687 QwertyTeste "A "
19:33:24.578 "" KEY_DOWN_CAPSLOCK AUTO_KEY  -  - QwertyTeste "A "
19:33:25.437 "" LEFT_MOUSE_DOWN_KEY TEXT_KEY_SELECTION_p 5.0.11 942.546 QwertyTeste "A "
19:33:25.500 "" KEY_DOWN_P AUTO_KEY  -  - QwertyTeste "A "
19:33:25.500 "p" CHAR_p CHAR  -  - QwertyTeste "A "
19:33:26.734 "" LEFT_MOUSE_DOWN_KEY TEXT_KEY_SELECTION_r 5.0.5 454.546 QwertyTeste "A p"
19:33:26.890 "" KEY_DOWN_R AUTO_KEY  -  - QwertyTeste "A p"
19:33:26.890 "r" CHAR_r CHAR  -  - QwertyTeste "A p"
19:33:27.812 "" LEFT_MOUSE_DOWN_KEY TEXT_KEY_SELECTION_i 5.0.9 780.546 QwertyTeste "A pr"
19:33:27.812 "" KEY_DOWN_I AUTO_KEY  -  - QwertyTeste "A pr"
19:33:27.812 "i" CHAR_i CHAR  -  - QwertyTeste "A pr"
19:33:30.609 "" LEFT_MOUSE_DOWN_KEY PREDICTED_WORD_SELECTION_1_prima 0.0.2 405.157 QwertyTeste "A pri"
19:33:30.781 "" KEY_DOWN_M AUTO_KEY  -  - QwertyTeste "A pri"
19:33:30.781 "m" CHAR_m CHAR  -  - QwertyTeste "A pri"
19:33:30.781 "" KEY_DOWN_A AUTO_KEY  -  - QwertyTeste "A prim"
19:33:30.796 "a" CHAR_a CHAR  -  - QwertyTeste "A prim"
19:33:30.796 "" KEY_DOWN_BARRA_DE_ESPAÇOS AUTO_KEY  -  - QwertyTeste "A prima"
19:33:30.796 " " CHAR_ESPAÇO CHAR  -  - QwertyTeste "A prima"
19:33:30.796 "" NEW_WORD WORD_prima  -  - QwertyTeste "A prima "
19:33:33.203 "" LEFT_MOUSE_DOWN_KEY TEXT_KEY_SELECTION_CapsLock 8.0.1 101.687 QwertyTeste "A prima "
19:33:33.203 "" KEY_DOWN_CAPSLOCK AUTO_KEY  -  - QwertyTeste "A prima "
19:33:34.203 "" LEFT_MOUSE_DOWN_KEY TEXT_KEY_SELECTION_m 7.0.8 708.640 QwertyTeste "A prima "
19:33:34.203 "" KEY_DOWN_M AUTO_KEY  -  - QwertyTeste "A prima "
19:33:34.203 "M" CHAR_M CHAR  -  - QwertyTeste "A prima "
19:33:35.156 "" LEFT_MOUSE_DOWN_KEY TEXT_KEY_SELECTION_CapsLock 8.0.1 101.687 QwertyTeste "A prima M"
19:33:35.156 "" KEY_DOWN_CAPSLOCK AUTO_KEY  -  - QwertyTeste "A prima M"
19:33:36.078 "" LEFT_MOUSE_DOWN_KEY PREDICTED_WORD_SELECTION_0_margarida 0.0.1 174.157 QwertyTeste "A prima M"
19:33:36.078 "" KEY_DOWN_A AUTO_KEY  -  - QwertyTeste "A prima M"
19:33:36.078 "a" CHAR_a CHAR  -  - QwertyTeste "A prima M"
19:33:36.078 "" KEY_DOWN_R AUTO_KEY  -  - QwertyTeste "A prima Ma"
19:33:36.078 "r" CHAR_r CHAR  -  - QwertyTeste "A prima Ma"
19:33:36.078 "" KEY_DOWN_G AUTO_KEY  -  - QwertyTeste "A prima Mar"
19:33:36.078 "g" CHAR_g CHAR  -  - QwertyTeste "A prima Mar"
19:33:36.078 "" KEY_DOWN_A AUTO_KEY  -  - QwertyTeste "A prima Marg"
19:33:36.078 "a" CHAR_a CHAR  -  - QwertyTeste "A prima Marg"
19:33:36.078 "" KEY_DOWN_R AUTO_KEY  -  - QwertyTeste "A prima Marga"
19:33:36.078 "r" CHAR_r CHAR  -  - QwertyTeste "A prima Marga"
19:33:36.093 "" KEY_DOWN_I AUTO_KEY  -  - QwertyTeste "A prima Margar"
19:33:36.093 "i" CHAR_i CHAR  -  - QwertyTeste "A prima Margar"
19:33:36.093 "" KEY_DOWN_D AUTO_KEY  -  - QwertyTeste "A prima Margari"
19:33:36.093 "d" CHAR_d CHAR  -  - QwertyTeste "A prima Margari"
19:33:36.093 "" KEY_DOWN_A AUTO_KEY  -  - QwertyTeste "A prima Margarid"
19:33:36.093 "a" CHAR_a CHAR  -  - QwertyTeste "A prima Margarid"
19:33:36.093 "" KEY_DOWN_BARRA_DE_ESPAÇOS AUTO_KEY  -  - QwertyTeste "A prima Margarida"
19:33:36.093 " " CHAR_ESPAÇO CHAR  -  - QwertyTeste "A prima Margarida"
19:33:36.093 "" NEW_WORD WORD_Margarida  -  - QwertyTeste "A prima Margarida "
19:33:39.515 "" LEFT_MOUSE_DOWN_KEY PREDICTED_WORD_SELECTION_0_dá-ma 0.0.1 174.157 QwertyTeste "A prima Margarida "
19:33:39.515 "" KEY_DOWN_D AUTO_KEY  -  - QwertyTeste "A prima Margarida "
19:33:39.515 "d" CHAR_d CHAR  -  - QwertyTeste "A prima Margarida "
19:33:39.531 "" KEY_DOWN_AGUDO AUTO_KEY  -  - QwertyTeste "A prima Margarida d"
19:33:39.531 "" KEY_DOWN_A AUTO_KEY  -  - QwertyTeste "A prima Margarida d"
19:33:39.531 "á" CHAR_á CHAR  -  - QwertyTeste "A prima Margarida d"
19:33:39.531 "" KEY_DOWN_- AUTO_KEY  -  - QwertyTeste "A prima Margarida dá"
19:33:39.531 "-" CHAR_- CHAR  -  - QwertyTeste "A prima Margarida dá"
19:33:39.531 "" KEY_DOWN_M AUTO_KEY  -  - QwertyTeste "A prima Margarida dá-"
19:33:39.531 "m" CHAR_m CHAR  -  - QwertyTeste "A prima Margarida dá-"
19:33:39.531 "" KEY_DOWN_A AUTO_KEY  -  - QwertyTeste "A prima Margarida dá-m"
19:33:39.531 "a" CHAR_a CHAR  -  - QwertyTeste "A prima Margarida dá-m"
19:33:39.531 "" KEY_DOWN_BARRA_DE_ESPAÇOS AUTO_KEY  -  - QwertyTeste "A prima Margarida dá-ma"
19:33:39.531 " " CHAR_ESPAÇO CHAR  -  - QwertyTeste "A prima Margarida dá-ma"
19:33:39.531 "" NEW_WORD WORD_dá-ma  -  - QwertyTeste "A prima Margarida dá-ma "
19:33:41.734 "" LEFT_MOUSE_DOWN_KEY TEXT_KEY_SELECTION_BkSp 6.0.1 111.593 QwertyTeste "A prima Margarida dá-ma "
19:33:41.937 "" KEY_DOWN_BACKSPACE AUTO_KEY  -  - QwertyTeste "A prima Margarida dá-ma "
19:33:41.937 "\b" CHAR_RETROCESSO CHAR  -  - QwertyTeste "A prima Margarida dá-ma "
19:33:42.859 "" LEFT_MOUSE_DOWN_KEY TEXT_KEY_SELECTION_. 7.0.10 867.640 QwertyTeste "A prima Margarida dá-ma"
19:33:42.859 "" KEY_DOWN_. AUTO_KEY  -  - QwertyTeste "A prima Margarida dá-ma"
19:33:42.859 "." CHAR_. CHAR  -  - QwertyTeste "A prima Margarida dá-ma"
19:33:42.859 "" NEW_SENTENCE SENTENCE_A_prima_Margarida_dá-ma.  -  - QwertyTeste "A prima Margarida dá-ma."
19:33:44.046 "" LEFT_MOUSE_DOWN_KEY TEXT_KEY_SELECTION_Enter 5.0.1 110.546 QwertyTeste "A prima Margarida dá-ma."
19:33:44.218 "" KEY_DOWN_ENTER AUTO_KEY  -  - QwertyTeste "A prima Margarida dá-ma."
19:33:44.218 "\n" CHAR_ENTER CHAR  -  - QwertyTeste "A prima Margarida dá-ma."
19:33:45.062 "" LEFT_MOUSE_DOWN_KEY TEXT_KEY_SELECTION_Enter 5.0.1 110.546 QwertyTeste ""
19:33:45.109 "" KEY_DOWN_ENTER AUTO_KEY  -  - QwertyTeste ""
19:33:45.109 "\n" CHAR_ENTER CHAR  -  - QwertyTeste ""
19:33:46.703 "" LEFT_MOUSE_DOWN_KEY TEXT_KEY_SELECTION_CapsLock 8.0.1 101.687 QwertyTeste ""
19:33:46.703 "" KEY_DOWN_CAPSLOCK AUTO_KEY  -  - QwertyTeste ""
19:33:47.687 "" LEFT_MOUSE_DOWN_KEY TEXT_KEY_SELECTION_o 5.0.10 859.546 QwertyTeste ""
19:33:47.859 "" KEY_DOWN_O AUTO_KEY  -  - QwertyTeste ""
19:33:47.859 "O" CHAR_O CHAR  -  - QwertyTeste ""
19:33:50.125 "" LEFT_MOUSE_DOWN_KEY TEXT_KEY_SELECTION_Space 4.0.1 111.499 QwertyTeste "O"
19:33:50.187 "" KEY_DOWN_BARRA_DE_ESPAÇOS AUTO_KEY  -  - QwertyTeste "O"
19:33:50.187 " " CHAR_ESPAÇO CHAR  -  - QwertyTeste "O"
19:33:50.187 "" NEW_WORD WORD_O  -  - QwertyTeste "O "
19:33:51.343 "" LEFT_MOUSE_DOWN_KEY TEXT_KEY_SELECTION_h 6.0.7 614.593 QwertyTeste "O "
19:33:51.359 "" KEY_DOWN_H AUTO_KEY  -  - QwertyTeste "O "
19:33:51.359 "H" CHAR_H CHAR  -  - QwertyTeste "O "
19:33:52.937 "" LEFT_MOUSE_DOWN_KEY TEXT_KEY_SELECTION_p 5.0.11 942.546 QwertyTeste "O H"
19:33:52.937 "" KEY_DOWN_P AUTO_KEY  -  - QwertyTeste "O H"
19:33:52.937 "P" CHAR_P CHAR  -  - QwertyTeste "O H"
19:33:54.765 "" LEFT_MOUSE_DOWN_KEY TEXT_KEY_SELECTION_CapsLock 8.0.1 101.687 QwertyTeste "O HP"
19:33:54.765 "" KEY_DOWN_CAPSLOCK AUTO_KEY  -  - QwertyTeste "O HP"
19:33:57.343 "" LEFT_MOUSE_DOWN_KEY TEXT_KEY_SELECTION_Space 4.0.1 111.499 QwertyTeste "O HP"
19:33:57.343 "" KEY_DOWN_BARRA_DE_ESPAÇOS AUTO_KEY  -  - QwertyTeste "O HP"
19:33:57.343 " " CHAR_ESPAÇO CHAR  -  - QwertyTeste "O HP"
19:33:57.343 "" NEW_WORD WORD_HP  -  - QwertyTeste "O HP "
19:33:59.125 "" LEFT_MOUSE_DOWN_KEY TEXT_KEY_SELECTION_n 7.0.7 622.640 QwertyTeste "O HP "
19:33:59.125 "" KEY_DOWN_N AUTO_KEY  -  - QwertyTeste "O HP "
19:33:59.125 "n" CHAR_n CHAR  -  - QwertyTeste "O HP "
19:33:59.828 "" LEFT_MOUSE_DOWN_KEY TEXT_KEY_SELECTION_o 5.0.10 859.546 QwertyTeste "O HP n"
19:33:59.828 "" KEY_DOWN_O AUTO_KEY  -  - QwertyTeste "O HP n"
19:33:59.828 "o" CHAR_o CHAR  -  - QwertyTeste "O HP n"
19:34:00.562 "" LEFT_MOUSE_DOWN_KEY TEXT_KEY_SELECTION_v 7.0.5 454.640 QwertyTeste "O HP no"
19:34:00.562 "" KEY_DOWN_V AUTO_KEY  -  - QwertyTeste "O HP no"
19:34:00.562 "v" CHAR_v CHAR  -  - QwertyTeste "O HP no"
19:34:02.031 "" LEFT_MOUSE_DOWN_KEY TEXT_KEY_SELECTION_o 5.0.10 859.546 QwertyTeste "O HP nov"
19:34:02.109 "" KEY_DOWN_O AUTO_KEY  -  - QwertyTeste "O HP nov"
19:34:02.109 "o" CHAR_o CHAR  -  - QwertyTeste "O HP nov"
19:34:04.156 "" LEFT_MOUSE_DOWN_KEY TEXT_KEY_SELECTION_. 7.0.10 867.640 QwertyTeste "O HP novo"
19:34:04.390 "" KEY_DOWN_. AUTO_KEY  -  - QwertyTeste "O HP novo"
19:34:04.390 "." CHAR_. CHAR  -  - QwertyTeste "O HP novo"
19:34:04.390 "" NEW_WORD WORD_novo  -  - QwertyTeste "O HP novo."
19:34:04.390 "" NEW_SENTENCE SENTENCE_O_HP_novo.  -  - QwertyTeste "O HP novo."
19:34:05.140 "" LEFT_MOUSE_DOWN_KEY TEXT_KEY_SELECTION_Enter 5.0.1 110.546 QwertyTeste "O HP novo."
19:34:05.265 "" KEY_DOWN_ENTER AUTO_KEY  -  - QwertyTeste "O HP novo."
19:34:05.265 "\n" CHAR_ENTER CHAR  -  - QwertyTeste "O HP novo."
19:34:05.968 "" LEFT_MOUSE_DOWN_KEY TEXT_KEY_SELECTION_Enter 5.0.1 110.546 QwertyTeste ""
19:34:05.968 "" KEY_DOWN_ENTER AUTO_KEY  -  - QwertyTeste ""
19:34:05.968 "\n" CHAR_ENTER CHAR  -  - QwertyTeste ""
19:34:07.953 "" LEFT_MOUSE_DOWN_KEY TEXT_KEY_SELECTION_CapsLock 8.0.1 101.687 QwertyTeste ""
19:34:07.953 "" KEY_DOWN_CAPSLOCK AUTO_KEY  -  - QwertyTeste ""
19:34:08.562 "" LEFT_MOUSE_DOWN_KEY TEXT_KEY_SELECTION_r 5.0.5 454.546 QwertyTeste ""
19:34:08.750 "" KEY_DOWN_R AUTO_KEY  -  - QwertyTeste ""
19:34:08.750 "R" CHAR_R CHAR  -  - QwertyTeste ""
19:34:09.453 "" LEFT_MOUSE_DOWN_KEY TEXT_KEY_SELECTION_CapsLock 8.0.1 101.687 QwertyTeste "R"
19:34:09.453 "" KEY_DOWN_CAPSLOCK AUTO_KEY  -  - QwertyTeste "R"
19:34:10.562 "" LEFT_MOUSE_DOWN_KEY TEXT_KEY_SELECTION_e 5.0.4 372.546 QwertyTeste "R"
19:34:10.562 "" KEY_DOWN_E AUTO_KEY  -  - QwertyTeste "R"
19:34:10.562 "e" CHAR_e CHAR  -  - QwertyTeste "R"
19:34:11.062 "" LEFT_MOUSE_DOWN_KEY TEXT_KEY_SELECTION_c 7.0.4 370.640 QwertyTeste "Re"
19:34:11.078 "" KEY_DOWN_C AUTO_KEY  -  - QwertyTeste "Re"
19:34:11.078 "c" CHAR_c CHAR  -  - QwertyTeste "Re"
19:34:11.562 "" LEFT_MOUSE_DOWN_KEY TEXT_KEY_SELECTION_e 5.0.4 372.546 QwertyTeste "Rec"
19:34:11.750 "" KEY_DOWN_E AUTO_KEY  -  - QwertyTeste "Rec"
19:34:11.750 "e" CHAR_e CHAR  -  - QwertyTeste "Rec"
19:34:12.500 "" LEFT_MOUSE_DOWN_KEY TEXT_KEY_SELECTION_b 7.0.6 538.640 QwertyTeste "Rece"
19:34:12.671 "" KEY_DOWN_B AUTO_KEY  -  - QwertyTeste "Rece"
19:34:12.671 "b" CHAR_b CHAR  -  - QwertyTeste "Rece"
19:34:13.453 "" LEFT_MOUSE_DOWN_KEY TEXT_KEY_SELECTION_i 5.0.9 780.546 QwertyTeste "Receb"
19:34:13.765 "" KEY_DOWN_I AUTO_KEY  -  - QwertyTeste "Receb"
19:34:13.765 "i" CHAR_i CHAR  -  - QwertyTeste "Receb"
19:34:16.468 "" LEFT_MOUSE_DOWN_KEY TEXT_KEY_SELECTION_Space 4.0.1 111.499 QwertyTeste "Recebi"
19:34:16.796 "" KEY_DOWN_BARRA_DE_ESPAÇOS AUTO_KEY  -  - QwertyTeste "Recebi"
19:34:16.796 " " CHAR_ESPAÇO CHAR  -  - QwertyTeste "Recebi"
19:34:16.796 "" NEW_WORD WORD_Recebi  -  - QwertyTeste "Recebi "
19:34:17.515 "" LEFT_MOUSE_DOWN_KEY TEXT_KEY_SELECTION_o 5.0.10 859.546 QwertyTeste "Recebi "
19:34:17.718 "" KEY_DOWN_O AUTO_KEY  -  - QwertyTeste "Recebi "
19:34:17.718 "o" CHAR_o CHAR  -  - QwertyTeste "Recebi "
19:34:19.156 "" LEFT_MOUSE_DOWN_KEY TEXT_KEY_SELECTION_Space 4.0.1 111.499 QwertyTeste "Recebi o"
19:34:19.312 "" KEY_DOWN_BARRA_DE_ESPAÇOS AUTO_KEY  -  - QwertyTeste "Recebi o"
19:34:19.312 " " CHAR_ESPAÇO CHAR  -  - QwertyTeste "Recebi o"
19:34:19.312 "" NEW_WORD WORD_o  -  - QwertyTeste "Recebi o "
19:34:20.250 "" LEFT_MOUSE_DOWN_KEY TEXT_KEY_SELECTION_CapsLock 8.0.1 101.687 QwertyTeste "Recebi o "
19:34:20.250 "" KEY_DOWN_CAPSLOCK AUTO_KEY  -  - QwertyTeste "Recebi o "
19:34:21.453 "" LEFT_MOUSE_DOWN_KEY TEXT_KEY_SELECTION_p 5.0.11 942.546 QwertyTeste "Recebi o "
19:34:21.578 "" KEY_DOWN_P AUTO_KEY  -  - QwertyTeste "Recebi o "
19:34:21.578 "P" CHAR_P CHAR  -  - QwertyTeste "Recebi o "
19:34:25.015 "" LEFT_MOUSE_DOWN_KEY PREDICTED_WORD_SELECTION_0_pc 0.0.1 174.157 QwertyTeste "Recebi o P"
19:34:25.109 "" KEY_DOWN_C AUTO_KEY  -  - QwertyTeste "Recebi o P"
19:34:25.109 "C" CHAR_C CHAR  -  - QwertyTeste "Recebi o P"
19:34:25.109 "" KEY_DOWN_BARRA_DE_ESPAÇOS AUTO_KEY  -  - QwertyTeste "Recebi o PC"
19:34:25.109 " " CHAR_ESPAÇO CHAR  -  - QwertyTeste "Recebi o PC"
19:34:25.109 "" NEW_WORD WORD_PC  -  - QwertyTeste "Recebi o PC "
19:34:29.578 "" LEFT_MOUSE_DOWN_KEY PREDICTED_WORD_SELECTION_4_toshiba 1.0.1 174.204 QwertyTeste "Recebi o PC "
19:34:29.578 "" KEY_DOWN_T AUTO_KEY  -  - QwertyTeste "Recebi o PC "
19:34:29.578 "T" CHAR_T CHAR  -  - QwertyTeste "Recebi o PC "
19:34:29.578 "" KEY_DOWN_O AUTO_KEY  -  - QwertyTeste "Recebi o PC T"
19:34:29.578 "O" CHAR_O CHAR  -  - QwertyTeste "Recebi o PC T"
19:34:29.578 "" KEY_DOWN_S AUTO_KEY  -  - QwertyTeste "Recebi o PC TO"
19:34:29.578 "S" CHAR_S CHAR  -  - QwertyTeste "Recebi o PC TO"
19:34:29.578 "" KEY_DOWN_H AUTO_KEY  -  - QwertyTeste "Recebi o PC TOS"
19:34:29.578 "H" CHAR_H CHAR  -  - QwertyTeste "Recebi o PC TOS"
19:34:29.578 "" KEY_DOWN_I AUTO_KEY  -  - QwertyTeste "Recebi o PC TOSH"
19:34:29.578 "I" CHAR_I CHAR  -  - QwertyTeste "Recebi o PC TOSH"
19:34:29.578 "" KEY_DOWN_B AUTO_KEY  -  - QwertyTeste "Recebi o PC TOSHI"
19:34:29.578 "B" CHAR_B CHAR  -  - QwertyTeste "Recebi o PC TOSHI"
19:34:29.578 "" KEY_DOWN_A AUTO_KEY  -  - QwertyTeste "Recebi o PC TOSHIB"
19:34:29.578 "A" CHAR_A CHAR  -  - QwertyTeste "Recebi o PC TOSHIB"
19:34:29.578 "" KEY_DOWN_BARRA_DE_ESPAÇOS AUTO_KEY  -  - QwertyTeste "Recebi o PC TOSHIBA"
19:34:29.578 " " CHAR_ESPAÇO CHAR  -  - QwertyTeste "Recebi o PC TOSHIBA"
19:34:29.578 "" NEW_WORD WORD_TOSHIBA  -  - QwertyTeste "Recebi o PC TOSHIBA "
19:34:32.796 "" LEFT_MOUSE_DOWN_KEY TEXT_KEY_SELECTION_CapsLock 8.0.1 101.687 QwertyTeste "Recebi o PC TOSHIBA "
19:34:32.812 "" KEY_DOWN_CAPSLOCK AUTO_KEY  -  - QwertyTeste "Recebi o PC TOSHIBA "
19:34:33.500 "" LEFT_MOUSE_DOWN_KEY TEXT_KEY_SELECTION_e 5.0.4 372.546 QwertyTeste "Recebi o PC TOSHIBA "
19:34:33.578 "" KEY_DOWN_E AUTO_KEY  -  - QwertyTeste "Recebi o PC TOSHIBA "
19:34:33.578 "e" CHAR_e CHAR  -  - QwertyTeste "Recebi o PC TOSHIBA "
19:34:34.890 "" LEFT_MOUSE_DOWN_KEY TEXT_KEY_SELECTION_m 7.0.8 708.640 QwertyTeste "Recebi o PC TOSHIBA e"
19:34:35.093 "" KEY_DOWN_M AUTO_KEY  -  - QwertyTeste "Recebi o PC TOSHIBA e"
19:34:35.093 "m" CHAR_m CHAR  -  - QwertyTeste "Recebi o PC TOSHIBA e"
19:34:40.984 "" LEFT_MOUSE_DOWN_KEY TEXT_KEY_SELECTION_CapsLock 8.0.1 101.687 QwertyTeste "Recebi o PC TOSHIBA em"
19:34:40.984 "" KEY_DOWN_CAPSLOCK AUTO_KEY  -  - QwertyTeste "Recebi o PC TOSHIBA em"
19:34:41.734 "" LEFT_MOUSE_DOWN_KEY TEXT_KEY_SELECTION_a 6.0.2 204.593 QwertyTeste "Recebi o PC TOSHIBA em"
19:34:41.828 "" KEY_DOWN_A AUTO_KEY  -  - QwertyTeste "Recebi o PC TOSHIBA em"
19:34:41.828 "A" CHAR_A CHAR  -  - QwertyTeste "Recebi o PC TOSHIBA em"
19:34:43.921 "" LEFT_MOUSE_DOWN_KEY TEXT_KEY_SELECTION_BkSp 6.0.1 111.593 QwertyTeste "Recebi o PC TOSHIBA emA"
19:34:43.921 "" KEY_DOWN_BACKSPACE AUTO_KEY  -  - QwertyTeste "Recebi o PC TOSHIBA emA"
19:34:43.921 "\b" CHAR_RETROCESSO CHAR  -  - QwertyTeste "Recebi o PC TOSHIBA emA"
19:34:44.546 "" LEFT_MOUSE_DOWN_KEY TEXT_KEY_SELECTION_Space 4.0.1 111.499 QwertyTeste "Recebi o PC TOSHIBA em"
19:34:44.562 "" KEY_DOWN_BARRA_DE_ESPAÇOS AUTO_KEY  -  - QwertyTeste "Recebi o PC TOSHIBA em"
19:34:44.562 " " CHAR_ESPAÇO CHAR  -  - QwertyTeste "Recebi o PC TOSHIBA em"
19:34:46.109 "" LEFT_MOUSE_DOWN_KEY TEXT_KEY_SELECTION_a 6.0.2 204.593 QwertyTeste "Recebi o PC TOSHIBA em "
19:34:46.234 "" KEY_DOWN_A AUTO_KEY  -  - QwertyTeste "Recebi o PC TOSHIBA em "
19:34:46.234 "A" CHAR_A CHAR  -  - QwertyTeste "Recebi o PC TOSHIBA em "
19:34:47.421 "" LEFT_MOUSE_DOWN_KEY TEXT_KEY_SELECTION_CapsLock 8.0.1 101.687 QwertyTeste "Recebi o PC TOSHIBA em A"
19:34:47.421 "" KEY_DOWN_CAPSLOCK AUTO_KEY  -  - QwertyTeste "Recebi o PC TOSHIBA em A"
19:34:48.890 "" LEFT_MOUSE_DOWN_KEY TEXT_KEY_SELECTION_b 7.0.6 538.640 QwertyTeste "Recebi o PC TOSHIBA em A"
19:34:48.968 "" KEY_DOWN_B AUTO_KEY  -  - QwertyTeste "Recebi o PC TOSHIBA em A"
19:34:48.968 "b" CHAR_b CHAR  -  - QwertyTeste "Recebi o PC TOSHIBA em A"
19:34:50.359 "" LEFT_MOUSE_DOWN_KEY TEXT_KEY_SELECTION_r 5.0.5 454.546 QwertyTeste "Recebi o PC TOSHIBA em Ab"
19:34:50.359 "" KEY_DOWN_R AUTO_KEY  -  - QwertyTeste "Recebi o PC TOSHIBA em Ab"
19:34:50.359 "r" CHAR_r CHAR  -  - QwertyTeste "Recebi o PC TOSHIBA em Ab"
19:34:51.609 "" LEFT_MOUSE_DOWN_KEY TEXT_KEY_SELECTION_i 5.0.9 780.546 QwertyTeste "Recebi o PC TOSHIBA em Abr"
19:34:51.734 "" KEY_DOWN_I AUTO_KEY  -  - QwertyTeste "Recebi o PC TOSHIBA em Abr"
19:34:51.734 "i" CHAR_i CHAR  -  - QwertyTeste "Recebi o PC TOSHIBA em Abr"
19:34:52.531 "" LEFT_MOUSE_DOWN_KEY TEXT_KEY_SELECTION_l 6.0.10 860.593 QwertyTeste "Recebi o PC TOSHIBA em Abri"
19:34:52.656 "" KEY_DOWN_L AUTO_KEY  -  - QwertyTeste "Recebi o PC TOSHIBA em Abri"
19:34:52.656 "l" CHAR_l CHAR  -  - QwertyTeste "Recebi o PC TOSHIBA em Abri"
19:34:54.734 "" LEFT_MOUSE_DOWN_KEY TEXT_KEY_SELECTION_Space 4.0.1 111.499 QwertyTeste "Recebi o PC TOSHIBA em Abril"
19:34:54.734 "" KEY_DOWN_BARRA_DE_ESPAÇOS AUTO_KEY  -  - QwertyTeste "Recebi o PC TOSHIBA em Abril"
19:34:54.734 " " CHAR_ESPAÇO CHAR  -  - QwertyTeste "Recebi o PC TOSHIBA em Abril"
19:34:54.750 "" NEW_WORD WORD_Abril  -  - QwertyTeste "Recebi o PC TOSHIBA em Abril "
19:34:57.421 "" LEFT_MOUSE_DOWN_KEY TEXT_KEY_SELECTION_d 6.0.4 368.593 QwertyTeste "Recebi o PC TOSHIBA em Abril "
19:34:57.421 "" KEY_DOWN_D AUTO_KEY  -  - QwertyTeste "Recebi o PC TOSHIBA em Abril "
19:34:57.421 "d" CHAR_d CHAR  -  - QwertyTeste "Recebi o PC TOSHIBA em Abril "
19:34:58.140 "" LEFT_MOUSE_DOWN_KEY TEXT_KEY_SELECTION_e 5.0.4 372.546 QwertyTeste "Recebi o PC TOSHIBA em Abril d"
19:34:58.156 "" KEY_DOWN_E AUTO_KEY  -  - QwertyTeste "Recebi o PC TOSHIBA em Abril d"
19:34:58.156 "e" CHAR_e CHAR  -  - QwertyTeste "Recebi o PC TOSHIBA em Abril d"
19:35:01.562 "" LEFT_MOUSE_DOWN_KEY TEXT_KEY_SELECTION_Space 4.0.1 111.499 QwertyTeste "Recebi o PC TOSHIBA em Abril de"
19:35:01.609 "" KEY_DOWN_BARRA_DE_ESPAÇOS AUTO_KEY  -  - QwertyTeste "Recebi o PC TOSHIBA em Abril de"
19:35:01.609 " " CHAR_ESPAÇO CHAR  -  - QwertyTeste "Recebi o PC TOSHIBA em Abril de"
19:35:01.609 "" NEW_WORD WORD_de  -  - QwertyTeste "Recebi o PC TOSHIBA em Abril de "
19:35:02.968 "" LEFT_MOUSE_DOWN_KEY TEXT_KEY_SELECTION_2 4.0.3 286.499 QwertyTeste "Recebi o PC TOSHIBA em Abril de "
19:35:02.968 "" KEY_DOWN_2 AUTO_KEY  -  - QwertyTeste "Recebi o PC TOSHIBA em Abril de "
19:35:02.968 "2" CHAR_2 CHAR  -  - QwertyTeste "Recebi o PC TOSHIBA em Abril de "
19:35:04.421 "" LEFT_MOUSE_DOWN_KEY TEXT_KEY_SELECTION_0 4.0.11 942.499 QwertyTeste "Recebi o PC TOSHIBA em Abril de 2"
19:35:04.421 "" KEY_DOWN_0 AUTO_KEY  -  - QwertyTeste "Recebi o PC TOSHIBA em Abril de 2"
19:35:04.421 "0" CHAR_0 CHAR  -  - QwertyTeste "Recebi o PC TOSHIBA em Abril de 2"
19:35:04.875 "" LEFT_MOUSE_DOWN_KEY TEXT_KEY_SELECTION_0 4.0.11 942.499 QwertyTeste "Recebi o PC TOSHIBA em Abril de 20"
19:35:04.875 "" KEY_DOWN_0 AUTO_KEY  -  - QwertyTeste "Recebi o PC TOSHIBA em Abril de 20"
19:35:04.875 "0" CHAR_0 CHAR  -  - QwertyTeste "Recebi o PC TOSHIBA em Abril de 20"
19:35:06.031 "" LEFT_MOUSE_DOWN_KEY TEXT_KEY_SELECTION_5 4.0.6 532.499 QwertyTeste "Recebi o PC TOSHIBA em Abril de 200"
19:35:06.031 "" KEY_DOWN_5 AUTO_KEY  -  - QwertyTeste "Recebi o PC TOSHIBA em Abril de 200"
19:35:06.031 "5" CHAR_5 CHAR  -  - QwertyTeste "Recebi o PC TOSHIBA em Abril de 200"
19:35:09.484 "" LEFT_MOUSE_DOWN_KEY TEXT_KEY_SELECTION_. 7.0.10 867.640 QwertyTeste "Recebi o PC TOSHIBA em Abril de 2005"
19:35:09.484 "" KEY_DOWN_. AUTO_KEY  -  - QwertyTeste "Recebi o PC TOSHIBA em Abril de 2005"
19:35:09.484 "." CHAR_. CHAR  -  - QwertyTeste "Recebi o PC TOSHIBA em Abril de 2005"
19:35:09.484 "" NEW_WORD WORD_2005  -  - QwertyTeste "Recebi o PC TOSHIBA em Abril de 2005."
19:35:09.484 "" NEW_SENTENCE SENTENCE_Recebi_o_PC_TOSHIBA_em_Abril_de_2005.  -  - QwertyTeste "Recebi o PC TOSHIBA em Abril de 2005."
19:35:12.687 "" LEFT_MOUSE_DOWN_KEY TEXT_KEY_SELECTION_Enter 5.0.1 110.546 QwertyTeste "Recebi o PC TOSHIBA em Abril de 2005."
19:35:12.968 "" KEY_DOWN_ENTER AUTO_KEY  -  - QwertyTeste "Recebi o PC TOSHIBA em Abril de 2005."
19:35:12.968 "\n" CHAR_ENTER CHAR  -  - QwertyTeste "Recebi o PC TOSHIBA em Abril de 2005."
19:35:13.375 "" LEFT_MOUSE_DOWN_KEY TEXT_KEY_SELECTION_Enter 5.0.1 110.546 QwertyTeste ""
19:35:13.468 "" KEY_DOWN_ENTER AUTO_KEY  -  - QwertyTeste ""
19:35:13.468 "\n" CHAR_ENTER CHAR  -  - QwertyTeste ""
19:35:15.765 "" LEFT_MOUSE_DOWN_KEY TEXT_KEY_SELECTION_CapsLock 8.0.1 101.687 QwertyTeste ""
19:35:15.765 "" KEY_DOWN_CAPSLOCK AUTO_KEY  -  - QwertyTeste ""
19:35:16.656 "" LEFT_MOUSE_DOWN_KEY TEXT_KEY_SELECTION_j 6.0.8 696.593 QwertyTeste ""
19:35:16.656 "" KEY_DOWN_J AUTO_KEY  -  - QwertyTeste ""
19:35:16.656 "J" CHAR_J CHAR  -  - QwertyTeste ""
19:35:17.359 "" LEFT_MOUSE_DOWN_KEY TEXT_KEY_SELECTION_CapsLock 8.0.1 101.687 QwertyTeste "J"
19:35:17.359 "" KEY_DOWN_CAPSLOCK AUTO_KEY  -  - QwertyTeste "J"
19:35:21.437 "" LEFT_MOUSE_DOWN_KEY PREDICTED_WORD_SELECTION_3_jornal 0.0.4 867.157 QwertyTeste "J"
19:35:21.578 "" KEY_DOWN_O AUTO_KEY  -  - QwertyTeste "J"
19:35:21.578 "o" CHAR_o CHAR  -  - QwertyTeste "J"
19:35:21.578 "" KEY_DOWN_R AUTO_KEY  -  - QwertyTeste "Jo"
19:35:21.578 "r" CHAR_r CHAR  -  - QwertyTeste "Jo"
19:35:21.578 "" KEY_DOWN_N AUTO_KEY  -  - QwertyTeste "Jor"
19:35:21.578 "n" CHAR_n CHAR  -  - QwertyTeste "Jor"
19:35:21.578 "" KEY_DOWN_A AUTO_KEY  -  - QwertyTeste "Jorn"
19:35:21.578 "a" CHAR_a CHAR  -  - QwertyTeste "Jorn"
19:35:21.578 "" KEY_DOWN_L AUTO_KEY  -  - QwertyTeste "Jorna"
19:35:21.578 "l" CHAR_l CHAR  -  - QwertyTeste "Jorna"
19:35:21.578 "" KEY_DOWN_BARRA_DE_ESPAÇOS AUTO_KEY  -  - QwertyTeste "Jornal"
19:35:21.593 " " CHAR_ESPAÇO CHAR  -  - QwertyTeste "Jornal"
19:35:21.593 "" NEW_WORD WORD_Jornal  -  - QwertyTeste "Jornal "
19:35:28.359 "" LEFT_MOUSE_DOWN_KEY TEXT_KEY_SELECTION_Esquerda 8.0.16 908.687 QwertyTeste "Jornal "
19:35:28.359 "" KEY_DOWN_4_(TN) AUTO_KEY  -  - QwertyTeste "Jornal "
19:35:28.703 "" LEFT_MOUSE_DOWN_KEY TEXT_KEY_SELECTION_Esquerda 8.0.16 908.687 QwertyTeste "Jornal"
19:35:28.703 "" KEY_DOWN_4_(TN) AUTO_KEY  -  - QwertyTeste "Jornal"
19:35:28.781 "" LEFT_MOUSE_DOWN_KEY TEXT_KEY_SELECTION_Esquerda 8.0.16 908.687 QwertyTeste "Jorna"
19:35:28.921 "" KEY_DOWN_4_(TN) AUTO_KEY  -  - QwertyTeste "Jorna"
19:35:28.953 "" LEFT_MOUSE_DOWN_KEY TEXT_KEY_SELECTION_Esquerda 8.0.16 908.687 QwertyTeste "Jorn"
19:35:28.953 "" KEY_DOWN_4_(TN) AUTO_KEY  -  - QwertyTeste "Jorn"
19:35:29.171 "" LEFT_MOUSE_DOWN_KEY TEXT_KEY_SELECTION_Esquerda 8.0.16 908.687 QwertyTeste "Jor"
19:35:29.171 "" KEY_DOWN_4_(TN) AUTO_KEY  -  - QwertyTeste "Jor"
19:35:29.375 "" LEFT_MOUSE_DOWN_KEY TEXT_KEY_SELECTION_Esquerda 8.0.16 908.687 QwertyTeste "Jo"
19:35:29.390 "" KEY_DOWN_4_(TN) AUTO_KEY  -  - QwertyTeste "Jo"
19:35:30.390 "" LEFT_MOUSE_DOWN_KEY TEXT_KEY_SELECTION_Esquerda 8.0.16 908.687 QwertyTeste "J"
19:35:30.515 "" KEY_DOWN_4_(TN) AUTO_KEY  -  - QwertyTeste "J"
19:35:31.218 "" LEFT_MOUSE_DOWN_KEY TEXT_KEY_SELECTION_1 4.0.2 204.499 QwertyTeste ""
19:35:31.218 "" KEY_DOWN_1 AUTO_KEY  -  - QwertyTeste ""
19:35:31.218 "1" CHAR_1 CHAR  -  - QwertyTeste ""
19:35:32.921 "" LEFT_MOUSE_DOWN_KEY TEXT_KEY_SELECTION_Space 4.0.1 111.499 QwertyTeste "1"
19:35:33.062 "" KEY_DOWN_BARRA_DE_ESPAÇOS AUTO_KEY  -  - QwertyTeste "1"
19:35:33.062 " " CHAR_ESPAÇO CHAR  -  - QwertyTeste "1"
19:35:33.062 "" NEW_WORD WORD_1  -  - QwertyTeste "1 "
19:35:34.687 "" LEFT_MOUSE_DOWN_KEY TEXT_KEY_SELECTION_Direita 8.0.17 958.687 QwertyTeste "1 "
19:35:34.687 "" KEY_DOWN_6_(TN) AUTO_KEY  -  - QwertyTeste "1 "
19:35:35.093 "" LEFT_MOUSE_DOWN_KEY TEXT_KEY_SELECTION_Direita 8.0.17 958.687 QwertyTeste "1 J"
19:35:35.093 "" KEY_DOWN_6_(TN) AUTO_KEY  -  - QwertyTeste "1 J"
19:35:35.109 "" LEFT_MOUSE_DOWN_KEY TEXT_KEY_SELECTION_Direita 8.0.17 958.687 QwertyTeste "1 Jo"
19:35:35.125 "" KEY_DOWN_6_(TN) AUTO_KEY  -  - QwertyTeste "1 Jo"
19:35:35.328 "" LEFT_MOUSE_DOWN_KEY TEXT_KEY_SELECTION_Direita 8.0.17 958.687 QwertyTeste "1 Jor"
19:35:35.328 "" KEY_DOWN_6_(TN) AUTO_KEY  -  - QwertyTeste "1 Jor"
19:35:35.562 "" LEFT_MOUSE_DOWN_KEY TEXT_KEY_SELECTION_Direita 8.0.17 958.687 QwertyTeste "1 Jorn"
19:35:35.562 "" KEY_DOWN_6_(TN) AUTO_KEY  -  - QwertyTeste "1 Jorn"
19:35:35.734 "" LEFT_MOUSE_DOWN_KEY TEXT_KEY_SELECTION_Direita 8.0.17 958.687 QwertyTeste "1 Jorna"
19:35:35.796 "" KEY_DOWN_6_(TN) AUTO_KEY  -  - QwertyTeste "1 Jorna"
19:35:37.046 "" LEFT_MOUSE_DOWN_KEY TEXT_KEY_SELECTION_. 7.0.10 867.640 QwertyTeste "1 Jornal"
19:35:37.156 "" KEY_DOWN_. AUTO_KEY  -  - QwertyTeste "1 Jornal"
19:35:37.156 "." CHAR_. CHAR  -  - QwertyTeste "1 Jornal"
19:35:37.156 "" NEW_SENTENCE SENTENCE_1_Jornal.  -  - QwertyTeste "1 Jornal."
19:35:39.781 "" LEFT_MOUSE_DOWN_KEY TEXT_KEY_SELECTION_Enter 5.0.1 110.546 QwertyTeste "1 Jornal."
19:35:39.921 "" KEY_DOWN_ENTER AUTO_KEY  -  - QwertyTeste "1 Jornal."
19:35:39.921 "\n" CHAR_ENTER CHAR  -  - QwertyTeste "1 Jornal."
19:35:40.593 "" LEFT_MOUSE_DOWN_KEY TEXT_KEY_SELECTION_Enter 5.0.1 110.546 QwertyTeste ""
19:35:40.593 "" KEY_DOWN_ENTER AUTO_KEY  -  - QwertyTeste ""
19:35:40.593 "\n" CHAR_ENTER CHAR  -  - QwertyTeste ""
19:35:42.875 "" LEFT_MOUSE_DOWN_KEY TEXT_KEY_SELECTION_CapsLock 8.0.1 101.687 QwertyTeste ""
19:35:42.875 "" KEY_DOWN_CAPSLOCK AUTO_KEY  -  - QwertyTeste ""
19:35:43.796 "" LEFT_MOUSE_DOWN_KEY TEXT_KEY_SELECTION_e 5.0.4 372.546 QwertyTeste ""
19:35:43.796 "" KEY_DOWN_E AUTO_KEY  -  - QwertyTeste ""
19:35:43.796 "E" CHAR_E CHAR  -  - QwertyTeste ""
19:35:44.390 "" LEFT_MOUSE_DOWN_KEY TEXT_KEY_SELECTION_CapsLock 8.0.1 101.687 QwertyTeste "E"
19:35:44.390 "" KEY_DOWN_CAPSLOCK AUTO_KEY  -  - QwertyTeste "E"
19:35:45.890 "" LEFT_MOUSE_DOWN_KEY TEXT_KEY_SELECTION_u 5.0.8 700.546 QwertyTeste "E"
19:35:45.890 "" KEY_DOWN_U AUTO_KEY  -  - QwertyTeste "E"
19:35:45.890 "u" CHAR_u CHAR  -  - QwertyTeste "E"
19:35:47.562 "" LEFT_MOUSE_DOWN_KEY TEXT_KEY_SELECTION_Space 4.0.1 111.499 QwertyTeste "Eu"
19:35:47.890 "" KEY_DOWN_BARRA_DE_ESPAÇOS AUTO_KEY  -  - QwertyTeste "Eu"
19:35:47.890 " " CHAR_ESPAÇO CHAR  -  - QwertyTeste "Eu"
19:35:47.890 "" NEW_WORD WORD_Eu  -  - QwertyTeste "Eu "
19:35:48.140 "" LEFT_MOUSE_DOWN_KEY TEXT_KEY_SELECTION_q 5.0.2 203.546 QwertyTeste "Eu "
19:35:48.140 "" KEY_DOWN_Q AUTO_KEY  -  - QwertyTeste "Eu "
19:35:48.140 "q" CHAR_q CHAR  -  - QwertyTeste "Eu "
19:35:52.515 "" LEFT_MOUSE_DOWN_KEY PREDICTED_WORD_SELECTION_0_quero 0.0.1 174.157 QwertyTeste "Eu q"
19:35:52.531 "" KEY_DOWN_U AUTO_KEY  -  - QwertyTeste "Eu q"
19:35:52.531 "u" CHAR_u CHAR  -  - QwertyTeste "Eu q"
19:35:52.531 "" KEY_DOWN_E AUTO_KEY  -  - QwertyTeste "Eu qu"
19:35:52.531 "e" CHAR_e CHAR  -  - QwertyTeste "Eu qu"
19:35:52.531 "" KEY_DOWN_R AUTO_KEY  -  - QwertyTeste "Eu que"
19:35:52.531 "r" CHAR_r CHAR  -  - QwertyTeste "Eu que"
19:35:52.531 "" KEY_DOWN_O AUTO_KEY  -  - QwertyTeste "Eu quer"
19:35:52.531 "o" CHAR_o CHAR  -  - QwertyTeste "Eu quer"
19:35:52.531 "" KEY_DOWN_BARRA_DE_ESPAÇOS AUTO_KEY  -  - QwertyTeste "Eu quero"
19:35:52.531 " " CHAR_ESPAÇO CHAR  -  - QwertyTeste "Eu quero"
19:35:52.531 "" NEW_WORD WORD_quero  -  - QwertyTeste "Eu quero "
19:35:55.453 "" LEFT_MOUSE_DOWN_KEY TEXT_KEY_SELECTION_m 7.0.8 708.640 QwertyTeste "Eu quero "
19:35:55.609 "" KEY_DOWN_M AUTO_KEY  -  - QwertyTeste "Eu quero "
19:35:55.609 "m" CHAR_m CHAR  -  - QwertyTeste "Eu quero "
19:35:57.687 "" LEFT_MOUSE_DOWN_KEY TEXT_KEY_SELECTION_u 5.0.8 700.546 QwertyTeste "Eu quero m"
19:35:57.687 "" KEY_DOWN_U AUTO_KEY  -  - QwertyTeste "Eu quero m"
19:35:57.687 "u" CHAR_u CHAR  -  - QwertyTeste "Eu quero m"
19:35:58.890 "" LEFT_MOUSE_DOWN_KEY PREDICTED_WORD_SELECTION_0_mudar 0.0.1 174.157 QwertyTeste "Eu quero mu"
19:35:58.890 "" KEY_DOWN_D AUTO_KEY  -  - QwertyTeste "Eu quero mu"
19:35:58.890 "d" CHAR_d CHAR  -  - QwertyTeste "Eu quero mu"
19:35:58.890 "" KEY_DOWN_A AUTO_KEY  -  - QwertyTeste "Eu quero mud"
19:35:58.890 "a" CHAR_a CHAR  -  - QwertyTeste "Eu quero mud"
19:35:58.890 "" KEY_DOWN_R AUTO_KEY  -  - QwertyTeste "Eu quero muda"
19:35:58.890 "r" CHAR_r CHAR  -  - QwertyTeste "Eu quero muda"
19:35:58.906 "" KEY_DOWN_BARRA_DE_ESPAÇOS AUTO_KEY  -  - QwertyTeste "Eu quero mudar"
19:35:58.906 " " CHAR_ESPAÇO CHAR  -  - QwertyTeste "Eu quero mudar"
19:35:58.906 "" NEW_WORD WORD_mudar  -  - QwertyTeste "Eu quero mudar "
19:36:00.750 "" LEFT_MOUSE_DOWN_KEY TEXT_KEY_SELECTION_d 6.0.4 368.593 QwertyTeste "Eu quero mudar "
19:36:00.750 "" KEY_DOWN_D AUTO_KEY  -  - QwertyTeste "Eu quero mudar "
19:36:00.750 "d" CHAR_d CHAR  -  - QwertyTeste "Eu quero mudar "
19:36:01.437 "" LEFT_MOUSE_DOWN_KEY TEXT_KEY_SELECTION_e 5.0.4 372.546 QwertyTeste "Eu quero mudar d"
19:36:01.437 "" KEY_DOWN_E AUTO_KEY  -  - QwertyTeste "Eu quero mudar d"
19:36:01.437 "e" CHAR_e CHAR  -  - QwertyTeste "Eu quero mudar d"
19:36:02.859 "" LEFT_MOUSE_DOWN_KEY TEXT_KEY_SELECTION_Space 4.0.1 111.499 QwertyTeste "Eu quero mudar de"
19:36:03.046 "" KEY_DOWN_BARRA_DE_ESPAÇOS AUTO_KEY  -  - QwertyTeste "Eu quero mudar de"
19:36:03.046 " " CHAR_ESPAÇO CHAR  -  - QwertyTeste "Eu quero mudar de"
19:36:03.046 "" NEW_WORD WORD_de  -  - QwertyTeste "Eu quero mudar de "
19:36:04.765 "" LEFT_MOUSE_DOWN_KEY TEXT_KEY_SELECTION_c 7.0.4 370.640 QwertyTeste "Eu quero mudar de "
19:36:04.937 "" KEY_DOWN_C AUTO_KEY  -  - QwertyTeste "Eu quero mudar de "
19:36:04.937 "c" CHAR_c CHAR  -  - QwertyTeste "Eu quero mudar de "
19:36:06.546 "" LEFT_MOUSE_DOWN_KEY TEXT_KEY_SELECTION_a 6.0.2 204.593 QwertyTeste "Eu quero mudar de c"
19:36:06.765 "" KEY_DOWN_A AUTO_KEY  -  - QwertyTeste "Eu quero mudar de c"
19:36:06.765 "a" CHAR_a CHAR  -  - QwertyTeste "Eu quero mudar de c"
19:36:08.250 "" LEFT_MOUSE_DOWN_KEY PREDICTED_WORD_SELECTION_3_cadeira 0.0.4 867.157 QwertyTeste "Eu quero mudar de ca"
19:36:08.453 "" KEY_DOWN_D AUTO_KEY  -  - QwertyTeste "Eu quero mudar de ca"
19:36:08.453 "d" CHAR_d CHAR  -  - QwertyTeste "Eu quero mudar de ca"
19:36:08.453 "" KEY_DOWN_E AUTO_KEY  -  - QwertyTeste "Eu quero mudar de cad"
19:36:08.453 "e" CHAR_e CHAR  -  - QwertyTeste "Eu quero mudar de cad"
19:36:08.453 "" KEY_DOWN_I AUTO_KEY  -  - QwertyTeste "Eu quero mudar de cade"
19:36:08.453 "i" CHAR_i CHAR  -  - QwertyTeste "Eu quero mudar de cade"
19:36:08.453 "" KEY_DOWN_R AUTO_KEY  -  - QwertyTeste "Eu quero mudar de cadei"
19:36:08.453 "r" CHAR_r CHAR  -  - QwertyTeste "Eu quero mudar de cadei"
19:36:08.453 "" KEY_DOWN_A AUTO_KEY  -  - QwertyTeste "Eu quero mudar de cadeir"
19:36:08.453 "a" CHAR_a CHAR  -  - QwertyTeste "Eu quero mudar de cadeir"
19:36:08.453 "" KEY_DOWN_BARRA_DE_ESPAÇOS AUTO_KEY  -  - QwertyTeste "Eu quero mudar de cadeira"
19:36:08.453 " " CHAR_ESPAÇO CHAR  -  - QwertyTeste "Eu quero mudar de cadeira"
19:36:08.453 "" NEW_WORD WORD_cadeira  -  - QwertyTeste "Eu quero mudar de cadeira "
19:36:12.125 "" LEFT_MOUSE_DOWN_KEY TEXT_KEY_SELECTION_BkSp 6.0.1 111.593 QwertyTeste "Eu quero mudar de cadeira "
19:36:12.125 "" KEY_DOWN_BACKSPACE AUTO_KEY  -  - QwertyTeste "Eu quero mudar de cadeira "
19:36:12.125 "\b" CHAR_RETROCESSO CHAR  -  - QwertyTeste "Eu quero mudar de cadeira "
19:36:13.265 "" LEFT_MOUSE_DOWN_KEY TEXT_KEY_SELECTION_CapsLock 8.0.1 101.687 QwertyTeste "Eu quero mudar de cadeira"
19:36:13.265 "" KEY_DOWN_CAPSLOCK AUTO_KEY  -  - QwertyTeste "Eu quero mudar de cadeira"
19:36:14.906 "" LEFT_MOUSE_DOWN_KEY TEXT_KEY_SELECTION_CapsLock 8.0.1 101.687 QwertyTeste "Eu quero mudar de cadeira"
19:36:14.906 "" KEY_DOWN_CAPSLOCK AUTO_KEY  -  - QwertyTeste "Eu quero mudar de cadeira"
19:36:16.593 "" LEFT_MOUSE_DOWN_KEY TEXT_KEY_SELECTION_! 8.0.4 303.687 QwertyTeste "Eu quero mudar de cadeira"
19:36:16.593 "" KEY_DOWN_SHIFT AUTO_KEY  -  - QwertyTeste "Eu quero mudar de cadeira"
19:36:16.734 "" KEY_DOWN_1 AUTO_KEY  -  - QwertyTeste "Eu quero mudar de cadeira"
19:36:16.734 "!" CHAR_! CHAR  -  - QwertyTeste "Eu quero mudar de cadeira"
19:36:16.734 "" NEW_SENTENCE SENTENCE_Eu_quero_mudar_de_cadeira!  -  - QwertyTeste "Eu quero mudar de cadeira!"
19:36:20.109 "" LEFT_MOUSE_DOWN_KEY TEXT_KEY_SELECTION_Space 4.0.1 111.499 QwertyTeste "Eu quero mudar de cadeira!"
19:36:20.109 "" KEY_DOWN_BARRA_DE_ESPAÇOS AUTO_KEY  -  - QwertyTeste "Eu quero mudar de cadeira!"
19:36:20.109 " " CHAR_ESPAÇO CHAR  -  - QwertyTeste "Eu quero mudar de cadeira!"
19:36:31.187 "" WORD_PROCESSOR_CHANGE INTERNAL_WORD_PROCESSOR  -  - QwertyTeste ""
19:36:33.484 "" MENU_OPTION_SELECTION USER_PROFILE_LOAD_Mod4-2  -  - QwertyTeste ""
$$$ End Body


Tempo_Total_Escrita 278
Tempo_Efectivo_Escrita 259
Numero_Teclas_Pressionadas 0
Numero_Teclas_Sistema 211
Numero_Total_Teclas 211
Numero_Teclas_Ecra_Pressionadas 148
Numero_Activacoes_Manipulos 0
Numero_Teclas_Texto_Teclado_Qwerty 169
Teclas_Poupadas_Comparacao_Escrita_Teclado_Qwerty 100.000000
Teclas_Ecra_Poupadas_Comparacao_Escrita_Teclado_Qwerty 12.426036
Activacoes_Manipulo_Poupadas_Comparacao_Escrita_Teclado_Qwerty 100.000000
Numero_Caracteres_Escritos 175
Numero_Palavras_Escritas 27
Numero_Frases_Escritas 6
Numero_Caracteres_Finais 155
Numero_Palavras_Finais 29
Numero_Frases_Finais 6
Numero_Cliques 148
Numero_Simbolos_Simples_Seleccionados 67
Numero_Simbolos_Compostos_Seleccionados 0
Numero_Simbolos_Simples_Escritos 0
Numero_Simbolos_Compostos_Escritos 0
Numero_Simbolos_Finais 0
Numero_Alteracoes_Teclado_Ecran_Atraves_Menu 0
Numero_Alteracoes_Teclado_Ecran_Atraves_Teclado_Ecran 0
Numero_Envios_Comunicacao_Cooperativa 0
Numero_Sugestoes_Palavras 0
Numero_Sugestoes_Frases 0
Numero_Sugestoes_Simbolos_Simples 0
Numero_Sugestoes_Simbolos_Multiplos 0
Numero_Abreviaturas_Expandidas 0
Numero_Predicoes 66
Numero_Palavras_Completadas 14
Posicao_Media_Palavras_Lista 1.142857
Numero_Medio_Caracteres_Completar_Palavras 1.071429
Numero_Palavras_Completadas_A_Partir_Simbolos_Simples 0
Posicao_Media_Simbolos_Simples_Com_Palavra_Lista -
Numero_Medio_Caracteres_Completar_Palavras_A_Partir_Simbolos_Simples -
Numero_Palavras_Completadas_A_Partir_Simbolos_Compostos 0
Posicao_Media_Simbolos_Compostos_Com_Palavra_Lista -
Numero_Medio_Caracteres_Completar_Palavras_A_Partir_Simbolos_Compostos -
Numero_Sequencias_Palavras_Completadas 0
Posicao_Media_Sequencias_Palavras_Lista -
Numero_Medio_Caracteres_Completar_Sequencia_Palavras -
Numero_Sequencias_Palavras_Completadas_A_Partir_Simbolos_Simples 0
Posicao_Media_Simbolos_Simples_Com_Sequencia_Palavras_Lista -
Numero_Medio_Caracteres_Completar_Sequencia_Palavras_A_Partir_Simbolos_Simples -
Numero_Sequencias_Palavras_Completadas_A_Partir_Simbolos_Compostos 0
Posicao_Media_Simbolos_Compostos_Com_Sequencia_Palavra_Lista -
Numero_Medio_Caracteres_Completar_Sequencia_Palavras_A_Partir_Simbolos_Compostos -
Numero_Frases_Completadas 0
Posicao_Media_Frases_Lista -
Numero_Medio_Caracteres_Completar_Frases -
Numero_Frases_Completadas_A_Partir_Simbolos_Simples 0
Posicao_Media_Simbolos_Simples_Com_Frase_Lista -
Numero_Medio_Caracteres_Completar_Frases_A_Partir_Simbolos_Simples -
Numero_Frases_Completadas_A_Partir_Simbolos_Compostos 0
Posicao_Media_Simbolos_Compostos_Com_Frase_Lista -
Numero_Medio_Caracteres_Completar_Frases_A_Partir_Simbolos_Compostos -
Numero_Simbolos_Simples_Preditos_Seleccionados 0
Posicao_Media_Simbolos_Simples_Lista -
Numero_Simbolos_Compostos_Preditos_Seleccionados 0
Posicao_Media_Simbolos_Compostos_Lista -
Numero_Caracteres_Simbolos_Apagados 10
Palavras_Sintetizadas 0
Frases_Sintetizadas 0
Simbolos_Sintetizados 0
Total_Palavras_Sintetizadas 0
Linha_Texto_Final Tendo eu repetido na primária 2 anos.

A prima Margarida dá-ma.

O HP novo.

Recebi o PC TOSHIBA em Abril de 2005.

1 Jornal.

Eu quero mudar de cadeira!  
