TIME Time when the event occurred
OUTPUT Text output caused by the event
EVENT The event
TYPE Type of the element or operation connected to the event
ELEMENT Screen element where the event occurred
CENTER Screen coordinates of the element center where the event occurred
PAGE Communication board where the event occurred
CONTEXT Message content before de event
$$$ End Header


14:54:43.562 "" SYSTEM_INFO START_LOGGING - - - "-"
14:54:47.093 "" WORD_PROCESSOR_CHANGE INTERNAL_WORD_PROCESSOR  -  - QwertyTeste ""
14:54:50.437 "" LEFT_MOUSE_DOWN_KEY TEXT_KEY_SELECTION_CapsLock 8.0.1 101.687 QwertyTeste ""
14:54:50.437 "" KEY_DOWN_CAPSLOCK AUTO_KEY  -  - QwertyTeste ""
14:54:52.390 "" LEFT_MOUSE_DOWN_KEY TEXT_KEY_SELECTION_n 7.0.7 622.640 QwertyTeste ""
14:54:52.500 "" KEY_DOWN_N AUTO_KEY  -  - QwertyTeste ""
14:54:52.500 "N" CHAR_N CHAR  -  - QwertyTeste ""
14:54:54.015 "" LEFT_MOUSE_DOWN_KEY TEXT_KEY_SELECTION_CapsLock 8.0.1 101.687 QwertyTeste "N"
14:54:54.015 "" KEY_DOWN_CAPSLOCK AUTO_KEY  -  - QwertyTeste "N"
14:54:55.859 "" LEFT_MOUSE_DOWN_KEY PREDICTED_WORD_SELECTION_0_no 0.0.1 174.157 QwertyTeste "N"
14:54:55.859 "" KEY_DOWN_O AUTO_KEY  -  - QwertyTeste "N"
14:54:55.859 "o" CHAR_o CHAR  -  - QwertyTeste "N"
14:54:55.859 "" KEY_DOWN_BARRA_DE_ESPAÇOS AUTO_KEY  -  - QwertyTeste "No"
14:54:55.859 " " CHAR_ESPAÇO CHAR  -  - QwertyTeste "No"
14:54:55.859 "" NEW_WORD WORD_No  -  - QwertyTeste "No "
14:54:57.468 "" LEFT_MOUSE_DOWN_KEY TEXT_KEY_SELECTION_Space 4.0.1 111.499 QwertyTeste "No "
14:54:57.468 "" KEY_DOWN_BARRA_DE_ESPAÇOS AUTO_KEY  -  - QwertyTeste "No "
14:54:57.468 " " CHAR_ESPAÇO CHAR  -  - QwertyTeste "No "
14:54:59.296 "" LEFT_MOUSE_DOWN_KEY TEXT_KEY_SELECTION_o 5.0.10 859.546 QwertyTeste "No "
14:54:59.437 "" KEY_DOWN_O AUTO_KEY  -  - QwertyTeste "No "
14:54:59.437 "o" CHAR_o CHAR  -  - QwertyTeste "No "
14:55:00.609 "" LEFT_MOUSE_DOWN_KEY TEXT_KEY_SELECTION_s 6.0.3 286.593 QwertyTeste "No o"
14:55:00.750 "" KEY_DOWN_S AUTO_KEY  -  - QwertyTeste "No o"
14:55:00.750 "s" CHAR_s CHAR  -  - QwertyTeste "No o"
14:55:01.093 "" LEFT_MOUSE_DOWN_KEY TEXT_KEY_SELECTION_s 6.0.3 286.593 QwertyTeste "No os"
14:55:01.343 "" KEY_DOWN_S AUTO_KEY  -  - QwertyTeste "No os"
14:55:01.343 "s" CHAR_s CHAR  -  - QwertyTeste "No os"
14:55:05.093 "" LEFT_MOUSE_DOWN_KEY PREDICTED_WORD_SELECTION_0_osso 0.0.1 174.157 QwertyTeste "No oss"
14:55:05.218 "" KEY_DOWN_O AUTO_KEY  -  - QwertyTeste "No oss"
14:55:05.218 "o" CHAR_o CHAR  -  - QwertyTeste "No oss"
14:55:05.218 "" KEY_DOWN_BARRA_DE_ESPAÇOS AUTO_KEY  -  - QwertyTeste "No osso"
14:55:05.218 " " CHAR_ESPAÇO CHAR  -  - QwertyTeste "No osso"
14:55:05.218 "" NEW_WORD WORD_osso  -  - QwertyTeste "No osso "
14:55:08.093 "" LEFT_MOUSE_DOWN_KEY TEXT_KEY_SELECTION_. 7.0.10 867.640 QwertyTeste "No osso "
14:55:08.109 "" KEY_DOWN_. AUTO_KEY  -  - QwertyTeste "No osso "
14:55:08.109 "." CHAR_. CHAR  -  - QwertyTeste "No osso "
14:55:08.109 "" NEW_SENTENCE SENTENCE_No_osso_.  -  - QwertyTeste "No osso ."
14:55:11.031 "" LEFT_MOUSE_DOWN_KEY TEXT_KEY_SELECTION_BkSp 6.0.1 111.593 QwertyTeste "No osso ."
14:55:11.031 "" KEY_DOWN_BACKSPACE AUTO_KEY  -  - QwertyTeste "No osso ."
14:55:11.031 "\b" CHAR_RETROCESSO CHAR  -  - QwertyTeste "No osso ."
14:55:11.203 "" LEFT_MOUSE_DOWN_KEY TEXT_KEY_SELECTION_BkSp 6.0.1 111.593 QwertyTeste "No osso "
14:55:11.203 "" KEY_DOWN_BACKSPACE AUTO_KEY  -  - QwertyTeste "No osso "
14:55:11.203 "\b" CHAR_RETROCESSO CHAR  -  - QwertyTeste "No osso "
14:55:12.296 "" LEFT_MOUSE_DOWN_KEY TEXT_KEY_SELECTION_. 7.0.10 867.640 QwertyTeste "No osso"
14:55:12.296 "" KEY_DOWN_. AUTO_KEY  -  - QwertyTeste "No osso"
14:55:12.296 "." CHAR_. CHAR  -  - QwertyTeste "No osso"
14:55:12.296 "" NEW_SENTENCE SENTENCE_No_osso.  -  - QwertyTeste "No osso."
14:55:13.812 "" LEFT_MOUSE_DOWN_KEY TEXT_KEY_SELECTION_Space 4.0.1 111.499 QwertyTeste "No osso."
14:55:13.828 "" KEY_DOWN_BARRA_DE_ESPAÇOS AUTO_KEY  -  - QwertyTeste "No osso."
14:55:13.828 " " CHAR_ESPAÇO CHAR  -  - QwertyTeste "No osso."
14:55:19.109 "" LEFT_MOUSE_DOWN_KEY TEXT_KEY_SELECTION_CapsLock 8.0.1 101.687 QwertyTeste ""
14:55:19.109 "" KEY_DOWN_CAPSLOCK AUTO_KEY  -  - QwertyTeste ""
14:55:19.937 "" LEFT_MOUSE_DOWN_KEY TEXT_KEY_SELECTION_h 6.0.7 614.593 QwertyTeste ""
14:55:20.140 "" KEY_DOWN_H AUTO_KEY  -  - QwertyTeste ""
14:55:20.140 "H" CHAR_H CHAR  -  - QwertyTeste ""
14:55:23.906 "" LEFT_MOUSE_DOWN_KEY PREDICTED_WORD_SELECTION_1_hoje 0.0.2 405.157 QwertyTeste "H"
14:55:23.984 "" KEY_DOWN_O AUTO_KEY  -  - QwertyTeste "H"
14:55:23.984 "O" CHAR_O CHAR  -  - QwertyTeste "H"
14:55:23.984 "" KEY_DOWN_J AUTO_KEY  -  - QwertyTeste "HO"
14:55:23.984 "J" CHAR_J CHAR  -  - QwertyTeste "HO"
14:55:23.984 "" KEY_DOWN_E AUTO_KEY  -  - QwertyTeste "HOJ"
14:55:23.984 "E" CHAR_E CHAR  -  - QwertyTeste "HOJ"
14:55:23.984 "" KEY_DOWN_BARRA_DE_ESPAÇOS AUTO_KEY  -  - QwertyTeste "HOJE"
14:55:23.984 " " CHAR_ESPAÇO CHAR  -  - QwertyTeste "HOJE"
14:55:23.984 "" NEW_WORD WORD_HOJE  -  - QwertyTeste "HOJE "
14:55:27.062 "" LEFT_MOUSE_DOWN_KEY TEXT_KEY_SELECTION_BkSp 6.0.1 111.593 QwertyTeste "HOJE "
14:55:27.078 "" KEY_DOWN_BACKSPACE AUTO_KEY  -  - QwertyTeste "HOJE "
14:55:27.078 "\b" CHAR_RETROCESSO CHAR  -  - QwertyTeste "HOJE "
14:55:27.312 "" LEFT_MOUSE_DOWN_KEY TEXT_KEY_SELECTION_BkSp 6.0.1 111.593 QwertyTeste "HOJE"
14:55:27.312 "" KEY_DOWN_BACKSPACE AUTO_KEY  -  - QwertyTeste "HOJE"
14:55:27.312 "\b" CHAR_RETROCESSO CHAR  -  - QwertyTeste "HOJE"
14:55:27.500 "" LEFT_MOUSE_DOWN_KEY TEXT_KEY_SELECTION_BkSp 6.0.1 111.593 QwertyTeste "HOJ"
14:55:27.515 "" KEY_DOWN_BACKSPACE AUTO_KEY  -  - QwertyTeste "HOJ"
14:55:27.515 "\b" CHAR_RETROCESSO CHAR  -  - QwertyTeste "HOJ"
14:55:27.921 "" LEFT_MOUSE_DOWN_KEY TEXT_KEY_SELECTION_BkSp 6.0.1 111.593 QwertyTeste "HO"
14:55:27.921 "" KEY_DOWN_BACKSPACE AUTO_KEY  -  - QwertyTeste "HO"
14:55:27.921 "\b" CHAR_RETROCESSO CHAR  -  - QwertyTeste "HO"
14:55:28.859 "" LEFT_MOUSE_DOWN_KEY TEXT_KEY_SELECTION_CapsLock 8.0.1 101.687 QwertyTeste "H"
14:55:28.859 "" KEY_DOWN_CAPSLOCK AUTO_KEY  -  - QwertyTeste "H"
14:55:32.218 "" LEFT_MOUSE_DOWN_KEY PREDICTED_WORD_SELECTION_1_hoje 0.0.2 405.157 QwertyTeste "H"
14:55:32.234 "" KEY_DOWN_O AUTO_KEY  -  - QwertyTeste "H"
14:55:32.234 "o" CHAR_o CHAR  -  - QwertyTeste "H"
14:55:32.234 "" KEY_DOWN_J AUTO_KEY  -  - QwertyTeste "Ho"
14:55:32.234 "j" CHAR_j CHAR  -  - QwertyTeste "Ho"
14:55:32.234 "" KEY_DOWN_E AUTO_KEY  -  - QwertyTeste "Hoj"
14:55:32.234 "e" CHAR_e CHAR  -  - QwertyTeste "Hoj"
14:55:32.234 "" KEY_DOWN_BARRA_DE_ESPAÇOS AUTO_KEY  -  - QwertyTeste "Hoje"
14:55:32.234 " " CHAR_ESPAÇO CHAR  -  - QwertyTeste "Hoje"
14:55:32.234 "" NEW_WORD WORD_Hoje  -  - QwertyTeste "Hoje "
14:55:33.453 "" LEFT_MOUSE_DOWN_KEY TEXT_KEY_SELECTION_Space 4.0.1 111.499 QwertyTeste "Hoje "
14:55:33.453 "" KEY_DOWN_BARRA_DE_ESPAÇOS AUTO_KEY  -  - QwertyTeste "Hoje "
14:55:33.468 " " CHAR_ESPAÇO CHAR  -  - QwertyTeste "Hoje "
14:55:34.421 "" LEFT_MOUSE_DOWN_KEY TEXT_KEY_SELECTION_o 5.0.10 859.546 QwertyTeste "Hoje "
14:55:34.562 "" KEY_DOWN_O AUTO_KEY  -  - QwertyTeste "Hoje "
14:55:34.562 "o" CHAR_o CHAR  -  - QwertyTeste "Hoje "
14:55:34.921 "" LEFT_MOUSE_DOWN_KEY TEXT_KEY_SELECTION_u 5.0.8 700.546 QwertyTeste "Hoje o"
14:55:35.000 "" KEY_DOWN_U AUTO_KEY  -  - QwertyTeste "Hoje o"
14:55:35.000 "u" CHAR_u CHAR  -  - QwertyTeste "Hoje o"
14:55:36.046 "" LEFT_MOUSE_DOWN_KEY TEXT_KEY_SELECTION_Space 4.0.1 111.499 QwertyTeste "Hoje ou"
14:55:36.093 "" KEY_DOWN_BARRA_DE_ESPAÇOS AUTO_KEY  -  - QwertyTeste "Hoje ou"
14:55:36.093 " " CHAR_ESPAÇO CHAR  -  - QwertyTeste "Hoje ou"
14:55:36.093 "" NEW_WORD WORD_ou  -  - QwertyTeste "Hoje ou "
14:55:37.046 "" LEFT_MOUSE_DOWN_KEY TEXT_KEY_SELECTION_a 6.0.2 204.593 QwertyTeste "Hoje ou "
14:55:37.203 "" KEY_DOWN_A AUTO_KEY  -  - QwertyTeste "Hoje ou "
14:55:37.203 "a" CHAR_a CHAR  -  - QwertyTeste "Hoje ou "
14:55:40.093 "" LEFT_MOUSE_DOWN_KEY PREDICTED_WORD_SELECTION_0_amanhã 0.0.1 174.157 QwertyTeste "Hoje ou a"
14:55:40.109 "" KEY_DOWN_M AUTO_KEY  -  - QwertyTeste "Hoje ou a"
14:55:40.109 "m" CHAR_m CHAR  -  - QwertyTeste "Hoje ou a"
14:55:40.109 "" KEY_DOWN_A AUTO_KEY  -  - QwertyTeste "Hoje ou am"
14:55:40.109 "a" CHAR_a CHAR  -  - QwertyTeste "Hoje ou am"
14:55:40.109 "" KEY_DOWN_N AUTO_KEY  -  - QwertyTeste "Hoje ou ama"
14:55:40.109 "n" CHAR_n CHAR  -  - QwertyTeste "Hoje ou ama"
14:55:40.109 "" KEY_DOWN_H AUTO_KEY  -  - QwertyTeste "Hoje ou aman"
14:55:40.109 "h" CHAR_h CHAR  -  - QwertyTeste "Hoje ou aman"
14:55:40.125 "" KEY_DOWN_TIL AUTO_KEY  -  - QwertyTeste "Hoje ou amanh"
14:55:40.125 "" KEY_DOWN_A AUTO_KEY  -  - QwertyTeste "Hoje ou amanh"
14:55:40.125 "ã" CHAR_ã CHAR  -  - QwertyTeste "Hoje ou amanh"
14:55:40.125 "" KEY_DOWN_BARRA_DE_ESPAÇOS AUTO_KEY  -  - QwertyTeste "Hoje ou amanhã"
14:55:40.125 " " CHAR_ESPAÇO CHAR  -  - QwertyTeste "Hoje ou amanhã"
14:55:40.125 "" NEW_WORD WORD_amanhã  -  - QwertyTeste "Hoje ou amanhã "
14:55:42.906 "" LEFT_MOUSE_DOWN_KEY TEXT_KEY_SELECTION_BkSp 6.0.1 111.593 QwertyTeste "Hoje ou amanhã "
14:55:43.062 "" KEY_DOWN_BACKSPACE AUTO_KEY  -  - QwertyTeste "Hoje ou amanhã "
14:55:43.062 "\b" CHAR_RETROCESSO CHAR  -  - QwertyTeste "Hoje ou amanhã "
14:55:45.078 "" LEFT_MOUSE_DOWN_KEY TEXT_KEY_SELECTION_. 7.0.10 867.640 QwertyTeste "Hoje ou amanhã"
14:55:45.234 "" KEY_DOWN_. AUTO_KEY  -  - QwertyTeste "Hoje ou amanhã"
14:55:45.234 "." CHAR_. CHAR  -  - QwertyTeste "Hoje ou amanhã"
14:55:45.234 "" NEW_SENTENCE SENTENCE_Hoje_ou_amanhã.  -  - QwertyTeste "Hoje ou amanhã."
14:55:46.781 "" LEFT_MOUSE_DOWN_KEY TEXT_KEY_SELECTION_Space 4.0.1 111.499 QwertyTeste "Hoje ou amanhã."
14:55:46.781 "" KEY_DOWN_BARRA_DE_ESPAÇOS AUTO_KEY  -  - QwertyTeste "Hoje ou amanhã."
14:55:46.781 " " CHAR_ESPAÇO CHAR  -  - QwertyTeste "Hoje ou amanhã."
14:55:49.671 "" LEFT_MOUSE_DOWN_KEY TEXT_KEY_SELECTION_CapsLock 8.0.1 101.687 QwertyTeste ""
14:55:49.671 "" KEY_DOWN_CAPSLOCK AUTO_KEY  -  - QwertyTeste ""
14:55:50.734 "" LEFT_MOUSE_DOWN_KEY TEXT_KEY_SELECTION_o 5.0.10 859.546 QwertyTeste ""
14:55:50.734 "" KEY_DOWN_O AUTO_KEY  -  - QwertyTeste ""
14:55:50.734 "O" CHAR_O CHAR  -  - QwertyTeste ""
14:55:52.296 "" LEFT_MOUSE_DOWN_KEY TEXT_KEY_SELECTION_Space 4.0.1 111.499 QwertyTeste "O"
14:55:52.468 "" KEY_DOWN_BARRA_DE_ESPAÇOS AUTO_KEY  -  - QwertyTeste "O"
14:55:52.468 " " CHAR_ESPAÇO CHAR  -  - QwertyTeste "O"
14:55:52.468 "" NEW_WORD WORD_O  -  - QwertyTeste "O "
14:55:53.875 "" LEFT_MOUSE_DOWN_KEY TEXT_KEY_SELECTION_CapsLock 8.0.1 101.687 QwertyTeste "O "
14:55:53.890 "" KEY_DOWN_CAPSLOCK AUTO_KEY  -  - QwertyTeste "O "
14:55:55.234 "" LEFT_MOUSE_DOWN_KEY TEXT_KEY_SELECTION_m 7.0.8 708.640 QwertyTeste "O "
14:55:55.312 "" KEY_DOWN_M AUTO_KEY  -  - QwertyTeste "O "
14:55:55.312 "m" CHAR_m CHAR  -  - QwertyTeste "O "
14:55:57.125 "" LEFT_MOUSE_DOWN_KEY PREDICTED_WORD_SELECTION_0_meu 0.0.1 174.157 QwertyTeste "O m"
14:55:57.140 "" KEY_DOWN_E AUTO_KEY  -  - QwertyTeste "O m"
14:55:57.140 "e" CHAR_e CHAR  -  - QwertyTeste "O m"
14:55:57.140 "" KEY_DOWN_U AUTO_KEY  -  - QwertyTeste "O me"
14:55:57.140 "u" CHAR_u CHAR  -  - QwertyTeste "O me"
14:55:57.140 "" KEY_DOWN_BARRA_DE_ESPAÇOS AUTO_KEY  -  - QwertyTeste "O meu"
14:55:57.140 " " CHAR_ESPAÇO CHAR  -  - QwertyTeste "O meu"
14:55:57.140 "" NEW_WORD WORD_meu  -  - QwertyTeste "O meu "
14:56:01.125 "" LEFT_MOUSE_DOWN_KEY PREDICTED_WORD_SELECTION_1_irmão 0.0.2 405.157 QwertyTeste "O meu "
14:56:01.140 "" KEY_DOWN_I AUTO_KEY  -  - QwertyTeste "O meu "
14:56:01.140 "i" CHAR_i CHAR  -  - QwertyTeste "O meu "
14:56:01.140 "" KEY_DOWN_R AUTO_KEY  -  - QwertyTeste "O meu i"
14:56:01.140 "r" CHAR_r CHAR  -  - QwertyTeste "O meu i"
14:56:01.140 "" KEY_DOWN_M AUTO_KEY  -  - QwertyTeste "O meu ir"
14:56:01.140 "m" CHAR_m CHAR  -  - QwertyTeste "O meu ir"
14:56:01.140 "" KEY_DOWN_TIL AUTO_KEY  -  - QwertyTeste "O meu irm"
14:56:01.140 "" KEY_DOWN_A AUTO_KEY  -  - QwertyTeste "O meu irm"
14:56:01.140 "ã" CHAR_ã CHAR  -  - QwertyTeste "O meu irm"
14:56:01.140 "" KEY_DOWN_O AUTO_KEY  -  - QwertyTeste "O meu irmã"
14:56:01.140 "o" CHAR_o CHAR  -  - QwertyTeste "O meu irmã"
14:56:01.140 "" KEY_DOWN_BARRA_DE_ESPAÇOS AUTO_KEY  -  - QwertyTeste "O meu irmão"
14:56:01.140 " " CHAR_ESPAÇO CHAR  -  - QwertyTeste "O meu irmão"
14:56:01.140 "" NEW_WORD WORD_irmão  -  - QwertyTeste "O meu irmão "
14:56:02.671 "" LEFT_MOUSE_DOWN_KEY TEXT_KEY_SELECTION_Space 4.0.1 111.499 QwertyTeste "O meu irmão "
14:56:02.812 "" KEY_DOWN_BARRA_DE_ESPAÇOS AUTO_KEY  -  - QwertyTeste "O meu irmão "
14:56:02.812 " " CHAR_ESPAÇO CHAR  -  - QwertyTeste "O meu irmão "
14:56:05.515 "" LEFT_MOUSE_DOWN_KEY PREDICTED_WORD_SELECTION_4_é 1.0.1 174.204 QwertyTeste "O meu irmão "
14:56:05.515 "" KEY_DOWN_AGUDO AUTO_KEY  -  - QwertyTeste "O meu irmão "
14:56:05.640 "" KEY_DOWN_E AUTO_KEY  -  - QwertyTeste "O meu irmão "
14:56:05.640 "é" CHAR_é CHAR  -  - QwertyTeste "O meu irmão "
14:56:05.640 "" KEY_DOWN_BARRA_DE_ESPAÇOS AUTO_KEY  -  - QwertyTeste "O meu irmão é"
14:56:05.640 " " CHAR_ESPAÇO CHAR  -  - QwertyTeste "O meu irmão é"
14:56:05.640 "" NEW_WORD WORD_é  -  - QwertyTeste "O meu irmão é "
14:56:06.609 "" LEFT_MOUSE_DOWN_KEY TEXT_KEY_SELECTION_Space 4.0.1 111.499 QwertyTeste "O meu irmão é "
14:56:06.609 "" KEY_DOWN_BARRA_DE_ESPAÇOS AUTO_KEY  -  - QwertyTeste "O meu irmão é "
14:56:06.609 " " CHAR_ESPAÇO CHAR  -  - QwertyTeste "O meu irmão é "
14:56:10.125 "" LEFT_MOUSE_DOWN_KEY PREDICTED_WORD_SELECTION_3_um 0.0.4 867.157 QwertyTeste "O meu irmão é "
14:56:10.140 "" KEY_DOWN_U AUTO_KEY  -  - QwertyTeste "O meu irmão é "
14:56:10.140 "u" CHAR_u CHAR  -  - QwertyTeste "O meu irmão é "
14:56:10.140 "" KEY_DOWN_M AUTO_KEY  -  - QwertyTeste "O meu irmão é u"
14:56:10.140 "m" CHAR_m CHAR  -  - QwertyTeste "O meu irmão é u"
14:56:10.140 "" KEY_DOWN_BARRA_DE_ESPAÇOS AUTO_KEY  -  - QwertyTeste "O meu irmão é um"
14:56:10.140 " " CHAR_ESPAÇO CHAR  -  - QwertyTeste "O meu irmão é um"
14:56:10.140 "" NEW_WORD WORD_um  -  - QwertyTeste "O meu irmão é um "
14:56:11.046 "" LEFT_MOUSE_DOWN_KEY TEXT_KEY_SELECTION_Space 4.0.1 111.499 QwertyTeste "O meu irmão é um "
14:56:11.234 "" KEY_DOWN_BARRA_DE_ESPAÇOS AUTO_KEY  -  - QwertyTeste "O meu irmão é um "
14:56:11.234 " " CHAR_ESPAÇO CHAR  -  - QwertyTeste "O meu irmão é um "
14:56:13.812 "" LEFT_MOUSE_DOWN_KEY PREDICTED_WORD_SELECTION_0_ano 0.0.1 174.157 QwertyTeste "O meu irmão é um "
14:56:14.093 "" KEY_DOWN_A AUTO_KEY  -  - QwertyTeste "O meu irmão é um "
14:56:14.093 "a" CHAR_a CHAR  -  - QwertyTeste "O meu irmão é um "
14:56:14.093 "" KEY_DOWN_N AUTO_KEY  -  - QwertyTeste "O meu irmão é um a"
14:56:14.093 "n" CHAR_n CHAR  -  - QwertyTeste "O meu irmão é um a"
14:56:14.093 "" KEY_DOWN_O AUTO_KEY  -  - QwertyTeste "O meu irmão é um an"
14:56:14.093 "o" CHAR_o CHAR  -  - QwertyTeste "O meu irmão é um an"
14:56:14.093 "" KEY_DOWN_BARRA_DE_ESPAÇOS AUTO_KEY  -  - QwertyTeste "O meu irmão é um ano"
14:56:14.093 " " CHAR_ESPAÇO CHAR  -  - QwertyTeste "O meu irmão é um ano"
14:56:14.093 "" NEW_WORD WORD_ano  -  - QwertyTeste "O meu irmão é um ano "
14:56:17.671 "" LEFT_MOUSE_DOWN_KEY PREDICTED_WORD_SELECTION_6_mais 1.0.3 636.204 QwertyTeste "O meu irmão é um ano "
14:56:17.687 "" KEY_DOWN_M AUTO_KEY  -  - QwertyTeste "O meu irmão é um ano "
14:56:17.687 "m" CHAR_m CHAR  -  - QwertyTeste "O meu irmão é um ano "
14:56:17.687 "" KEY_DOWN_A AUTO_KEY  -  - QwertyTeste "O meu irmão é um ano m"
14:56:17.687 "a" CHAR_a CHAR  -  - QwertyTeste "O meu irmão é um ano m"
14:56:17.687 "" KEY_DOWN_I AUTO_KEY  -  - QwertyTeste "O meu irmão é um ano ma"
14:56:17.687 "i" CHAR_i CHAR  -  - QwertyTeste "O meu irmão é um ano ma"
14:56:17.687 "" KEY_DOWN_S AUTO_KEY  -  - QwertyTeste "O meu irmão é um ano mai"
14:56:17.687 "s" CHAR_s CHAR  -  - QwertyTeste "O meu irmão é um ano mai"
14:56:17.687 "" KEY_DOWN_BARRA_DE_ESPAÇOS AUTO_KEY  -  - QwertyTeste "O meu irmão é um ano mais"
14:56:17.687 " " CHAR_ESPAÇO CHAR  -  - QwertyTeste "O meu irmão é um ano mais"
14:56:17.687 "" NEW_WORD WORD_mais  -  - QwertyTeste "O meu irmão é um ano mais "
14:56:22.687 "" LEFT_MOUSE_DOWN_KEY PREDICTED_WORD_SELECTION_7_novo 1.0.4 867.204 QwertyTeste "O meu irmão é um ano mais "
14:56:22.703 "" KEY_DOWN_N AUTO_KEY  -  - QwertyTeste "O meu irmão é um ano mais "
14:56:22.703 "n" CHAR_n CHAR  -  - QwertyTeste "O meu irmão é um ano mais "
14:56:22.703 "" KEY_DOWN_O AUTO_KEY  -  - QwertyTeste "O meu irmão é um ano mais n"
14:56:22.703 "o" CHAR_o CHAR  -  - QwertyTeste "O meu irmão é um ano mais n"
14:56:22.703 "" KEY_DOWN_V AUTO_KEY  -  - QwertyTeste "O meu irmão é um ano mais no"
14:56:22.703 "v" CHAR_v CHAR  -  - QwertyTeste "O meu irmão é um ano mais no"
14:56:22.703 "" KEY_DOWN_O AUTO_KEY  -  - QwertyTeste "O meu irmão é um ano mais nov"
14:56:22.703 "o" CHAR_o CHAR  -  - QwertyTeste "O meu irmão é um ano mais nov"
14:56:22.703 "" KEY_DOWN_BARRA_DE_ESPAÇOS AUTO_KEY  -  - QwertyTeste "O meu irmão é um ano mais novo"
14:56:22.703 " " CHAR_ESPAÇO CHAR  -  - QwertyTeste "O meu irmão é um ano mais novo"
14:56:22.703 "" NEW_WORD WORD_novo  -  - QwertyTeste "O meu irmão é um ano mais novo "
14:56:26.265 "" LEFT_MOUSE_DOWN_KEY PREDICTED_WORD_SELECTION_3_que 0.0.4 867.157 QwertyTeste "O meu irmão é um ano mais novo "
14:56:26.281 "" KEY_DOWN_Q AUTO_KEY  -  - QwertyTeste "O meu irmão é um ano mais novo "
14:56:26.281 "q" CHAR_q CHAR  -  - QwertyTeste "O meu irmão é um ano mais novo "
14:56:26.281 "" KEY_DOWN_U AUTO_KEY  -  - QwertyTeste "O meu irmão é um ano mais novo q"
14:56:26.281 "u" CHAR_u CHAR  -  - QwertyTeste "O meu irmão é um ano mais novo q"
14:56:26.281 "" KEY_DOWN_E AUTO_KEY  -  - QwertyTeste "O meu irmão é um ano mais novo qu"
14:56:26.281 "e" CHAR_e CHAR  -  - QwertyTeste "O meu irmão é um ano mais novo qu"
14:56:26.281 "" KEY_DOWN_BARRA_DE_ESPAÇOS AUTO_KEY  -  - QwertyTeste "O meu irmão é um ano mais novo que"
14:56:26.281 " " CHAR_ESPAÇO CHAR  -  - QwertyTeste "O meu irmão é um ano mais novo que"
14:56:26.281 "" NEW_WORD WORD_que  -  - QwertyTeste "O meu irmão é um ano mais novo que "
14:56:30.234 "" LEFT_MOUSE_DOWN_KEY PREDICTED_WORD_SELECTION_3_eu 0.0.4 867.157 QwertyTeste "O meu irmão é um ano mais novo que "
14:56:30.265 "" KEY_DOWN_E AUTO_KEY  -  - QwertyTeste "O meu irmão é um ano mais novo que "
14:56:30.265 "e" CHAR_e CHAR  -  - QwertyTeste "O meu irmão é um ano mais novo que "
14:56:30.265 "" KEY_DOWN_U AUTO_KEY  -  - QwertyTeste "O meu irmão é um ano mais novo que e"
14:56:30.265 "u" CHAR_u CHAR  -  - QwertyTeste "O meu irmão é um ano mais novo que e"
14:56:30.265 "" KEY_DOWN_BARRA_DE_ESPAÇOS AUTO_KEY  -  - QwertyTeste "O meu irmão é um ano mais novo que eu"
14:56:30.265 " " CHAR_ESPAÇO CHAR  -  - QwertyTeste "O meu irmão é um ano mais novo que eu"
14:56:30.265 "" NEW_WORD WORD_eu  -  - QwertyTeste "O meu irmão é um ano mais novo que eu "
14:56:33.859 "" LEFT_MOUSE_DOWN_KEY TEXT_KEY_SELECTION_BkSp 6.0.1 111.593 QwertyTeste "O meu irmão é um ano mais novo que eu "
14:56:33.859 "" KEY_DOWN_BACKSPACE AUTO_KEY  -  - QwertyTeste "O meu irmão é um ano mais novo que eu "
14:56:33.859 "\b" CHAR_RETROCESSO CHAR  -  - QwertyTeste "O meu irmão é um ano mais novo que eu "
14:56:35.609 "" LEFT_MOUSE_DOWN_KEY TEXT_KEY_SELECTION_. 7.0.10 867.640 QwertyTeste "O meu irmão é um ano mais novo que eu"
14:56:35.625 "" KEY_DOWN_. AUTO_KEY  -  - QwertyTeste "O meu irmão é um ano mais novo que eu"
14:56:35.625 "." CHAR_. CHAR  -  - QwertyTeste "O meu irmão é um ano mais novo que eu"
14:56:35.625 "" NEW_SENTENCE SENTENCE_O_meu_irmão_é_um_ano_mais_novo_que_eu.  -  - QwertyTeste "O meu irmão é um ano mais novo que eu."
14:56:37.843 "" LEFT_MOUSE_DOWN_KEY TEXT_KEY_SELECTION_Space 4.0.1 111.499 QwertyTeste "O meu irmão é um ano mais novo que eu."
14:56:37.968 "" KEY_DOWN_BARRA_DE_ESPAÇOS AUTO_KEY  -  - QwertyTeste "O meu irmão é um ano mais novo que eu."
14:56:37.968 " " CHAR_ESPAÇO CHAR  -  - QwertyTeste "O meu irmão é um ano mais novo que eu."
14:56:39.062 "" LEFT_MOUSE_DOWN_KEY TEXT_KEY_SELECTION_CapsLock 8.0.1 101.687 QwertyTeste ""
14:56:39.062 "" KEY_DOWN_CAPSLOCK AUTO_KEY  -  - QwertyTeste ""
14:56:40.234 "" LEFT_MOUSE_DOWN_KEY TEXT_KEY_SELECTION_m 7.0.8 708.640 QwertyTeste ""
14:56:40.359 "" KEY_DOWN_M AUTO_KEY  -  - QwertyTeste ""
14:56:40.359 "M" CHAR_M CHAR  -  - QwertyTeste ""
14:56:41.546 "" LEFT_MOUSE_DOWN_KEY TEXT_KEY_SELECTION_CapsLock 8.0.1 101.687 QwertyTeste "M"
14:56:41.546 "" KEY_DOWN_CAPSLOCK AUTO_KEY  -  - QwertyTeste "M"
14:56:47.000 "" LEFT_MOUSE_DOWN_KEY TEXT_KEY_SELECTION_a 6.0.2 204.593 QwertyTeste "M"
14:56:47.000 "" KEY_DOWN_A AUTO_KEY  -  - QwertyTeste "M"
14:56:47.000 "a" CHAR_a CHAR  -  - QwertyTeste "M"
14:56:51.156 "" LEFT_MOUSE_DOWN_KEY TEXT_KEY_SELECTION_s 6.0.3 286.593 QwertyTeste "Ma"
14:56:51.453 "" KEY_DOWN_S AUTO_KEY  -  - QwertyTeste "Ma"
14:56:51.453 "s" CHAR_s CHAR  -  - QwertyTeste "Ma"
14:56:51.687 "" LEFT_MOUSE_DOWN_KEY TEXT_KEY_SELECTION_s 6.0.3 286.593 QwertyTeste "Mas"
14:56:51.687 "" KEY_DOWN_S AUTO_KEY  -  - QwertyTeste "Mas"
14:56:51.687 "s" CHAR_s CHAR  -  - QwertyTeste "Mas"
14:56:54.093 "" LEFT_MOUSE_DOWN_KEY PREDICTED_WORD_SELECTION_0_massa 0.0.1 174.157 QwertyTeste "Mass"
14:56:54.109 "" KEY_DOWN_A AUTO_KEY  -  - QwertyTeste "Mass"
14:56:54.109 "a" CHAR_a CHAR  -  - QwertyTeste "Mass"
14:56:54.109 "" KEY_DOWN_BARRA_DE_ESPAÇOS AUTO_KEY  -  - QwertyTeste "Massa"
14:56:54.109 " " CHAR_ESPAÇO CHAR  -  - QwertyTeste "Massa"
14:56:54.109 "" NEW_WORD WORD_Massa  -  - QwertyTeste "Massa "
14:56:57.734 "" LEFT_MOUSE_DOWN_KEY TEXT_KEY_SELECTION_t 5.0.6 536.546 QwertyTeste "Massa "
14:56:57.859 "" KEY_DOWN_T AUTO_KEY  -  - QwertyTeste "Massa "
14:56:57.859 "t" CHAR_t CHAR  -  - QwertyTeste "Massa "
14:56:58.359 "" LEFT_MOUSE_DOWN_KEY TEXT_KEY_SELECTION_r 5.0.5 454.546 QwertyTeste "Massa t"
14:56:58.515 "" KEY_DOWN_R AUTO_KEY  -  - QwertyTeste "Massa t"
14:56:58.515 "r" CHAR_r CHAR  -  - QwertyTeste "Massa t"
14:57:01.906 "" LEFT_MOUSE_DOWN_KEY PREDICTED_WORD_SELECTION_0_tricolor 0.0.1 174.157 QwertyTeste "Massa tr"
14:57:01.906 "" KEY_DOWN_I AUTO_KEY  -  - QwertyTeste "Massa tr"
14:57:01.906 "i" CHAR_i CHAR  -  - QwertyTeste "Massa tr"
14:57:01.906 "" KEY_DOWN_C AUTO_KEY  -  - QwertyTeste "Massa tri"
14:57:01.906 "c" CHAR_c CHAR  -  - QwertyTeste "Massa tri"
14:57:01.906 "" KEY_DOWN_O AUTO_KEY  -  - QwertyTeste "Massa tric"
14:57:01.906 "o" CHAR_o CHAR  -  - QwertyTeste "Massa tric"
14:57:01.906 "" KEY_DOWN_L AUTO_KEY  -  - QwertyTeste "Massa trico"
14:57:01.906 "l" CHAR_l CHAR  -  - QwertyTeste "Massa trico"
14:57:01.906 "" KEY_DOWN_O AUTO_KEY  -  - QwertyTeste "Massa tricol"
14:57:01.906 "o" CHAR_o CHAR  -  - QwertyTeste "Massa tricol"
14:57:01.906 "" KEY_DOWN_R AUTO_KEY  -  - QwertyTeste "Massa tricolo"
14:57:01.906 "r" CHAR_r CHAR  -  - QwertyTeste "Massa tricolo"
14:57:01.906 "" KEY_DOWN_BARRA_DE_ESPAÇOS AUTO_KEY  -  - QwertyTeste "Massa tricolor"
14:57:01.906 " " CHAR_ESPAÇO CHAR  -  - QwertyTeste "Massa tricolor"
14:57:01.906 "" NEW_WORD WORD_tricolor  -  - QwertyTeste "Massa tricolor "
14:57:03.125 "" LEFT_MOUSE_DOWN_KEY TEXT_KEY_SELECTION_Space 4.0.1 111.499 QwertyTeste "Massa tricolor "
14:57:03.218 "" KEY_DOWN_BARRA_DE_ESPAÇOS AUTO_KEY  -  - QwertyTeste "Massa tricolor "
14:57:03.218 " " CHAR_ESPAÇO CHAR  -  - QwertyTeste "Massa tricolor "
14:57:04.531 "" LEFT_MOUSE_DOWN_KEY TEXT_KEY_SELECTION_e 5.0.4 372.546 QwertyTeste "Massa tricolor "
14:57:04.531 "" KEY_DOWN_E AUTO_KEY  -  - QwertyTeste "Massa tricolor "
14:57:04.531 "e" CHAR_e CHAR  -  - QwertyTeste "Massa tricolor "
14:57:06.281 "" LEFT_MOUSE_DOWN_KEY TEXT_KEY_SELECTION_m 7.0.8 708.640 QwertyTeste "Massa tricolor e"
14:57:06.281 "" KEY_DOWN_M AUTO_KEY  -  - QwertyTeste "Massa tricolor e"
14:57:06.281 "m" CHAR_m CHAR  -  - QwertyTeste "Massa tricolor e"
14:57:07.375 "" LEFT_MOUSE_DOWN_KEY TEXT_KEY_SELECTION_Space 4.0.1 111.499 QwertyTeste "Massa tricolor em"
14:57:07.375 "" KEY_DOWN_BARRA_DE_ESPAÇOS AUTO_KEY  -  - QwertyTeste "Massa tricolor em"
14:57:07.375 " " CHAR_ESPAÇO CHAR  -  - QwertyTeste "Massa tricolor em"
14:57:07.375 "" NEW_WORD WORD_em  -  - QwertyTeste "Massa tricolor em "
14:57:08.750 "" LEFT_MOUSE_DOWN_KEY TEXT_KEY_SELECTION_r 5.0.5 454.546 QwertyTeste "Massa tricolor em "
14:57:08.906 "" KEY_DOWN_R AUTO_KEY  -  - QwertyTeste "Massa tricolor em "
14:57:08.906 "r" CHAR_r CHAR  -  - QwertyTeste "Massa tricolor em "
14:57:09.625 "" LEFT_MOUSE_DOWN_KEY TEXT_KEY_SELECTION_o 5.0.10 859.546 QwertyTeste "Massa tricolor em r"
14:57:09.640 "" KEY_DOWN_O AUTO_KEY  -  - QwertyTeste "Massa tricolor em r"
14:57:09.640 "o" CHAR_o CHAR  -  - QwertyTeste "Massa tricolor em r"
14:57:12.500 "" LEFT_MOUSE_DOWN_KEY PREDICTED_WORD_SELECTION_0_rosca 0.0.1 174.157 QwertyTeste "Massa tricolor em ro"
14:57:12.515 "" KEY_DOWN_S AUTO_KEY  -  - QwertyTeste "Massa tricolor em ro"
14:57:12.515 "s" CHAR_s CHAR  -  - QwertyTeste "Massa tricolor em ro"
14:57:12.515 "" KEY_DOWN_C AUTO_KEY  -  - QwertyTeste "Massa tricolor em ros"
14:57:12.515 "c" CHAR_c CHAR  -  - QwertyTeste "Massa tricolor em ros"
14:57:12.515 "" KEY_DOWN_A AUTO_KEY  -  - QwertyTeste "Massa tricolor em rosc"
14:57:12.515 "a" CHAR_a CHAR  -  - QwertyTeste "Massa tricolor em rosc"
14:57:12.515 "" KEY_DOWN_BARRA_DE_ESPAÇOS AUTO_KEY  -  - QwertyTeste "Massa tricolor em rosca"
14:57:12.515 " " CHAR_ESPAÇO CHAR  -  - QwertyTeste "Massa tricolor em rosca"
14:57:12.515 "" NEW_WORD WORD_rosca  -  - QwertyTeste "Massa tricolor em rosca "
14:57:15.968 "" LEFT_MOUSE_DOWN_KEY TEXT_KEY_SELECTION_BkSp 6.0.1 111.593 QwertyTeste "Massa tricolor em rosca "
14:57:16.281 "" KEY_DOWN_BACKSPACE AUTO_KEY  -  - QwertyTeste "Massa tricolor em rosca "
14:57:16.296 "\b" CHAR_RETROCESSO CHAR  -  - QwertyTeste "Massa tricolor em rosca "
14:57:18.921 "" LEFT_MOUSE_DOWN_KEY TEXT_KEY_SELECTION_. 7.0.10 867.640 QwertyTeste "Massa tricolor em rosca"
14:57:18.921 "" KEY_DOWN_. AUTO_KEY  -  - QwertyTeste "Massa tricolor em rosca"
14:57:18.921 "." CHAR_. CHAR  -  - QwertyTeste "Massa tricolor em rosca"
14:57:18.921 "" NEW_SENTENCE SENTENCE_Massa_tricolor_em_rosca.  -  - QwertyTeste "Massa tricolor em rosca."
14:57:20.031 "" LEFT_MOUSE_DOWN_KEY TEXT_KEY_SELECTION_Space 4.0.1 111.499 QwertyTeste "Massa tricolor em rosca."
14:57:20.203 "" KEY_DOWN_BARRA_DE_ESPAÇOS AUTO_KEY  -  - QwertyTeste "Massa tricolor em rosca."
14:57:20.203 " " CHAR_ESPAÇO CHAR  -  - QwertyTeste "Massa tricolor em rosca."
14:57:21.125 "" LEFT_MOUSE_DOWN_KEY TEXT_KEY_SELECTION_CapsLock 8.0.1 101.687 QwertyTeste ""
14:57:21.125 "" KEY_DOWN_CAPSLOCK AUTO_KEY  -  - QwertyTeste ""
14:57:23.390 "" LEFT_MOUSE_DOWN_KEY TEXT_KEY_SELECTION_q 5.0.2 203.546 QwertyTeste ""
14:57:23.468 "" KEY_DOWN_Q AUTO_KEY  -  - QwertyTeste ""
14:57:23.468 "Q" CHAR_Q CHAR  -  - QwertyTeste ""
14:57:24.500 "" LEFT_MOUSE_DOWN_KEY TEXT_KEY_SELECTION_CapsLock 8.0.1 101.687 QwertyTeste "Q"
14:57:24.500 "" KEY_DOWN_CAPSLOCK AUTO_KEY  -  - QwertyTeste "Q"
14:57:27.671 "" LEFT_MOUSE_DOWN_KEY PREDICTED_WORD_SELECTION_0_que 0.0.1 174.157 QwertyTeste "Q"
14:57:27.859 "" KEY_DOWN_U AUTO_KEY  -  - QwertyTeste "Q"
14:57:27.859 "u" CHAR_u CHAR  -  - QwertyTeste "Q"
14:57:27.859 "" KEY_DOWN_E AUTO_KEY  -  - QwertyTeste "Qu"
14:57:27.859 "e" CHAR_e CHAR  -  - QwertyTeste "Qu"
14:57:27.859 "" KEY_DOWN_BARRA_DE_ESPAÇOS AUTO_KEY  -  - QwertyTeste "Que"
14:57:27.859 " " CHAR_ESPAÇO CHAR  -  - QwertyTeste "Que"
14:57:27.859 "" NEW_WORD WORD_Que  -  - QwertyTeste "Que "
14:57:28.656 "" LEFT_MOUSE_DOWN_KEY TEXT_KEY_SELECTION_Space 4.0.1 111.499 QwertyTeste "Que "
14:57:28.828 "" KEY_DOWN_BARRA_DE_ESPAÇOS AUTO_KEY  -  - QwertyTeste "Que "
14:57:28.828 " " CHAR_ESPAÇO CHAR  -  - QwertyTeste "Que "
14:57:30.296 "" LEFT_MOUSE_DOWN_KEY TEXT_KEY_SELECTION_d 6.0.4 368.593 QwertyTeste "Que "
14:57:30.453 "" KEY_DOWN_D AUTO_KEY  -  - QwertyTeste "Que "
14:57:30.453 "d" CHAR_d CHAR  -  - QwertyTeste "Que "
14:57:34.640 "" LEFT_MOUSE_DOWN_KEY PREDICTED_WORD_SELECTION_6_diz 1.0.3 636.204 QwertyTeste "Que d"
14:57:34.750 "" KEY_DOWN_I AUTO_KEY  -  - QwertyTeste "Que d"
14:57:34.750 "i" CHAR_i CHAR  -  - QwertyTeste "Que d"
14:57:34.750 "" KEY_DOWN_Z AUTO_KEY  -  - QwertyTeste "Que di"
14:57:34.750 "z" CHAR_z CHAR  -  - QwertyTeste "Que di"
14:57:34.750 "" KEY_DOWN_BARRA_DE_ESPAÇOS AUTO_KEY  -  - QwertyTeste "Que diz"
14:57:34.750 " " CHAR_ESPAÇO CHAR  -  - QwertyTeste "Que diz"
14:57:34.750 "" NEW_WORD WORD_diz  -  - QwertyTeste "Que diz "
14:57:35.890 "" LEFT_MOUSE_DOWN_KEY TEXT_KEY_SELECTION_Space 4.0.1 111.499 QwertyTeste "Que diz "
14:57:36.062 "" KEY_DOWN_BARRA_DE_ESPAÇOS AUTO_KEY  -  - QwertyTeste "Que diz "
14:57:36.062 " " CHAR_ESPAÇO CHAR  -  - QwertyTeste "Que diz "
14:57:39.359 "" LEFT_MOUSE_DOWN_KEY PREDICTED_WORD_SELECTION_2_ser 0.0.3 636.157 QwertyTeste "Que diz "
14:57:39.359 "" KEY_DOWN_S AUTO_KEY  -  - QwertyTeste "Que diz "
14:57:39.359 "s" CHAR_s CHAR  -  - QwertyTeste "Que diz "
14:57:39.359 "" KEY_DOWN_E AUTO_KEY  -  - QwertyTeste "Que diz s"
14:57:39.359 "e" CHAR_e CHAR  -  - QwertyTeste "Que diz s"
14:57:39.359 "" KEY_DOWN_R AUTO_KEY  -  - QwertyTeste "Que diz se"
14:57:39.359 "r" CHAR_r CHAR  -  - QwertyTeste "Que diz se"
14:57:39.359 "" KEY_DOWN_BARRA_DE_ESPAÇOS AUTO_KEY  -  - QwertyTeste "Que diz ser"
14:57:39.359 " " CHAR_ESPAÇO CHAR  -  - QwertyTeste "Que diz ser"
14:57:39.359 "" NEW_WORD WORD_ser  -  - QwertyTeste "Que diz ser "
14:57:40.281 "" LEFT_MOUSE_DOWN_KEY TEXT_KEY_SELECTION_Space 4.0.1 111.499 QwertyTeste "Que diz ser "
14:57:40.578 "" KEY_DOWN_BARRA_DE_ESPAÇOS AUTO_KEY  -  - QwertyTeste "Que diz ser "
14:57:40.578 " " CHAR_ESPAÇO CHAR  -  - QwertyTeste "Que diz ser "
14:57:43.406 "" LEFT_MOUSE_DOWN_KEY PREDICTED_WORD_SELECTION_0_uma 0.0.1 174.157 QwertyTeste "Que diz ser "
14:57:43.406 "" KEY_DOWN_U AUTO_KEY  -  - QwertyTeste "Que diz ser "
14:57:43.406 "u" CHAR_u CHAR  -  - QwertyTeste "Que diz ser "
14:57:43.421 "" KEY_DOWN_M AUTO_KEY  -  - QwertyTeste "Que diz ser u"
14:57:43.421 "m" CHAR_m CHAR  -  - QwertyTeste "Que diz ser u"
14:57:43.421 "" KEY_DOWN_A AUTO_KEY  -  - QwertyTeste "Que diz ser um"
14:57:43.421 "a" CHAR_a CHAR  -  - QwertyTeste "Que diz ser um"
14:57:43.421 "" KEY_DOWN_BARRA_DE_ESPAÇOS AUTO_KEY  -  - QwertyTeste "Que diz ser uma"
14:57:43.421 " " CHAR_ESPAÇO CHAR  -  - QwertyTeste "Que diz ser uma"
14:57:43.421 "" NEW_WORD WORD_uma  -  - QwertyTeste "Que diz ser uma "
14:57:44.328 "" LEFT_MOUSE_DOWN_KEY TEXT_KEY_SELECTION_Space 4.0.1 111.499 QwertyTeste "Que diz ser uma "
14:57:44.328 "" KEY_DOWN_BARRA_DE_ESPAÇOS AUTO_KEY  -  - QwertyTeste "Que diz ser uma "
14:57:44.328 " " CHAR_ESPAÇO CHAR  -  - QwertyTeste "Que diz ser uma "
14:57:45.187 "" LEFT_MOUSE_DOWN_KEY TEXT_KEY_SELECTION_c 7.0.4 370.640 QwertyTeste "Que diz ser uma "
14:57:45.187 "" KEY_DOWN_C AUTO_KEY  -  - QwertyTeste "Que diz ser uma "
14:57:45.187 "c" CHAR_c CHAR  -  - QwertyTeste "Que diz ser uma "
14:57:49.078 "" LEFT_MOUSE_DOWN_KEY PREDICTED_WORD_SELECTION_1_criança 0.0.2 405.157 QwertyTeste "Que diz ser uma c"
14:57:49.140 "" KEY_DOWN_R AUTO_KEY  -  - QwertyTeste "Que diz ser uma c"
14:57:49.140 "r" CHAR_r CHAR  -  - QwertyTeste "Que diz ser uma c"
14:57:49.140 "" KEY_DOWN_I AUTO_KEY  -  - QwertyTeste "Que diz ser uma cr"
14:57:49.140 "i" CHAR_i CHAR  -  - QwertyTeste "Que diz ser uma cr"
14:57:49.140 "" KEY_DOWN_A AUTO_KEY  -  - QwertyTeste "Que diz ser uma cri"
14:57:49.140 "a" CHAR_a CHAR  -  - QwertyTeste "Que diz ser uma cri"
14:57:49.140 "" KEY_DOWN_N AUTO_KEY  -  - QwertyTeste "Que diz ser uma cria"
14:57:49.140 "n" CHAR_n CHAR  -  - QwertyTeste "Que diz ser uma cria"
14:57:49.156 "" KEY_DOWN_Ç AUTO_KEY  -  - QwertyTeste "Que diz ser uma crian"
14:57:49.156 "ç" CHAR_ç CHAR  -  - QwertyTeste "Que diz ser uma crian"
14:57:49.156 "" KEY_DOWN_A AUTO_KEY  -  - QwertyTeste "Que diz ser uma crianç"
14:57:49.156 "a" CHAR_a CHAR  -  - QwertyTeste "Que diz ser uma crianç"
14:57:49.156 "" KEY_DOWN_BARRA_DE_ESPAÇOS AUTO_KEY  -  - QwertyTeste "Que diz ser uma criança"
14:57:49.156 " " CHAR_ESPAÇO CHAR  -  - QwertyTeste "Que diz ser uma criança"
14:57:49.156 "" NEW_WORD WORD_criança  -  - QwertyTeste "Que diz ser uma criança "
14:57:50.218 "" LEFT_MOUSE_DOWN_KEY TEXT_KEY_SELECTION_Space 4.0.1 111.499 QwertyTeste "Que diz ser uma criança "
14:57:50.218 "" KEY_DOWN_BARRA_DE_ESPAÇOS AUTO_KEY  -  - QwertyTeste "Que diz ser uma criança "
14:57:50.218 " " CHAR_ESPAÇO CHAR  -  - QwertyTeste "Que diz ser uma criança "
14:57:55.156 "" LEFT_MOUSE_DOWN_KEY TEXT_KEY_SELECTION_BkSp 6.0.1 111.593 QwertyTeste "Que diz ser uma criança "
14:57:55.156 "" KEY_DOWN_BACKSPACE AUTO_KEY  -  - QwertyTeste "Que diz ser uma criança "
14:57:55.156 "\b" CHAR_RETROCESSO CHAR  -  - QwertyTeste "Que diz ser uma criança "
14:57:55.375 "" LEFT_MOUSE_DOWN_KEY TEXT_KEY_SELECTION_BkSp 6.0.1 111.593 QwertyTeste "Que diz ser uma criança "
14:57:55.375 "" KEY_DOWN_BACKSPACE AUTO_KEY  -  - QwertyTeste "Que diz ser uma criança "
14:57:55.375 "\b" CHAR_RETROCESSO CHAR  -  - QwertyTeste "Que diz ser uma criança "
14:57:55.453 "" LEFT_MOUSE_DOWN_KEY TEXT_KEY_SELECTION_BkSp 6.0.1 111.593 QwertyTeste "Que diz ser uma criança"
14:57:55.593 "" KEY_DOWN_BACKSPACE AUTO_KEY  -  - QwertyTeste "Que diz ser uma criança"
14:57:55.593 "\b" CHAR_RETROCESSO CHAR  -  - QwertyTeste "Que diz ser uma criança"
14:57:55.656 "" LEFT_MOUSE_DOWN_KEY TEXT_KEY_SELECTION_BkSp 6.0.1 111.593 QwertyTeste "Que diz ser uma crianç"
14:57:55.796 "" KEY_DOWN_BACKSPACE AUTO_KEY  -  - QwertyTeste "Que diz ser uma crianç"
14:57:55.796 "\b" CHAR_RETROCESSO CHAR  -  - QwertyTeste "Que diz ser uma crianç"
14:57:55.828 "" LEFT_MOUSE_DOWN_KEY TEXT_KEY_SELECTION_BkSp 6.0.1 111.593 QwertyTeste "Que diz ser uma crian"
14:57:56.015 "" KEY_DOWN_BACKSPACE AUTO_KEY  -  - QwertyTeste "Que diz ser uma crian"
14:57:56.015 "\b" CHAR_RETROCESSO CHAR  -  - QwertyTeste "Que diz ser uma crian"
14:57:56.015 "" LEFT_MOUSE_DOWN_KEY TEXT_KEY_SELECTION_BkSp 6.0.1 111.593 QwertyTeste "Que diz ser uma cria"
14:57:56.015 "" KEY_DOWN_BACKSPACE AUTO_KEY  -  - QwertyTeste "Que diz ser uma cria"
14:57:56.015 "\b" CHAR_RETROCESSO CHAR  -  - QwertyTeste "Que diz ser uma cria"
14:57:56.234 "" LEFT_MOUSE_DOWN_KEY TEXT_KEY_SELECTION_BkSp 6.0.1 111.593 QwertyTeste "Que diz ser uma cri"
14:57:56.234 "" KEY_DOWN_BACKSPACE AUTO_KEY  -  - QwertyTeste "Que diz ser uma cri"
14:57:56.234 "\b" CHAR_RETROCESSO CHAR  -  - QwertyTeste "Que diz ser uma cri"
14:57:56.406 "" LEFT_MOUSE_DOWN_KEY TEXT_KEY_SELECTION_BkSp 6.0.1 111.593 QwertyTeste "Que diz ser uma cr"
14:57:56.453 "" KEY_DOWN_BACKSPACE AUTO_KEY  -  - QwertyTeste "Que diz ser uma cr"
14:57:56.453 "\b" CHAR_RETROCESSO CHAR  -  - QwertyTeste "Que diz ser uma cr"
14:57:56.703 "" LEFT_MOUSE_DOWN_KEY TEXT_KEY_SELECTION_BkSp 6.0.1 111.593 QwertyTeste "Que diz ser uma c"
14:57:56.875 "" KEY_DOWN_BACKSPACE AUTO_KEY  -  - QwertyTeste "Que diz ser uma c"
14:57:56.875 "\b" CHAR_RETROCESSO CHAR  -  - QwertyTeste "Que diz ser uma c"
14:57:57.078 "" LEFT_MOUSE_DOWN_KEY TEXT_KEY_SELECTION_BkSp 6.0.1 111.593 QwertyTeste "Que diz ser uma "
14:57:57.078 "" KEY_DOWN_BACKSPACE AUTO_KEY  -  - QwertyTeste "Que diz ser uma "
14:57:57.078 "\b" CHAR_RETROCESSO CHAR  -  - QwertyTeste "Que diz ser uma "
14:57:59.578 "" LEFT_MOUSE_DOWN_KEY TEXT_KEY_SELECTION_d 6.0.4 368.593 QwertyTeste "Que diz ser uma "
14:57:59.750 "" KEY_DOWN_D AUTO_KEY  -  - QwertyTeste "Que diz ser uma "
14:57:59.750 "d" CHAR_d CHAR  -  - QwertyTeste "Que diz ser uma "
14:58:01.843 "" LEFT_MOUSE_DOWN_KEY PREDICTED_WORD_SELECTION_1_de 0.0.2 405.157 QwertyTeste "Que diz ser uma d"
14:58:01.875 "" KEY_DOWN_E AUTO_KEY  -  - QwertyTeste "Que diz ser uma d"
14:58:01.875 "e" CHAR_e CHAR  -  - QwertyTeste "Que diz ser uma d"
14:58:01.875 "" KEY_DOWN_BARRA_DE_ESPAÇOS AUTO_KEY  -  - QwertyTeste "Que diz ser uma de"
14:58:01.875 " " CHAR_ESPAÇO CHAR  -  - QwertyTeste "Que diz ser uma de"
14:58:01.875 "" NEW_WORD WORD_de  -  - QwertyTeste "Que diz ser uma de "
14:58:06.296 "" LEFT_MOUSE_DOWN_KEY TEXT_KEY_SELECTION_BkSp 6.0.1 111.593 QwertyTeste "Que diz ser uma de "
14:58:06.312 "" KEY_DOWN_BACKSPACE AUTO_KEY  -  - QwertyTeste "Que diz ser uma de "
14:58:06.312 "\b" CHAR_RETROCESSO CHAR  -  - QwertyTeste "Que diz ser uma de "
14:58:06.734 "" LEFT_MOUSE_DOWN_KEY TEXT_KEY_SELECTION_BkSp 6.0.1 111.593 QwertyTeste "Que diz ser uma de"
14:58:06.734 "" KEY_DOWN_BACKSPACE AUTO_KEY  -  - QwertyTeste "Que diz ser uma de"
14:58:06.734 "\b" CHAR_RETROCESSO CHAR  -  - QwertyTeste "Que diz ser uma de"
14:58:09.828 "" LEFT_MOUSE_DOWN_KEY PREDICTED_WORD_SELECTION_0_doença 0.0.1 174.157 QwertyTeste "Que diz ser uma d"
14:58:09.859 "" KEY_DOWN_O AUTO_KEY  -  - QwertyTeste "Que diz ser uma d"
14:58:09.859 "o" CHAR_o CHAR  -  - QwertyTeste "Que diz ser uma d"
14:58:09.859 "" KEY_DOWN_E AUTO_KEY  -  - QwertyTeste "Que diz ser uma do"
14:58:09.859 "e" CHAR_e CHAR  -  - QwertyTeste "Que diz ser uma do"
14:58:09.859 "" KEY_DOWN_N AUTO_KEY  -  - QwertyTeste "Que diz ser uma doe"
14:58:09.859 "n" CHAR_n CHAR  -  - QwertyTeste "Que diz ser uma doe"
14:58:09.875 "" KEY_DOWN_Ç AUTO_KEY  -  - QwertyTeste "Que diz ser uma doen"
14:58:09.875 "ç" CHAR_ç CHAR  -  - QwertyTeste "Que diz ser uma doen"
14:58:09.875 "" KEY_DOWN_A AUTO_KEY  -  - QwertyTeste "Que diz ser uma doenç"
14:58:09.875 "a" CHAR_a CHAR  -  - QwertyTeste "Que diz ser uma doenç"
14:58:09.875 "" KEY_DOWN_BARRA_DE_ESPAÇOS AUTO_KEY  -  - QwertyTeste "Que diz ser uma doença"
14:58:09.875 " " CHAR_ESPAÇO CHAR  -  - QwertyTeste "Que diz ser uma doença"
14:58:09.875 "" NEW_WORD WORD_doença  -  - QwertyTeste "Que diz ser uma doença "
14:58:16.984 "" LEFT_MOUSE_DOWN_KEY PREDICTED_WORD_SELECTION_3_degenerativa 0.0.4 867.157 QwertyTeste "Que diz ser uma doença "
14:58:17.000 "" KEY_DOWN_D AUTO_KEY  -  - QwertyTeste "Que diz ser uma doença "
14:58:17.000 "d" CHAR_d CHAR  -  - QwertyTeste "Que diz ser uma doença "
14:58:17.000 "" KEY_DOWN_E AUTO_KEY  -  - QwertyTeste "Que diz ser uma doença d"
14:58:17.000 "e" CHAR_e CHAR  -  - QwertyTeste "Que diz ser uma doença d"
14:58:17.000 "" KEY_DOWN_G AUTO_KEY  -  - QwertyTeste "Que diz ser uma doença de"
14:58:17.000 "g" CHAR_g CHAR  -  - QwertyTeste "Que diz ser uma doença de"
14:58:17.000 "" KEY_DOWN_E AUTO_KEY  -  - QwertyTeste "Que diz ser uma doença deg"
14:58:17.000 "e" CHAR_e CHAR  -  - QwertyTeste "Que diz ser uma doença deg"
14:58:17.000 "" KEY_DOWN_N AUTO_KEY  -  - QwertyTeste "Que diz ser uma doença dege"
14:58:17.000 "n" CHAR_n CHAR  -  - QwertyTeste "Que diz ser uma doença dege"
14:58:17.000 "" KEY_DOWN_E AUTO_KEY  -  - QwertyTeste "Que diz ser uma doença degen"
14:58:17.000 "e" CHAR_e CHAR  -  - QwertyTeste "Que diz ser uma doença degen"
14:58:17.000 "" KEY_DOWN_R AUTO_KEY  -  - QwertyTeste "Que diz ser uma doença degene"
14:58:17.000 "r" CHAR_r CHAR  -  - QwertyTeste "Que diz ser uma doença degene"
14:58:17.000 "" KEY_DOWN_A AUTO_KEY  -  - QwertyTeste "Que diz ser uma doença degener"
14:58:17.000 "a" CHAR_a CHAR  -  - QwertyTeste "Que diz ser uma doença degener"
14:58:17.000 "" KEY_DOWN_T AUTO_KEY  -  - QwertyTeste "Que diz ser uma doença degenera"
14:58:17.000 "t" CHAR_t CHAR  -  - QwertyTeste "Que diz ser uma doença degenera"
14:58:17.000 "" KEY_DOWN_I AUTO_KEY  -  - QwertyTeste "Que diz ser uma doença degenerat"
14:58:17.000 "i" CHAR_i CHAR  -  - QwertyTeste "Que diz ser uma doença degenerat"
14:58:17.000 "" KEY_DOWN_V AUTO_KEY  -  - QwertyTeste "Que diz ser uma doença degenerati"
14:58:17.000 "v" CHAR_v CHAR  -  - QwertyTeste "Que diz ser uma doença degenerati"
14:58:17.000 "" KEY_DOWN_A AUTO_KEY  -  - QwertyTeste "Que diz ser uma doença degenerativ"
14:58:17.000 "a" CHAR_a CHAR  -  - QwertyTeste "Que diz ser uma doença degenerativ"
14:58:17.000 "" KEY_DOWN_BARRA_DE_ESPAÇOS AUTO_KEY  -  - QwertyTeste "Que diz ser uma doença degenerativa"
14:58:17.000 " " CHAR_ESPAÇO CHAR  -  - QwertyTeste "Que diz ser uma doença degenerativa"
14:58:17.000 "" NEW_WORD WORD_degenerativa  -  - QwertyTeste "Que diz ser uma doença degenerativa "
14:58:19.218 "" LEFT_MOUSE_DOWN_KEY TEXT_KEY_SELECTION_BkSp 6.0.1 111.593 QwertyTeste "Que diz ser uma doença degenerativa "
14:58:19.218 "" KEY_DOWN_BACKSPACE AUTO_KEY  -  - QwertyTeste "Que diz ser uma doença degenerativa "
14:58:19.218 "\b" CHAR_RETROCESSO CHAR  -  - QwertyTeste "Que diz ser uma doença degenerativa "
14:58:21.203 "" LEFT_MOUSE_DOWN_KEY TEXT_KEY_SELECTION_. 7.0.10 867.640 QwertyTeste "Que diz ser uma doença degenerativa"
14:58:21.203 "" KEY_DOWN_. AUTO_KEY  -  - QwertyTeste "Que diz ser uma doença degenerativa"
14:58:21.203 "." CHAR_. CHAR  -  - QwertyTeste "Que diz ser uma doença degenerativa"
14:58:21.203 "" NEW_SENTENCE SENTENCE_Que_diz_ser_uma_doença_degenerativa.  -  - QwertyTeste "Que diz ser uma doença degenerativa."
14:58:22.343 "" LEFT_MOUSE_DOWN_KEY TEXT_KEY_SELECTION_Space 4.0.1 111.499 QwertyTeste "Que diz ser uma doença degenerativa."
14:58:22.343 "" KEY_DOWN_BARRA_DE_ESPAÇOS AUTO_KEY  -  - QwertyTeste "Que diz ser uma doença degenerativa."
14:58:22.343 " " CHAR_ESPAÇO CHAR  -  - QwertyTeste "Que diz ser uma doença degenerativa."
14:58:23.750 "" LEFT_MOUSE_DOWN_KEY TEXT_KEY_SELECTION_CapsLock 8.0.1 101.687 QwertyTeste ""
14:58:23.750 "" KEY_DOWN_CAPSLOCK AUTO_KEY  -  - QwertyTeste ""
14:58:25.750 "" LEFT_MOUSE_DOWN_KEY TEXT_KEY_SELECTION_n 7.0.7 622.640 QwertyTeste ""
14:58:25.750 "" KEY_DOWN_N AUTO_KEY  -  - QwertyTeste ""
14:58:25.750 "N" CHAR_N CHAR  -  - QwertyTeste ""
14:58:26.875 "" LEFT_MOUSE_DOWN_KEY TEXT_KEY_SELECTION_CapsLock 8.0.1 101.687 QwertyTeste "N"
14:58:26.875 "" KEY_DOWN_CAPSLOCK AUTO_KEY  -  - QwertyTeste "N"
14:58:31.250 "" LEFT_MOUSE_DOWN_KEY TEXT_KEY_SELECTION_e 5.0.4 372.546 QwertyTeste "N"
14:58:31.250 "" KEY_DOWN_E AUTO_KEY  -  - QwertyTeste "N"
14:58:31.250 "e" CHAR_e CHAR  -  - QwertyTeste "N"
14:58:35.312 "" LEFT_MOUSE_DOWN_KEY TEXT_KEY_SELECTION_u 5.0.8 700.546 QwertyTeste "Ne"
14:58:35.312 "" KEY_DOWN_U AUTO_KEY  -  - QwertyTeste "Ne"
14:58:35.312 "u" CHAR_u CHAR  -  - QwertyTeste "Ne"
14:58:38.359 "" LEFT_MOUSE_DOWN_KEY PREDICTED_WORD_SELECTION_1_neuro-muscular 0.0.2 405.157 QwertyTeste "Neu"
14:58:38.359 "" KEY_DOWN_R AUTO_KEY  -  - QwertyTeste "Neu"
14:58:38.359 "r" CHAR_r CHAR  -  - QwertyTeste "Neu"
14:58:38.359 "" KEY_DOWN_O AUTO_KEY  -  - QwertyTeste "Neur"
14:58:38.359 "o" CHAR_o CHAR  -  - QwertyTeste "Neur"
14:58:38.359 "" KEY_DOWN_- AUTO_KEY  -  - QwertyTeste "Neuro"
14:58:38.359 "-" CHAR_- CHAR  -  - QwertyTeste "Neuro"
14:58:38.359 "" KEY_DOWN_M AUTO_KEY  -  - QwertyTeste "Neuro-"
14:58:38.359 "m" CHAR_m CHAR  -  - QwertyTeste "Neuro-"
14:58:38.359 "" KEY_DOWN_U AUTO_KEY  -  - QwertyTeste "Neuro-m"
14:58:38.359 "u" CHAR_u CHAR  -  - QwertyTeste "Neuro-m"
14:58:38.359 "" KEY_DOWN_S AUTO_KEY  -  - QwertyTeste "Neuro-mu"
14:58:38.359 "s" CHAR_s CHAR  -  - QwertyTeste "Neuro-mu"
14:58:38.359 "" KEY_DOWN_C AUTO_KEY  -  - QwertyTeste "Neuro-mus"
14:58:38.359 "c" CHAR_c CHAR  -  - QwertyTeste "Neuro-mus"
14:58:38.359 "" KEY_DOWN_U AUTO_KEY  -  - QwertyTeste "Neuro-musc"
14:58:38.359 "u" CHAR_u CHAR  -  - QwertyTeste "Neuro-musc"
14:58:38.359 "" KEY_DOWN_L AUTO_KEY  -  - QwertyTeste "Neuro-muscu"
14:58:38.359 "l" CHAR_l CHAR  -  - QwertyTeste "Neuro-muscu"
14:58:38.359 "" KEY_DOWN_A AUTO_KEY  -  - QwertyTeste "Neuro-muscul"
14:58:38.359 "a" CHAR_a CHAR  -  - QwertyTeste "Neuro-muscul"
14:58:38.359 "" KEY_DOWN_R AUTO_KEY  -  - QwertyTeste "Neuro-muscula"
14:58:38.359 "r" CHAR_r CHAR  -  - QwertyTeste "Neuro-muscula"
14:58:38.359 "" KEY_DOWN_BARRA_DE_ESPAÇOS AUTO_KEY  -  - QwertyTeste "Neuro-muscular"
14:58:38.359 " " CHAR_ESPAÇO CHAR  -  - QwertyTeste "Neuro-muscular"
14:58:38.359 "" NEW_WORD WORD_Neuro-muscular  -  - QwertyTeste "Neuro-muscular "
14:58:41.203 "" LEFT_MOUSE_DOWN_KEY TEXT_KEY_SELECTION_BkSp 6.0.1 111.593 QwertyTeste "Neuro-muscular "
14:58:41.203 "" KEY_DOWN_BACKSPACE AUTO_KEY  -  - QwertyTeste "Neuro-muscular "
14:58:41.203 "\b" CHAR_RETROCESSO CHAR  -  - QwertyTeste "Neuro-muscular "
14:58:42.687 "" LEFT_MOUSE_DOWN_KEY TEXT_KEY_SELECTION_. 7.0.10 867.640 QwertyTeste "Neuro-muscular"
14:58:42.843 "" KEY_DOWN_. AUTO_KEY  -  - QwertyTeste "Neuro-muscular"
14:58:42.843 "." CHAR_. CHAR  -  - QwertyTeste "Neuro-muscular"
14:58:42.843 "" NEW_SENTENCE SENTENCE_Neuro-muscular.  -  - QwertyTeste "Neuro-muscular."
14:58:51.750 "" WORD_PROCESSOR_CHANGE INTERNAL_WORD_PROCESSOR  -  - QwertyTeste "Neuro-muscular."
14:58:55.015 "" MENU_OPTION_SELECTION USER_PROFILE_LOAD_Mod1-3  -  - QwertyTeste "Neuro-muscular."
$$$ End Body


Tempo_Total_Escrita 252
Tempo_Efectivo_Escrita 245
Numero_Teclas_Pressionadas 0
Numero_Teclas_Sistema 211
Numero_Total_Teclas 211
Numero_Teclas_Ecra_Pressionadas 114
Numero_Activacoes_Manipulos 0
Numero_Teclas_Texto_Teclado_Qwerty 159
Teclas_Poupadas_Comparacao_Escrita_Teclado_Qwerty 100.000000
Teclas_Ecra_Poupadas_Comparacao_Escrita_Teclado_Qwerty 28.301887
Activacoes_Manipulo_Poupadas_Comparacao_Escrita_Teclado_Qwerty 100.000000
Numero_Caracteres_Escritos 196
Numero_Palavras_Escritas 29
Numero_Frases_Escritas 7
Numero_Caracteres_Finais 150
Numero_Palavras_Finais 26
Numero_Frases_Finais 6
Numero_Cliques 114
Numero_Simbolos_Simples_Seleccionados 54
Numero_Simbolos_Compostos_Seleccionados 0
Numero_Simbolos_Simples_Escritos 0
Numero_Simbolos_Compostos_Escritos 0
Numero_Simbolos_Finais 0
Numero_Alteracoes_Teclado_Ecran_Atraves_Menu 0
Numero_Alteracoes_Teclado_Ecran_Atraves_Teclado_Ecran 0
Numero_Envios_Comunicacao_Cooperativa 0
Numero_Sugestoes_Palavras 0
Numero_Sugestoes_Frases 0
Numero_Sugestoes_Simbolos_Simples 0
Numero_Sugestoes_Simbolos_Multiplos 0
Numero_Abreviaturas_Expandidas 0
Numero_Predicoes 80
Numero_Palavras_Completadas 26
Posicao_Media_Palavras_Lista 1.653846
Numero_Medio_Caracteres_Completar_Palavras 0.923077
Numero_Palavras_Completadas_A_Partir_Simbolos_Simples 0
Posicao_Media_Simbolos_Simples_Com_Palavra_Lista -
Numero_Medio_Caracteres_Completar_Palavras_A_Partir_Simbolos_Simples -
Numero_Palavras_Completadas_A_Partir_Simbolos_Compostos 0
Posicao_Media_Simbolos_Compostos_Com_Palavra_Lista -
Numero_Medio_Caracteres_Completar_Palavras_A_Partir_Simbolos_Compostos -
Numero_Sequencias_Palavras_Completadas 0
Posicao_Media_Sequencias_Palavras_Lista -
Numero_Medio_Caracteres_Completar_Sequencia_Palavras -
Numero_Sequencias_Palavras_Completadas_A_Partir_Simbolos_Simples 0
Posicao_Media_Simbolos_Simples_Com_Sequencia_Palavras_Lista -
Numero_Medio_Caracteres_Completar_Sequencia_Palavras_A_Partir_Simbolos_Simples -
Numero_Sequencias_Palavras_Completadas_A_Partir_Simbolos_Compostos 0
Posicao_Media_Simbolos_Compostos_Com_Sequencia_Palavra_Lista -
Numero_Medio_Caracteres_Completar_Sequencia_Palavras_A_Partir_Simbolos_Compostos -
Numero_Frases_Completadas 0
Posicao_Media_Frases_Lista -
Numero_Medio_Caracteres_Completar_Frases -
Numero_Frases_Completadas_A_Partir_Simbolos_Simples 0
Posicao_Media_Simbolos_Simples_Com_Frase_Lista -
Numero_Medio_Caracteres_Completar_Frases_A_Partir_Simbolos_Simples -
Numero_Frases_Completadas_A_Partir_Simbolos_Compostos 0
Posicao_Media_Simbolos_Compostos_Com_Frase_Lista -
Numero_Medio_Caracteres_Completar_Frases_A_Partir_Simbolos_Compostos -
Numero_Simbolos_Simples_Preditos_Seleccionados 0
Posicao_Media_Simbolos_Simples_Lista -
Numero_Simbolos_Compostos_Preditos_Seleccionados 0
Posicao_Media_Simbolos_Compostos_Lista -
Numero_Caracteres_Simbolos_Apagados 23
Palavras_Sintetizadas 0
Frases_Sintetizadas 0
Simbolos_Sintetizados 0
Total_Palavras_Sintetizadas 0
Linha_Texto_Final No  osso. Hoje  ou amanhã. O meu irmão  é  um  ano mais novo que eu. Massa tricolor  em rosca. Que  diz  ser  uma doença degenerativa. Neuro-muscular.
