TIME Time when the event occurred
OUTPUT Text output caused by the event
EVENT The event
TYPE Type of the element or operation connected to the event
ELEMENT Screen element where the event occurred
CENTER Screen coordinates of the element center where the event occurred
PAGE Communication board where the event occurred
CONTEXT Message content before de event
$$$ End Header


19:39:50.468 "" SYSTEM_INFO START_LOGGING - - - "-"
19:39:54.031 "" WORD_PROCESSOR_CHANGE INTERNAL_WORD_PROCESSOR  -  - QwertyTeste ""
19:40:00.093 "" LEFT_MOUSE_DOWN_KEY TEXT_KEY_SELECTION_CapsLock 8.0.1 101.687 QwertyTeste ""
19:40:00.093 "" KEY_DOWN_CAPSLOCK AUTO_KEY  -  - QwertyTeste ""
19:40:01.140 "" LEFT_MOUSE_DOWN_KEY TEXT_KEY_SELECTION_e 5.0.4 372.546 QwertyTeste ""
19:40:01.140 "" KEY_DOWN_E AUTO_KEY  -  - QwertyTeste ""
19:40:01.140 "E" CHAR_E CHAR  -  - QwertyTeste ""
19:40:02.937 "" LEFT_MOUSE_DOWN_KEY TEXT_KEY_SELECTION_CapsLock 8.0.1 101.687 QwertyTeste "E"
19:40:02.937 "" KEY_DOWN_CAPSLOCK AUTO_KEY  -  - QwertyTeste "E"
19:40:03.734 "" LEFT_MOUSE_DOWN_KEY TEXT_KEY_SELECTION_s 6.0.3 286.593 QwertyTeste "E"
19:40:03.734 "" KEY_DOWN_S AUTO_KEY  -  - QwertyTeste "E"
19:40:03.734 "s" CHAR_s CHAR  -  - QwertyTeste "E"
19:40:06.125 "" LEFT_MOUSE_DOWN_KEY TEXT_KEY_SELECTION_t 5.0.6 536.546 QwertyTeste "Es"
19:40:06.125 "" KEY_DOWN_T AUTO_KEY  -  - QwertyTeste "Es"
19:40:06.125 "t" CHAR_t CHAR  -  - QwertyTeste "Es"
19:40:14.828 "" LEFT_MOUSE_DOWN_KEY PREDICTED_WORD_SELECTION_2_este 0.0.3 636.157 QwertyTeste "Est"
19:40:15.156 "" KEY_DOWN_E AUTO_KEY  -  - QwertyTeste "Est"
19:40:15.156 "e" CHAR_e CHAR  -  - QwertyTeste "Est"
19:40:15.156 "" KEY_DOWN_BARRA_DE_ESPAÇOS AUTO_KEY  -  - QwertyTeste "Este"
19:40:15.156 " " CHAR_ESPAÇO CHAR  -  - QwertyTeste "Este"
19:40:15.156 "" NEW_WORD WORD_Este  -  - QwertyTeste "Este "
19:40:18.796 "" LEFT_MOUSE_DOWN_KEY PREDICTED_WORD_SELECTION_0_lar 0.0.1 174.157 QwertyTeste "Este "
19:40:18.812 "" KEY_DOWN_L AUTO_KEY  -  - QwertyTeste "Este "
19:40:18.812 "l" CHAR_l CHAR  -  - QwertyTeste "Este "
19:40:18.812 "" KEY_DOWN_A AUTO_KEY  -  - QwertyTeste "Este l"
19:40:18.812 "a" CHAR_a CHAR  -  - QwertyTeste "Este l"
19:40:18.812 "" KEY_DOWN_R AUTO_KEY  -  - QwertyTeste "Este la"
19:40:18.812 "r" CHAR_r CHAR  -  - QwertyTeste "Este la"
19:40:18.812 "" KEY_DOWN_BARRA_DE_ESPAÇOS AUTO_KEY  -  - QwertyTeste "Este lar"
19:40:18.812 " " CHAR_ESPAÇO CHAR  -  - QwertyTeste "Este lar"
19:40:18.812 "" NEW_WORD WORD_lar  -  - QwertyTeste "Este lar "
19:40:31.765 "" LEFT_MOUSE_DOWN_KEY PREDICTED_SENTENCE_SELECTION_2_Este_lar_em_fase_pouco_avançada_de_construção_e_embargado_há_anos_é_meu_vizinho_lá. 3.0.1 290.414 QwertyTeste "Este lar "
19:40:31.765 "" KEY_DOWN_E AUTO_KEY  -  - QwertyTeste "Este lar "
19:40:31.765 "e" CHAR_e CHAR  -  - QwertyTeste "Este lar "
19:40:31.765 "" KEY_DOWN_M AUTO_KEY  -  - QwertyTeste "Este lar e"
19:40:31.765 "m" CHAR_m CHAR  -  - QwertyTeste "Este lar e"
19:40:31.765 "" KEY_DOWN_BARRA_DE_ESPAÇOS AUTO_KEY  -  - QwertyTeste "Este lar em"
19:40:31.765 " " CHAR_ESPAÇO CHAR  -  - QwertyTeste "Este lar em"
19:40:31.765 "" NEW_WORD WORD_em  -  - QwertyTeste "Este lar em "
19:40:31.765 "" KEY_DOWN_F AUTO_KEY  -  - QwertyTeste "Este lar em "
19:40:31.765 "f" CHAR_f CHAR  -  - QwertyTeste "Este lar em "
19:40:31.765 "" KEY_DOWN_A AUTO_KEY  -  - QwertyTeste "Este lar em f"
19:40:31.765 "a" CHAR_a CHAR  -  - QwertyTeste "Este lar em f"
19:40:31.765 "" KEY_DOWN_S AUTO_KEY  -  - QwertyTeste "Este lar em fa"
19:40:31.765 "s" CHAR_s CHAR  -  - QwertyTeste "Este lar em fa"
19:40:31.765 "" KEY_DOWN_E AUTO_KEY  -  - QwertyTeste "Este lar em fas"
19:40:31.765 "e" CHAR_e CHAR  -  - QwertyTeste "Este lar em fas"
19:40:31.765 "" KEY_DOWN_BARRA_DE_ESPAÇOS AUTO_KEY  -  - QwertyTeste "Este lar em fase"
19:40:31.765 " " CHAR_ESPAÇO CHAR  -  - QwertyTeste "Este lar em fase"
19:40:31.765 "" NEW_WORD WORD_fase  -  - QwertyTeste "Este lar em fase "
19:40:31.781 "" KEY_DOWN_P AUTO_KEY  -  - QwertyTeste "Este lar em fase "
19:40:31.781 "p" CHAR_p CHAR  -  - QwertyTeste "Este lar em fase "
19:40:31.781 "" KEY_DOWN_O AUTO_KEY  -  - QwertyTeste "Este lar em fase p"
19:40:31.781 "o" CHAR_o CHAR  -  - QwertyTeste "Este lar em fase p"
19:40:31.781 "" KEY_DOWN_U AUTO_KEY  -  - QwertyTeste "Este lar em fase po"
19:40:31.781 "u" CHAR_u CHAR  -  - QwertyTeste "Este lar em fase po"
19:40:31.781 "" KEY_DOWN_C AUTO_KEY  -  - QwertyTeste "Este lar em fase pou"
19:40:31.781 "c" CHAR_c CHAR  -  - QwertyTeste "Este lar em fase pou"
19:40:31.781 "" KEY_DOWN_O AUTO_KEY  -  - QwertyTeste "Este lar em fase pouc"
19:40:31.781 "o" CHAR_o CHAR  -  - QwertyTeste "Este lar em fase pouc"
19:40:31.781 "" KEY_DOWN_BARRA_DE_ESPAÇOS AUTO_KEY  -  - QwertyTeste "Este lar em fase pouco"
19:40:31.781 " " CHAR_ESPAÇO CHAR  -  - QwertyTeste "Este lar em fase pouco"
19:40:31.796 "" NEW_WORD WORD_pouco  -  - QwertyTeste "Este lar em fase pouco "
19:40:31.796 "" KEY_DOWN_A AUTO_KEY  -  - QwertyTeste "Este lar em fase pouco "
19:40:31.828 "a" CHAR_a CHAR  -  - QwertyTeste "Este lar em fase pouco "
19:40:32.000 "" KEY_DOWN_V AUTO_KEY  -  - QwertyTeste "Este lar em fase pouco a"
19:40:32.000 "v" CHAR_v CHAR  -  - QwertyTeste "Este lar em fase pouco a"
19:40:32.000 "" KEY_DOWN_A AUTO_KEY  -  - QwertyTeste "Este lar em fase pouco av"
19:40:32.000 "a" CHAR_a CHAR  -  - QwertyTeste "Este lar em fase pouco av"
19:40:32.000 "" KEY_DOWN_N AUTO_KEY  -  - QwertyTeste "Este lar em fase pouco ava"
19:40:32.000 "n" CHAR_n CHAR  -  - QwertyTeste "Este lar em fase pouco ava"
19:40:32.000 "" KEY_DOWN_Ç AUTO_KEY  -  - QwertyTeste "Este lar em fase pouco avan"
19:40:32.000 "ç" CHAR_ç CHAR  -  - QwertyTeste "Este lar em fase pouco avan"
19:40:32.000 "" KEY_DOWN_A AUTO_KEY  -  - QwertyTeste "Este lar em fase pouco avanç"
19:40:32.000 "a" CHAR_a CHAR  -  - QwertyTeste "Este lar em fase pouco avanç"
19:40:32.000 "" KEY_DOWN_D AUTO_KEY  -  - QwertyTeste "Este lar em fase pouco avança"
19:40:32.000 "d" CHAR_d CHAR  -  - QwertyTeste "Este lar em fase pouco avança"
19:40:32.000 "" KEY_DOWN_A AUTO_KEY  -  - QwertyTeste "Este lar em fase pouco avançad"
19:40:32.000 "a" CHAR_a CHAR  -  - QwertyTeste "Este lar em fase pouco avançad"
19:40:32.000 "" KEY_DOWN_BARRA_DE_ESPAÇOS AUTO_KEY  -  - QwertyTeste "Este lar em fase pouco avançada"
19:40:32.000 " " CHAR_ESPAÇO CHAR  -  - QwertyTeste "Este lar em fase pouco avançada"
19:40:32.015 "" NEW_WORD WORD_avançada  -  - QwertyTeste "Este lar em fase pouco avançada "
19:40:32.015 "" KEY_DOWN_D AUTO_KEY  -  - QwertyTeste "Este lar em fase pouco avançada "
19:40:32.015 "d" CHAR_d CHAR  -  - QwertyTeste "Este lar em fase pouco avançada "
19:40:32.015 "" KEY_DOWN_E AUTO_KEY  -  - QwertyTeste "Este lar em fase pouco avançada d"
19:40:32.015 "e" CHAR_e CHAR  -  - QwertyTeste "Este lar em fase pouco avançada d"
19:40:32.015 "" KEY_DOWN_BARRA_DE_ESPAÇOS AUTO_KEY  -  - QwertyTeste "Este lar em fase pouco avançada de"
19:40:32.015 " " CHAR_ESPAÇO CHAR  -  - QwertyTeste "Este lar em fase pouco avançada de"
19:40:32.015 "" NEW_WORD WORD_de  -  - QwertyTeste "Este lar em fase pouco avançada de "
19:40:32.015 "" KEY_DOWN_C AUTO_KEY  -  - QwertyTeste "Este lar em fase pouco avançada de "
19:40:32.015 "c" CHAR_c CHAR  -  - QwertyTeste "Este lar em fase pouco avançada de "
19:40:32.015 "" KEY_DOWN_O AUTO_KEY  -  - QwertyTeste "Este lar em fase pouco avançada de c"
19:40:32.015 "o" CHAR_o CHAR  -  - QwertyTeste "Este lar em fase pouco avançada de c"
19:40:32.031 "" KEY_DOWN_N AUTO_KEY  -  - QwertyTeste "Este lar em fase pouco avançada de co"
19:40:32.031 "n" CHAR_n CHAR  -  - QwertyTeste "Este lar em fase pouco avançada de co"
19:40:32.234 "" KEY_DOWN_S AUTO_KEY  -  - QwertyTeste "Este lar em fase pouco avançada de con"
19:40:32.234 "s" CHAR_s CHAR  -  - QwertyTeste "Este lar em fase pouco avançada de con"
19:40:32.234 "" KEY_DOWN_T AUTO_KEY  -  - QwertyTeste "Este lar em fase pouco avançada de cons"
19:40:32.234 "t" CHAR_t CHAR  -  - QwertyTeste "Este lar em fase pouco avançada de cons"
19:40:32.234 "" KEY_DOWN_R AUTO_KEY  -  - QwertyTeste "Este lar em fase pouco avançada de const"
19:40:32.234 "r" CHAR_r CHAR  -  - QwertyTeste "Este lar em fase pouco avançada de const"
19:40:32.234 "" KEY_DOWN_U AUTO_KEY  -  - QwertyTeste "Este lar em fase pouco avançada de constr"
19:40:32.234 "u" CHAR_u CHAR  -  - QwertyTeste "Este lar em fase pouco avançada de constr"
19:40:32.234 "" KEY_DOWN_Ç AUTO_KEY  -  - QwertyTeste "Este lar em fase pouco avançada de constru"
19:40:32.234 "ç" CHAR_ç CHAR  -  - QwertyTeste "Este lar em fase pouco avançada de constru"
19:40:32.234 "" KEY_DOWN_TIL AUTO_KEY  -  - QwertyTeste "Este lar em fase pouco avançada de construç"
19:40:32.234 "" KEY_DOWN_A AUTO_KEY  -  - QwertyTeste "Este lar em fase pouco avançada de construç"
19:40:32.234 "ã" CHAR_ã CHAR  -  - QwertyTeste "Este lar em fase pouco avançada de construç"
19:40:32.234 "" KEY_DOWN_O AUTO_KEY  -  - QwertyTeste "Este lar em fase pouco avançada de construçã"
19:40:32.234 "o" CHAR_o CHAR  -  - QwertyTeste "Este lar em fase pouco avançada de construçã"
19:40:32.234 "" KEY_DOWN_BARRA_DE_ESPAÇOS AUTO_KEY  -  - QwertyTeste "Este lar em fase pouco avançada de construção"
19:40:32.234 " " CHAR_ESPAÇO CHAR  -  - QwertyTeste "Este lar em fase pouco avançada de construção"
19:40:32.250 "" NEW_WORD WORD_construção  -  - QwertyTeste "Este lar em fase pouco avançada de construção "
19:40:32.250 "" KEY_DOWN_E AUTO_KEY  -  - QwertyTeste "Este lar em fase pouco avançada de construção "
19:40:32.250 "e" CHAR_e CHAR  -  - QwertyTeste "Este lar em fase pouco avançada de construção "
19:40:32.250 "" KEY_DOWN_BARRA_DE_ESPAÇOS AUTO_KEY  -  - QwertyTeste "Este lar em fase pouco avançada de construção e"
19:40:32.250 " " CHAR_ESPAÇO CHAR  -  - QwertyTeste "Este lar em fase pouco avançada de construção e"
19:40:32.250 "" NEW_WORD WORD_e  -  - QwertyTeste "Este lar em fase pouco avançada de construção e "
19:40:32.250 "" KEY_DOWN_E AUTO_KEY  -  - QwertyTeste "Este lar em fase pouco avançada de construção e "
19:40:32.250 "e" CHAR_e CHAR  -  - QwertyTeste "Este lar em fase pouco avançada de construção e "
19:40:32.250 "" KEY_DOWN_M AUTO_KEY  -  - QwertyTeste "Este lar em fase pouco avançada de construção e e"
19:40:32.250 "m" CHAR_m CHAR  -  - QwertyTeste "Este lar em fase pouco avançada de construção e e"
19:40:32.250 "" KEY_DOWN_B AUTO_KEY  -  - QwertyTeste "Este lar em fase pouco avançada de construção e em"
19:40:32.250 "b" CHAR_b CHAR  -  - QwertyTeste "Este lar em fase pouco avançada de construção e em"
19:40:32.250 "" KEY_DOWN_A AUTO_KEY  -  - QwertyTeste "Este lar em fase pouco avançada de construção e emb"
19:40:32.250 "a" CHAR_a CHAR  -  - QwertyTeste "Este lar em fase pouco avançada de construção e emb"
19:40:32.250 "" KEY_DOWN_R AUTO_KEY  -  - QwertyTeste "Este lar em fase pouco avançada de construção e emba"
19:40:32.250 "r" CHAR_r CHAR  -  - QwertyTeste "Este lar em fase pouco avançada de construção e emba"
19:40:32.468 "" KEY_DOWN_G AUTO_KEY  -  - QwertyTeste "Este lar em fase pouco avançada de construção e embar"
19:40:32.468 "g" CHAR_g CHAR  -  - QwertyTeste "Este lar em fase pouco avançada de construção e embar"
19:40:32.468 "" KEY_DOWN_A AUTO_KEY  -  - QwertyTeste "Este lar em fase pouco avançada de construção e embarg"
19:40:32.468 "a" CHAR_a CHAR  -  - QwertyTeste "Este lar em fase pouco avançada de construção e embarg"
19:40:32.468 "" KEY_DOWN_D AUTO_KEY  -  - QwertyTeste "Este lar em fase pouco avançada de construção e embarga"
19:40:32.468 "d" CHAR_d CHAR  -  - QwertyTeste "Este lar em fase pouco avançada de construção e embarga"
19:40:32.468 "" KEY_DOWN_O AUTO_KEY  -  - QwertyTeste "Este lar em fase pouco avançada de construção e embargad"
19:40:32.468 "o" CHAR_o CHAR  -  - QwertyTeste "Este lar em fase pouco avançada de construção e embargad"
19:40:32.468 "" KEY_DOWN_BARRA_DE_ESPAÇOS AUTO_KEY  -  - QwertyTeste "Este lar em fase pouco avançada de construção e embargado"
19:40:32.468 " " CHAR_ESPAÇO CHAR  -  - QwertyTeste "Este lar em fase pouco avançada de construção e embargado"
19:40:32.468 "" NEW_WORD WORD_embargado  -  - QwertyTeste "Este lar em fase pouco avançada de construção e embargado "
19:40:32.468 "" KEY_DOWN_H AUTO_KEY  -  - QwertyTeste "Este lar em fase pouco avançada de construção e embargado "
19:40:32.484 "h" CHAR_h CHAR  -  - QwertyTeste "Este lar em fase pouco avançada de construção e embargado "
19:40:32.484 "" KEY_DOWN_AGUDO AUTO_KEY  -  - QwertyTeste "Este lar em fase pouco avançada de construção e embargado h"
19:40:32.500 "" KEY_DOWN_A AUTO_KEY  -  - QwertyTeste "Este lar em fase pouco avançada de construção e embargado h"
19:40:32.500 "á" CHAR_á CHAR  -  - QwertyTeste "Este lar em fase pouco avançada de construção e embargado h"
19:40:32.500 "" KEY_DOWN_BARRA_DE_ESPAÇOS AUTO_KEY  -  - QwertyTeste "Este lar em fase pouco avançada de construção e embargado há"
19:40:32.500 " " CHAR_ESPAÇO CHAR  -  - QwertyTeste "Este lar em fase pouco avançada de construção e embargado há"
19:40:32.500 "" NEW_WORD WORD_há  -  - QwertyTeste "Este lar em fase pouco avançada de construção e embargado há "
19:40:32.500 "" KEY_DOWN_A AUTO_KEY  -  - QwertyTeste "Este lar em fase pouco avançada de construção e embargado há "
19:40:32.500 "a" CHAR_a CHAR  -  - QwertyTeste "Este lar em fase pouco avançada de construção e embargado há "
19:40:32.500 "" KEY_DOWN_N AUTO_KEY  -  - QwertyTeste "Este lar em fase pouco avançada de construção e embargado há a"
19:40:32.500 "n" CHAR_n CHAR  -  - QwertyTeste "Este lar em fase pouco avançada de construção e embargado há a"
19:40:32.500 "" KEY_DOWN_O AUTO_KEY  -  - QwertyTeste "Este lar em fase pouco avançada de construção e embargado há an"
19:40:32.500 "o" CHAR_o CHAR  -  - QwertyTeste "Este lar em fase pouco avançada de construção e embargado há an"
19:40:32.500 "" KEY_DOWN_S AUTO_KEY  -  - QwertyTeste "Este lar em fase pouco avançada de construção e embargado há ano"
19:40:32.500 "s" CHAR_s CHAR  -  - QwertyTeste "Este lar em fase pouco avançada de construção e embargado há ano"
19:40:32.500 "" KEY_DOWN_BARRA_DE_ESPAÇOS AUTO_KEY  -  - QwertyTeste "Este lar em fase pouco avançada de construção e embargado há anos"
19:40:32.500 " " CHAR_ESPAÇO CHAR  -  - QwertyTeste "Este lar em fase pouco avançada de construção e embargado há anos"
19:40:32.562 "" NEW_WORD WORD_anos  -  - QwertyTeste "Este lar em fase pouco avançada de construção e embargado há anos "
19:40:32.562 "" KEY_DOWN_AGUDO AUTO_KEY  -  - QwertyTeste "Este lar em fase pouco avançada de construção e embargado há anos "
19:40:32.718 "" KEY_DOWN_E AUTO_KEY  -  - QwertyTeste "Este lar em fase pouco avançada de construção e embargado há anos "
19:40:32.718 "é" CHAR_é CHAR  -  - QwertyTeste "Este lar em fase pouco avançada de construção e embargado há anos "
19:40:32.718 "" KEY_DOWN_BARRA_DE_ESPAÇOS AUTO_KEY  -  - QwertyTeste "Este lar em fase pouco avançada de construção e embargado há anos é"
19:40:32.718 " " CHAR_ESPAÇO CHAR  -  - QwertyTeste "Este lar em fase pouco avançada de construção e embargado há anos é"
19:40:32.718 "" NEW_WORD WORD_é  -  - QwertyTeste "Este lar em fase pouco avançada de construção e embargado há anos é "
19:40:32.718 "" KEY_DOWN_M AUTO_KEY  -  - QwertyTeste "Este lar em fase pouco avançada de construção e embargado há anos é "
19:40:32.718 "m" CHAR_m CHAR  -  - QwertyTeste "Este lar em fase pouco avançada de construção e embargado há anos é "
19:40:32.718 "" KEY_DOWN_E AUTO_KEY  -  - QwertyTeste "Este lar em fase pouco avançada de construção e embargado há anos é m"
19:40:32.718 "e" CHAR_e CHAR  -  - QwertyTeste "Este lar em fase pouco avançada de construção e embargado há anos é m"
19:40:32.718 "" KEY_DOWN_U AUTO_KEY  -  - QwertyTeste "Este lar em fase pouco avançada de construção e embargado há anos é me"
19:40:32.718 "u" CHAR_u CHAR  -  - QwertyTeste "Este lar em fase pouco avançada de construção e embargado há anos é me"
19:40:32.718 "" KEY_DOWN_BARRA_DE_ESPAÇOS AUTO_KEY  -  - QwertyTeste "Este lar em fase pouco avançada de construção e embargado há anos é meu"
19:40:32.718 " " CHAR_ESPAÇO CHAR  -  - QwertyTeste "Este lar em fase pouco avançada de construção e embargado há anos é meu"
19:40:32.718 "" NEW_WORD WORD_meu  -  - QwertyTeste "Este lar em fase pouco avançada de construção e embargado há anos é meu "
19:40:32.718 "" KEY_DOWN_V AUTO_KEY  -  - QwertyTeste "Este lar em fase pouco avançada de construção e embargado há anos é meu "
19:40:32.734 "v" CHAR_v CHAR  -  - QwertyTeste "Este lar em fase pouco avançada de construção e embargado há anos é meu "
19:40:32.734 "" KEY_DOWN_I AUTO_KEY  -  - QwertyTeste "Este lar em fase pouco avançada de construção e embargado há anos é meu v"
19:40:32.734 "i" CHAR_i CHAR  -  - QwertyTeste "Este lar em fase pouco avançada de construção e embargado há anos é meu v"
19:40:32.734 "" KEY_DOWN_Z AUTO_KEY  -  - QwertyTeste "Este lar em fase pouco avançada de construção e embargado há anos é meu vi"
19:40:32.734 "z" CHAR_z CHAR  -  - QwertyTeste "Este lar em fase pouco avançada de construção e embargado há anos é meu vi"
19:40:32.734 "" KEY_DOWN_I AUTO_KEY  -  - QwertyTeste "Este lar em fase pouco avançada de construção e embargado há anos é meu viz"
19:40:32.734 "i" CHAR_i CHAR  -  - QwertyTeste "Este lar em fase pouco avançada de construção e embargado há anos é meu viz"
19:40:32.734 "" KEY_DOWN_N AUTO_KEY  -  - QwertyTeste "Este lar em fase pouco avançada de construção e embargado há anos é meu vizi"
19:40:32.734 "n" CHAR_n CHAR  -  - QwertyTeste "Este lar em fase pouco avançada de construção e embargado há anos é meu vizi"
19:40:32.734 "" KEY_DOWN_H AUTO_KEY  -  - QwertyTeste "Este lar em fase pouco avançada de construção e embargado há anos é meu vizin"
19:40:32.734 "h" CHAR_h CHAR  -  - QwertyTeste "Este lar em fase pouco avançada de construção e embargado há anos é meu vizin"
19:40:32.734 "" KEY_DOWN_O AUTO_KEY  -  - QwertyTeste "Este lar em fase pouco avançada de construção e embargado há anos é meu vizinh"
19:40:32.734 "o" CHAR_o CHAR  -  - QwertyTeste "Este lar em fase pouco avançada de construção e embargado há anos é meu vizinh"
19:40:32.734 "" KEY_DOWN_BARRA_DE_ESPAÇOS AUTO_KEY  -  - QwertyTeste "Este lar em fase pouco avançada de construção e embargado há anos é meu vizinho"
19:40:32.734 " " CHAR_ESPAÇO CHAR  -  - QwertyTeste "Este lar em fase pouco avançada de construção e embargado há anos é meu vizinho"
19:40:32.734 "" NEW_WORD WORD_vizinho  -  - QwertyTeste "Este lar em fase pouco avançada de construção e embargado há anos é meu vizinho "
19:40:32.734 "" KEY_DOWN_L AUTO_KEY  -  - QwertyTeste "Este lar em fase pouco avançada de construção e embargado há anos é meu vizinho "
19:40:32.781 "l" CHAR_l CHAR  -  - QwertyTeste "Este lar em fase pouco avançada de construção e embargado há anos é meu vizinho "
19:40:32.781 "" KEY_DOWN_AGUDO AUTO_KEY  -  - QwertyTeste "Este lar em fase pouco avançada de construção e embargado há anos é meu vizinho l"
19:40:32.953 "" KEY_DOWN_A AUTO_KEY  -  - QwertyTeste "Este lar em fase pouco avançada de construção e embargado há anos é meu vizinho l"
19:40:32.953 "á" CHAR_á CHAR  -  - QwertyTeste "Este lar em fase pouco avançada de construção e embargado há anos é meu vizinho l"
19:40:32.953 "" KEY_DOWN_. AUTO_KEY  -  - QwertyTeste "Este lar em fase pouco avançada de construção e embargado há anos é meu vizinho lá"
19:40:32.953 "." CHAR_. CHAR  -  - QwertyTeste "Este lar em fase pouco avançada de construção e embargado há anos é meu vizinho lá"
19:40:32.953 "" NEW_WORD WORD_lá  -  - QwertyTeste "Este lar em fase pouco avançada de construção e embargado há anos é meu vizinho lá."
19:40:32.953 "" NEW_SENTENCE SENTENCE_Este_lar_em_fase_pouco_avançada_de_construção_e_embargado_há_anos_é_meu_vizinho_lá.  -  - QwertyTeste "Este lar em fase pouco avançada de construção e embargado há anos é meu vizinho lá."
19:40:32.953 "" KEY_DOWN_BARRA_DE_ESPAÇOS AUTO_KEY  -  - QwertyTeste "Este lar em fase pouco avançada de construção e embargado há anos é meu vizinho lá."
19:40:32.953 " " CHAR_ESPAÇO CHAR  -  - QwertyTeste "Este lar em fase pouco avançada de construção e embargado há anos é meu vizinho lá."
19:40:35.187 "" LEFT_MOUSE_DOWN_KEY TEXT_KEY_SELECTION_Enter 5.0.1 110.546 QwertyTeste ""
19:40:35.250 "" KEY_DOWN_ENTER AUTO_KEY  -  - QwertyTeste ""
19:40:35.250 "\n" CHAR_ENTER CHAR  -  - QwertyTeste ""
19:40:37.484 "" LEFT_MOUSE_DOWN_KEY TEXT_KEY_SELECTION_Enter 5.0.1 110.546 QwertyTeste ""
19:40:37.484 "" KEY_DOWN_ENTER AUTO_KEY  -  - QwertyTeste ""
19:40:37.484 "\n" CHAR_ENTER CHAR  -  - QwertyTeste ""
19:40:39.359 "" LEFT_MOUSE_DOWN_KEY TEXT_KEY_SELECTION_CapsLock 8.0.1 101.687 QwertyTeste ""
19:40:39.359 "" KEY_DOWN_CAPSLOCK AUTO_KEY  -  - QwertyTeste ""
19:40:40.046 "" LEFT_MOUSE_DOWN_KEY TEXT_KEY_SELECTION_s 6.0.3 286.593 QwertyTeste ""
19:40:40.046 "" KEY_DOWN_S AUTO_KEY  -  - QwertyTeste ""
19:40:40.046 "S" CHAR_S CHAR  -  - QwertyTeste ""
19:40:41.703 "" LEFT_MOUSE_DOWN_KEY TEXT_KEY_SELECTION_CapsLock 8.0.1 101.687 QwertyTeste "S"
19:40:41.703 "" KEY_DOWN_CAPSLOCK AUTO_KEY  -  - QwertyTeste "S"
19:40:42.968 "" LEFT_MOUSE_DOWN_KEY PREDICTED_WORD_SELECTION_0_se 0.0.1 174.157 QwertyTeste "S"
19:40:42.984 "" KEY_DOWN_E AUTO_KEY  -  - QwertyTeste "S"
19:40:42.984 "e" CHAR_e CHAR  -  - QwertyTeste "S"
19:40:42.984 "" KEY_DOWN_BARRA_DE_ESPAÇOS AUTO_KEY  -  - QwertyTeste "Se"
19:40:42.984 " " CHAR_ESPAÇO CHAR  -  - QwertyTeste "Se"
19:40:42.984 "" NEW_WORD WORD_Se  -  - QwertyTeste "Se "
19:41:00.265 "" LEFT_MOUSE_DOWN_KEY PREDICTED_SENTENCE_SELECTION_1_Se_queres_derrubar_as_2_paredes_tens_de_construir_as_2_paredes_com_a_mesma_a_distância_em_relação_ao_corredor. 2.0.2 752.290 QwertyTeste "Se "
19:41:00.390 "" KEY_DOWN_Q AUTO_KEY  -  - QwertyTeste "Se "
19:41:00.390 "q" CHAR_q CHAR  -  - QwertyTeste "Se "
19:41:00.390 "" KEY_DOWN_U AUTO_KEY  -  - QwertyTeste "Se q"
19:41:00.390 "u" CHAR_u CHAR  -  - QwertyTeste "Se q"
19:41:00.390 "" KEY_DOWN_E AUTO_KEY  -  - QwertyTeste "Se qu"
19:41:00.390 "e" CHAR_e CHAR  -  - QwertyTeste "Se qu"
19:41:00.390 "" KEY_DOWN_R AUTO_KEY  -  - QwertyTeste "Se que"
19:41:00.390 "r" CHAR_r CHAR  -  - QwertyTeste "Se que"
19:41:00.390 "" KEY_DOWN_E AUTO_KEY  -  - QwertyTeste "Se quer"
19:41:00.390 "e" CHAR_e CHAR  -  - QwertyTeste "Se quer"
19:41:00.390 "" KEY_DOWN_S AUTO_KEY  -  - QwertyTeste "Se quere"
19:41:00.390 "s" CHAR_s CHAR  -  - QwertyTeste "Se quere"
19:41:00.390 "" KEY_DOWN_BARRA_DE_ESPAÇOS AUTO_KEY  -  - QwertyTeste "Se queres"
19:41:00.390 " " CHAR_ESPAÇO CHAR  -  - QwertyTeste "Se queres"
19:41:00.390 "" NEW_WORD WORD_queres  -  - QwertyTeste "Se queres "
19:41:00.390 "" KEY_DOWN_D AUTO_KEY  -  - QwertyTeste "Se queres "
19:41:00.390 "d" CHAR_d CHAR  -  - QwertyTeste "Se queres "
19:41:00.390 "" KEY_DOWN_E AUTO_KEY  -  - QwertyTeste "Se queres d"
19:41:00.390 "e" CHAR_e CHAR  -  - QwertyTeste "Se queres d"
19:41:00.390 "" KEY_DOWN_R AUTO_KEY  -  - QwertyTeste "Se queres de"
19:41:00.390 "r" CHAR_r CHAR  -  - QwertyTeste "Se queres de"
19:41:00.390 "" KEY_DOWN_R AUTO_KEY  -  - QwertyTeste "Se queres der"
19:41:00.390 "r" CHAR_r CHAR  -  - QwertyTeste "Se queres der"
19:41:00.390 "" KEY_DOWN_U AUTO_KEY  -  - QwertyTeste "Se queres derr"
19:41:00.390 "u" CHAR_u CHAR  -  - QwertyTeste "Se queres derr"
19:41:00.390 "" KEY_DOWN_B AUTO_KEY  -  - QwertyTeste "Se queres derru"
19:41:00.390 "b" CHAR_b CHAR  -  - QwertyTeste "Se queres derru"
19:41:00.390 "" KEY_DOWN_A AUTO_KEY  -  - QwertyTeste "Se queres derrub"
19:41:00.390 "a" CHAR_a CHAR  -  - QwertyTeste "Se queres derrub"
19:41:00.390 "" KEY_DOWN_R AUTO_KEY  -  - QwertyTeste "Se queres derruba"
19:41:00.390 "r" CHAR_r CHAR  -  - QwertyTeste "Se queres derruba"
19:41:00.390 "" KEY_DOWN_BARRA_DE_ESPAÇOS AUTO_KEY  -  - QwertyTeste "Se queres derrubar"
19:41:00.390 " " CHAR_ESPAÇO CHAR  -  - QwertyTeste "Se queres derrubar"
19:41:00.390 "" NEW_WORD WORD_derrubar  -  - QwertyTeste "Se queres derrubar "
19:41:00.390 "" KEY_DOWN_A AUTO_KEY  -  - QwertyTeste "Se queres derrubar "
19:41:00.406 "a" CHAR_a CHAR  -  - QwertyTeste "Se queres derrubar "
19:41:00.406 "" KEY_DOWN_S AUTO_KEY  -  - QwertyTeste "Se queres derrubar a"
19:41:00.406 "s" CHAR_s CHAR  -  - QwertyTeste "Se queres derrubar a"
19:41:00.406 "" KEY_DOWN_BARRA_DE_ESPAÇOS AUTO_KEY  -  - QwertyTeste "Se queres derrubar as"
19:41:00.406 " " CHAR_ESPAÇO CHAR  -  - QwertyTeste "Se queres derrubar as"
19:41:00.406 "" NEW_WORD WORD_as  -  - QwertyTeste "Se queres derrubar as "
19:41:00.406 "" KEY_DOWN_2 AUTO_KEY  -  - QwertyTeste "Se queres derrubar as "
19:41:00.406 "2" CHAR_2 CHAR  -  - QwertyTeste "Se queres derrubar as "
19:41:00.406 "" KEY_DOWN_BARRA_DE_ESPAÇOS AUTO_KEY  -  - QwertyTeste "Se queres derrubar as 2"
19:41:00.406 " " CHAR_ESPAÇO CHAR  -  - QwertyTeste "Se queres derrubar as 2"
19:41:00.421 "" NEW_WORD WORD_2  -  - QwertyTeste "Se queres derrubar as 2 "
19:41:00.421 "" KEY_DOWN_P AUTO_KEY  -  - QwertyTeste "Se queres derrubar as 2 "
19:41:00.421 "p" CHAR_p CHAR  -  - QwertyTeste "Se queres derrubar as 2 "
19:41:00.421 "" KEY_DOWN_A AUTO_KEY  -  - QwertyTeste "Se queres derrubar as 2 p"
19:41:00.453 "a" CHAR_a CHAR  -  - QwertyTeste "Se queres derrubar as 2 p"
19:41:00.625 "" KEY_DOWN_R AUTO_KEY  -  - QwertyTeste "Se queres derrubar as 2 pa"
19:41:00.625 "r" CHAR_r CHAR  -  - QwertyTeste "Se queres derrubar as 2 pa"
19:41:00.625 "" KEY_DOWN_E AUTO_KEY  -  - QwertyTeste "Se queres derrubar as 2 par"
19:41:00.625 "e" CHAR_e CHAR  -  - QwertyTeste "Se queres derrubar as 2 par"
19:41:00.625 "" KEY_DOWN_D AUTO_KEY  -  - QwertyTeste "Se queres derrubar as 2 pare"
19:41:00.625 "d" CHAR_d CHAR  -  - QwertyTeste "Se queres derrubar as 2 pare"
19:41:00.625 "" KEY_DOWN_E AUTO_KEY  -  - QwertyTeste "Se queres derrubar as 2 pared"
19:41:00.625 "e" CHAR_e CHAR  -  - QwertyTeste "Se queres derrubar as 2 pared"
19:41:00.625 "" KEY_DOWN_S AUTO_KEY  -  - QwertyTeste "Se queres derrubar as 2 parede"
19:41:00.625 "s" CHAR_s CHAR  -  - QwertyTeste "Se queres derrubar as 2 parede"
19:41:00.625 "" KEY_DOWN_BARRA_DE_ESPAÇOS AUTO_KEY  -  - QwertyTeste "Se queres derrubar as 2 paredes"
19:41:00.625 " " CHAR_ESPAÇO CHAR  -  - QwertyTeste "Se queres derrubar as 2 paredes"
19:41:00.625 "" NEW_WORD WORD_paredes  -  - QwertyTeste "Se queres derrubar as 2 paredes "
19:41:00.625 "" KEY_DOWN_T AUTO_KEY  -  - QwertyTeste "Se queres derrubar as 2 paredes "
19:41:00.625 "t" CHAR_t CHAR  -  - QwertyTeste "Se queres derrubar as 2 paredes "
19:41:00.625 "" KEY_DOWN_E AUTO_KEY  -  - QwertyTeste "Se queres derrubar as 2 paredes t"
19:41:00.640 "e" CHAR_e CHAR  -  - QwertyTeste "Se queres derrubar as 2 paredes t"
19:41:00.640 "" KEY_DOWN_N AUTO_KEY  -  - QwertyTeste "Se queres derrubar as 2 paredes te"
19:41:00.640 "n" CHAR_n CHAR  -  - QwertyTeste "Se queres derrubar as 2 paredes te"
19:41:00.640 "" KEY_DOWN_S AUTO_KEY  -  - QwertyTeste "Se queres derrubar as 2 paredes ten"
19:41:00.640 "s" CHAR_s CHAR  -  - QwertyTeste "Se queres derrubar as 2 paredes ten"
19:41:00.640 "" KEY_DOWN_BARRA_DE_ESPAÇOS AUTO_KEY  -  - QwertyTeste "Se queres derrubar as 2 paredes tens"
19:41:00.640 " " CHAR_ESPAÇO CHAR  -  - QwertyTeste "Se queres derrubar as 2 paredes tens"
19:41:00.640 "" NEW_WORD WORD_tens  -  - QwertyTeste "Se queres derrubar as 2 paredes tens "
19:41:00.640 "" KEY_DOWN_D AUTO_KEY  -  - QwertyTeste "Se queres derrubar as 2 paredes tens "
19:41:00.640 "d" CHAR_d CHAR  -  - QwertyTeste "Se queres derrubar as 2 paredes tens "
19:41:00.640 "" KEY_DOWN_E AUTO_KEY  -  - QwertyTeste "Se queres derrubar as 2 paredes tens d"
19:41:00.640 "e" CHAR_e CHAR  -  - QwertyTeste "Se queres derrubar as 2 paredes tens d"
19:41:00.640 "" KEY_DOWN_BARRA_DE_ESPAÇOS AUTO_KEY  -  - QwertyTeste "Se queres derrubar as 2 paredes tens de"
19:41:00.640 " " CHAR_ESPAÇO CHAR  -  - QwertyTeste "Se queres derrubar as 2 paredes tens de"
19:41:00.687 "" NEW_WORD WORD_de  -  - QwertyTeste "Se queres derrubar as 2 paredes tens de "
19:41:00.859 "" KEY_DOWN_C AUTO_KEY  -  - QwertyTeste "Se queres derrubar as 2 paredes tens de "
19:41:00.859 "c" CHAR_c CHAR  -  - QwertyTeste "Se queres derrubar as 2 paredes tens de "
19:41:00.859 "" KEY_DOWN_O AUTO_KEY  -  - QwertyTeste "Se queres derrubar as 2 paredes tens de c"
19:41:00.859 "o" CHAR_o CHAR  -  - QwertyTeste "Se queres derrubar as 2 paredes tens de c"
19:41:00.859 "" KEY_DOWN_N AUTO_KEY  -  - QwertyTeste "Se queres derrubar as 2 paredes tens de co"
19:41:00.859 "n" CHAR_n CHAR  -  - QwertyTeste "Se queres derrubar as 2 paredes tens de co"
19:41:00.859 "" KEY_DOWN_S AUTO_KEY  -  - QwertyTeste "Se queres derrubar as 2 paredes tens de con"
19:41:00.859 "s" CHAR_s CHAR  -  - QwertyTeste "Se queres derrubar as 2 paredes tens de con"
19:41:00.859 "" KEY_DOWN_T AUTO_KEY  -  - QwertyTeste "Se queres derrubar as 2 paredes tens de cons"
19:41:00.859 "t" CHAR_t CHAR  -  - QwertyTeste "Se queres derrubar as 2 paredes tens de cons"
19:41:00.859 "" KEY_DOWN_R AUTO_KEY  -  - QwertyTeste "Se queres derrubar as 2 paredes tens de const"
19:41:00.859 "r" CHAR_r CHAR  -  - QwertyTeste "Se queres derrubar as 2 paredes tens de const"
19:41:00.859 "" KEY_DOWN_U AUTO_KEY  -  - QwertyTeste "Se queres derrubar as 2 paredes tens de constr"
19:41:00.859 "u" CHAR_u CHAR  -  - QwertyTeste "Se queres derrubar as 2 paredes tens de constr"
19:41:00.859 "" KEY_DOWN_I AUTO_KEY  -  - QwertyTeste "Se queres derrubar as 2 paredes tens de constru"
19:41:00.859 "i" CHAR_i CHAR  -  - QwertyTeste "Se queres derrubar as 2 paredes tens de constru"
19:41:00.875 "" KEY_DOWN_R AUTO_KEY  -  - QwertyTeste "Se queres derrubar as 2 paredes tens de construi"
19:41:00.875 "r" CHAR_r CHAR  -  - QwertyTeste "Se queres derrubar as 2 paredes tens de construi"
19:41:00.875 "" KEY_DOWN_BARRA_DE_ESPAÇOS AUTO_KEY  -  - QwertyTeste "Se queres derrubar as 2 paredes tens de construir"
19:41:00.875 " " CHAR_ESPAÇO CHAR  -  - QwertyTeste "Se queres derrubar as 2 paredes tens de construir"
19:41:00.875 "" NEW_WORD WORD_construir  -  - QwertyTeste "Se queres derrubar as 2 paredes tens de construir "
19:41:00.890 "" KEY_DOWN_A AUTO_KEY  -  - QwertyTeste "Se queres derrubar as 2 paredes tens de construir "
19:41:00.890 "a" CHAR_a CHAR  -  - QwertyTeste "Se queres derrubar as 2 paredes tens de construir "
19:41:00.890 "" KEY_DOWN_S AUTO_KEY  -  - QwertyTeste "Se queres derrubar as 2 paredes tens de construir a"
19:41:00.890 "s" CHAR_s CHAR  -  - QwertyTeste "Se queres derrubar as 2 paredes tens de construir a"
19:41:00.890 "" KEY_DOWN_BARRA_DE_ESPAÇOS AUTO_KEY  -  - QwertyTeste "Se queres derrubar as 2 paredes tens de construir as"
19:41:00.890 " " CHAR_ESPAÇO CHAR  -  - QwertyTeste "Se queres derrubar as 2 paredes tens de construir as"
19:41:00.890 "" NEW_WORD WORD_as  -  - QwertyTeste "Se queres derrubar as 2 paredes tens de construir as "
19:41:00.890 "" KEY_DOWN_2 AUTO_KEY  -  - QwertyTeste "Se queres derrubar as 2 paredes tens de construir as "
19:41:00.890 "2" CHAR_2 CHAR  -  - QwertyTeste "Se queres derrubar as 2 paredes tens de construir as "
19:41:01.093 "" KEY_DOWN_BARRA_DE_ESPAÇOS AUTO_KEY  -  - QwertyTeste "Se queres derrubar as 2 paredes tens de construir as 2"
19:41:01.093 " " CHAR_ESPAÇO CHAR  -  - QwertyTeste "Se queres derrubar as 2 paredes tens de construir as 2"
19:41:01.093 "" NEW_WORD WORD_2  -  - QwertyTeste "Se queres derrubar as 2 paredes tens de construir as 2 "
19:41:01.093 "" KEY_DOWN_P AUTO_KEY  -  - QwertyTeste "Se queres derrubar as 2 paredes tens de construir as 2 "
19:41:01.093 "p" CHAR_p CHAR  -  - QwertyTeste "Se queres derrubar as 2 paredes tens de construir as 2 "
19:41:01.093 "" KEY_DOWN_A AUTO_KEY  -  - QwertyTeste "Se queres derrubar as 2 paredes tens de construir as 2 p"
19:41:01.093 "a" CHAR_a CHAR  -  - QwertyTeste "Se queres derrubar as 2 paredes tens de construir as 2 p"
19:41:01.109 "" KEY_DOWN_R AUTO_KEY  -  - QwertyTeste "Se queres derrubar as 2 paredes tens de construir as 2 pa"
19:41:01.109 "r" CHAR_r CHAR  -  - QwertyTeste "Se queres derrubar as 2 paredes tens de construir as 2 pa"
19:41:01.109 "" KEY_DOWN_E AUTO_KEY  -  - QwertyTeste "Se queres derrubar as 2 paredes tens de construir as 2 par"
19:41:01.109 "e" CHAR_e CHAR  -  - QwertyTeste "Se queres derrubar as 2 paredes tens de construir as 2 par"
19:41:01.109 "" KEY_DOWN_D AUTO_KEY  -  - QwertyTeste "Se queres derrubar as 2 paredes tens de construir as 2 pare"
19:41:01.109 "d" CHAR_d CHAR  -  - QwertyTeste "Se queres derrubar as 2 paredes tens de construir as 2 pare"
19:41:01.109 "" KEY_DOWN_E AUTO_KEY  -  - QwertyTeste "Se queres derrubar as 2 paredes tens de construir as 2 pared"
19:41:01.125 "e" CHAR_e CHAR  -  - QwertyTeste "Se queres derrubar as 2 paredes tens de construir as 2 pared"
19:41:01.125 "" KEY_DOWN_S AUTO_KEY  -  - QwertyTeste "Se queres derrubar as 2 paredes tens de construir as 2 parede"
19:41:01.125 "s" CHAR_s CHAR  -  - QwertyTeste "Se queres derrubar as 2 paredes tens de construir as 2 parede"
19:41:01.125 "" KEY_DOWN_BARRA_DE_ESPAÇOS AUTO_KEY  -  - QwertyTeste "Se queres derrubar as 2 paredes tens de construir as 2 paredes"
19:41:01.125 " " CHAR_ESPAÇO CHAR  -  - QwertyTeste "Se queres derrubar as 2 paredes tens de construir as 2 paredes"
19:41:01.125 "" NEW_WORD WORD_paredes  -  - QwertyTeste "Se queres derrubar as 2 paredes tens de construir as 2 paredes "
19:41:01.125 "" KEY_DOWN_C AUTO_KEY  -  - QwertyTeste "Se queres derrubar as 2 paredes tens de construir as 2 paredes "
19:41:01.125 "c" CHAR_c CHAR  -  - QwertyTeste "Se queres derrubar as 2 paredes tens de construir as 2 paredes "
19:41:01.125 "" KEY_DOWN_O AUTO_KEY  -  - QwertyTeste "Se queres derrubar as 2 paredes tens de construir as 2 paredes c"
19:41:01.125 "o" CHAR_o CHAR  -  - QwertyTeste "Se queres derrubar as 2 paredes tens de construir as 2 paredes c"
19:41:01.125 "" KEY_DOWN_M AUTO_KEY  -  - QwertyTeste "Se queres derrubar as 2 paredes tens de construir as 2 paredes co"
19:41:01.125 "m" CHAR_m CHAR  -  - QwertyTeste "Se queres derrubar as 2 paredes tens de construir as 2 paredes co"
19:41:01.125 "" KEY_DOWN_BARRA_DE_ESPAÇOS AUTO_KEY  -  - QwertyTeste "Se queres derrubar as 2 paredes tens de construir as 2 paredes com"
19:41:01.125 " " CHAR_ESPAÇO CHAR  -  - QwertyTeste "Se queres derrubar as 2 paredes tens de construir as 2 paredes com"
19:41:01.125 "" NEW_WORD WORD_com  -  - QwertyTeste "Se queres derrubar as 2 paredes tens de construir as 2 paredes com "
19:41:01.125 "" KEY_DOWN_A AUTO_KEY  -  - QwertyTeste "Se queres derrubar as 2 paredes tens de construir as 2 paredes com "
19:41:01.125 "a" CHAR_a CHAR  -  - QwertyTeste "Se queres derrubar as 2 paredes tens de construir as 2 paredes com "
19:41:01.125 "" KEY_DOWN_BARRA_DE_ESPAÇOS AUTO_KEY  -  - QwertyTeste "Se queres derrubar as 2 paredes tens de construir as 2 paredes com a"
19:41:01.218 " " CHAR_ESPAÇO CHAR  -  - QwertyTeste "Se queres derrubar as 2 paredes tens de construir as 2 paredes com a"
19:41:01.218 "" NEW_WORD WORD_a  -  - QwertyTeste "Se queres derrubar as 2 paredes tens de construir as 2 paredes com a "
19:41:01.515 "" KEY_DOWN_M AUTO_KEY  -  - QwertyTeste "Se queres derrubar as 2 paredes tens de construir as 2 paredes com a "
19:41:01.515 "m" CHAR_m CHAR  -  - QwertyTeste "Se queres derrubar as 2 paredes tens de construir as 2 paredes com a "
19:41:01.515 "" KEY_DOWN_E AUTO_KEY  -  - QwertyTeste "Se queres derrubar as 2 paredes tens de construir as 2 paredes com a m"
19:41:01.515 "e" CHAR_e CHAR  -  - QwertyTeste "Se queres derrubar as 2 paredes tens de construir as 2 paredes com a m"
19:41:01.515 "" KEY_DOWN_S AUTO_KEY  -  - QwertyTeste "Se queres derrubar as 2 paredes tens de construir as 2 paredes com a me"
19:41:01.515 "s" CHAR_s CHAR  -  - QwertyTeste "Se queres derrubar as 2 paredes tens de construir as 2 paredes com a me"
19:41:01.515 "" KEY_DOWN_M AUTO_KEY  -  - QwertyTeste "Se queres derrubar as 2 paredes tens de construir as 2 paredes com a mes"
19:41:01.515 "m" CHAR_m CHAR  -  - QwertyTeste "Se queres derrubar as 2 paredes tens de construir as 2 paredes com a mes"
19:41:01.515 "" KEY_DOWN_A AUTO_KEY  -  - QwertyTeste "Se queres derrubar as 2 paredes tens de construir as 2 paredes com a mesm"
19:41:01.515 "a" CHAR_a CHAR  -  - QwertyTeste "Se queres derrubar as 2 paredes tens de construir as 2 paredes com a mesm"
19:41:01.515 "" KEY_DOWN_BARRA_DE_ESPAÇOS AUTO_KEY  -  - QwertyTeste "Se queres derrubar as 2 paredes tens de construir as 2 paredes com a mesma"
19:41:01.515 " " CHAR_ESPAÇO CHAR  -  - QwertyTeste "Se queres derrubar as 2 paredes tens de construir as 2 paredes com a mesma"
19:41:01.515 "" NEW_WORD WORD_mesma  -  - QwertyTeste "Se queres derrubar as 2 paredes tens de construir as 2 paredes com a mesma "
19:41:01.515 "" KEY_DOWN_A AUTO_KEY  -  - QwertyTeste "Se queres derrubar as 2 paredes tens de construir as 2 paredes com a mesma "
19:41:01.515 "a" CHAR_a CHAR  -  - QwertyTeste "Se queres derrubar as 2 paredes tens de construir as 2 paredes com a mesma "
19:41:01.562 "" KEY_DOWN_BARRA_DE_ESPAÇOS AUTO_KEY  -  - QwertyTeste "Se queres derrubar as 2 paredes tens de construir as 2 paredes com a mesma a"
19:41:01.562 " " CHAR_ESPAÇO CHAR  -  - QwertyTeste "Se queres derrubar as 2 paredes tens de construir as 2 paredes com a mesma a"
19:41:01.562 "" NEW_WORD WORD_a  -  - QwertyTeste "Se queres derrubar as 2 paredes tens de construir as 2 paredes com a mesma a "
19:41:01.578 "" KEY_DOWN_D AUTO_KEY  -  - QwertyTeste "Se queres derrubar as 2 paredes tens de construir as 2 paredes com a mesma a "
19:41:01.578 "d" CHAR_d CHAR  -  - QwertyTeste "Se queres derrubar as 2 paredes tens de construir as 2 paredes com a mesma a "
19:41:01.578 "" KEY_DOWN_I AUTO_KEY  -  - QwertyTeste "Se queres derrubar as 2 paredes tens de construir as 2 paredes com a mesma a d"
19:41:01.578 "i" CHAR_i CHAR  -  - QwertyTeste "Se queres derrubar as 2 paredes tens de construir as 2 paredes com a mesma a d"
19:41:01.578 "" KEY_DOWN_S AUTO_KEY  -  - QwertyTeste "Se queres derrubar as 2 paredes tens de construir as 2 paredes com a mesma a di"
19:41:01.578 "s" CHAR_s CHAR  -  - QwertyTeste "Se queres derrubar as 2 paredes tens de construir as 2 paredes com a mesma a di"
19:41:01.578 "" KEY_DOWN_T AUTO_KEY  -  - QwertyTeste "Se queres derrubar as 2 paredes tens de construir as 2 paredes com a mesma a dis"
19:41:01.578 "t" CHAR_t CHAR  -  - QwertyTeste "Se queres derrubar as 2 paredes tens de construir as 2 paredes com a mesma a dis"
19:41:01.578 "" KEY_DOWN_SHIFT AUTO_KEY  -  - QwertyTeste "Se queres derrubar as 2 paredes tens de construir as 2 paredes com a mesma a dist"
19:41:01.578 "" KEY_DOWN_TIL AUTO_KEY  -  - QwertyTeste "Se queres derrubar as 2 paredes tens de construir as 2 paredes com a mesma a dist"
19:41:01.578 "" KEY_DOWN_A AUTO_KEY  -  - QwertyTeste "Se queres derrubar as 2 paredes tens de construir as 2 paredes com a mesma a dist"
19:41:01.593 "â" CHAR_â CHAR  -  - QwertyTeste "Se queres derrubar as 2 paredes tens de construir as 2 paredes com a mesma a dist"
19:41:01.812 "" KEY_DOWN_N AUTO_KEY  -  - QwertyTeste "Se queres derrubar as 2 paredes tens de construir as 2 paredes com a mesma a distâ"
19:41:01.812 "n" CHAR_n CHAR  -  - QwertyTeste "Se queres derrubar as 2 paredes tens de construir as 2 paredes com a mesma a distâ"
19:41:01.812 "" KEY_DOWN_C AUTO_KEY  -  - QwertyTeste "Se queres derrubar as 2 paredes tens de construir as 2 paredes com a mesma a distân"
19:41:01.812 "c" CHAR_c CHAR  -  - QwertyTeste "Se queres derrubar as 2 paredes tens de construir as 2 paredes com a mesma a distân"
19:41:01.812 "" KEY_DOWN_I AUTO_KEY  -  - QwertyTeste "Se queres derrubar as 2 paredes tens de construir as 2 paredes com a mesma a distânc"
19:41:01.812 "i" CHAR_i CHAR  -  - QwertyTeste "Se queres derrubar as 2 paredes tens de construir as 2 paredes com a mesma a distânc"
19:41:01.812 "" KEY_DOWN_A AUTO_KEY  -  - QwertyTeste "Se queres derrubar as 2 paredes tens de construir as 2 paredes com a mesma a distânci"
19:41:01.812 "a" CHAR_a CHAR  -  - QwertyTeste "Se queres derrubar as 2 paredes tens de construir as 2 paredes com a mesma a distânci"
19:41:01.812 "" KEY_DOWN_BARRA_DE_ESPAÇOS AUTO_KEY  -  - QwertyTeste "Se queres derrubar as 2 paredes tens de construir as 2 paredes com a mesma a distância"
19:41:01.812 " " CHAR_ESPAÇO CHAR  -  - QwertyTeste "Se queres derrubar as 2 paredes tens de construir as 2 paredes com a mesma a distância"
19:41:01.812 "" NEW_WORD WORD_distância  -  - QwertyTeste "Se queres derrubar as 2 paredes tens de construir as 2 paredes com a mesma a distância "
19:41:01.812 "" KEY_DOWN_E AUTO_KEY  -  - QwertyTeste "Se queres derrubar as 2 paredes tens de construir as 2 paredes com a mesma a distância "
19:41:01.812 "e" CHAR_e CHAR  -  - QwertyTeste "Se queres derrubar as 2 paredes tens de construir as 2 paredes com a mesma a distância "
19:41:01.828 "" KEY_DOWN_M AUTO_KEY  -  - QwertyTeste "Se queres derrubar as 2 paredes tens de construir as 2 paredes com a mesma a distância e"
19:41:01.828 "m" CHAR_m CHAR  -  - QwertyTeste "Se queres derrubar as 2 paredes tens de construir as 2 paredes com a mesma a distância e"
19:41:01.828 "" KEY_DOWN_BARRA_DE_ESPAÇOS AUTO_KEY  -  - QwertyTeste "Se queres derrubar as 2 paredes tens de construir as 2 paredes com a mesma a distância em"
19:41:01.828 " " CHAR_ESPAÇO CHAR  -  - QwertyTeste "Se queres derrubar as 2 paredes tens de construir as 2 paredes com a mesma a distância em"
19:41:01.828 "" NEW_WORD WORD_em  -  - QwertyTeste "Se queres derrubar as 2 paredes tens de construir as 2 paredes com a mesma a distância em "
19:41:01.828 "" KEY_DOWN_R AUTO_KEY  -  - QwertyTeste "Se queres derrubar as 2 paredes tens de construir as 2 paredes com a mesma a distância em "
19:41:01.890 "r" CHAR_r CHAR  -  - QwertyTeste "Se queres derrubar as 2 paredes tens de construir as 2 paredes com a mesma a distância em "
19:41:02.046 "" KEY_DOWN_E AUTO_KEY  -  - QwertyTeste "Se queres derrubar as 2 paredes tens de construir as 2 paredes com a mesma a distância em r"
19:41:02.046 "e" CHAR_e CHAR  -  - QwertyTeste "Se queres derrubar as 2 paredes tens de construir as 2 paredes com a mesma a distância em r"
19:41:02.046 "" KEY_DOWN_L AUTO_KEY  -  - QwertyTeste "Se queres derrubar as 2 paredes tens de construir as 2 paredes com a mesma a distância em re"
19:41:02.046 "l" CHAR_l CHAR  -  - QwertyTeste "Se queres derrubar as 2 paredes tens de construir as 2 paredes com a mesma a distância em re"
19:41:02.046 "" KEY_DOWN_A AUTO_KEY  -  - QwertyTeste "Se queres derrubar as 2 paredes tens de construir as 2 paredes com a mesma a distância em rel"
19:41:02.046 "a" CHAR_a CHAR  -  - QwertyTeste "Se queres derrubar as 2 paredes tens de construir as 2 paredes com a mesma a distância em rel"
19:41:02.046 "" KEY_DOWN_Ç AUTO_KEY  -  - QwertyTeste "Se queres derrubar as 2 paredes tens de construir as 2 paredes com a mesma a distância em rela"
19:41:02.046 "ç" CHAR_ç CHAR  -  - QwertyTeste "Se queres derrubar as 2 paredes tens de construir as 2 paredes com a mesma a distância em rela"
19:41:02.046 "" KEY_DOWN_TIL AUTO_KEY  -  - QwertyTeste "Se queres derrubar as 2 paredes tens de construir as 2 paredes com a mesma a distância em relaç"
19:41:02.046 "" KEY_DOWN_A AUTO_KEY  -  - QwertyTeste "Se queres derrubar as 2 paredes tens de construir as 2 paredes com a mesma a distância em relaç"
19:41:02.046 "ã" CHAR_ã CHAR  -  - QwertyTeste "Se queres derrubar as 2 paredes tens de construir as 2 paredes com a mesma a distância em relaç"
19:41:02.046 "" KEY_DOWN_O AUTO_KEY  -  - QwertyTeste "Se queres derrubar as 2 paredes tens de construir as 2 paredes com a mesma a distância em relaçã"
19:41:02.046 "o" CHAR_o CHAR  -  - QwertyTeste "Se queres derrubar as 2 paredes tens de construir as 2 paredes com a mesma a distância em relaçã"
19:41:02.046 "" KEY_DOWN_BARRA_DE_ESPAÇOS AUTO_KEY  -  - QwertyTeste "Se queres derrubar as 2 paredes tens de construir as 2 paredes com a mesma a distância em relação"
19:41:02.046 " " CHAR_ESPAÇO CHAR  -  - QwertyTeste "Se queres derrubar as 2 paredes tens de construir as 2 paredes com a mesma a distância em relação"
19:41:02.046 "" NEW_WORD WORD_relação  -  - QwertyTeste "Se queres derrubar as 2 paredes tens de construir as 2 paredes com a mesma a distância em relação "
19:41:02.062 "" KEY_DOWN_A AUTO_KEY  -  - QwertyTeste "Se queres derrubar as 2 paredes tens de construir as 2 paredes com a mesma a distância em relação "
19:41:02.062 "a" CHAR_a CHAR  -  - QwertyTeste "Se queres derrubar as 2 paredes tens de construir as 2 paredes com a mesma a distância em relação "
19:41:02.062 "" KEY_DOWN_O AUTO_KEY  -  - QwertyTeste "Se queres derrubar as 2 paredes tens de construir as 2 paredes com a mesma a distância em relação a"
19:41:02.062 "o" CHAR_o CHAR  -  - QwertyTeste "Se queres derrubar as 2 paredes tens de construir as 2 paredes com a mesma a distância em relação a"
19:41:02.062 "" KEY_DOWN_BARRA_DE_ESPAÇOS AUTO_KEY  -  - QwertyTeste "Se queres derrubar as 2 paredes tens de construir as 2 paredes com a mesma a distância em relação ao"
19:41:02.062 " " CHAR_ESPAÇO CHAR  -  - QwertyTeste "Se queres derrubar as 2 paredes tens de construir as 2 paredes com a mesma a distância em relação ao"
19:41:02.078 "" NEW_WORD WORD_ao  -  - QwertyTeste "Se queres derrubar as 2 paredes tens de construir as 2 paredes com a mesma a distância em relação ao "
19:41:02.078 "" KEY_DOWN_C AUTO_KEY  -  - QwertyTeste "Se queres derrubar as 2 paredes tens de construir as 2 paredes com a mesma a distância em relação ao "
19:41:02.078 "c" CHAR_c CHAR  -  - QwertyTeste "Se queres derrubar as 2 paredes tens de construir as 2 paredes com a mesma a distância em relação ao "
19:41:02.078 "" KEY_DOWN_O AUTO_KEY  -  - QwertyTeste "Se queres derrubar as 2 paredes tens de construir as 2 paredes com a mesma a distância em relação ao c"
19:41:02.078 "o" CHAR_o CHAR  -  - QwertyTeste "Se queres derrubar as 2 paredes tens de construir as 2 paredes com a mesma a distância em relação ao c"
19:41:02.078 "" KEY_DOWN_R AUTO_KEY  -  - QwertyTeste "Se queres derrubar as 2 paredes tens de construir as 2 paredes com a mesma a distância em relação ao co"
19:41:02.078 "r" CHAR_r CHAR  -  - QwertyTeste "Se queres derrubar as 2 paredes tens de construir as 2 paredes com a mesma a distância em relação ao co"
19:41:02.078 "" KEY_DOWN_R AUTO_KEY  -  - QwertyTeste "Se queres derrubar as 2 paredes tens de construir as 2 paredes com a mesma a distância em relação ao cor"
19:41:02.078 "r" CHAR_r CHAR  -  - QwertyTeste "Se queres derrubar as 2 paredes tens de construir as 2 paredes com a mesma a distância em relação ao cor"
19:41:02.296 "" KEY_DOWN_E AUTO_KEY  -  - QwertyTeste "Se queres derrubar as 2 paredes tens de construir as 2 paredes com a mesma a distância em relação ao corr"
19:41:02.296 "e" CHAR_e CHAR  -  - QwertyTeste "Se queres derrubar as 2 paredes tens de construir as 2 paredes com a mesma a distância em relação ao corr"
19:41:02.296 "" KEY_DOWN_D AUTO_KEY  -  - QwertyTeste "Se queres derrubar as 2 paredes tens de construir as 2 paredes com a mesma a distância em relação ao corre"
19:41:02.296 "d" CHAR_d CHAR  -  - QwertyTeste "Se queres derrubar as 2 paredes tens de construir as 2 paredes com a mesma a distância em relação ao corre"
19:41:02.296 "" KEY_DOWN_O AUTO_KEY  -  - QwertyTeste "Se queres derrubar as 2 paredes tens de construir as 2 paredes com a mesma a distância em relação ao corred"
19:41:02.296 "o" CHAR_o CHAR  -  - QwertyTeste "Se queres derrubar as 2 paredes tens de construir as 2 paredes com a mesma a distância em relação ao corred"
19:41:02.296 "" KEY_DOWN_R AUTO_KEY  -  - QwertyTeste "Se queres derrubar as 2 paredes tens de construir as 2 paredes com a mesma a distância em relação ao corredo"
19:41:02.296 "r" CHAR_r CHAR  -  - QwertyTeste "Se queres derrubar as 2 paredes tens de construir as 2 paredes com a mesma a distância em relação ao corredo"
19:41:02.296 "" KEY_DOWN_. AUTO_KEY  -  - QwertyTeste "Se queres derrubar as 2 paredes tens de construir as 2 paredes com a mesma a distância em relação ao corredor"
19:41:02.296 "." CHAR_. CHAR  -  - QwertyTeste "Se queres derrubar as 2 paredes tens de construir as 2 paredes com a mesma a distância em relação ao corredor"
19:41:02.296 "" NEW_WORD WORD_corredor  -  - QwertyTeste "Se queres derrubar as 2 paredes tens de construir as 2 paredes com a mesma a distância em relação ao corredor."
19:41:02.296 "" NEW_SENTENCE SENTENCE_Se_queres_derrubar_as_2_paredes_tens_de_construir_as_2_paredes_com_a_mesma_a_distância_em_relação_ao_corredor.  -  - QwertyTeste "Se queres derrubar as 2 paredes tens de construir as 2 paredes com a mesma a distância em relação ao corredor."
19:41:02.296 "" KEY_DOWN_BARRA_DE_ESPAÇOS AUTO_KEY  -  - QwertyTeste "Se queres derrubar as 2 paredes tens de construir as 2 paredes com a mesma a distância em relação ao corredor."
19:41:02.296 " " CHAR_ESPAÇO CHAR  -  - QwertyTeste "Se queres derrubar as 2 paredes tens de construir as 2 paredes com a mesma a distância em relação ao corredor."
19:41:03.984 "" LEFT_MOUSE_DOWN_KEY TEXT_KEY_SELECTION_Enter 5.0.1 110.546 QwertyTeste ""
19:41:03.984 "" KEY_DOWN_ENTER AUTO_KEY  -  - QwertyTeste ""
19:41:03.984 "\n" CHAR_ENTER CHAR  -  - QwertyTeste ""
19:41:06.250 "" LEFT_MOUSE_DOWN_KEY TEXT_KEY_SELECTION_Enter 5.0.1 110.546 QwertyTeste ""
19:41:06.250 "" KEY_DOWN_ENTER AUTO_KEY  -  - QwertyTeste ""
19:41:06.250 "\n" CHAR_ENTER CHAR  -  - QwertyTeste ""
19:41:07.468 "" LEFT_MOUSE_DOWN_KEY TEXT_KEY_SELECTION_CapsLock 8.0.1 101.687 QwertyTeste ""
19:41:07.468 "" KEY_DOWN_CAPSLOCK AUTO_KEY  -  - QwertyTeste ""
19:41:08.218 "" LEFT_MOUSE_DOWN_KEY TEXT_KEY_SELECTION_a 6.0.2 204.593 QwertyTeste ""
19:41:08.234 "" KEY_DOWN_A AUTO_KEY  -  - QwertyTeste ""
19:41:08.234 "A" CHAR_A CHAR  -  - QwertyTeste ""
19:41:08.921 "" LEFT_MOUSE_DOWN_KEY TEXT_KEY_SELECTION_CapsLock 8.0.1 101.687 QwertyTeste "A"
19:41:08.921 "" KEY_DOWN_CAPSLOCK AUTO_KEY  -  - QwertyTeste "A"
19:41:13.968 "" LEFT_MOUSE_DOWN_KEY TEXT_KEY_SELECTION_Space 4.0.1 111.499 QwertyTeste "A"
19:41:13.968 "" KEY_DOWN_BARRA_DE_ESPAÇOS AUTO_KEY  -  - QwertyTeste "A"
19:41:13.968 " " CHAR_ESPAÇO CHAR  -  - QwertyTeste "A"
19:41:13.968 "" NEW_WORD WORD_A  -  - QwertyTeste "A "
19:41:14.937 "" LEFT_MOUSE_DOWN_KEY TEXT_KEY_SELECTION_t 5.0.6 536.546 QwertyTeste "A "
19:41:14.953 "" KEY_DOWN_T AUTO_KEY  -  - QwertyTeste "A "
19:41:14.953 "t" CHAR_t CHAR  -  - QwertyTeste "A "
19:41:15.468 "" LEFT_MOUSE_DOWN_KEY TEXT_KEY_SELECTION_e 5.0.4 372.546 QwertyTeste "A t"
19:41:15.625 "" KEY_DOWN_E AUTO_KEY  -  - QwertyTeste "A t"
19:41:15.625 "e" CHAR_e CHAR  -  - QwertyTeste "A t"
19:41:16.265 "" LEFT_MOUSE_DOWN_KEY TEXT_KEY_SELECTION_r 5.0.5 454.546 QwertyTeste "A te"
19:41:16.328 "" KEY_DOWN_R AUTO_KEY  -  - QwertyTeste "A te"
19:41:16.328 "r" CHAR_r CHAR  -  - QwertyTeste "A te"
19:41:17.359 "" LEFT_MOUSE_DOWN_KEY TEXT_KEY_SELECTION_a 6.0.2 204.593 QwertyTeste "A ter"
19:41:17.484 "" KEY_DOWN_A AUTO_KEY  -  - QwertyTeste "A ter"
19:41:17.484 "a" CHAR_a CHAR  -  - QwertyTeste "A ter"
19:41:18.921 "" LEFT_MOUSE_DOWN_KEY TEXT_KEY_SELECTION_p 5.0.11 942.546 QwertyTeste "A tera"
19:41:18.921 "" KEY_DOWN_P AUTO_KEY  -  - QwertyTeste "A tera"
19:41:18.921 "p" CHAR_p CHAR  -  - QwertyTeste "A tera"
19:41:20.203 "" LEFT_MOUSE_DOWN_KEY PREDICTED_WORD_SELECTION_0_terapeuta 0.0.1 174.157 QwertyTeste "A terap"
19:41:20.250 "" KEY_DOWN_E AUTO_KEY  -  - QwertyTeste "A terap"
19:41:20.250 "e" CHAR_e CHAR  -  - QwertyTeste "A terap"
19:41:20.250 "" KEY_DOWN_U AUTO_KEY  -  - QwertyTeste "A terape"
19:41:20.250 "u" CHAR_u CHAR  -  - QwertyTeste "A terape"
19:41:20.250 "" KEY_DOWN_T AUTO_KEY  -  - QwertyTeste "A terapeu"
19:41:20.250 "t" CHAR_t CHAR  -  - QwertyTeste "A terapeu"
19:41:20.250 "" KEY_DOWN_A AUTO_KEY  -  - QwertyTeste "A terapeut"
19:41:20.250 "a" CHAR_a CHAR  -  - QwertyTeste "A terapeut"
19:41:20.250 "" KEY_DOWN_BARRA_DE_ESPAÇOS AUTO_KEY  -  - QwertyTeste "A terapeuta"
19:41:20.250 " " CHAR_ESPAÇO CHAR  -  - QwertyTeste "A terapeuta"
19:41:20.250 "" NEW_WORD WORD_terapeuta  -  - QwertyTeste "A terapeuta "
19:41:23.328 "" LEFT_MOUSE_DOWN_KEY TEXT_KEY_SELECTION_CapsLock 8.0.1 101.687 QwertyTeste "A terapeuta "
19:41:23.328 "" KEY_DOWN_CAPSLOCK AUTO_KEY  -  - QwertyTeste "A terapeuta "
19:41:24.515 "" LEFT_MOUSE_DOWN_KEY PREDICTED_WORD_SELECTION_0_rita 0.0.1 174.157 QwertyTeste "A terapeuta "
19:41:24.703 "" KEY_DOWN_R AUTO_KEY  -  - QwertyTeste "A terapeuta "
19:41:24.703 "R" CHAR_R CHAR  -  - QwertyTeste "A terapeuta "
19:41:24.703 "" KEY_DOWN_I AUTO_KEY  -  - QwertyTeste "A terapeuta R"
19:41:24.703 "I" CHAR_I CHAR  -  - QwertyTeste "A terapeuta R"
19:41:24.703 "" KEY_DOWN_T AUTO_KEY  -  - QwertyTeste "A terapeuta RI"
19:41:24.703 "T" CHAR_T CHAR  -  - QwertyTeste "A terapeuta RI"
19:41:24.703 "" KEY_DOWN_A AUTO_KEY  -  - QwertyTeste "A terapeuta RIT"
19:41:24.703 "A" CHAR_A CHAR  -  - QwertyTeste "A terapeuta RIT"
19:41:24.703 "" KEY_DOWN_BARRA_DE_ESPAÇOS AUTO_KEY  -  - QwertyTeste "A terapeuta RITA"
19:41:24.703 " " CHAR_ESPAÇO CHAR  -  - QwertyTeste "A terapeuta RITA"
19:41:24.703 "" NEW_WORD WORD_RITA  -  - QwertyTeste "A terapeuta RITA "
19:41:25.500 "" LEFT_MOUSE_DOWN_KEY TEXT_KEY_SELECTION_CapsLock 8.0.1 101.687 QwertyTeste "A terapeuta RITA "
19:41:25.500 "" KEY_DOWN_CAPSLOCK AUTO_KEY  -  - QwertyTeste "A terapeuta RITA "
19:41:28.953 "" LEFT_MOUSE_DOWN_KEY PREDICTED_WORD_SELECTION_1_transferiu 0.0.2 405.157 QwertyTeste "A terapeuta RITA "
19:41:28.953 "" KEY_DOWN_T AUTO_KEY  -  - QwertyTeste "A terapeuta RITA "
19:41:28.953 "t" CHAR_t CHAR  -  - QwertyTeste "A terapeuta RITA "
19:41:28.968 "" KEY_DOWN_R AUTO_KEY  -  - QwertyTeste "A terapeuta RITA t"
19:41:28.968 "r" CHAR_r CHAR  -  - QwertyTeste "A terapeuta RITA t"
19:41:28.968 "" KEY_DOWN_A AUTO_KEY  -  - QwertyTeste "A terapeuta RITA tr"
19:41:28.968 "a" CHAR_a CHAR  -  - QwertyTeste "A terapeuta RITA tr"
19:41:28.968 "" KEY_DOWN_N AUTO_KEY  -  - QwertyTeste "A terapeuta RITA tra"
19:41:28.968 "n" CHAR_n CHAR  -  - QwertyTeste "A terapeuta RITA tra"
19:41:28.968 "" KEY_DOWN_S AUTO_KEY  -  - QwertyTeste "A terapeuta RITA tran"
19:41:28.968 "s" CHAR_s CHAR  -  - QwertyTeste "A terapeuta RITA tran"
19:41:28.968 "" KEY_DOWN_F AUTO_KEY  -  - QwertyTeste "A terapeuta RITA trans"
19:41:28.968 "f" CHAR_f CHAR  -  - QwertyTeste "A terapeuta RITA trans"
19:41:28.968 "" KEY_DOWN_E AUTO_KEY  -  - QwertyTeste "A terapeuta RITA transf"
19:41:28.968 "e" CHAR_e CHAR  -  - QwertyTeste "A terapeuta RITA transf"
19:41:28.968 "" KEY_DOWN_R AUTO_KEY  -  - QwertyTeste "A terapeuta RITA transfe"
19:41:28.968 "r" CHAR_r CHAR  -  - QwertyTeste "A terapeuta RITA transfe"
19:41:28.968 "" KEY_DOWN_I AUTO_KEY  -  - QwertyTeste "A terapeuta RITA transfer"
19:41:28.968 "i" CHAR_i CHAR  -  - QwertyTeste "A terapeuta RITA transfer"
19:41:28.968 "" KEY_DOWN_U AUTO_KEY  -  - QwertyTeste "A terapeuta RITA transferi"
19:41:28.968 "u" CHAR_u CHAR  -  - QwertyTeste "A terapeuta RITA transferi"
19:41:28.968 "" KEY_DOWN_BARRA_DE_ESPAÇOS AUTO_KEY  -  - QwertyTeste "A terapeuta RITA transferiu"
19:41:28.968 " " CHAR_ESPAÇO CHAR  -  - QwertyTeste "A terapeuta RITA transferiu"
19:41:28.968 "" NEW_WORD WORD_transferiu  -  - QwertyTeste "A terapeuta RITA transferiu "
19:41:35.328 "" LEFT_MOUSE_DOWN_KEY TEXT_KEY_SELECTION_Esquerda 8.0.16 908.687 QwertyTeste "A terapeuta RITA transferiu "
19:41:35.437 "" KEY_DOWN_4_(TN) AUTO_KEY  -  - QwertyTeste "A terapeuta RITA transferiu "
19:41:35.859 "" LEFT_MOUSE_DOWN_KEY TEXT_KEY_SELECTION_Esquerda 8.0.16 908.687 QwertyTeste "A terapeuta RITA transferiu"
19:41:35.859 "" LEFT_MOUSE_DOWN_KEY TEXT_KEY_SELECTION_Esquerda 8.0.16 908.687 QwertyTeste "A terapeuta RITA transferiu"
19:41:35.859 "" KEY_DOWN_4_(TN) AUTO_KEY  -  - QwertyTeste "A terapeuta RITA transferiu"
19:41:35.859 "" KEY_DOWN_4_(TN) KEY  -  - QwertyTeste "A terapeuta RITA transferi"
19:41:36.093 "" LEFT_MOUSE_DOWN_KEY TEXT_KEY_SELECTION_Esquerda 8.0.16 908.687 QwertyTeste "A terapeuta RITA transfer"
19:41:36.093 "" KEY_DOWN_4_(TN) AUTO_KEY  -  - QwertyTeste "A terapeuta RITA transfer"
19:41:36.187 "" LEFT_MOUSE_DOWN_KEY TEXT_KEY_SELECTION_Esquerda 8.0.16 908.687 QwertyTeste "A terapeuta RITA transfe"
19:41:36.328 "" KEY_DOWN_4_(TN) AUTO_KEY  -  - QwertyTeste "A terapeuta RITA transfe"
19:41:36.375 "" LEFT_MOUSE_DOWN_KEY TEXT_KEY_SELECTION_Esquerda 8.0.16 908.687 QwertyTeste "A terapeuta RITA transf"
19:41:36.546 "" KEY_DOWN_4_(TN) AUTO_KEY  -  - QwertyTeste "A terapeuta RITA transf"
19:41:36.578 "" LEFT_MOUSE_DOWN_KEY TEXT_KEY_SELECTION_Esquerda 8.0.16 908.687 QwertyTeste "A terapeuta RITA trans"
19:41:36.578 "" KEY_DOWN_4_(TN) AUTO_KEY  -  - QwertyTeste "A terapeuta RITA trans"
19:41:36.781 "" LEFT_MOUSE_DOWN_KEY TEXT_KEY_SELECTION_Esquerda 8.0.16 908.687 QwertyTeste "A terapeuta RITA tran"
19:41:36.781 "" KEY_DOWN_4_(TN) AUTO_KEY  -  - QwertyTeste "A terapeuta RITA tran"
19:41:36.984 "" LEFT_MOUSE_DOWN_KEY TEXT_KEY_SELECTION_Esquerda 8.0.16 908.687 QwertyTeste "A terapeuta RITA tra"
19:41:37.000 "" KEY_DOWN_4_(TN) AUTO_KEY  -  - QwertyTeste "A terapeuta RITA tra"
19:41:37.187 "" LEFT_MOUSE_DOWN_KEY TEXT_KEY_SELECTION_Esquerda 8.0.16 908.687 QwertyTeste "A terapeuta RITA tr"
19:41:37.234 "" KEY_DOWN_4_(TN) AUTO_KEY  -  - QwertyTeste "A terapeuta RITA tr"
19:41:37.406 "" LEFT_MOUSE_DOWN_KEY TEXT_KEY_SELECTION_Esquerda 8.0.16 908.687 QwertyTeste "A terapeuta RITA t"
19:41:37.468 "" KEY_DOWN_4_(TN) AUTO_KEY  -  - QwertyTeste "A terapeuta RITA t"
19:41:37.781 "" LEFT_MOUSE_DOWN_KEY TEXT_KEY_SELECTION_Esquerda 8.0.16 908.687 QwertyTeste "A terapeuta RITA "
19:41:37.921 "" KEY_DOWN_4_(TN) AUTO_KEY  -  - QwertyTeste "A terapeuta RITA "
19:41:39.312 "" LEFT_MOUSE_DOWN_KEY TEXT_KEY_SELECTION_BkSp 6.0.1 111.593 QwertyTeste "A terapeuta RITA"
19:41:39.312 "" KEY_DOWN_BACKSPACE AUTO_KEY  -  - QwertyTeste "A terapeuta RITA"
19:41:39.312 "\b" CHAR_RETROCESSO CHAR  -  - QwertyTeste "A terapeuta RITA"
19:41:39.437 "" LEFT_MOUSE_DOWN_KEY TEXT_KEY_SELECTION_BkSp 6.0.1 111.593 QwertyTeste "A terapeuta RIT"
19:41:39.546 "" KEY_DOWN_BACKSPACE AUTO_KEY  -  - QwertyTeste "A terapeuta RIT"
19:41:39.546 "\b" CHAR_RETROCESSO CHAR  -  - QwertyTeste "A terapeuta RIT"
19:41:39.765 "" LEFT_MOUSE_DOWN_KEY TEXT_KEY_SELECTION_BkSp 6.0.1 111.593 QwertyTeste "A terapeuta RI"
19:41:39.781 "" KEY_DOWN_BACKSPACE AUTO_KEY  -  - QwertyTeste "A terapeuta RI"
19:41:39.781 "\b" CHAR_RETROCESSO CHAR  -  - QwertyTeste "A terapeuta RI"
19:41:41.187 "" LEFT_MOUSE_DOWN_KEY TEXT_KEY_SELECTION_i 5.0.9 780.546 QwertyTeste "A terapeuta R"
19:41:41.187 "" KEY_DOWN_I AUTO_KEY  -  - QwertyTeste "A terapeuta R"
19:41:41.187 "i" CHAR_i CHAR  -  - QwertyTeste "A terapeuta R"
19:41:42.093 "" LEFT_MOUSE_DOWN_KEY TEXT_KEY_SELECTION_t 5.0.6 536.546 QwertyTeste "A terapeuta Ri"
19:41:42.093 "" KEY_DOWN_T AUTO_KEY  -  - QwertyTeste "A terapeuta Ri"
19:41:42.093 "t" CHAR_t CHAR  -  - QwertyTeste "A terapeuta Ri"
19:41:42.812 "" LEFT_MOUSE_DOWN_KEY TEXT_KEY_SELECTION_a 6.0.2 204.593 QwertyTeste "A terapeuta Rit"
19:41:42.812 "" KEY_DOWN_A AUTO_KEY  -  - QwertyTeste "A terapeuta Rit"
19:41:42.812 "a" CHAR_a CHAR  -  - QwertyTeste "A terapeuta Rit"
19:41:43.953 "" LEFT_MOUSE_DOWN_KEY TEXT_KEY_SELECTION_Direita 8.0.17 958.687 QwertyTeste "A terapeuta Rita"
19:41:43.953 "" KEY_DOWN_6_(TN) AUTO_KEY  -  - QwertyTeste "A terapeuta Rita"
19:41:43.984 "" LEFT_MOUSE_DOWN_KEY TEXT_KEY_SELECTION_Direita 8.0.17 958.687 QwertyTeste "A terapeuta Rita "
19:41:44.187 "" KEY_DOWN_6_(TN) AUTO_KEY  -  - QwertyTeste "A terapeuta Rita "
19:41:44.187 "" LEFT_MOUSE_DOWN_KEY TEXT_KEY_SELECTION_Direita 8.0.17 958.687 QwertyTeste "A terapeuta Rita t"
19:41:44.187 "" KEY_DOWN_6_(TN) AUTO_KEY  -  - QwertyTeste "A terapeuta Rita t"
19:41:44.421 "" LEFT_MOUSE_DOWN_KEY TEXT_KEY_SELECTION_Direita 8.0.17 958.687 QwertyTeste "A terapeuta Rita tr"
19:41:44.421 "" KEY_DOWN_6_(TN) AUTO_KEY  -  - QwertyTeste "A terapeuta Rita tr"
19:41:44.531 "" LEFT_MOUSE_DOWN_KEY TEXT_KEY_SELECTION_Direita 8.0.17 958.687 QwertyTeste "A terapeuta Rita tra"
19:41:44.640 "" KEY_DOWN_6_(TN) AUTO_KEY  -  - QwertyTeste "A terapeuta Rita tra"
19:41:44.718 "" LEFT_MOUSE_DOWN_KEY TEXT_KEY_SELECTION_Direita 8.0.17 958.687 QwertyTeste "A terapeuta Rita tran"
19:41:44.875 "" KEY_DOWN_6_(TN) AUTO_KEY  -  - QwertyTeste "A terapeuta Rita tran"
19:41:44.906 "" LEFT_MOUSE_DOWN_KEY TEXT_KEY_SELECTION_Direita 8.0.17 958.687 QwertyTeste "A terapeuta Rita trans"
19:41:44.906 "" KEY_DOWN_6_(TN) AUTO_KEY  -  - QwertyTeste "A terapeuta Rita trans"
19:41:45.312 "" LEFT_MOUSE_DOWN_KEY TEXT_KEY_SELECTION_Direita 8.0.17 958.687 QwertyTeste "A terapeuta Rita transf"
19:41:45.312 "" LEFT_MOUSE_DOWN_KEY TEXT_KEY_SELECTION_Direita 8.0.17 958.687 QwertyTeste "A terapeuta Rita transf"
19:41:45.312 "" KEY_DOWN_6_(TN) AUTO_KEY  -  - QwertyTeste "A terapeuta Rita transf"
19:41:45.312 "" KEY_DOWN_6_(TN) KEY  -  - QwertyTeste "A terapeuta Rita transfe"
19:41:45.593 "" LEFT_MOUSE_DOWN_KEY TEXT_KEY_SELECTION_Direita 8.0.17 958.687 QwertyTeste "A terapeuta Rita transfer"
19:41:45.765 "" KEY_DOWN_6_(TN) AUTO_KEY  -  - QwertyTeste "A terapeuta Rita transfer"
19:41:46.046 "" LEFT_MOUSE_DOWN_KEY TEXT_KEY_SELECTION_Direita 8.0.17 958.687 QwertyTeste "A terapeuta Rita transferi"
19:41:46.218 "" KEY_DOWN_6_(TN) AUTO_KEY  -  - QwertyTeste "A terapeuta Rita transferi"
19:41:46.578 "" LEFT_MOUSE_DOWN_KEY TEXT_KEY_SELECTION_Direita 8.0.17 958.687 QwertyTeste "A terapeuta Rita transferiu"
19:41:46.656 "" KEY_DOWN_6_(TN) AUTO_KEY  -  - QwertyTeste "A terapeuta Rita transferiu"
19:41:48.906 "" LEFT_MOUSE_DOWN_KEY PREDICTED_WORD_SELECTION_0_via 0.0.1 174.157 QwertyTeste "A terapeuta Rita transferiu "
19:41:48.906 "" KEY_DOWN_V AUTO_KEY  -  - QwertyTeste "A terapeuta Rita transferiu "
19:41:48.906 "v" CHAR_v CHAR  -  - QwertyTeste "A terapeuta Rita transferiu "
19:41:48.906 "" KEY_DOWN_I AUTO_KEY  -  - QwertyTeste "A terapeuta Rita transferiu v"
19:41:48.906 "i" CHAR_i CHAR  -  - QwertyTeste "A terapeuta Rita transferiu v"
19:41:48.906 "" KEY_DOWN_A AUTO_KEY  -  - QwertyTeste "A terapeuta Rita transferiu vi"
19:41:48.906 "a" CHAR_a CHAR  -  - QwertyTeste "A terapeuta Rita transferiu vi"
19:41:48.906 "" KEY_DOWN_BARRA_DE_ESPAÇOS AUTO_KEY  -  - QwertyTeste "A terapeuta Rita transferiu via"
19:41:48.906 " " CHAR_ESPAÇO CHAR  -  - QwertyTeste "A terapeuta Rita transferiu via"
19:41:48.906 "" NEW_WORD WORD_via  -  - QwertyTeste "A terapeuta Rita transferiu via "
19:41:56.781 "" LEFT_MOUSE_DOWN_KEY PREDICTED_SENTENCE_SELECTION_1_A_terapeuta_Rita_transferiu_via_Internet_o_DOC_texto2AF. 2.0.2 752.290 QwertyTeste "A terapeuta Rita transferiu via "
19:41:56.843 "" KEY_DOWN_I AUTO_KEY  -  - QwertyTeste "A terapeuta Rita transferiu via "
19:41:56.843 "i" CHAR_i CHAR  -  - QwertyTeste "A terapeuta Rita transferiu via "
19:41:56.843 "" KEY_DOWN_N AUTO_KEY  -  - QwertyTeste "A terapeuta Rita transferiu via i"
19:41:56.843 "n" CHAR_n CHAR  -  - QwertyTeste "A terapeuta Rita transferiu via i"
19:41:56.843 "" KEY_DOWN_T AUTO_KEY  -  - QwertyTeste "A terapeuta Rita transferiu via in"
19:41:56.843 "t" CHAR_t CHAR  -  - QwertyTeste "A terapeuta Rita transferiu via in"
19:41:56.843 "" KEY_DOWN_E AUTO_KEY  -  - QwertyTeste "A terapeuta Rita transferiu via int"
19:41:56.843 "e" CHAR_e CHAR  -  - QwertyTeste "A terapeuta Rita transferiu via int"
19:41:56.843 "" KEY_DOWN_R AUTO_KEY  -  - QwertyTeste "A terapeuta Rita transferiu via inte"
19:41:56.843 "r" CHAR_r CHAR  -  - QwertyTeste "A terapeuta Rita transferiu via inte"
19:41:56.843 "" KEY_DOWN_N AUTO_KEY  -  - QwertyTeste "A terapeuta Rita transferiu via inter"
19:41:56.843 "n" CHAR_n CHAR  -  - QwertyTeste "A terapeuta Rita transferiu via inter"
19:41:56.843 "" KEY_DOWN_E AUTO_KEY  -  - QwertyTeste "A terapeuta Rita transferiu via intern"
19:41:56.843 "e" CHAR_e CHAR  -  - QwertyTeste "A terapeuta Rita transferiu via intern"
19:41:56.843 "" KEY_DOWN_T AUTO_KEY  -  - QwertyTeste "A terapeuta Rita transferiu via interne"
19:41:56.843 "t" CHAR_t CHAR  -  - QwertyTeste "A terapeuta Rita transferiu via interne"
19:41:56.843 "" KEY_DOWN_BARRA_DE_ESPAÇOS AUTO_KEY  -  - QwertyTeste "A terapeuta Rita transferiu via internet"
19:41:56.843 " " CHAR_ESPAÇO CHAR  -  - QwertyTeste "A terapeuta Rita transferiu via internet"
19:41:56.843 "" NEW_WORD WORD_internet  -  - QwertyTeste "A terapeuta Rita transferiu via internet "
19:41:56.843 "" KEY_DOWN_O AUTO_KEY  -  - QwertyTeste "A terapeuta Rita transferiu via internet "
19:41:56.843 "o" CHAR_o CHAR  -  - QwertyTeste "A terapeuta Rita transferiu via internet "
19:41:56.843 "" KEY_DOWN_BARRA_DE_ESPAÇOS AUTO_KEY  -  - QwertyTeste "A terapeuta Rita transferiu via internet o"
19:41:56.843 " " CHAR_ESPAÇO CHAR  -  - QwertyTeste "A terapeuta Rita transferiu via internet o"
19:41:56.843 "" NEW_WORD WORD_o  -  - QwertyTeste "A terapeuta Rita transferiu via internet o "
19:41:56.843 "" KEY_DOWN_D AUTO_KEY  -  - QwertyTeste "A terapeuta Rita transferiu via internet o "
19:41:56.843 "d" CHAR_d CHAR  -  - QwertyTeste "A terapeuta Rita transferiu via internet o "
19:41:56.843 "" KEY_DOWN_O AUTO_KEY  -  - QwertyTeste "A terapeuta Rita transferiu via internet o d"
19:41:56.843 "o" CHAR_o CHAR  -  - QwertyTeste "A terapeuta Rita transferiu via internet o d"
19:41:56.843 "" KEY_DOWN_C AUTO_KEY  -  - QwertyTeste "A terapeuta Rita transferiu via internet o do"
19:41:56.859 "c" CHAR_c CHAR  -  - QwertyTeste "A terapeuta Rita transferiu via internet o do"
19:41:56.859 "" KEY_DOWN_BARRA_DE_ESPAÇOS AUTO_KEY  -  - QwertyTeste "A terapeuta Rita transferiu via internet o doc"
19:41:56.859 " " CHAR_ESPAÇO CHAR  -  - QwertyTeste "A terapeuta Rita transferiu via internet o doc"
19:41:56.906 "" NEW_WORD WORD_doc  -  - QwertyTeste "A terapeuta Rita transferiu via internet o doc "
19:41:57.078 "" KEY_DOWN_T AUTO_KEY  -  - QwertyTeste "A terapeuta Rita transferiu via internet o doc "
19:41:57.078 "t" CHAR_t CHAR  -  - QwertyTeste "A terapeuta Rita transferiu via internet o doc "
19:41:57.078 "" KEY_DOWN_E AUTO_KEY  -  - QwertyTeste "A terapeuta Rita transferiu via internet o doc t"
19:41:57.078 "e" CHAR_e CHAR  -  - QwertyTeste "A terapeuta Rita transferiu via internet o doc t"
19:41:57.078 "" KEY_DOWN_X AUTO_KEY  -  - QwertyTeste "A terapeuta Rita transferiu via internet o doc te"
19:41:57.078 "x" CHAR_x CHAR  -  - QwertyTeste "A terapeuta Rita transferiu via internet o doc te"
19:41:57.078 "" KEY_DOWN_T AUTO_KEY  -  - QwertyTeste "A terapeuta Rita transferiu via internet o doc tex"
19:41:57.078 "t" CHAR_t CHAR  -  - QwertyTeste "A terapeuta Rita transferiu via internet o doc tex"
19:41:57.078 "" KEY_DOWN_O AUTO_KEY  -  - QwertyTeste "A terapeuta Rita transferiu via internet o doc text"
19:41:57.078 "o" CHAR_o CHAR  -  - QwertyTeste "A terapeuta Rita transferiu via internet o doc text"
19:41:57.078 "" KEY_DOWN_2 AUTO_KEY  -  - QwertyTeste "A terapeuta Rita transferiu via internet o doc texto"
19:41:57.078 "2" CHAR_2 CHAR  -  - QwertyTeste "A terapeuta Rita transferiu via internet o doc texto"
19:41:57.078 "" KEY_DOWN_A AUTO_KEY  -  - QwertyTeste "A terapeuta Rita transferiu via internet o doc texto2"
19:41:57.078 "a" CHAR_a CHAR  -  - QwertyTeste "A terapeuta Rita transferiu via internet o doc texto2"
19:41:57.078 "" KEY_DOWN_F AUTO_KEY  -  - QwertyTeste "A terapeuta Rita transferiu via internet o doc texto2a"
19:41:57.078 "f" CHAR_f CHAR  -  - QwertyTeste "A terapeuta Rita transferiu via internet o doc texto2a"
19:41:57.093 "" KEY_DOWN_. AUTO_KEY  -  - QwertyTeste "A terapeuta Rita transferiu via internet o doc texto2af"
19:41:57.093 "." CHAR_. CHAR  -  - QwertyTeste "A terapeuta Rita transferiu via internet o doc texto2af"
19:41:57.093 "" NEW_WORD WORD_texto2af  -  - QwertyTeste "A terapeuta Rita transferiu via internet o doc texto2af."
19:41:57.093 "" NEW_SENTENCE SENTENCE_A_terapeuta_Rita_transferiu_via_internet_o_doc_texto2af.  -  - QwertyTeste "A terapeuta Rita transferiu via internet o doc texto2af."
19:41:57.093 "" KEY_DOWN_BARRA_DE_ESPAÇOS AUTO_KEY  -  - QwertyTeste "A terapeuta Rita transferiu via internet o doc texto2af."
19:41:57.093 " " CHAR_ESPAÇO CHAR  -  - QwertyTeste "A terapeuta Rita transferiu via internet o doc texto2af."
19:41:59.906 "" LEFT_MOUSE_DOWN_KEY TEXT_KEY_SELECTION_Enter 5.0.1 110.546 QwertyTeste ""
19:42:00.046 "" KEY_DOWN_ENTER AUTO_KEY  -  - QwertyTeste ""
19:42:00.046 "\n" CHAR_ENTER CHAR  -  - QwertyTeste ""
19:42:00.687 "" LEFT_MOUSE_DOWN_KEY TEXT_KEY_SELECTION_Enter 5.0.1 110.546 QwertyTeste ""
19:42:00.687 "" KEY_DOWN_ENTER AUTO_KEY  -  - QwertyTeste ""
19:42:00.687 "\n" CHAR_ENTER CHAR  -  - QwertyTeste ""
19:42:04.125 "" LEFT_MOUSE_DOWN_KEY TEXT_KEY_SELECTION_CapsLock 8.0.1 101.687 QwertyTeste ""
19:42:04.125 "" KEY_DOWN_CAPSLOCK AUTO_KEY  -  - QwertyTeste ""
19:42:04.687 "" LEFT_MOUSE_DOWN_KEY TEXT_KEY_SELECTION_e 5.0.4 372.546 QwertyTeste ""
19:42:04.828 "" KEY_DOWN_E AUTO_KEY  -  - QwertyTeste ""
19:42:04.828 "E" CHAR_E CHAR  -  - QwertyTeste ""
19:42:05.437 "" LEFT_MOUSE_DOWN_KEY TEXT_KEY_SELECTION_CapsLock 8.0.1 101.687 QwertyTeste "E"
19:42:05.437 "" KEY_DOWN_CAPSLOCK AUTO_KEY  -  - QwertyTeste "E"
19:42:06.593 "" LEFT_MOUSE_DOWN_KEY TEXT_KEY_SELECTION_u 5.0.8 700.546 QwertyTeste "E"
19:42:06.937 "" KEY_DOWN_U AUTO_KEY  -  - QwertyTeste "E"
19:42:06.937 "u" CHAR_u CHAR  -  - QwertyTeste "E"
19:42:08.234 "" LEFT_MOUSE_DOWN_KEY TEXT_KEY_SELECTION_Space 4.0.1 111.499 QwertyTeste "Eu"
19:42:08.359 "" KEY_DOWN_BARRA_DE_ESPAÇOS AUTO_KEY  -  - QwertyTeste "Eu"
19:42:08.359 " " CHAR_ESPAÇO CHAR  -  - QwertyTeste "Eu"
19:42:08.359 "" NEW_WORD WORD_Eu  -  - QwertyTeste "Eu "
19:42:09.546 "" LEFT_MOUSE_DOWN_KEY TEXT_KEY_SELECTION_e 5.0.4 372.546 QwertyTeste "Eu "
19:42:09.546 "" KEY_DOWN_E AUTO_KEY  -  - QwertyTeste "Eu "
19:42:09.546 "e" CHAR_e CHAR  -  - QwertyTeste "Eu "
19:42:09.953 "" LEFT_MOUSE_DOWN_KEY TEXT_KEY_SELECTION_s 6.0.3 286.593 QwertyTeste "Eu e"
19:42:09.953 "" KEY_DOWN_S AUTO_KEY  -  - QwertyTeste "Eu e"
19:42:09.953 "s" CHAR_s CHAR  -  - QwertyTeste "Eu e"
19:42:11.000 "" LEFT_MOUSE_DOWN_KEY TEXT_KEY_SELECTION_t 5.0.6 536.546 QwertyTeste "Eu es"
19:42:11.171 "" KEY_DOWN_T AUTO_KEY  -  - QwertyTeste "Eu es"
19:42:11.171 "t" CHAR_t CHAR  -  - QwertyTeste "Eu es"
19:42:12.187 "" LEFT_MOUSE_DOWN_KEY TEXT_KEY_SELECTION_o 5.0.10 859.546 QwertyTeste "Eu est"
19:42:12.343 "" KEY_DOWN_O AUTO_KEY  -  - QwertyTeste "Eu est"
19:42:12.359 "o" CHAR_o CHAR  -  - QwertyTeste "Eu est"
19:42:12.750 "" LEFT_MOUSE_DOWN_KEY TEXT_KEY_SELECTION_u 5.0.8 700.546 QwertyTeste "Eu esto"
19:42:13.000 "" KEY_DOWN_U AUTO_KEY  -  - QwertyTeste "Eu esto"
19:42:13.000 "u" CHAR_u CHAR  -  - QwertyTeste "Eu esto"
19:42:14.203 "" LEFT_MOUSE_DOWN_KEY TEXT_KEY_SELECTION_Space 4.0.1 111.499 QwertyTeste "Eu estou"
19:42:14.203 "" KEY_DOWN_BARRA_DE_ESPAÇOS AUTO_KEY  -  - QwertyTeste "Eu estou"
19:42:14.203 " " CHAR_ESPAÇO CHAR  -  - QwertyTeste "Eu estou"
19:42:14.203 "" NEW_WORD WORD_estou  -  - QwertyTeste "Eu estou "
19:42:15.984 "" LEFT_MOUSE_DOWN_KEY TEXT_KEY_SELECTION_a 6.0.2 204.593 QwertyTeste "Eu estou "
19:42:16.250 "" KEY_DOWN_A AUTO_KEY  -  - QwertyTeste "Eu estou "
19:42:16.250 "a" CHAR_a CHAR  -  - QwertyTeste "Eu estou "
19:42:21.500 "" LEFT_MOUSE_DOWN_KEY PREDICTED_SENTENCE_SELECTION_1_Eu_estou_a_desejar_a_abertura_do_lar. 2.0.2 752.290 QwertyTeste "Eu estou a"
19:42:21.531 "" KEY_DOWN_BARRA_DE_ESPAÇOS AUTO_KEY  -  - QwertyTeste "Eu estou a"
19:42:21.531 " " CHAR_ESPAÇO CHAR  -  - QwertyTeste "Eu estou a"
19:42:21.531 "" NEW_WORD WORD_a  -  - QwertyTeste "Eu estou a "
19:42:21.531 "" KEY_DOWN_D AUTO_KEY  -  - QwertyTeste "Eu estou a "
19:42:21.531 "d" CHAR_d CHAR  -  - QwertyTeste "Eu estou a "
19:42:21.531 "" KEY_DOWN_E AUTO_KEY  -  - QwertyTeste "Eu estou a d"
19:42:21.531 "e" CHAR_e CHAR  -  - QwertyTeste "Eu estou a d"
19:42:21.531 "" KEY_DOWN_S AUTO_KEY  -  - QwertyTeste "Eu estou a de"
19:42:21.531 "s" CHAR_s CHAR  -  - QwertyTeste "Eu estou a de"
19:42:21.531 "" KEY_DOWN_E AUTO_KEY  -  - QwertyTeste "Eu estou a des"
19:42:21.531 "e" CHAR_e CHAR  -  - QwertyTeste "Eu estou a des"
19:42:21.531 "" KEY_DOWN_J AUTO_KEY  -  - QwertyTeste "Eu estou a dese"
19:42:21.531 "j" CHAR_j CHAR  -  - QwertyTeste "Eu estou a dese"
19:42:21.531 "" KEY_DOWN_A AUTO_KEY  -  - QwertyTeste "Eu estou a desej"
19:42:21.531 "a" CHAR_a CHAR  -  - QwertyTeste "Eu estou a desej"
19:42:21.531 "" KEY_DOWN_R AUTO_KEY  -  - QwertyTeste "Eu estou a deseja"
19:42:21.531 "r" CHAR_r CHAR  -  - QwertyTeste "Eu estou a deseja"
19:42:21.531 "" KEY_DOWN_BARRA_DE_ESPAÇOS AUTO_KEY  -  - QwertyTeste "Eu estou a desejar"
19:42:21.531 " " CHAR_ESPAÇO CHAR  -  - QwertyTeste "Eu estou a desejar"
19:42:21.531 "" NEW_WORD WORD_desejar  -  - QwertyTeste "Eu estou a desejar "
19:42:21.531 "" KEY_DOWN_A AUTO_KEY  -  - QwertyTeste "Eu estou a desejar "
19:42:21.546 "a" CHAR_a CHAR  -  - QwertyTeste "Eu estou a desejar "
19:42:21.546 "" KEY_DOWN_BARRA_DE_ESPAÇOS AUTO_KEY  -  - QwertyTeste "Eu estou a desejar a"
19:42:21.546 " " CHAR_ESPAÇO CHAR  -  - QwertyTeste "Eu estou a desejar a"
19:42:21.546 "" NEW_WORD WORD_a  -  - QwertyTeste "Eu estou a desejar a "
19:42:21.546 "" KEY_DOWN_A AUTO_KEY  -  - QwertyTeste "Eu estou a desejar a "
19:42:21.546 "a" CHAR_a CHAR  -  - QwertyTeste "Eu estou a desejar a "
19:42:21.546 "" KEY_DOWN_B AUTO_KEY  -  - QwertyTeste "Eu estou a desejar a a"
19:42:21.546 "b" CHAR_b CHAR  -  - QwertyTeste "Eu estou a desejar a a"
19:42:21.546 "" KEY_DOWN_E AUTO_KEY  -  - QwertyTeste "Eu estou a desejar a ab"
19:42:21.546 "e" CHAR_e CHAR  -  - QwertyTeste "Eu estou a desejar a ab"
19:42:21.546 "" KEY_DOWN_R AUTO_KEY  -  - QwertyTeste "Eu estou a desejar a abe"
19:42:21.546 "r" CHAR_r CHAR  -  - QwertyTeste "Eu estou a desejar a abe"
19:42:21.546 "" KEY_DOWN_T AUTO_KEY  -  - QwertyTeste "Eu estou a desejar a aber"
19:42:21.546 "t" CHAR_t CHAR  -  - QwertyTeste "Eu estou a desejar a aber"
19:42:21.546 "" KEY_DOWN_U AUTO_KEY  -  - QwertyTeste "Eu estou a desejar a abert"
19:42:21.546 "u" CHAR_u CHAR  -  - QwertyTeste "Eu estou a desejar a abert"
19:42:21.546 "" KEY_DOWN_R AUTO_KEY  -  - QwertyTeste "Eu estou a desejar a abertu"
19:42:21.562 "r" CHAR_r CHAR  -  - QwertyTeste "Eu estou a desejar a abertu"
19:42:21.765 "" KEY_DOWN_A AUTO_KEY  -  - QwertyTeste "Eu estou a desejar a abertur"
19:42:21.765 "a" CHAR_a CHAR  -  - QwertyTeste "Eu estou a desejar a abertur"
19:42:21.765 "" KEY_DOWN_BARRA_DE_ESPAÇOS AUTO_KEY  -  - QwertyTeste "Eu estou a desejar a abertura"
19:42:21.765 " " CHAR_ESPAÇO CHAR  -  - QwertyTeste "Eu estou a desejar a abertura"
19:42:21.765 "" NEW_WORD WORD_abertura  -  - QwertyTeste "Eu estou a desejar a abertura "
19:42:21.765 "" KEY_DOWN_D AUTO_KEY  -  - QwertyTeste "Eu estou a desejar a abertura "
19:42:21.765 "d" CHAR_d CHAR  -  - QwertyTeste "Eu estou a desejar a abertura "
19:42:21.765 "" KEY_DOWN_O AUTO_KEY  -  - QwertyTeste "Eu estou a desejar a abertura d"
19:42:21.765 "o" CHAR_o CHAR  -  - QwertyTeste "Eu estou a desejar a abertura d"
19:42:21.765 "" KEY_DOWN_BARRA_DE_ESPAÇOS AUTO_KEY  -  - QwertyTeste "Eu estou a desejar a abertura do"
19:42:21.765 " " CHAR_ESPAÇO CHAR  -  - QwertyTeste "Eu estou a desejar a abertura do"
19:42:21.765 "" NEW_WORD WORD_do  -  - QwertyTeste "Eu estou a desejar a abertura do "
19:42:21.765 "" KEY_DOWN_L AUTO_KEY  -  - QwertyTeste "Eu estou a desejar a abertura do "
19:42:21.765 "l" CHAR_l CHAR  -  - QwertyTeste "Eu estou a desejar a abertura do "
19:42:21.765 "" KEY_DOWN_A AUTO_KEY  -  - QwertyTeste "Eu estou a desejar a abertura do l"
19:42:21.765 "a" CHAR_a CHAR  -  - QwertyTeste "Eu estou a desejar a abertura do l"
19:42:21.781 "" KEY_DOWN_R AUTO_KEY  -  - QwertyTeste "Eu estou a desejar a abertura do la"
19:42:21.781 "r" CHAR_r CHAR  -  - QwertyTeste "Eu estou a desejar a abertura do la"
19:42:21.781 "" KEY_DOWN_. AUTO_KEY  -  - QwertyTeste "Eu estou a desejar a abertura do lar"
19:42:21.781 "." CHAR_. CHAR  -  - QwertyTeste "Eu estou a desejar a abertura do lar"
19:42:21.781 "" NEW_WORD WORD_lar  -  - QwertyTeste "Eu estou a desejar a abertura do lar."
19:42:21.781 "" NEW_SENTENCE SENTENCE_Eu_estou_a_desejar_a_abertura_do_lar.  -  - QwertyTeste "Eu estou a desejar a abertura do lar."
19:42:21.781 "" KEY_DOWN_BARRA_DE_ESPAÇOS AUTO_KEY  -  - QwertyTeste "Eu estou a desejar a abertura do lar."
19:42:21.781 " " CHAR_ESPAÇO CHAR  -  - QwertyTeste "Eu estou a desejar a abertura do lar."
19:42:23.296 "" LEFT_MOUSE_DOWN_KEY TEXT_KEY_SELECTION_Enter 5.0.1 110.546 QwertyTeste ""
19:42:23.312 "" KEY_DOWN_ENTER AUTO_KEY  -  - QwertyTeste ""
19:42:23.312 "\n" CHAR_ENTER CHAR  -  - QwertyTeste ""
19:42:23.828 "" LEFT_MOUSE_DOWN_KEY TEXT_KEY_SELECTION_Enter 5.0.1 110.546 QwertyTeste ""
19:42:23.828 "" KEY_DOWN_ENTER AUTO_KEY  -  - QwertyTeste ""
19:42:23.828 "\n" CHAR_ENTER CHAR  -  - QwertyTeste ""
19:42:25.390 "" LEFT_MOUSE_DOWN_KEY TEXT_KEY_SELECTION_CapsLock 8.0.1 101.687 QwertyTeste ""
19:42:25.390 "" KEY_DOWN_CAPSLOCK AUTO_KEY  -  - QwertyTeste ""
19:42:26.140 "" LEFT_MOUSE_DOWN_KEY TEXT_KEY_SELECTION_e 5.0.4 372.546 QwertyTeste ""
19:42:26.140 "" KEY_DOWN_E AUTO_KEY  -  - QwertyTeste ""
19:42:26.140 "E" CHAR_E CHAR  -  - QwertyTeste ""
19:42:26.859 "" LEFT_MOUSE_DOWN_KEY TEXT_KEY_SELECTION_CapsLock 8.0.1 101.687 QwertyTeste "E"
19:42:26.859 "" KEY_DOWN_CAPSLOCK AUTO_KEY  -  - QwertyTeste "E"
19:42:32.968 "" LEFT_MOUSE_DOWN_KEY TEXT_KEY_SELECTION_´ 8.0.6 404.687 QwertyTeste "E"
19:42:32.968 "" KEY_DOWN_AGUDO AUTO_KEY  -  - QwertyTeste "E"
19:42:34.125 "" LEFT_MOUSE_DOWN_KEY TEXT_KEY_SELECTION_i 5.0.9 780.546 QwertyTeste "E"
19:42:34.125 "" KEY_DOWN_I AUTO_KEY  -  - QwertyTeste "E"
19:42:34.125 "í" CHAR_í CHAR  -  - QwertyTeste "E"
19:42:36.406 "" LEFT_MOUSE_DOWN_KEY TEXT_KEY_SELECTION_BkSp 6.0.1 111.593 QwertyTeste "Eí"
19:42:36.515 "" KEY_DOWN_BACKSPACE AUTO_KEY  -  - QwertyTeste "Eí"
19:42:36.515 "\b" CHAR_RETROCESSO CHAR  -  - QwertyTeste "Eí"
19:42:37.468 "" LEFT_MOUSE_DOWN_KEY TEXT_KEY_SELECTION_Space 4.0.1 111.499 QwertyTeste "E"
19:42:37.484 "" KEY_DOWN_BARRA_DE_ESPAÇOS AUTO_KEY  -  - QwertyTeste "E"
19:42:37.484 " " CHAR_ESPAÇO CHAR  -  - QwertyTeste "E"
19:42:39.953 "" LEFT_MOUSE_DOWN_KEY TEXT_KEY_SELECTION_´ 8.0.6 404.687 QwertyTeste "E "
19:42:39.953 "" KEY_DOWN_AGUDO AUTO_KEY  -  - QwertyTeste "E "
19:42:41.265 "" LEFT_MOUSE_DOWN_KEY TEXT_KEY_SELECTION_i 5.0.9 780.546 QwertyTeste "E "
19:42:41.265 "" KEY_DOWN_I AUTO_KEY  -  - QwertyTeste "E "
19:42:41.265 "í" CHAR_í CHAR  -  - QwertyTeste "E "
19:42:42.187 "" LEFT_MOUSE_DOWN_KEY TEXT_KEY_SELECTION_a 6.0.2 204.593 QwertyTeste "E í"
19:42:42.281 "" KEY_DOWN_A AUTO_KEY  -  - QwertyTeste "E í"
19:42:42.281 "a" CHAR_a CHAR  -  - QwertyTeste "E í"
19:42:43.703 "" LEFT_MOUSE_DOWN_KEY TEXT_KEY_SELECTION_m 7.0.8 708.640 QwertyTeste "E ía"
19:42:43.703 "" KEY_DOWN_M AUTO_KEY  -  - QwertyTeste "E ía"
19:42:43.703 "m" CHAR_m CHAR  -  - QwertyTeste "E ía"
19:42:45.203 "" LEFT_MOUSE_DOWN_KEY PREDICTED_WORD_SELECTION_0_íamos 0.0.1 174.157 QwertyTeste "E íam"
19:42:45.406 "" KEY_DOWN_O AUTO_KEY  -  - QwertyTeste "E íam"
19:42:45.406 "o" CHAR_o CHAR  -  - QwertyTeste "E íam"
19:42:45.406 "" KEY_DOWN_S AUTO_KEY  -  - QwertyTeste "E íamo"
19:42:45.406 "s" CHAR_s CHAR  -  - QwertyTeste "E íamo"
19:42:45.406 "" KEY_DOWN_BARRA_DE_ESPAÇOS AUTO_KEY  -  - QwertyTeste "E íamos"
19:42:45.406 " " CHAR_ESPAÇO CHAR  -  - QwertyTeste "E íamos"
19:42:45.406 "" NEW_WORD WORD_íamos  -  - QwertyTeste "E íamos "
19:42:49.593 "" LEFT_MOUSE_DOWN_KEY PREDICTED_SENTENCE_SELECTION_0_E_íamos_todos_os_anos_fazer_campismo. 2.0.1 290.290 QwertyTeste "E íamos "
19:42:49.687 "" KEY_DOWN_T AUTO_KEY  -  - QwertyTeste "E íamos "
19:42:49.687 "t" CHAR_t CHAR  -  - QwertyTeste "E íamos "
19:42:49.687 "" KEY_DOWN_O AUTO_KEY  -  - QwertyTeste "E íamos t"
19:42:49.687 "o" CHAR_o CHAR  -  - QwertyTeste "E íamos t"
19:42:49.687 "" KEY_DOWN_D AUTO_KEY  -  - QwertyTeste "E íamos to"
19:42:49.687 "d" CHAR_d CHAR  -  - QwertyTeste "E íamos to"
19:42:49.687 "" KEY_DOWN_O AUTO_KEY  -  - QwertyTeste "E íamos tod"
19:42:49.687 "o" CHAR_o CHAR  -  - QwertyTeste "E íamos tod"
19:42:49.687 "" KEY_DOWN_S AUTO_KEY  -  - QwertyTeste "E íamos todo"
19:42:49.687 "s" CHAR_s CHAR  -  - QwertyTeste "E íamos todo"
19:42:49.687 "" KEY_DOWN_BARRA_DE_ESPAÇOS AUTO_KEY  -  - QwertyTeste "E íamos todos"
19:42:49.687 " " CHAR_ESPAÇO CHAR  -  - QwertyTeste "E íamos todos"
19:42:49.687 "" NEW_WORD WORD_todos  -  - QwertyTeste "E íamos todos "
19:42:49.687 "" KEY_DOWN_O AUTO_KEY  -  - QwertyTeste "E íamos todos "
19:42:49.687 "o" CHAR_o CHAR  -  - QwertyTeste "E íamos todos "
19:42:49.687 "" KEY_DOWN_S AUTO_KEY  -  - QwertyTeste "E íamos todos o"
19:42:49.687 "s" CHAR_s CHAR  -  - QwertyTeste "E íamos todos o"
19:42:49.687 "" KEY_DOWN_BARRA_DE_ESPAÇOS AUTO_KEY  -  - QwertyTeste "E íamos todos os"
19:42:49.687 " " CHAR_ESPAÇO CHAR  -  - QwertyTeste "E íamos todos os"
19:42:49.687 "" NEW_WORD WORD_os  -  - QwertyTeste "E íamos todos os "
19:42:49.687 "" KEY_DOWN_A AUTO_KEY  -  - QwertyTeste "E íamos todos os "
19:42:49.687 "a" CHAR_a CHAR  -  - QwertyTeste "E íamos todos os "
19:42:49.687 "" KEY_DOWN_N AUTO_KEY  -  - QwertyTeste "E íamos todos os a"
19:42:49.687 "n" CHAR_n CHAR  -  - QwertyTeste "E íamos todos os a"
19:42:49.687 "" KEY_DOWN_O AUTO_KEY  -  - QwertyTeste "E íamos todos os an"
19:42:49.687 "o" CHAR_o CHAR  -  - QwertyTeste "E íamos todos os an"
19:42:49.687 "" KEY_DOWN_S AUTO_KEY  -  - QwertyTeste "E íamos todos os ano"
19:42:49.687 "s" CHAR_s CHAR  -  - QwertyTeste "E íamos todos os ano"
19:42:49.687 "" KEY_DOWN_BARRA_DE_ESPAÇOS AUTO_KEY  -  - QwertyTeste "E íamos todos os anos"
19:42:49.703 " " CHAR_ESPAÇO CHAR  -  - QwertyTeste "E íamos todos os anos"
19:42:49.703 "" NEW_WORD WORD_anos  -  - QwertyTeste "E íamos todos os anos "
19:42:49.703 "" KEY_DOWN_F AUTO_KEY  -  - QwertyTeste "E íamos todos os anos "
19:42:49.718 "f" CHAR_f CHAR  -  - QwertyTeste "E íamos todos os anos "
19:42:49.718 "" KEY_DOWN_A AUTO_KEY  -  - QwertyTeste "E íamos todos os anos f"
19:42:49.718 "a" CHAR_a CHAR  -  - QwertyTeste "E íamos todos os anos f"
19:42:49.718 "" KEY_DOWN_Z AUTO_KEY  -  - QwertyTeste "E íamos todos os anos fa"
19:42:49.718 "z" CHAR_z CHAR  -  - QwertyTeste "E íamos todos os anos fa"
19:42:49.718 "" KEY_DOWN_E AUTO_KEY  -  - QwertyTeste "E íamos todos os anos faz"
19:42:49.718 "e" CHAR_e CHAR  -  - QwertyTeste "E íamos todos os anos faz"
19:42:49.718 "" KEY_DOWN_R AUTO_KEY  -  - QwertyTeste "E íamos todos os anos faze"
19:42:49.718 "r" CHAR_r CHAR  -  - QwertyTeste "E íamos todos os anos faze"
19:42:49.718 "" KEY_DOWN_BARRA_DE_ESPAÇOS AUTO_KEY  -  - QwertyTeste "E íamos todos os anos fazer"
19:42:49.718 " " CHAR_ESPAÇO CHAR  -  - QwertyTeste "E íamos todos os anos fazer"
19:42:49.718 "" NEW_WORD WORD_fazer  -  - QwertyTeste "E íamos todos os anos fazer "
19:42:49.718 "" KEY_DOWN_C AUTO_KEY  -  - QwertyTeste "E íamos todos os anos fazer "
19:42:49.718 "c" CHAR_c CHAR  -  - QwertyTeste "E íamos todos os anos fazer "
19:42:49.718 "" KEY_DOWN_A AUTO_KEY  -  - QwertyTeste "E íamos todos os anos fazer c"
19:42:49.781 "a" CHAR_a CHAR  -  - QwertyTeste "E íamos todos os anos fazer c"
19:42:49.921 "" KEY_DOWN_M AUTO_KEY  -  - QwertyTeste "E íamos todos os anos fazer ca"
19:42:49.921 "m" CHAR_m CHAR  -  - QwertyTeste "E íamos todos os anos fazer ca"
19:42:49.921 "" KEY_DOWN_P AUTO_KEY  -  - QwertyTeste "E íamos todos os anos fazer cam"
19:42:49.921 "p" CHAR_p CHAR  -  - QwertyTeste "E íamos todos os anos fazer cam"
19:42:49.921 "" KEY_DOWN_I AUTO_KEY  -  - QwertyTeste "E íamos todos os anos fazer camp"
19:42:49.921 "i" CHAR_i CHAR  -  - QwertyTeste "E íamos todos os anos fazer camp"
19:42:49.921 "" KEY_DOWN_S AUTO_KEY  -  - QwertyTeste "E íamos todos os anos fazer campi"
19:42:49.921 "s" CHAR_s CHAR  -  - QwertyTeste "E íamos todos os anos fazer campi"
19:42:49.921 "" KEY_DOWN_M AUTO_KEY  -  - QwertyTeste "E íamos todos os anos fazer campis"
19:42:49.921 "m" CHAR_m CHAR  -  - QwertyTeste "E íamos todos os anos fazer campis"
19:42:49.921 "" KEY_DOWN_O AUTO_KEY  -  - QwertyTeste "E íamos todos os anos fazer campism"
19:42:49.921 "o" CHAR_o CHAR  -  - QwertyTeste "E íamos todos os anos fazer campism"
19:42:49.921 "" KEY_DOWN_. AUTO_KEY  -  - QwertyTeste "E íamos todos os anos fazer campismo"
19:42:49.937 "." CHAR_. CHAR  -  - QwertyTeste "E íamos todos os anos fazer campismo"
19:42:49.937 "" NEW_WORD WORD_campismo  -  - QwertyTeste "E íamos todos os anos fazer campismo."
19:42:49.937 "" NEW_SENTENCE SENTENCE_E_íamos_todos_os_anos_fazer_campismo.  -  - QwertyTeste "E íamos todos os anos fazer campismo."
19:42:49.937 "" KEY_DOWN_BARRA_DE_ESPAÇOS AUTO_KEY  -  - QwertyTeste "E íamos todos os anos fazer campismo."
19:42:49.953 " " CHAR_ESPAÇO CHAR  -  - QwertyTeste "E íamos todos os anos fazer campismo."
19:42:51.375 "" LEFT_MOUSE_DOWN_KEY TEXT_KEY_SELECTION_Enter 5.0.1 110.546 QwertyTeste ""
19:42:51.375 "" KEY_DOWN_ENTER AUTO_KEY  -  - QwertyTeste ""
19:42:51.375 "\n" CHAR_ENTER CHAR  -  - QwertyTeste ""
19:42:52.062 "" LEFT_MOUSE_DOWN_KEY TEXT_KEY_SELECTION_Enter 5.0.1 110.546 QwertyTeste ""
19:42:52.062 "" KEY_DOWN_ENTER AUTO_KEY  -  - QwertyTeste ""
19:42:52.062 "\n" CHAR_ENTER CHAR  -  - QwertyTeste ""
19:42:54.375 "" LEFT_MOUSE_DOWN_KEY TEXT_KEY_SELECTION_CapsLock 8.0.1 101.687 QwertyTeste ""
19:42:54.375 "" KEY_DOWN_CAPSLOCK AUTO_KEY  -  - QwertyTeste ""
19:42:55.140 "" LEFT_MOUSE_DOWN_KEY TEXT_KEY_SELECTION_m 7.0.8 708.640 QwertyTeste ""
19:42:55.140 "" KEY_DOWN_M AUTO_KEY  -  - QwertyTeste ""
19:42:55.140 "M" CHAR_M CHAR  -  - QwertyTeste ""
19:42:56.328 "" LEFT_MOUSE_DOWN_KEY TEXT_KEY_SELECTION_CapsLock 8.0.1 101.687 QwertyTeste "M"
19:42:56.328 "" KEY_DOWN_CAPSLOCK AUTO_KEY  -  - QwertyTeste "M"
19:42:57.109 "" LEFT_MOUSE_DOWN_KEY TEXT_KEY_SELECTION_a 6.0.2 204.593 QwertyTeste "M"
19:42:57.234 "" KEY_DOWN_A AUTO_KEY  -  - QwertyTeste "M"
19:42:57.234 "a" CHAR_a CHAR  -  - QwertyTeste "M"
19:42:58.390 "" LEFT_MOUSE_DOWN_KEY TEXT_KEY_SELECTION_s 6.0.3 286.593 QwertyTeste "Ma"
19:42:58.390 "" KEY_DOWN_S AUTO_KEY  -  - QwertyTeste "Ma"
19:42:58.390 "s" CHAR_s CHAR  -  - QwertyTeste "Ma"
19:43:03.562 "" LEFT_MOUSE_DOWN_KEY TEXT_KEY_SELECTION_Space 4.0.1 111.499 QwertyTeste "Mas"
19:43:03.687 "" KEY_DOWN_BARRA_DE_ESPAÇOS AUTO_KEY  -  - QwertyTeste "Mas"
19:43:03.687 " " CHAR_ESPAÇO CHAR  -  - QwertyTeste "Mas"
19:43:03.687 "" NEW_WORD WORD_Mas  -  - QwertyTeste "Mas "
19:43:04.656 "" LEFT_MOUSE_DOWN_KEY TEXT_KEY_SELECTION_e 5.0.4 372.546 QwertyTeste "Mas "
19:43:04.656 "" KEY_DOWN_E AUTO_KEY  -  - QwertyTeste "Mas "
19:43:04.656 "e" CHAR_e CHAR  -  - QwertyTeste "Mas "
19:43:09.359 "" LEFT_MOUSE_DOWN_KEY PREDICTED_WORD_SELECTION_0_eu 0.0.1 174.157 QwertyTeste "Mas e"
19:43:09.406 "" KEY_DOWN_U AUTO_KEY  -  - QwertyTeste "Mas e"
19:43:09.406 "u" CHAR_u CHAR  -  - QwertyTeste "Mas e"
19:43:09.406 "" KEY_DOWN_BARRA_DE_ESPAÇOS AUTO_KEY  -  - QwertyTeste "Mas eu"
19:43:09.406 " " CHAR_ESPAÇO CHAR  -  - QwertyTeste "Mas eu"
19:43:09.406 "" NEW_WORD WORD_eu  -  - QwertyTeste "Mas eu "
19:43:13.937 "" LEFT_MOUSE_DOWN_KEY TEXT_KEY_SELECTION_i 5.0.9 780.546 QwertyTeste "Mas eu "
19:43:14.109 "" KEY_DOWN_I AUTO_KEY  -  - QwertyTeste "Mas eu "
19:43:14.109 "i" CHAR_i CHAR  -  - QwertyTeste "Mas eu "
19:43:14.625 "" LEFT_MOUSE_DOWN_KEY TEXT_KEY_SELECTION_m 7.0.8 708.640 QwertyTeste "Mas eu i"
19:43:14.796 "" KEY_DOWN_M AUTO_KEY  -  - QwertyTeste "Mas eu i"
19:43:14.796 "m" CHAR_m CHAR  -  - QwertyTeste "Mas eu i"
19:43:16.671 "" LEFT_MOUSE_DOWN_KEY TEXT_KEY_SELECTION_p 5.0.11 942.546 QwertyTeste "Mas eu im"
19:43:16.765 "" KEY_DOWN_P AUTO_KEY  -  - QwertyTeste "Mas eu im"
19:43:16.765 "p" CHAR_p CHAR  -  - QwertyTeste "Mas eu im"
19:43:18.750 "" LEFT_MOUSE_DOWN_KEY PREDICTED_SENTENCE_SELECTION_0_Mas_eu_imprimo_na_mesma_impressora_do_Rogério. 2.0.1 290.290 QwertyTeste "Mas eu imp"
19:43:18.890 "" KEY_DOWN_R AUTO_KEY  -  - QwertyTeste "Mas eu imp"
19:43:18.890 "r" CHAR_r CHAR  -  - QwertyTeste "Mas eu imp"
19:43:18.890 "" KEY_DOWN_I AUTO_KEY  -  - QwertyTeste "Mas eu impr"
19:43:18.890 "i" CHAR_i CHAR  -  - QwertyTeste "Mas eu impr"
19:43:18.890 "" KEY_DOWN_M AUTO_KEY  -  - QwertyTeste "Mas eu impri"
19:43:18.890 "m" CHAR_m CHAR  -  - QwertyTeste "Mas eu impri"
19:43:18.890 "" KEY_DOWN_O AUTO_KEY  -  - QwertyTeste "Mas eu imprim"
19:43:18.890 "o" CHAR_o CHAR  -  - QwertyTeste "Mas eu imprim"
19:43:18.890 "" KEY_DOWN_BARRA_DE_ESPAÇOS AUTO_KEY  -  - QwertyTeste "Mas eu imprimo"
19:43:18.890 " " CHAR_ESPAÇO CHAR  -  - QwertyTeste "Mas eu imprimo"
19:43:18.890 "" NEW_WORD WORD_imprimo  -  - QwertyTeste "Mas eu imprimo "
19:43:18.890 "" KEY_DOWN_N AUTO_KEY  -  - QwertyTeste "Mas eu imprimo "
19:43:18.890 "n" CHAR_n CHAR  -  - QwertyTeste "Mas eu imprimo "
19:43:18.890 "" KEY_DOWN_A AUTO_KEY  -  - QwertyTeste "Mas eu imprimo n"
19:43:18.890 "a" CHAR_a CHAR  -  - QwertyTeste "Mas eu imprimo n"
19:43:18.890 "" KEY_DOWN_BARRA_DE_ESPAÇOS AUTO_KEY  -  - QwertyTeste "Mas eu imprimo na"
19:43:18.890 " " CHAR_ESPAÇO CHAR  -  - QwertyTeste "Mas eu imprimo na"
19:43:18.890 "" NEW_WORD WORD_na  -  - QwertyTeste "Mas eu imprimo na "
19:43:18.890 "" KEY_DOWN_M AUTO_KEY  -  - QwertyTeste "Mas eu imprimo na "
19:43:18.890 "m" CHAR_m CHAR  -  - QwertyTeste "Mas eu imprimo na "
19:43:18.890 "" KEY_DOWN_E AUTO_KEY  -  - QwertyTeste "Mas eu imprimo na m"
19:43:18.890 "e" CHAR_e CHAR  -  - QwertyTeste "Mas eu imprimo na m"
19:43:18.890 "" KEY_DOWN_S AUTO_KEY  -  - QwertyTeste "Mas eu imprimo na me"
19:43:18.890 "s" CHAR_s CHAR  -  - QwertyTeste "Mas eu imprimo na me"
19:43:18.890 "" KEY_DOWN_M AUTO_KEY  -  - QwertyTeste "Mas eu imprimo na mes"
19:43:18.890 "m" CHAR_m CHAR  -  - QwertyTeste "Mas eu imprimo na mes"
19:43:18.890 "" KEY_DOWN_A AUTO_KEY  -  - QwertyTeste "Mas eu imprimo na mesm"
19:43:18.890 "a" CHAR_a CHAR  -  - QwertyTeste "Mas eu imprimo na mesm"
19:43:18.890 "" KEY_DOWN_BARRA_DE_ESPAÇOS AUTO_KEY  -  - QwertyTeste "Mas eu imprimo na mesma"
19:43:18.890 " " CHAR_ESPAÇO CHAR  -  - QwertyTeste "Mas eu imprimo na mesma"
19:43:18.890 "" NEW_WORD WORD_mesma  -  - QwertyTeste "Mas eu imprimo na mesma "
19:43:18.890 "" KEY_DOWN_I AUTO_KEY  -  - QwertyTeste "Mas eu imprimo na mesma "
19:43:18.890 "i" CHAR_i CHAR  -  - QwertyTeste "Mas eu imprimo na mesma "
19:43:18.890 "" KEY_DOWN_M AUTO_KEY  -  - QwertyTeste "Mas eu imprimo na mesma i"
19:43:18.890 "m" CHAR_m CHAR  -  - QwertyTeste "Mas eu imprimo na mesma i"
19:43:18.890 "" KEY_DOWN_P AUTO_KEY  -  - QwertyTeste "Mas eu imprimo na mesma im"
19:43:18.890 "p" CHAR_p CHAR  -  - QwertyTeste "Mas eu imprimo na mesma im"
19:43:18.890 "" KEY_DOWN_R AUTO_KEY  -  - QwertyTeste "Mas eu imprimo na mesma imp"
19:43:18.890 "r" CHAR_r CHAR  -  - QwertyTeste "Mas eu imprimo na mesma imp"
19:43:18.890 "" KEY_DOWN_E AUTO_KEY  -  - QwertyTeste "Mas eu imprimo na mesma impr"
19:43:18.890 "e" CHAR_e CHAR  -  - QwertyTeste "Mas eu imprimo na mesma impr"
19:43:18.890 "" KEY_DOWN_S AUTO_KEY  -  - QwertyTeste "Mas eu imprimo na mesma impre"
19:43:18.890 "s" CHAR_s CHAR  -  - QwertyTeste "Mas eu imprimo na mesma impre"
19:43:18.906 "" KEY_DOWN_S AUTO_KEY  -  - QwertyTeste "Mas eu imprimo na mesma impres"
19:43:18.906 "s" CHAR_s CHAR  -  - QwertyTeste "Mas eu imprimo na mesma impres"
19:43:18.921 "" KEY_DOWN_O AUTO_KEY  -  - QwertyTeste "Mas eu imprimo na mesma impress"
19:43:18.921 "o" CHAR_o CHAR  -  - QwertyTeste "Mas eu imprimo na mesma impress"
19:43:18.921 "" KEY_DOWN_R AUTO_KEY  -  - QwertyTeste "Mas eu imprimo na mesma impresso"
19:43:18.921 "r" CHAR_r CHAR  -  - QwertyTeste "Mas eu imprimo na mesma impresso"
19:43:18.921 "" KEY_DOWN_A AUTO_KEY  -  - QwertyTeste "Mas eu imprimo na mesma impressor"
19:43:18.921 "a" CHAR_a CHAR  -  - QwertyTeste "Mas eu imprimo na mesma impressor"
19:43:18.921 "" KEY_DOWN_BARRA_DE_ESPAÇOS AUTO_KEY  -  - QwertyTeste "Mas eu imprimo na mesma impressora"
19:43:18.921 " " CHAR_ESPAÇO CHAR  -  - QwertyTeste "Mas eu imprimo na mesma impressora"
19:43:18.921 "" NEW_WORD WORD_impressora  -  - QwertyTeste "Mas eu imprimo na mesma impressora "
19:43:18.921 "" KEY_DOWN_D AUTO_KEY  -  - QwertyTeste "Mas eu imprimo na mesma impressora "
19:43:18.921 "d" CHAR_d CHAR  -  - QwertyTeste "Mas eu imprimo na mesma impressora "
19:43:18.921 "" KEY_DOWN_O AUTO_KEY  -  - QwertyTeste "Mas eu imprimo na mesma impressora d"
19:43:18.921 "o" CHAR_o CHAR  -  - QwertyTeste "Mas eu imprimo na mesma impressora d"
19:43:18.921 "" KEY_DOWN_BARRA_DE_ESPAÇOS AUTO_KEY  -  - QwertyTeste "Mas eu imprimo na mesma impressora do"
19:43:18.921 " " CHAR_ESPAÇO CHAR  -  - QwertyTeste "Mas eu imprimo na mesma impressora do"
19:43:18.984 "" NEW_WORD WORD_do  -  - QwertyTeste "Mas eu imprimo na mesma impressora do "
19:43:19.125 "" KEY_DOWN_R AUTO_KEY  -  - QwertyTeste "Mas eu imprimo na mesma impressora do "
19:43:19.140 "r" CHAR_r CHAR  -  - QwertyTeste "Mas eu imprimo na mesma impressora do "
19:43:19.140 "" KEY_DOWN_O AUTO_KEY  -  - QwertyTeste "Mas eu imprimo na mesma impressora do r"
19:43:19.140 "o" CHAR_o CHAR  -  - QwertyTeste "Mas eu imprimo na mesma impressora do r"
19:43:19.140 "" KEY_DOWN_G AUTO_KEY  -  - QwertyTeste "Mas eu imprimo na mesma impressora do ro"
19:43:19.140 "g" CHAR_g CHAR  -  - QwertyTeste "Mas eu imprimo na mesma impressora do ro"
19:43:19.140 "" KEY_DOWN_AGUDO AUTO_KEY  -  - QwertyTeste "Mas eu imprimo na mesma impressora do rog"
19:43:19.140 "" KEY_DOWN_E AUTO_KEY  -  - QwertyTeste "Mas eu imprimo na mesma impressora do rog"
19:43:19.140 "é" CHAR_é CHAR  -  - QwertyTeste "Mas eu imprimo na mesma impressora do rog"
19:43:19.140 "" KEY_DOWN_R AUTO_KEY  -  - QwertyTeste "Mas eu imprimo na mesma impressora do rogé"
19:43:19.140 "r" CHAR_r CHAR  -  - QwertyTeste "Mas eu imprimo na mesma impressora do rogé"
19:43:19.140 "" KEY_DOWN_I AUTO_KEY  -  - QwertyTeste "Mas eu imprimo na mesma impressora do rogér"
19:43:19.140 "i" CHAR_i CHAR  -  - QwertyTeste "Mas eu imprimo na mesma impressora do rogér"
19:43:19.156 "" KEY_DOWN_O AUTO_KEY  -  - QwertyTeste "Mas eu imprimo na mesma impressora do rogéri"
19:43:19.156 "o" CHAR_o CHAR  -  - QwertyTeste "Mas eu imprimo na mesma impressora do rogéri"
19:43:19.156 "" KEY_DOWN_. AUTO_KEY  -  - QwertyTeste "Mas eu imprimo na mesma impressora do rogério"
19:43:19.156 "." CHAR_. CHAR  -  - QwertyTeste "Mas eu imprimo na mesma impressora do rogério"
19:43:19.156 "" NEW_WORD WORD_rogério  -  - QwertyTeste "Mas eu imprimo na mesma impressora do rogério."
19:43:19.156 "" NEW_SENTENCE SENTENCE_Mas_eu_imprimo_na_mesma_impressora_do_rogério.  -  - QwertyTeste "Mas eu imprimo na mesma impressora do rogério."
19:43:19.156 "" KEY_DOWN_BARRA_DE_ESPAÇOS AUTO_KEY  -  - QwertyTeste "Mas eu imprimo na mesma impressora do rogério."
19:43:19.156 " " CHAR_ESPAÇO CHAR  -  - QwertyTeste "Mas eu imprimo na mesma impressora do rogério."
19:44:12.062 "" WORD_PROCESSOR_CHANGE INTERNAL_WORD_PROCESSOR  -  - QwertyTeste ""
19:44:16.718 "" MENU_OPTION_SELECTION USER_PROFILE_LOAD_Mod4-4  -  - QwertyTeste ""
$$$ End Body


Tempo_Total_Escrita 266
Tempo_Efectivo_Escrita 192
Numero_Teclas_Pressionadas 2
Numero_Teclas_Sistema 439
Numero_Total_Teclas 441
Numero_Teclas_Ecra_Pressionadas 107
Numero_Activacoes_Manipulos 0
Numero_Teclas_Texto_Teclado_Qwerty 401
Teclas_Poupadas_Comparacao_Escrita_Teclado_Qwerty 99.501247
Teclas_Ecra_Poupadas_Comparacao_Escrita_Teclado_Qwerty 73.316708
Activacoes_Manipulo_Poupadas_Comparacao_Escrita_Teclado_Qwerty 100.000000
Numero_Caracteres_Escritos 393
Numero_Palavras_Escritas 68
Numero_Frases_Escritas 6
Numero_Caracteres_Finais 385
Numero_Palavras_Finais 69
Numero_Frases_Finais 6
Numero_Cliques 108
Numero_Simbolos_Simples_Seleccionados 57
Numero_Simbolos_Compostos_Seleccionados 0
Numero_Simbolos_Simples_Escritos 0
Numero_Simbolos_Compostos_Escritos 0
Numero_Simbolos_Finais 0
Numero_Alteracoes_Teclado_Ecran_Atraves_Menu 0
Numero_Alteracoes_Teclado_Ecran_Atraves_Teclado_Ecran 0
Numero_Envios_Comunicacao_Cooperativa 0
Numero_Sugestoes_Palavras 0
Numero_Sugestoes_Frases 0
Numero_Sugestoes_Simbolos_Simples 0
Numero_Sugestoes_Simbolos_Multiplos 0
Numero_Abreviaturas_Expandidas 0
Numero_Predicoes 52
Numero_Palavras_Completadas 9
Posicao_Media_Palavras_Lista 0.333333
Numero_Medio_Caracteres_Completar_Palavras 1.444444
Numero_Palavras_Completadas_A_Partir_Simbolos_Simples 0
Posicao_Media_Simbolos_Simples_Com_Palavra_Lista -
Numero_Medio_Caracteres_Completar_Palavras_A_Partir_Simbolos_Simples -
Numero_Palavras_Completadas_A_Partir_Simbolos_Compostos 0
Posicao_Media_Simbolos_Compostos_Com_Palavra_Lista -
Numero_Medio_Caracteres_Completar_Palavras_A_Partir_Simbolos_Compostos -
Numero_Sequencias_Palavras_Completadas 0
Posicao_Media_Sequencias_Palavras_Lista -
Numero_Medio_Caracteres_Completar_Sequencia_Palavras -
Numero_Sequencias_Palavras_Completadas_A_Partir_Simbolos_Simples 0
Posicao_Media_Simbolos_Simples_Com_Sequencia_Palavras_Lista -
Numero_Medio_Caracteres_Completar_Sequencia_Palavras_A_Partir_Simbolos_Simples -
Numero_Sequencias_Palavras_Completadas_A_Partir_Simbolos_Compostos 0
Posicao_Media_Simbolos_Compostos_Com_Sequencia_Palavra_Lista -
Numero_Medio_Caracteres_Completar_Sequencia_Palavras_A_Partir_Simbolos_Compostos -
Numero_Frases_Completadas 6
Posicao_Media_Frases_Lista 0.833333
Numero_Medio_Caracteres_Completar_Frases 12.000000
Numero_Frases_Completadas_A_Partir_Simbolos_Simples 0
Posicao_Media_Simbolos_Simples_Com_Frase_Lista -
Numero_Medio_Caracteres_Completar_Frases_A_Partir_Simbolos_Simples -
Numero_Frases_Completadas_A_Partir_Simbolos_Compostos 0
Posicao_Media_Simbolos_Compostos_Com_Frase_Lista -
Numero_Medio_Caracteres_Completar_Frases_A_Partir_Simbolos_Compostos -
Numero_Simbolos_Simples_Preditos_Seleccionados 0
Posicao_Media_Simbolos_Simples_Lista -
Numero_Simbolos_Compostos_Preditos_Seleccionados 0
Posicao_Media_Simbolos_Compostos_Lista -
Numero_Caracteres_Simbolos_Apagados 4
Palavras_Sintetizadas 0
Frases_Sintetizadas 0
Simbolos_Sintetizados 0
Total_Palavras_Sintetizadas 0
Linha_Texto_Final Este lar em fase pouco avançada de construção e embargado há anos é meu vizinho lá. 

Se queres derrubar as 2 paredes tens de construir as 2 paredes com a mesma a distância em relação ao corredor. 

A terapeuta Rita transferiu via internet o doc texto2af. 

Eu estou a desejar a abertura do lar. 

E íamos todos os anos fazer campismo. 

Mas eu imprimo na mesma impressora do rogério. 
